#
# There is insufficient memory for the Java Runtime Environment to continue.
# Native memory allocation (malloc) failed to allocate 32744 bytes for ChunkPool::allocate
# Possible reasons:
#   The system is out of physical RAM or swap space
#   The process is running with CompressedOops enabled, and the Java Heap may be blocking the growth of the native heap
# Possible solutions:
#   Reduce memory load on the system
#   Increase physical memory or swap space
#   Check if swap backing store is full
#   Decrease Java heap size (-Xmx/-Xms)
#   Decrease number of Java threads
#   Decrease Java thread stack sizes (-Xss)
#   Set larger code cache with -XX:ReservedCodeCacheSize=
#   JVM is running with Unscaled Compressed Oops mode in which the Java heap is
#     placed in the first 4GB address space. The Java Heap base address is the
#     maximum limit for the native heap growth. Please use -XX:HeapBaseMinAddress
#     to set the Java Heap base and to place the Java Heap above 4GB virtual address.
# This output file may be truncated or incomplete.
#
#  Out of Memory Error (arena.cpp:78), pid=32752, tid=7580
#
# JRE version: OpenJDK Runtime Environment Temurin-17.0.3+7 (17.0.3+7) (build 17.0.3+7)
# Java VM: OpenJDK 64-Bit Server VM Temurin-17.0.3+7 (17.0.3+7, mixed mode, tiered, compressed oops, compressed class ptrs, parallel gc, windows-amd64)
# No core dump will be written. Minidumps are not enabled by default on client versions of Windows
#

---------------  S U M M A R Y ------------

Command Line: --add-modules=ALL-SYSTEM --add-opens=java.base/java.util=ALL-UNNAMED --add-opens=java.base/java.lang=ALL-UNNAMED --add-opens=java.base/sun.nio.fs=ALL-UNNAMED -Declipse.application=org.eclipse.jdt.ls.core.id1 -Dosgi.bundles.defaultStartLevel=4 -Declipse.product=org.eclipse.jdt.ls.core.product -Djava.import.generatesMetadataFilesAtProjectRoot=false -Dfile.encoding=utf8 -DwatchParentProcess=false -XX:+UseParallelGC -XX:GCTimeRatio=4 -XX:AdaptiveSizePolicyWeight=90 -Dsun.zip.disableMemoryMapping=true -Xmx1G -Xms100m -javaagent:c:\Users\lee\.vscode\extensions\redhat.java-1.9.0-win32-x64\lombok\lombok-1.18.24.jar c:\Users\lee\.vscode\extensions\redhat.java-1.9.0-win32-x64\server\plugins\org.eclipse.equinox.launcher_1.6.400.v20210924-0641.jar -configuration c:\Users\lee\AppData\Roaming\Code\User\globalStorage\redhat.java\1.9.0\config_ss_win -data c:\Users\lee\AppData\Roaming\Code\User\workspaceStorage\ff560af8b37b3a079479e893db2692fe\redhat.java\ss_ws

Host: AMD Ryzen 5 4600U with Radeon Graphics         , 12 cores, 15G,  Windows 10 , 64 bit Build 19041 (10.0.19041.1741)
Time: Mon Jul 25 16:47:43 2022  Windows 10 , 64 bit Build 19041 (10.0.19041.1741) elapsed time: 1.611613 seconds (0d 0h 0m 1s)

---------------  T H R E A D  ---------------

Current thread (0x00000240afd90c90):  JavaThread "C2 CompilerThread1" daemon [_thread_in_native, id=7580, stack(0x000000f5e1b00000,0x000000f5e1c00000)]


Current CompileTask:
C2:   1611 1860   !   4       java.util.concurrent.ConcurrentHashMap::putVal (433 bytes)

Stack: [0x000000f5e1b00000,0x000000f5e1c00000]
Native frames: (J=compiled Java code, j=interpreted, Vv=VM code, C=native code)
V  [jvm.dll+0x675efa]
V  [jvm.dll+0x830a24]
V  [jvm.dll+0x8321ce]
V  [jvm.dll+0x832833]
V  [jvm.dll+0x2454b5]
V  [jvm.dll+0xabfc0]
V  [jvm.dll+0xac30c]
V  [jvm.dll+0xabe8b]
V  [jvm.dll+0x6535dc]
V  [jvm.dll+0x57c967]
V  [jvm.dll+0x22056d]
V  [jvm.dll+0x219a1f]
V  [jvm.dll+0x21767b]
V  [jvm.dll+0x1a3ccd]
V  [jvm.dll+0x227178]
V  [jvm.dll+0x2252bc]
V  [jvm.dll+0x7e673b]
V  [jvm.dll+0x7e0cfa]
V  [jvm.dll+0x674d85]
C  [ucrtbase.dll+0x21bb2]
C  [KERNEL32.DLL+0x17034]
C  [ntdll.dll+0x52651]


---------------  P R O C E S S  ---------------

Threads class SMR info:
_java_thread_list=0x00000240b2275d30, length=31, elements={
0x000002409a009590, 0x00000240ade87940, 0x00000240afb74cd0, 0x00000240afbc9550,
0x00000240afb9f2f0, 0x00000240afba2e30, 0x00000240afba3e90, 0x00000240afba5220,
0x00000240afbd1fe0, 0x00000240afbd28e0, 0x00000240add10f90, 0x00000240afd90c90,
0x00000240aff0af10, 0x00000240afe8b0e0, 0x00000240b213b160, 0x00000240b1362ea0,
0x00000240b146dcf0, 0x00000240b146e1c0, 0x00000240b2141b70, 0x00000240b2142450,
0x00000240b1473c20, 0x00000240b213a690, 0x00000240b21519d0, 0x00000240b2153b80,
0x00000240b2154050, 0x00000240b2151500, 0x00000240b2152370, 0x00000240b2154520,
0x00000240b21549f0, 0x00000240b2152840, 0x00000240b2151030
}

Java Threads: ( => current thread )
  0x000002409a009590 JavaThread "main" [_thread_blocked, id=15472, stack(0x000000f5e0e00000,0x000000f5e0f00000)]
  0x00000240ade87940 JavaThread "Reference Handler" daemon [_thread_blocked, id=39616, stack(0x000000f5e1100000,0x000000f5e1200000)]
  0x00000240afb74cd0 JavaThread "Finalizer" daemon [_thread_blocked, id=5196, stack(0x000000f5e1200000,0x000000f5e1300000)]
  0x00000240afbc9550 JavaThread "Signal Dispatcher" daemon [_thread_blocked, id=41856, stack(0x000000f5e1300000,0x000000f5e1400000)]
  0x00000240afb9f2f0 JavaThread "Attach Listener" daemon [_thread_blocked, id=5280, stack(0x000000f5e1400000,0x000000f5e1500000)]
  0x00000240afba2e30 JavaThread "Service Thread" daemon [_thread_blocked, id=10736, stack(0x000000f5e1500000,0x000000f5e1600000)]
  0x00000240afba3e90 JavaThread "Monitor Deflation Thread" daemon [_thread_blocked, id=40684, stack(0x000000f5e1600000,0x000000f5e1700000)]
  0x00000240afba5220 JavaThread "C2 CompilerThread0" daemon [_thread_in_native, id=36572, stack(0x000000f5e1700000,0x000000f5e1800000)]
  0x00000240afbd1fe0 JavaThread "C1 CompilerThread0" daemon [_thread_in_native, id=33260, stack(0x000000f5e1800000,0x000000f5e1900000)]
  0x00000240afbd28e0 JavaThread "Sweeper thread" daemon [_thread_blocked, id=42988, stack(0x000000f5e1900000,0x000000f5e1a00000)]
  0x00000240add10f90 JavaThread "Common-Cleaner" daemon [_thread_blocked, id=42352, stack(0x000000f5e1a00000,0x000000f5e1b00000)]
=>0x00000240afd90c90 JavaThread "C2 CompilerThread1" daemon [_thread_in_native, id=7580, stack(0x000000f5e1b00000,0x000000f5e1c00000)]
  0x00000240aff0af10 JavaThread "Notification Thread" daemon [_thread_blocked, id=36228, stack(0x000000f5e1c00000,0x000000f5e1d00000)]
  0x00000240afe8b0e0 JavaThread "C2 CompilerThread2" daemon [_thread_in_native, id=42456, stack(0x000000f5e1e00000,0x000000f5e1f00000)]
  0x00000240b213b160 JavaThread "Equinox resolver thread - Equinox Container: eb3570f5-3599-4165-ac95-27d6dcf6c4eb" daemon [_thread_blocked, id=42040, stack(0x000000f5e2500000,0x000000f5e2600000)]
  0x00000240b1362ea0 JavaThread "Equinox resolver thread - Equinox Container: eb3570f5-3599-4165-ac95-27d6dcf6c4eb" daemon [_thread_blocked, id=42900, stack(0x000000f5e2600000,0x000000f5e2700000)]
  0x00000240b146dcf0 JavaThread "Equinox resolver thread - Equinox Container: eb3570f5-3599-4165-ac95-27d6dcf6c4eb" daemon [_thread_blocked, id=41372, stack(0x000000f5e2700000,0x000000f5e2800000)]
  0x00000240b146e1c0 JavaThread "Equinox resolver thread - Equinox Container: eb3570f5-3599-4165-ac95-27d6dcf6c4eb" daemon [_thread_blocked, id=38572, stack(0x000000f5e2800000,0x000000f5e2900000)]
  0x00000240b2141b70 JavaThread "Equinox resolver thread - Equinox Container: eb3570f5-3599-4165-ac95-27d6dcf6c4eb" daemon [_thread_blocked, id=7040, stack(0x000000f5e2900000,0x000000f5e2a00000)]
  0x00000240b2142450 JavaThread "Equinox resolver thread - Equinox Container: eb3570f5-3599-4165-ac95-27d6dcf6c4eb" daemon [_thread_blocked, id=38768, stack(0x000000f5e2a00000,0x000000f5e2b00000)]
  0x00000240b1473c20 JavaThread "Active Thread: Equinox Container: eb3570f5-3599-4165-ac95-27d6dcf6c4eb" [_thread_blocked, id=39280, stack(0x000000f5e2b00000,0x000000f5e2c00000)]
  0x00000240b213a690 JavaThread "Framework Event Dispatcher: Equinox Container: eb3570f5-3599-4165-ac95-27d6dcf6c4eb" daemon [_thread_blocked, id=16648, stack(0x000000f5e2c00000,0x000000f5e2d00000)]
  0x00000240b21519d0 JavaThread "Start Level: Equinox Container: eb3570f5-3599-4165-ac95-27d6dcf6c4eb" daemon [_thread_in_Java, id=39008, stack(0x000000f5e2d00000,0x000000f5e2e00000)]
  0x00000240b2153b80 JavaThread "Refresh Thread: Equinox Container: eb3570f5-3599-4165-ac95-27d6dcf6c4eb" daemon [_thread_blocked, id=36384, stack(0x000000f5e2f00000,0x000000f5e3000000)]
  0x00000240b2154050 JavaThread "Equinox resolver thread - Equinox Container: eb3570f5-3599-4165-ac95-27d6dcf6c4eb" daemon [_thread_blocked, id=6512, stack(0x000000f5e3000000,0x000000f5e3100000)]
  0x00000240b2151500 JavaThread "Equinox resolver thread - Equinox Container: eb3570f5-3599-4165-ac95-27d6dcf6c4eb" daemon [_thread_blocked, id=38068, stack(0x000000f5e3100000,0x000000f5e3200000)]
  0x00000240b2152370 JavaThread "Equinox resolver thread - Equinox Container: eb3570f5-3599-4165-ac95-27d6dcf6c4eb" daemon [_thread_blocked, id=34700, stack(0x000000f5e3200000,0x000000f5e3300000)]
  0x00000240b2154520 JavaThread "Equinox resolver thread - Equinox Container: eb3570f5-3599-4165-ac95-27d6dcf6c4eb" daemon [_thread_blocked, id=15392, stack(0x000000f5e3300000,0x000000f5e3400000)]
  0x00000240b21549f0 JavaThread "Equinox resolver thread - Equinox Container: eb3570f5-3599-4165-ac95-27d6dcf6c4eb" daemon [_thread_blocked, id=28268, stack(0x000000f5e3400000,0x000000f5e3500000)]
  0x00000240b2152840 JavaThread "Equinox resolver thread - Equinox Container: eb3570f5-3599-4165-ac95-27d6dcf6c4eb" daemon [_thread_blocked, id=37724, stack(0x000000f5e3500000,0x000000f5e3600000)]
  0x00000240b2151030 JavaThread "SCR Component Actor" daemon [_thread_blocked, id=19684, stack(0x000000f5e3600000,0x000000f5e3700000)]

Other Threads:
  0x00000240add49e60 VMThread "VM Thread" [stack: 0x000000f5e1000000,0x000000f5e1100000] [id=39592]
  0x00000240afe76850 WatcherThread [stack: 0x000000f5e1d00000,0x000000f5e1e00000] [id=42120]
  0x000002409a01fcb0 GCTaskThread "GC Thread#0" [stack: 0x000000f5e0f00000,0x000000f5e1000000] [id=6620]
  0x00000240b1367a20 GCTaskThread "GC Thread#1" [stack: 0x000000f5e1f00000,0x000000f5e2000000] [id=42028]
  0x00000240b1367210 GCTaskThread "GC Thread#2" [stack: 0x000000f5e2000000,0x000000f5e2100000] [id=42792]
  0x00000240b13674c0 GCTaskThread "GC Thread#3" [stack: 0x000000f5e2100000,0x000000f5e2200000] [id=39856]
  0x00000240b1367770 GCTaskThread "GC Thread#4" [stack: 0x000000f5e2200000,0x000000f5e2300000] [id=41568]
  0x00000240b1367cd0 GCTaskThread "GC Thread#5" [stack: 0x000000f5e2300000,0x000000f5e2400000] [id=8516]
  0x00000240b1366a00 GCTaskThread "GC Thread#6" [stack: 0x000000f5e2400000,0x000000f5e2500000] [id=42780]
  0x00000240b1366f60 GCTaskThread "GC Thread#7" [stack: 0x000000f5e2e00000,0x000000f5e2f00000] [id=41684]

Threads with active compile tasks:
C2 CompilerThread0     1667 1790       4       org.apache.felix.resolver.ResolverImpl::mergeUses (495 bytes)
C1 CompilerThread0     1667 1874       3       java.util.RegularEnumSet::add (9 bytes)
C2 CompilerThread1     1668 1860   !   4       java.util.concurrent.ConcurrentHashMap::putVal (433 bytes)
C2 CompilerThread2     1668 1854       4       sun.security.provider.SHA5::implCompress0 (346 bytes)

VM state: not at safepoint (normal execution)

VM Mutex/Monitor currently owned by a thread: None

Heap address: 0x00000000c0000000, size: 1024 MB, Compressed Oops mode: 32-bit

CDS archive(s) not mapped
Compressed class space mapped at: 0x0000000100000000-0x0000000140000000, reserved size: 1073741824
Narrow klass base: 0x0000000000000000, Narrow klass shift: 3, Narrow klass range: 0x140000000

GC Precious Log:
 CPUs: 12 total, 12 available
 Memory: 15734M
 Large Page Support: Disabled
 NUMA Support: Disabled
 Compressed Oops: Enabled (32-bit)
 Alignments: Space 512K, Generation 512K, Heap 2M
 Heap Min Capacity: 100M
 Heap Initial Capacity: 100M
 Heap Max Capacity: 1G
 Pre-touch: Disabled
 Parallel Workers: 10

Heap:
 PSYoungGen      total 29696K, used 22030K [0x00000000eab00000, 0x00000000ecc00000, 0x0000000100000000)
  eden space 25600K, 70% used [0x00000000eab00000,0x00000000ebc85198,0x00000000ec400000)
  from space 4096K, 99% used [0x00000000ec800000,0x00000000ecbfe6b8,0x00000000ecc00000)
  to   space 4096K, 0% used [0x00000000ec400000,0x00000000ec400000,0x00000000ec800000)
 ParOldGen       total 68608K, used 1254K [0x00000000c0000000, 0x00000000c4300000, 0x00000000eab00000)
  object space 68608K, 1% used [0x00000000c0000000,0x00000000c0139b70,0x00000000c4300000)
 Metaspace       used 14740K, committed 14976K, reserved 1064960K
  class space    used 1496K, committed 1600K, reserved 1048576K

Card table byte_map: [0x00000240999c0000,0x0000024099bd0000] _byte_map_base: 0x00000240993c0000

Marking Bits: (ParMarkBitMap*) 0x00007ff9e3b74b80
 Begin Bits: [0x00000240abc90000, 0x00000240acc90000)
 End Bits:   [0x00000240acc90000, 0x00000240adc90000)

Polling page: 0x0000024097f40000

Metaspace:

Usage:
  Non-class:     12.93 MB used.
      Class:      1.46 MB used.
       Both:     14.40 MB used.

Virtual space:
  Non-class space:       16.00 MB reserved,      13.06 MB ( 82%) committed,  2 nodes.
      Class space:        1.00 GB reserved,       1.56 MB ( <1%) committed,  1 nodes.
             Both:        1.02 GB reserved,      14.62 MB (  1%) committed. 

Chunk freelists:
   Non-Class:  2.91 MB
       Class:  2.33 MB
        Both:  5.23 MB

MaxMetaspaceSize: unlimited
CompressedClassSpaceSize: 1.00 GB
Initial GC threshold: 21.00 MB
Current GC threshold: 21.00 MB
CDS: off
MetaspaceReclaimPolicy: balanced
 - commit_granule_bytes: 65536.
 - commit_granule_words: 8192.
 - virtual_space_node_default_size: 1048576.
 - enlarge_chunks_in_place: 1.
 - new_chunks_are_fully_committed: 0.
 - uncommit_free_chunks: 1.
 - use_allocation_guard: 0.
 - handle_deallocations: 1.


Internal statistics:

num_allocs_failed_limit: 0.
num_arena_births: 66.
num_arena_deaths: 0.
num_vsnodes_births: 3.
num_vsnodes_deaths: 0.
num_space_committed: 234.
num_space_uncommitted: 0.
num_chunks_returned_to_freelist: 0.
num_chunks_taken_from_freelist: 284.
num_chunk_merges: 0.
num_chunk_splits: 191.
num_chunks_enlarged: 159.
num_purges: 0.
num_inconsistent_stats: 0.

CodeHeap 'non-profiled nmethods': size=120000Kb used=703Kb max_used=703Kb free=119297Kb
 bounds [0x00000240a4760000, 0x00000240a49d0000, 0x00000240abc90000]
CodeHeap 'profiled nmethods': size=120000Kb used=3477Kb max_used=3477Kb free=116523Kb
 bounds [0x000002409d230000, 0x000002409d5a0000, 0x00000240a4760000]
CodeHeap 'non-nmethods': size=5760Kb used=1155Kb max_used=1197Kb free=4604Kb
 bounds [0x000002409cc90000, 0x000002409cf00000, 0x000002409d230000]
 total_blobs=2313 nmethods=1865 adapters=362
 compilation: enabled
              stopped_count=0, restarted_count=0
 full_count=0

Compilation events (20 events):
Event: 1.599 Thread 0x00000240afd90c90 1774       4       org.apache.felix.resolver.ResolverImpl$Blame::<init> (15 bytes)
Event: 1.600 Thread 0x00000240afbd1fe0 nmethod 1853 0x000002409d58eb10 code [0x000002409d58ece0, 0x000002409d58f0f8]
Event: 1.600 Thread 0x00000240afd90c90 nmethod 1774 0x00000240a480de90 code [0x00000240a480e000, 0x00000240a480e098]
Event: 1.600 Thread 0x00000240afbd1fe0 1855       3       java.math.BigInteger::implMultiplyToLen (216 bytes)
Event: 1.600 Thread 0x00000240afd90c90 1780       4       java.util.concurrent.ConcurrentHashMap::spread (10 bytes)
Event: 1.600 Thread 0x00000240afd90c90 nmethod 1780 0x00000240a480e190 code [0x00000240a480e300, 0x00000240a480e378]
Event: 1.600 Thread 0x00000240afd90c90 1833       4       java.util.Collections::emptyMap (4 bytes)
Event: 1.600 Thread 0x00000240afbd1fe0 nmethod 1855 0x000002409d58f310 code [0x000002409d58f500, 0x000002409d58fad8]
Event: 1.600 Thread 0x00000240afbd1fe0 1856       3       java.math.BigInteger::implSquareToLen (154 bytes)
Event: 1.600 Thread 0x00000240afd90c90 nmethod 1833 0x00000240a480e490 code [0x00000240a480e600, 0x00000240a480e658]
Event: 1.601 Thread 0x00000240afbd1fe0 nmethod 1856 0x000002409d58fe90 code [0x000002409d590080, 0x000002409d590528]
Event: 1.601 Thread 0x00000240afbd1fe0 1857       3       java.math.BigInteger::shiftLeftImplWorker (43 bytes)
Event: 1.601 Thread 0x00000240afbd1fe0 nmethod 1857 0x000002409d590890 code [0x000002409d590a40, 0x000002409d590c78]
Event: 1.601 Thread 0x00000240afbd1fe0 1852       3       sun.security.util.DerInputStream::getOID (8 bytes)
Event: 1.601 Thread 0x00000240afbd1fe0 nmethod 1852 0x000002409d590e10 code [0x000002409d590fc0, 0x000002409d591158]
Event: 1.601 Thread 0x00000240afbd1fe0 1858       3       java.util.regex.Pattern$SliceI::match (96 bytes)
Event: 1.601 Thread 0x00000240afbd1fe0 nmethod 1858 0x000002409d591290 code [0x000002409d591480, 0x000002409d591ad8]
Event: 1.602 Thread 0x00000240afd90c90 1859       4       java.util.Arrays::copyOf (40 bytes)
Event: 1.606 Thread 0x00000240afd90c90 nmethod 1859 0x00000240a480e790 code [0x00000240a480e920, 0x00000240a480ed78]
Event: 1.606 Thread 0x00000240afd90c90 1860   !   4       java.util.concurrent.ConcurrentHashMap::putVal (433 bytes)

GC Heap History (4 events):
Event: 0.935 GC heap before
{Heap before GC invocations=1 (full 0):
 PSYoungGen      total 29696K, used 25600K [0x00000000eab00000, 0x00000000ecc00000, 0x0000000100000000)
  eden space 25600K, 100% used [0x00000000eab00000,0x00000000ec400000,0x00000000ec400000)
  from space 4096K, 0% used [0x00000000ec800000,0x00000000ec800000,0x00000000ecc00000)
  to   space 4096K, 0% used [0x00000000ec400000,0x00000000ec400000,0x00000000ec800000)
 ParOldGen       total 68608K, used 0K [0x00000000c0000000, 0x00000000c4300000, 0x00000000eab00000)
  object space 68608K, 0% used [0x00000000c0000000,0x00000000c0000000,0x00000000c4300000)
 Metaspace       used 10856K, committed 11008K, reserved 1064960K
  class space    used 1097K, committed 1216K, reserved 1048576K
}
Event: 0.941 GC heap after
{Heap after GC invocations=1 (full 0):
 PSYoungGen      total 29696K, used 3312K [0x00000000eab00000, 0x00000000ecc00000, 0x0000000100000000)
  eden space 25600K, 0% used [0x00000000eab00000,0x00000000eab00000,0x00000000ec400000)
  from space 4096K, 80% used [0x00000000ec400000,0x00000000ec73c1b0,0x00000000ec800000)
  to   space 4096K, 0% used [0x00000000ec800000,0x00000000ec800000,0x00000000ecc00000)
 ParOldGen       total 68608K, used 16K [0x00000000c0000000, 0x00000000c4300000, 0x00000000eab00000)
  object space 68608K, 0% used [0x00000000c0000000,0x00000000c0004000,0x00000000c4300000)
 Metaspace       used 10856K, committed 11008K, reserved 1064960K
  class space    used 1097K, committed 1216K, reserved 1048576K
}
Event: 1.439 GC heap before
{Heap before GC invocations=2 (full 0):
 PSYoungGen      total 29696K, used 28912K [0x00000000eab00000, 0x00000000ecc00000, 0x0000000100000000)
  eden space 25600K, 100% used [0x00000000eab00000,0x00000000ec400000,0x00000000ec400000)
  from space 4096K, 80% used [0x00000000ec400000,0x00000000ec73c1b0,0x00000000ec800000)
  to   space 4096K, 0% used [0x00000000ec800000,0x00000000ec800000,0x00000000ecc00000)
 ParOldGen       total 68608K, used 16K [0x00000000c0000000, 0x00000000c4300000, 0x00000000eab00000)
  object space 68608K, 0% used [0x00000000c0000000,0x00000000c0004000,0x00000000c4300000)
 Metaspace       used 13725K, committed 13952K, reserved 1064960K
  class space    used 1375K, committed 1472K, reserved 1048576K
}
Event: 1.443 GC heap after
{Heap after GC invocations=2 (full 0):
 PSYoungGen      total 29696K, used 4089K [0x00000000eab00000, 0x00000000ecc00000, 0x0000000100000000)
  eden space 25600K, 0% used [0x00000000eab00000,0x00000000eab00000,0x00000000ec400000)
  from space 4096K, 99% used [0x00000000ec800000,0x00000000ecbfe6b8,0x00000000ecc00000)
  to   space 4096K, 0% used [0x00000000ec400000,0x00000000ec400000,0x00000000ec800000)
 ParOldGen       total 68608K, used 1254K [0x00000000c0000000, 0x00000000c4300000, 0x00000000eab00000)
  object space 68608K, 1% used [0x00000000c0000000,0x00000000c0139b70,0x00000000c4300000)
 Metaspace       used 13725K, committed 13952K, reserved 1064960K
  class space    used 1375K, committed 1472K, reserved 1048576K
}

Deoptimization events (20 events):
Event: 1.567 Thread 0x00000240b2142450 DEOPT UNPACKING pc=0x000002409cce20a3 sp=0x000000f5e2aff138 mode 2
Event: 1.567 Thread 0x00000240b2141b70 DEOPT UNPACKING pc=0x000002409cce20a3 sp=0x000000f5e29fea78 mode 2
Event: 1.580 Thread 0x00000240b2153b80 Uncommon trap: trap_request=0xffffffc6 fr.pc=0x00000240a4801864 relative=0x0000000000000604
Event: 1.580 Thread 0x00000240b2153b80 Uncommon trap: reason=bimorphic_or_optimized_type_check action=maybe_recompile pc=0x00000240a4801864 method=java.util.Collections$UnmodifiableCollection$1.<init>(Ljava/util/Collections$UnmodifiableCollection;)V @ 17 c2
Event: 1.580 Thread 0x00000240b2153b80 DEOPT PACKING pc=0x00000240a4801864 sp=0x000000f5e2ffede0
Event: 1.580 Thread 0x00000240b2153b80 DEOPT UNPACKING pc=0x000002409cce20a3 sp=0x000000f5e2ffed28 mode 2
Event: 1.580 Thread 0x00000240b2153b80 Uncommon trap: trap_request=0xffffffc6 fr.pc=0x00000240a4801864 relative=0x0000000000000604
Event: 1.580 Thread 0x00000240b2153b80 Uncommon trap: reason=bimorphic_or_optimized_type_check action=maybe_recompile pc=0x00000240a4801864 method=java.util.Collections$UnmodifiableCollection$1.<init>(Ljava/util/Collections$UnmodifiableCollection;)V @ 17 c2
Event: 1.580 Thread 0x00000240b2153b80 DEOPT PACKING pc=0x00000240a4801864 sp=0x000000f5e2ffede0
Event: 1.580 Thread 0x00000240b2153b80 DEOPT UNPACKING pc=0x000002409cce20a3 sp=0x000000f5e2ffed28 mode 2
Event: 1.580 Thread 0x00000240b2153b80 Uncommon trap: trap_request=0xffffffc6 fr.pc=0x00000240a4801864 relative=0x0000000000000604
Event: 1.580 Thread 0x00000240b2153b80 Uncommon trap: reason=bimorphic_or_optimized_type_check action=maybe_recompile pc=0x00000240a4801864 method=java.util.Collections$UnmodifiableCollection$1.<init>(Ljava/util/Collections$UnmodifiableCollection;)V @ 17 c2
Event: 1.580 Thread 0x00000240b2153b80 DEOPT PACKING pc=0x00000240a4801864 sp=0x000000f5e2ffede0
Event: 1.580 Thread 0x00000240b2153b80 DEOPT UNPACKING pc=0x000002409cce20a3 sp=0x000000f5e2ffed28 mode 2
Event: 1.581 Thread 0x00000240b2153b80 Uncommon trap: trap_request=0xffffffc6 fr.pc=0x00000240a4801864 relative=0x0000000000000604
Event: 1.581 Thread 0x00000240b2153b80 Uncommon trap: reason=bimorphic_or_optimized_type_check action=maybe_recompile pc=0x00000240a4801864 method=java.util.Collections$UnmodifiableCollection$1.<init>(Ljava/util/Collections$UnmodifiableCollection;)V @ 17 c2
Event: 1.581 Thread 0x00000240b2153b80 DEOPT PACKING pc=0x00000240a4801864 sp=0x000000f5e2ffede0
Event: 1.581 Thread 0x00000240b2153b80 DEOPT UNPACKING pc=0x000002409cce20a3 sp=0x000000f5e2ffed28 mode 2
Event: 1.599 Thread 0x00000240b2153b80 DEOPT PACKING pc=0x000002409d330061 sp=0x000000f5e2ffd610
Event: 1.599 Thread 0x00000240b2153b80 DEOPT UNPACKING pc=0x000002409cce2843 sp=0x000000f5e2ffca98 mode 0

Classes unloaded (0 events):
No events

Classes redefined (0 events):
No events

Internal exceptions (20 events):
Event: 0.663 Thread 0x000002409a009590 Exception <a 'sun/nio/fs/WindowsException'{0x00000000eb7ec740}> (0x00000000eb7ec740) 
thrown [e:\jenkins\tmp\workspace\build\src\src\hotspot\share\prims\jni.cpp, line 516]
Event: 0.663 Thread 0x000002409a009590 Exception <a 'sun/nio/fs/WindowsException'{0x00000000eb7eceb0}> (0x00000000eb7eceb0) 
thrown [e:\jenkins\tmp\workspace\build\src\src\hotspot\share\prims\jni.cpp, line 516]
Event: 0.820 Thread 0x000002409a009590 Exception <a 'java/lang/ClassNotFoundException'{0x00000000ebfedd18}: sun/net/www/protocol/c/Handler> (0x00000000ebfedd18) 
thrown [e:\jenkins\tmp\workspace\build\src\src\hotspot\share\classfile\systemDictionary.cpp, line 256]
Event: 0.820 Thread 0x000002409a009590 Exception <a 'java/lang/ClassNotFoundException'{0x00000000ebfef060}: sun/net/www/protocol/c/Handler> (0x00000000ebfef060) 
thrown [e:\jenkins\tmp\workspace\build\src\src\hotspot\share\classfile\systemDictionary.cpp, line 256]
Event: 0.821 Thread 0x000002409a009590 Exception <a 'java/lang/ClassNotFoundException'{0x00000000ebff01f8}: sun/net/www/protocol/c/Handler> (0x00000000ebff01f8) 
thrown [e:\jenkins\tmp\workspace\build\src\src\hotspot\share\classfile\systemDictionary.cpp, line 256]
Event: 0.833 Thread 0x000002409a009590 Exception <a 'java/io/FileNotFoundException'{0x00000000ec00ec70}> (0x00000000ec00ec70) 
thrown [e:\jenkins\tmp\workspace\build\src\src\hotspot\share\prims\jni.cpp, line 516]
Event: 0.866 Thread 0x000002409a009590 Implicit null exception at 0x00000240a47aaffb to 0x00000240a47ab99c
Event: 0.866 Thread 0x000002409a009590 Implicit null exception at 0x00000240a47a76f1 to 0x00000240a47a78e8
Event: 0.866 Thread 0x000002409a009590 Implicit null exception at 0x00000240a47a5ef1 to 0x00000240a47a60e0
Event: 0.866 Thread 0x000002409a009590 Implicit null exception at 0x00000240a479a10f to 0x00000240a479a185
Event: 0.902 Thread 0x000002409a009590 Exception <a 'java/lang/NoSuchMethodError'{0x00000000ec2da1c8}: 'int java.lang.invoke.DirectMethodHandle$Holder.invokeStaticInit(java.lang.Object, java.lang.Object, java.lang.Object, java.lang.Object)'> (0x00000000ec2da1c8) 
thrown [e:\jenkins\tmp\workspace\build\src\src\hotspot\share\interpreter\linkResolver.cpp, line 766]
Event: 0.903 Thread 0x000002409a009590 Exception <a 'java/lang/NoSuchMethodError'{0x00000000ec2e4838}: 'java.lang.Object java.lang.invoke.DirectMethodHandle$Holder.invokeInterface(java.lang.Object, java.lang.Object)'> (0x00000000ec2e4838) 
thrown [e:\jenkins\tmp\workspace\build\src\src\hotspot\share\interpreter\linkResolver.cpp, line 766]
Event: 0.904 Thread 0x000002409a009590 Exception <a 'java/lang/IncompatibleClassChangeError'{0x00000000ec2e8030}: Found class java.lang.Object, but interface was expected> (0x00000000ec2e8030) 
thrown [e:\jenkins\tmp\workspace\build\src\src\hotspot\share\interpreter\linkResolver.cpp, line 833]
Event: 0.904 Thread 0x000002409a009590 Exception <a 'java/lang/NoSuchMethodError'{0x00000000ec2ec528}: 'void java.lang.invoke.DirectMethodHandle$Holder.invokeStatic(java.lang.Object, java.lang.Object)'> (0x00000000ec2ec528) 
thrown [e:\jenkins\tmp\workspace\build\src\src\hotspot\share\interpreter\linkResolver.cpp, line 766]
Event: 0.905 Thread 0x000002409a009590 Exception <a 'java/lang/NoSuchMethodError'{0x00000000ec2efd28}: 'void java.lang.invoke.DirectMethodHandle$Holder.invokeStaticInit(java.lang.Object, java.lang.Object)'> (0x00000000ec2efd28) 
thrown [e:\jenkins\tmp\workspace\build\src\src\hotspot\share\interpreter\linkResolver.cpp, line 766]
Event: 0.906 Thread 0x000002409a009590 Exception <a 'java/lang/NoSuchMethodError'{0x00000000ec2f7120}: 'int java.lang.invoke.DirectMethodHandle$Holder.invokeStaticInit(java.lang.Object, java.lang.Object)'> (0x00000000ec2f7120) 
thrown [e:\jenkins\tmp\workspace\build\src\src\hotspot\share\interpreter\linkResolver.cpp, line 766]
Event: 1.137 Thread 0x000002409a009590 Exception <a 'java/lang/NoSuchMethodError'{0x00000000eb477380}: 'int java.lang.invoke.DirectMethodHandle$Holder.invokeSpecial(java.lang.Object, java.lang.Object, java.lang.Object)'> (0x00000000eb477380) 
thrown [e:\jenkins\tmp\workspace\build\src\src\hotspot\share\interpreter\linkResolver.cpp, line 766]
Event: 1.203 Thread 0x000002409a009590 Exception <a 'java/lang/NoSuchMethodError'{0x00000000eba5ebf8}: 'java.lang.Object java.lang.invoke.DirectMethodHandle$Holder.newInvokeSpecial(java.lang.Object, int, java.lang.Object)'> (0x00000000eba5ebf8) 
thrown [e:\jenkins\tmp\workspace\build\src\src\hotspot\share\interpreter\linkResolver.cpp, line 766]
Event: 1.513 Thread 0x000002409a009590 Exception <a 'java/lang/UnsatisfiedLinkError'{0x00000000eb052ef8}: 'void org.eclipse.equinox.launcher.JNIBridge._update_splash()'> (0x00000000eb052ef8) 
thrown [e:\jenkins\tmp\workspace\build\src\src\hotspot\share\prims\nativeLookup.cpp, line 543]
Event: 1.519 Thread 0x00000240b2153b80 Exception <a 'java/lang/NoSuchMethodError'{0x00000000eb0e2dd8}: 'java.lang.Object java.lang.invoke.Invokers$Holder.invokeExact_MT(java.lang.Object, java.lang.Object, java.lang.Object, java.lang.Object, java.lang.Object, java.lang.Object)'> (0x00000000eb0e2dd8) 
thrown [e:\jenkins\tmp\workspace\build\src\src\hotspot\share\interpreter\linkResolver.cpp, line 766]

VM Operations (20 events):
Event: 0.199 Executing VM operation: HandshakeAllThreads
Event: 0.199 Executing VM operation: HandshakeAllThreads done
Event: 0.611 Executing VM operation: HandshakeAllThreads
Event: 0.611 Executing VM operation: HandshakeAllThreads done
Event: 0.626 Executing VM operation: HandshakeAllThreads
Event: 0.626 Executing VM operation: HandshakeAllThreads done
Event: 0.867 Executing VM operation: ICBufferFull
Event: 0.867 Executing VM operation: ICBufferFull done
Event: 0.935 Executing VM operation: ParallelGCFailedAllocation
Event: 0.941 Executing VM operation: ParallelGCFailedAllocation done
Event: 1.189 Executing VM operation: HandshakeAllThreads
Event: 1.189 Executing VM operation: HandshakeAllThreads done
Event: 1.189 Executing VM operation: HandshakeAllThreads
Event: 1.189 Executing VM operation: HandshakeAllThreads done
Event: 1.439 Executing VM operation: ParallelGCFailedAllocation
Event: 1.443 Executing VM operation: ParallelGCFailedAllocation done
Event: 1.516 Executing VM operation: HandshakeAllThreads
Event: 1.516 Executing VM operation: HandshakeAllThreads done
Event: 1.547 Executing VM operation: HandshakeAllThreads
Event: 1.547 Executing VM operation: HandshakeAllThreads done

Events (20 events):
Event: 1.521 loading class java/util/Comparators$NaturalOrderComparator done
Event: 1.521 loading class java/util/Collections$ReverseComparator2
Event: 1.521 loading class java/util/Collections$ReverseComparator2 done
Event: 1.524 Loaded shared library C:\Users\lee\AppData\Roaming\Code\User\globalStorage\redhat.java\1.9.0\config_ss_win\org.eclipse.equinox.launcher\org.eclipse.equinox.launcher.win32.win32.x86_64_1.2.500.v20220509-0833\eclipse_11700.dll
Event: 1.525 loading class java/util/concurrent/locks/AbstractQueuedSynchronizer$SharedNode
Event: 1.525 loading class java/util/concurrent/locks/AbstractQueuedSynchronizer$SharedNode done
Event: 1.526 loading class java/util/function/BiPredicate
Event: 1.526 loading class java/util/function/BiPredicate done
Event: 1.544 loading class java/util/TreeMap$EntrySet
Event: 1.544 loading class java/util/TreeMap$EntrySet done
Event: 1.545 loading class java/util/TreeMap$EntryIterator
Event: 1.545 loading class java/util/TreeMap$EntryIterator done
Event: 1.553 Thread 0x00000240b2154050 Thread added: 0x00000240b2154050
Event: 1.553 Thread 0x00000240b2151500 Thread added: 0x00000240b2151500
Event: 1.553 Thread 0x00000240b2152370 Thread added: 0x00000240b2152370
Event: 1.553 Thread 0x00000240b2154520 Thread added: 0x00000240b2154520
Event: 1.553 Thread 0x00000240b21549f0 Thread added: 0x00000240b21549f0
Event: 1.553 Thread 0x00000240b2152840 Thread added: 0x00000240b2152840
Event: 1.556 loading class java/util/AbstractList$Itr
Event: 1.556 loading class java/util/AbstractList$Itr done


Dynamic libraries:
0x00007ff635e60000 - 0x00007ff635e6e000 	c:\Users\lee\.vscode\extensions\redhat.java-1.9.0-win32-x64\jre\17.0.3-win32-x86_64\bin\java.exe
0x00007ffa4ff70000 - 0x00007ffa50167000 	C:\WINDOWS\SYSTEM32\ntdll.dll
0x00007ffa4f010000 - 0x00007ffa4f0cd000 	C:\WINDOWS\System32\KERNEL32.DLL
0x00007ffa4d690000 - 0x00007ffa4d95d000 	C:\WINDOWS\System32\KERNELBASE.dll
0x00007ffa4da10000 - 0x00007ffa4db10000 	C:\WINDOWS\System32\ucrtbase.dll
0x00007ffa33490000 - 0x00007ffa334a8000 	c:\Users\lee\.vscode\extensions\redhat.java-1.9.0-win32-x64\jre\17.0.3-win32-x86_64\bin\jli.dll
0x00007ffa4f590000 - 0x00007ffa4f730000 	C:\WINDOWS\System32\USER32.dll
0x00007ffa4de90000 - 0x00007ffa4deb2000 	C:\WINDOWS\System32\win32u.dll
0x00007ffa4ec80000 - 0x00007ffa4ecaa000 	C:\WINDOWS\System32\GDI32.dll
0x00007ffa366c0000 - 0x00007ffa3695a000 	C:\WINDOWS\WinSxS\amd64_microsoft.windows.common-controls_6595b64144ccf1df_6.0.19041.1110_none_60b5254171f9507e\COMCTL32.dll
0x00007ffa4dec0000 - 0x00007ffa4dfcb000 	C:\WINDOWS\System32\gdi32full.dll
0x00007ffa4e090000 - 0x00007ffa4e12e000 	C:\WINDOWS\System32\msvcrt.dll
0x00007ffa4db90000 - 0x00007ffa4dc2d000 	C:\WINDOWS\System32\msvcp_win.dll
0x00007ffa2a880000 - 0x00007ffa2a899000 	c:\Users\lee\.vscode\extensions\redhat.java-1.9.0-win32-x64\jre\17.0.3-win32-x86_64\bin\VCRUNTIME140.dll
0x00007ffa4f730000 - 0x00007ffa4f760000 	C:\WINDOWS\System32\IMM32.DLL
0x00007ffa458c0000 - 0x00007ffa458cc000 	c:\Users\lee\.vscode\extensions\redhat.java-1.9.0-win32-x64\jre\17.0.3-win32-x86_64\bin\vcruntime140_1.dll
0x00007ffa205c0000 - 0x00007ffa20651000 	c:\Users\lee\.vscode\extensions\redhat.java-1.9.0-win32-x64\jre\17.0.3-win32-x86_64\bin\msvcp140.dll
0x00007ff9e2ff0000 - 0x00007ff9e3c38000 	c:\Users\lee\.vscode\extensions\redhat.java-1.9.0-win32-x64\jre\17.0.3-win32-x86_64\bin\server\jvm.dll
0x00007ffa4f210000 - 0x00007ffa4f2be000 	C:\WINDOWS\System32\ADVAPI32.dll
0x00007ffa4f890000 - 0x00007ffa4f92c000 	C:\WINDOWS\System32\sechost.dll
0x00007ffa4f930000 - 0x00007ffa4fa55000 	C:\WINDOWS\System32\RPCRT4.dll
0x00007ffa4e9e0000 - 0x00007ffa4e9e8000 	C:\WINDOWS\System32\PSAPI.DLL
0x00007ffa4bb90000 - 0x00007ffa4bbb7000 	C:\WINDOWS\SYSTEM32\WINMM.dll
0x00007ffa35f50000 - 0x00007ffa35f59000 	C:\WINDOWS\SYSTEM32\WSOCK32.dll
0x00007ffa43440000 - 0x00007ffa4344a000 	C:\WINDOWS\SYSTEM32\VERSION.dll
0x00007ffa4f350000 - 0x00007ffa4f3bb000 	C:\WINDOWS\System32\WS2_32.dll
0x00007ffa4bee0000 - 0x00007ffa4bef2000 	C:\WINDOWS\SYSTEM32\kernel.appcore.dll
0x00007ffa32690000 - 0x00007ffa3269a000 	c:\Users\lee\.vscode\extensions\redhat.java-1.9.0-win32-x64\jre\17.0.3-win32-x86_64\bin\jimage.dll
0x00007ffa4b980000 - 0x00007ffa4bb64000 	C:\WINDOWS\SYSTEM32\DBGHELP.DLL
0x00007ffa4b950000 - 0x00007ffa4b97c000 	C:\WINDOWS\SYSTEM32\dbgcore.DLL
0x00007ffa4dca0000 - 0x00007ffa4dd22000 	C:\WINDOWS\System32\bcryptPrimitives.dll
0x00007ffa2d820000 - 0x00007ffa2d82e000 	c:\Users\lee\.vscode\extensions\redhat.java-1.9.0-win32-x64\jre\17.0.3-win32-x86_64\bin\instrument.dll
0x00007ffa24210000 - 0x00007ffa24235000 	c:\Users\lee\.vscode\extensions\redhat.java-1.9.0-win32-x64\jre\17.0.3-win32-x86_64\bin\java.dll
0x00007ffa2a160000 - 0x00007ffa2a178000 	c:\Users\lee\.vscode\extensions\redhat.java-1.9.0-win32-x64\jre\17.0.3-win32-x86_64\bin\zip.dll
0x00007ffa4e290000 - 0x00007ffa4e9d4000 	C:\WINDOWS\System32\SHELL32.dll
0x00007ffa4b0e0000 - 0x00007ffa4b874000 	C:\WINDOWS\SYSTEM32\windows.storage.dll
0x00007ffa4ecb0000 - 0x00007ffa4f004000 	C:\WINDOWS\System32\combase.dll
0x00007ffa4d020000 - 0x00007ffa4d04c000 	C:\WINDOWS\SYSTEM32\Wldp.dll
0x00007ffa4ea50000 - 0x00007ffa4eafd000 	C:\WINDOWS\System32\SHCORE.dll
0x00007ffa4f0d0000 - 0x00007ffa4f125000 	C:\WINDOWS\System32\shlwapi.dll
0x00007ffa4d5d0000 - 0x00007ffa4d5ef000 	C:\WINDOWS\SYSTEM32\profapi.dll
0x00007ffa27e00000 - 0x00007ffa27e19000 	C:\Users\lee\.vscode\extensions\redhat.java-1.9.0-win32-x64\jre\17.0.3-win32-x86_64\bin\net.dll
0x00007ffa44710000 - 0x00007ffa4481a000 	C:\WINDOWS\SYSTEM32\WINHTTP.dll
0x00007ffa4cd80000 - 0x00007ffa4cdea000 	C:\WINDOWS\system32\mswsock.dll
0x00007ffa27d50000 - 0x00007ffa27d65000 	C:\Users\lee\.vscode\extensions\redhat.java-1.9.0-win32-x64\jre\17.0.3-win32-x86_64\bin\nio.dll
0x00007ffa2c6e0000 - 0x00007ffa2c6f0000 	c:\Users\lee\.vscode\extensions\redhat.java-1.9.0-win32-x64\jre\17.0.3-win32-x86_64\bin\verify.dll
0x00007ffa23a60000 - 0x00007ffa23a9e000 	C:\Users\lee\AppData\Roaming\Code\User\globalStorage\redhat.java\1.9.0\config_ss_win\org.eclipse.equinox.launcher\org.eclipse.equinox.launcher.win32.win32.x86_64_1.2.500.v20220509-0833\eclipse_11700.dll
0x00007ffa4f760000 - 0x00007ffa4f88a000 	C:\WINDOWS\System32\ole32.dll

dbghelp: loaded successfully - version: 4.0.5 - missing functions: none
symbol engine: initialized successfully - sym options: 0x614 - pdb path: .;c:\Users\lee\.vscode\extensions\redhat.java-1.9.0-win32-x64\jre\17.0.3-win32-x86_64\bin;C:\WINDOWS\SYSTEM32;C:\WINDOWS\WinSxS\amd64_microsoft.windows.common-controls_6595b64144ccf1df_6.0.19041.1110_none_60b5254171f9507e;c:\Users\lee\.vscode\extensions\redhat.java-1.9.0-win32-x64\jre\17.0.3-win32-x86_64\bin\server;C:\Users\lee\AppData\Roaming\Code\User\globalStorage\redhat.java\1.9.0\config_ss_win\org.eclipse.equinox.launcher\org.eclipse.equinox.launcher.win32.win32.x86_64_1.2.500.v20220509-0833

VM Arguments:
jvm_args: --add-modules=ALL-SYSTEM --add-opens=java.base/java.util=ALL-UNNAMED --add-opens=java.base/java.lang=ALL-UNNAMED --add-opens=java.base/sun.nio.fs=ALL-UNNAMED -Declipse.application=org.eclipse.jdt.ls.core.id1 -Dosgi.bundles.defaultStartLevel=4 -Declipse.product=org.eclipse.jdt.ls.core.product -Djava.import.generatesMetadataFilesAtProjectRoot=false -Dfile.encoding=utf8 -DwatchParentProcess=false -XX:+UseParallelGC -XX:GCTimeRatio=4 -XX:AdaptiveSizePolicyWeight=90 -Dsun.zip.disableMemoryMapping=true -Xmx1G -Xms100m -javaagent:c:\Users\lee\.vscode\extensions\redhat.java-1.9.0-win32-x64\lombok\lombok-1.18.24.jar 
java_command: c:\Users\lee\.vscode\extensions\redhat.java-1.9.0-win32-x64\server\plugins\org.eclipse.equinox.launcher_1.6.400.v20210924-0641.jar -configuration c:\Users\lee\AppData\Roaming\Code\User\globalStorage\redhat.java\1.9.0\config_ss_win -data c:\Users\lee\AppData\Roaming\Code\User\workspaceStorage\ff560af8b37b3a079479e893db2692fe\redhat.java\ss_ws
java_class_path (initial): c:\Users\lee\.vscode\extensions\redhat.java-1.9.0-win32-x64\server\plugins\org.eclipse.equinox.launcher_1.6.400.v20210924-0641.jar
Launcher Type: SUN_STANDARD

[Global flags]
    uintx AdaptiveSizePolicyWeight                 = 90                                        {product} {command line}
     intx CICompilerCount                          = 4                                         {product} {ergonomic}
    uintx GCTimeRatio                              = 4                                         {product} {command line}
   size_t InitialHeapSize                          = 104857600                                 {product} {command line}
   size_t MaxHeapSize                              = 1073741824                                {product} {command line}
   size_t MaxNewSize                               = 357564416                                 {product} {ergonomic}
   size_t MinHeapDeltaBytes                        = 524288                                    {product} {ergonomic}
   size_t MinHeapSize                              = 104857600                                 {product} {command line}
   size_t NewSize                                  = 34603008                                  {product} {ergonomic}
    uintx NonNMethodCodeHeapSize                   = 5839372                                {pd product} {ergonomic}
    uintx NonProfiledCodeHeapSize                  = 122909434                              {pd product} {ergonomic}
   size_t OldSize                                  = 70254592                                  {product} {ergonomic}
    uintx ProfiledCodeHeapSize                     = 122909434                              {pd product} {ergonomic}
    uintx ReservedCodeCacheSize                    = 251658240                              {pd product} {ergonomic}
     bool SegmentedCodeCache                       = true                                      {product} {ergonomic}
   size_t SoftMaxHeapSize                          = 1073741824                             {manageable} {ergonomic}
     bool UseCompressedClassPointers               = true                           {product lp64_product} {ergonomic}
     bool UseCompressedOops                        = true                           {product lp64_product} {ergonomic}
     bool UseLargePagesIndividualAllocation        = false                                  {pd product} {ergonomic}
     bool UseParallelGC                            = true                                      {product} {command line}

Logging:
Log output configuration:
 #0: stdout all=warning uptime,level,tags
 #1: stderr all=off uptime,level,tags

Environment Variables:
JAVA_HOME=C:\Program Files\Java\jdk1.8.0_301
CLASSPATH=.;C:\Program Files\Java\jdk1.8.0_301\lib\dt.jar;C:\Program Files\Java\jdk1.8.0_301\lib\tools.jar
PATH=D:\Software\texlive\2020\bin\win32;C:\WINDOWS\system32;C:\WINDOWS;C:\WINDOWS\System32\Wbem;C:\WINDOWS\System32\WindowsPowerShell\v1.0\;C:\WINDOWS\System32\OpenSSH\;D:\Software\cmder;C:\Program Files\CodeBlocks\MinGW\bin;D:\Software\calibre\;D:\Software\latex\MiKTeX\miktex\bin\x64\;C:\Users\lee\AppData\Roaming\nvm;C:\Program Files\nodejs;D:\Software\Bitvise SSH Client;C:\Program Files\Git\cmd;C:\Program Files\Graphviz\bin;D:\Software\Nodejs\;C:\Program Files\apache-maven-3.8.3\bin;C:\Program Files\Java\jdk1.8.0_301\bin;C:\Program Files\Java\jdk1.8.0_301\jre\bin;D:\Software\Graphviz\bin;C:\Users\lee\AppData\Local\Programs\anaconda3;C:\Users\lee\AppData\Local\Programs\anaconda3\Library\mingw-w64\bin;C:\Users\lee\AppData\Local\Programs\anaconda3\Library\usr\bin;C:\Users\lee\AppData\Local\Programs\anaconda3\Library\bin;C:\Users\lee\AppData\Local\Programs\anaconda3\Scripts;C:\Users\lee\AppData\Local\Microsoft\WindowsApps;D:\Software\BandiZip\;C:\Users\lee\AppData\Local\GitHubDesktop\bin;C:\Users\lee\AppData\Local\Programs\Microsoft VS Code\bin;C:\Users\lee\AppData\Roaming\nvm;C:\Program Files\nodejs;D:\Software\GoLand 2020.3.4\bin;;C:\Users\lee\AppData\Local\Microsoft\WindowsApps;C:\Program Files\Graphviz\bin;C:\Users\lee\AppData\Roaming\npm;D:\Software\gnuplot\bin;
USERNAME=lee
OS=Windows_NT
PROCESSOR_IDENTIFIER=AMD64 Family 23 Model 96 Stepping 1, AuthenticAMD



---------------  S Y S T E M  ---------------

OS:
 Windows 10 , 64 bit Build 19041 (10.0.19041.1741)
OS uptime: 5 days 6:50 hours
Hyper-V role detected

CPU: total 12 (initial active 12) (12 cores per cpu, 2 threads per core) family 23 model 96 stepping 1 microcode 0x0, cx8, cmov, fxsr, ht, mmx, 3dnowpref, sse, sse2, sse3, ssse3, sse4a, sse4.1, sse4.2, popcnt, lzcnt, tsc, tscinvbit, avx, avx2, aes, clmul, bmi1, bmi2, adx, sha, fma, vzeroupper, clflush, clflushopt, hv

Memory: 4k page, system-wide physical 15734M (4822M free)
TotalPageFile size 23926M (AvailPageFile size 0M)
current process WorkingSet (physical memory assigned to process): 97M, peak: 97M
current process commit charge ("private bytes"): 219M, peak: 219M

vm_info: OpenJDK 64-Bit Server VM (17.0.3+7) for windows-amd64 JRE (17.0.3+7), built on Apr 19 2022 16:55:35 by "" with MS VC++ 16.7 (VS2019)

END.
