#
# There is insufficient memory for the Java Runtime Environment to continue.
# Native memory allocation (mmap) failed to map 65536 bytes for Failed to commit metaspace.
# Possible reasons:
#   The system is out of physical RAM or swap space
#   The process is running with CompressedOops enabled, and the Java Heap may be blocking the growth of the native heap
# Possible solutions:
#   Reduce memory load on the system
#   Increase physical memory or swap space
#   Check if swap backing store is full
#   Decrease Java heap size (-Xmx/-Xms)
#   Decrease number of Java threads
#   Decrease Java thread stack sizes (-Xss)
#   Set larger code cache with -XX:ReservedCodeCacheSize=
#   JVM is running with Unscaled Compressed Oops mode in which the Java heap is
#     placed in the first 4GB address space. The Java Heap base address is the
#     maximum limit for the native heap growth. Please use -XX:HeapBaseMinAddress
#     to set the Java Heap base and to place the Java Heap above 4GB virtual address.
# This output file may be truncated or incomplete.
#
#  Out of Memory Error (virtualSpaceNode.cpp:110), pid=62900, tid=62280
#
# JRE version: OpenJDK Runtime Environment Temurin-17.0.3+7 (17.0.3+7) (build 17.0.3+7)
# Java VM: OpenJDK 64-Bit Server VM Temurin-17.0.3+7 (17.0.3+7, mixed mode, tiered, compressed oops, compressed class ptrs, parallel gc, windows-amd64)
# No core dump will be written. Minidumps are not enabled by default on client versions of Windows
#

---------------  S U M M A R Y ------------

Command Line: --add-modules=ALL-SYSTEM --add-opens=java.base/java.util=ALL-UNNAMED --add-opens=java.base/java.lang=ALL-UNNAMED --add-opens=java.base/sun.nio.fs=ALL-UNNAMED -Declipse.application=org.eclipse.jdt.ls.core.id1 -Dosgi.bundles.defaultStartLevel=4 -Declipse.product=org.eclipse.jdt.ls.core.product -Djava.import.generatesMetadataFilesAtProjectRoot=false -Dfile.encoding=utf8 -DwatchParentProcess=false -XX:+UseParallelGC -XX:GCTimeRatio=4 -XX:AdaptiveSizePolicyWeight=90 -Dsun.zip.disableMemoryMapping=true -Xmx1G -Xms100m -javaagent:c:\Users\lee\.vscode\extensions\redhat.java-1.9.0-win32-x64\lombok\lombok-1.18.24.jar -XX:+HeapDumpOnOutOfMemoryError -XX:HeapDumpPath=c:\Users\lee\AppData\Roaming\Code\User\workspaceStorage\ff560af8b37b3a079479e893db2692fe\redhat.java c:\Users\lee\.vscode\extensions\redhat.java-1.9.0-win32-x64\server\plugins\org.eclipse.equinox.launcher_1.6.400.v20210924-0641.jar -configuration c:\Users\lee\AppData\Roaming\Code\User\globalStorage\redhat.java\1.9.0\config_win -data c:\Users\lee\AppData\Roaming\Code\User\workspaceStorage\ff560af8b37b3a079479e893db2692fe\redhat.java\jdt_ws

Host: AMD Ryzen 5 4600U with Radeon Graphics         , 12 cores, 15G,  Windows 10 , 64 bit Build 19041 (10.0.19041.1741)
Time: Tue Aug 16 16:37:56 2022  Windows 10 , 64 bit Build 19041 (10.0.19041.1741) elapsed time: 3.205193 seconds (0d 0h 0m 3s)

---------------  T H R E A D  ---------------

Current thread (0x000002ada0e0a1c0):  JavaThread "C1 CompilerThread0" daemon [_thread_in_vm, id=62280, stack(0x000000c8b5c00000,0x000000c8b5d00000)]


Current CompileTask:
C1:   3205 1971  s    3       org.eclipse.core.internal.registry.RegistryObjectManager::add (49 bytes)

Stack: [0x000000c8b5c00000,0x000000c8b5d00000]
Native frames: (J=compiled Java code, j=interpreted, Vv=VM code, C=native code)
V  [jvm.dll+0x675efa]
V  [jvm.dll+0x830a24]
V  [jvm.dll+0x8321ce]
V  [jvm.dll+0x832833]
V  [jvm.dll+0x2454b5]
V  [jvm.dll+0x82c9cb]
V  [jvm.dll+0x61ab26]
V  [jvm.dll+0x1c046e]
V  [jvm.dll+0x61d471]
V  [jvm.dll+0x61b4c6]
V  [jvm.dll+0x62c70a]
V  [jvm.dll+0x62553a]
V  [jvm.dll+0x1cc630]
V  [jvm.dll+0x1cc81f]
V  [jvm.dll+0x146601]
V  [jvm.dll+0x146445]
V  [jvm.dll+0x13dc89]
V  [jvm.dll+0x140285]
V  [jvm.dll+0x13e564]
V  [jvm.dll+0x13853f]
V  [jvm.dll+0x148016]
V  [jvm.dll+0x133c50]
V  [jvm.dll+0x133fb0]
V  [jvm.dll+0x134276]
V  [jvm.dll+0x13370a]
V  [jvm.dll+0x1353d1]
V  [jvm.dll+0x227178]
V  [jvm.dll+0x2252bc]
V  [jvm.dll+0x7e673b]
V  [jvm.dll+0x7e0cfa]
V  [jvm.dll+0x674d85]
C  [ucrtbase.dll+0x21bb2]
C  [KERNEL32.DLL+0x17034]
C  [ntdll.dll+0x52651]


---------------  P R O C E S S  ---------------

Threads class SMR info:
_java_thread_list=0x000002ada53eb370, length=18, elements={
0x000002ad8cf873d0, 0x000002ada0e06500, 0x000002ada0e07a20, 0x000002ada2ba2770,
0x000002ada2ba6310, 0x000002ada2ba7d40, 0x000002ada2be6ba0, 0x000002ada2be7790,
0x000002ada0e0a1c0, 0x000002ada2c3f4d0, 0x000002ad8d0473e0, 0x000002ada2f12100,
0x000002ada51cfb00, 0x000002ada53e7ae0, 0x000002ada51c3410, 0x000002ada53f03b0,
0x000002ada5492c50, 0x000002ada55d6390
}

Java Threads: ( => current thread )
  0x000002ad8cf873d0 JavaThread "main" [_thread_blocked, id=47220, stack(0x000000c8b5200000,0x000000c8b5300000)]
  0x000002ada0e06500 JavaThread "Reference Handler" daemon [_thread_blocked, id=62356, stack(0x000000c8b5500000,0x000000c8b5600000)]
  0x000002ada0e07a20 JavaThread "Finalizer" daemon [_thread_blocked, id=26064, stack(0x000000c8b5600000,0x000000c8b5700000)]
  0x000002ada2ba2770 JavaThread "Signal Dispatcher" daemon [_thread_blocked, id=62576, stack(0x000000c8b5700000,0x000000c8b5800000)]
  0x000002ada2ba6310 JavaThread "Attach Listener" daemon [_thread_blocked, id=61628, stack(0x000000c8b5800000,0x000000c8b5900000)]
  0x000002ada2ba7d40 JavaThread "Service Thread" daemon [_thread_blocked, id=62976, stack(0x000000c8b5900000,0x000000c8b5a00000)]
  0x000002ada2be6ba0 JavaThread "Monitor Deflation Thread" daemon [_thread_blocked, id=43856, stack(0x000000c8b5a00000,0x000000c8b5b00000)]
  0x000002ada2be7790 JavaThread "C2 CompilerThread0" daemon [_thread_in_native, id=60868, stack(0x000000c8b5b00000,0x000000c8b5c00000)]
=>0x000002ada0e0a1c0 JavaThread "C1 CompilerThread0" daemon [_thread_in_vm, id=62280, stack(0x000000c8b5c00000,0x000000c8b5d00000)]
  0x000002ada2c3f4d0 JavaThread "Sweeper thread" daemon [_thread_blocked, id=62628, stack(0x000000c8b5d00000,0x000000c8b5e00000)]
  0x000002ad8d0473e0 JavaThread "Common-Cleaner" daemon [_thread_blocked, id=62796, stack(0x000000c8b5e00000,0x000000c8b5f00000)]
  0x000002ada2f12100 JavaThread "Notification Thread" daemon [_thread_blocked, id=61812, stack(0x000000c8b5f00000,0x000000c8b6000000)]
  0x000002ada51cfb00 JavaThread "Active Thread: Equinox Container: 119e4f83-f25e-4685-9242-3ac3e3fa5f39" [_thread_blocked, id=40000, stack(0x000000c8b6900000,0x000000c8b6a00000)]
  0x000002ada53e7ae0 JavaThread "Framework Event Dispatcher: Equinox Container: 119e4f83-f25e-4685-9242-3ac3e3fa5f39" daemon [_thread_blocked, id=58696, stack(0x000000c8b6800000,0x000000c8b6900000)]
  0x000002ada51c3410 JavaThread "Start Level: Equinox Container: 119e4f83-f25e-4685-9242-3ac3e3fa5f39" daemon [_thread_in_vm, id=61684, stack(0x000000c8b6a00000,0x000000c8b6b00000)]
  0x000002ada53f03b0 JavaThread "SCR Component Actor" daemon [_thread_blocked, id=45348, stack(0x000000c8b6b00000,0x000000c8b6c00000)]
  0x000002ada5492c50 JavaThread "SCR Component Registry" daemon [_thread_blocked, id=53168, stack(0x000000c8b6c00000,0x000000c8b6d00000)]
  0x000002ada55d6390 JavaThread "C2 CompilerThread1" daemon [_thread_in_native, id=56288, stack(0x000000c8b6d00000,0x000000c8b6e00000)]

Other Threads:
  0x000002ada0cc9e90 VMThread "VM Thread" [stack: 0x000000c8b5400000,0x000000c8b5500000] [id=49636]
  0x000002ada2f0f3e0 WatcherThread [stack: 0x000000c8b6000000,0x000000c8b6100000] [id=11192]
  0x000002ad8cf9fe70 GCTaskThread "GC Thread#0" [stack: 0x000000c8b5300000,0x000000c8b5400000] [id=58536]
  0x000002ada3f6fbc0 GCTaskThread "GC Thread#1" [stack: 0x000000c8b6100000,0x000000c8b6200000] [id=40020]
  0x000002ada5008e70 GCTaskThread "GC Thread#2" [stack: 0x000000c8b6200000,0x000000c8b6300000] [id=15340]
  0x000002ada5009120 GCTaskThread "GC Thread#3" [stack: 0x000000c8b6300000,0x000000c8b6400000] [id=60836]
  0x000002ada50093d0 GCTaskThread "GC Thread#4" [stack: 0x000000c8b6400000,0x000000c8b6500000] [id=60428]
  0x000002ada5009680 GCTaskThread "GC Thread#5" [stack: 0x000000c8b6500000,0x000000c8b6600000] [id=62428]
  0x000002ada5009930 GCTaskThread "GC Thread#6" [stack: 0x000000c8b6600000,0x000000c8b6700000] [id=33764]
  0x000002ada51f0160 GCTaskThread "GC Thread#7" [stack: 0x000000c8b6700000,0x000000c8b6800000] [id=54460]

Threads with active compile tasks:
C2 CompilerThread0     3277 1996 %     4       org.eclipse.osgi.util.ManifestElement::readLine @ 0 (122 bytes)
C1 CompilerThread0     3277 1971  s    3       org.eclipse.core.internal.registry.RegistryObjectManager::add (49 bytes)
C2 CompilerThread1     3277 1977 %     4       java.util.Properties$LineReader::readLine @ 53 (584 bytes)

VM state: not at safepoint (normal execution)

VM Mutex/Monitor currently owned by a thread:  ([mutex/lock_event])
[0x000002ad8cf7fbc0] Metaspace_lock - owner thread: 0x000002ada0e0a1c0
[0x000002ad8cf82400] MethodData_lock - owner thread: 0x000002ada0e0a1c0

Heap address: 0x00000000c0000000, size: 1024 MB, Compressed Oops mode: 32-bit

CDS archive(s) not mapped
Compressed class space mapped at: 0x0000000100000000-0x0000000140000000, reserved size: 1073741824
Narrow klass base: 0x0000000000000000, Narrow klass shift: 3, Narrow klass range: 0x140000000

GC Precious Log:
 CPUs: 12 total, 12 available
 Memory: 15734M
 Large Page Support: Disabled
 NUMA Support: Disabled
 Compressed Oops: Enabled (32-bit)
 Alignments: Space 512K, Generation 512K, Heap 2M
 Heap Min Capacity: 100M
 Heap Initial Capacity: 100M
 Heap Max Capacity: 1G
 Pre-touch: Disabled
 Parallel Workers: 10

Heap:
 PSYoungGen      total 29696K, used 18825K [0x00000000eab00000, 0x00000000ecc00000, 0x0000000100000000)
  eden space 25600K, 57% used [0x00000000eab00000,0x00000000eb968aa8,0x00000000ec400000)
  from space 4096K, 99% used [0x00000000ec800000,0x00000000ecbf99f0,0x00000000ecc00000)
  to   space 4096K, 0% used [0x00000000ec400000,0x00000000ec400000,0x00000000ec800000)
 ParOldGen       total 68608K, used 1538K [0x00000000c0000000, 0x00000000c4300000, 0x00000000eab00000)
  object space 68608K, 2% used [0x00000000c0000000,0x00000000c0180b18,0x00000000c4300000)
 Metaspace       used 16408K, committed 16640K, reserved 1064960K
  class space    used 1667K, committed 1792K, reserved 1048576K

Card table byte_map: [0x000002ad8c960000,0x000002ad8cb70000] _byte_map_base: 0x000002ad8c360000

Marking Bits: (ParMarkBitMap*) 0x00007ff8b8224b80
 Begin Bits: [0x000002ad9ec10000, 0x000002ad9fc10000)
 End Bits:   [0x000002ad9fc10000, 0x000002ada0c10000)

Polling page: 0x000002ad8ae30000

Metaspace:

Usage:
  Non-class:     14.40 MB used.
      Class:      1.63 MB used.
       Both:     16.02 MB used.

Virtual space:
  Non-class space:       16.00 MB reserved,      14.50 MB ( 91%) committed,  2 nodes.
      Class space:        1.00 GB reserved,       1.75 MB ( <1%) committed,  1 nodes.
             Both:        1.02 GB reserved,      16.25 MB (  2%) committed. 

Chunk freelists:
   Non-Class:  1.30 MB
       Class:  2.25 MB
        Both:  3.55 MB

MaxMetaspaceSize: unlimited
CompressedClassSpaceSize: 1.00 GB
Initial GC threshold: 21.00 MB
Current GC threshold: 21.00 MB
CDS: off
MetaspaceReclaimPolicy: balanced
 - commit_granule_bytes: 65536.
 - commit_granule_words: 8192.
 - virtual_space_node_default_size: 1048576.
 - enlarge_chunks_in_place: 1.
 - new_chunks_are_fully_committed: 0.
 - uncommit_free_chunks: 1.
 - use_allocation_guard: 0.
 - handle_deallocations: 1.


Internal statistics:

num_allocs_failed_limit: 0.
num_arena_births: 96.
num_arena_deaths: 0.
num_vsnodes_births: 3.
num_vsnodes_deaths: 0.
num_space_committed: 260.
num_space_uncommitted: 0.
num_chunks_returned_to_freelist: 0.
num_chunks_taken_from_freelist: 359.
num_chunk_merges: 0.
num_chunk_splits: 245.
num_chunks_enlarged: 194.
num_purges: 0.
num_inconsistent_stats: 0.

CodeHeap 'non-profiled nmethods': size=120000Kb used=791Kb max_used=791Kb free=119208Kb
 bounds [0x000002ad976e0000, 0x000002ad97950000, 0x000002ad9ec10000]
CodeHeap 'profiled nmethods': size=120000Kb used=3904Kb max_used=3904Kb free=116095Kb
 bounds [0x000002ad901b0000, 0x000002ad90590000, 0x000002ad976e0000]
CodeHeap 'non-nmethods': size=5760Kb used=1168Kb max_used=1188Kb free=4591Kb
 bounds [0x000002ad8fc10000, 0x000002ad8fe80000, 0x000002ad901b0000]
 total_blobs=2440 nmethods=1979 adapters=375
 compilation: enabled
              stopped_count=0, restarted_count=0
 full_count=0

Compilation events (20 events):
Event: 3.194 Thread 0x000002ada55d6390 nmethod 1975 0x000002ad9779f390 code [0x000002ad9779f500, 0x000002ad9779f5d8]
Event: 3.195 Thread 0x000002ada0e0a1c0 nmethod 1972 0x000002ad90579f90 code [0x000002ad9057a200, 0x000002ad9057ade8]
Event: 3.195 Thread 0x000002ada0e0a1c0 1962       3       com.sun.org.apache.xerces.internal.util.ParserConfigurationSettings::addRecognizedFeatures (56 bytes)
Event: 3.196 Thread 0x000002ada0e0a1c0 nmethod 1962 0x000002ad9057b210 code [0x000002ad9057b3e0, 0x000002ad9057b818]
Event: 3.196 Thread 0x000002ada0e0a1c0 1974       3       org.eclipse.core.internal.registry.ReferenceMap::put (157 bytes)
Event: 3.197 Thread 0x000002ada0e0a1c0 nmethod 1974 0x000002ad9057ba10 code [0x000002ad9057bc60, 0x000002ad9057c5f8]
Event: 3.197 Thread 0x000002ada0e0a1c0 1967       3       com.sun.org.apache.xerces.internal.impl.XMLEntityScanner::arrangeCapacity (227 bytes)
Event: 3.198 Thread 0x000002ada0e0a1c0 nmethod 1967 0x000002ad9057c990 code [0x000002ad9057cba0, 0x000002ad9057d1b8]
Event: 3.198 Thread 0x000002ada0e0a1c0 1964       3       org.eclipse.core.internal.registry.RegistryObject::<init> (35 bytes)
Event: 3.198 Thread 0x000002ada0e0a1c0 nmethod 1964 0x000002ad9057d490 code [0x000002ad9057d640, 0x000002ad9057d8d8]
Event: 3.198 Thread 0x000002ada0e0a1c0 1965       3       org.eclipse.core.internal.registry.RegistryObject::setPersist (30 bytes)
Event: 3.198 Thread 0x000002ada0e0a1c0 nmethod 1965 0x000002ad9057da10 code [0x000002ad9057dba0, 0x000002ad9057dd38]
Event: 3.198 Thread 0x000002ada0e0a1c0 1968       3       org.eclipse.core.internal.registry.KeyedHashSet::shouldGrow (23 bytes)
Event: 3.199 Thread 0x000002ada0e0a1c0 nmethod 1968 0x000002ad9057de10 code [0x000002ad9057dfe0, 0x000002ad9057e198]
Event: 3.199 Thread 0x000002ada0e0a1c0 1973   !   3       org.eclipse.core.internal.runtime.ResourceTranslator::getResourceString (119 bytes)
Event: 3.199 Thread 0x000002ada2be7790 nmethod 1970% 0x000002ad9779f690 code [0x000002ad9779f820, 0x000002ad9779fb98]
Event: 3.200 Thread 0x000002ada0e0a1c0 nmethod 1973 0x000002ad9057e290 code [0x000002ad9057e5c0, 0x000002ad9057f6b8]
Event: 3.200 Thread 0x000002ada0e0a1c0 1969       3       java.lang.ref.SoftReference::<init> (14 bytes)
Event: 3.200 Thread 0x000002ada0e0a1c0 nmethod 1969 0x000002ad9057fd90 code [0x000002ad9057ff40, 0x000002ad905801b8]
Event: 3.200 Thread 0x000002ada0e0a1c0 1971  s    3       org.eclipse.core.internal.registry.RegistryObjectManager::add (49 bytes)

GC Heap History (4 events):
Event: 1.565 GC heap before
{Heap before GC invocations=1 (full 0):
 PSYoungGen      total 29696K, used 25600K [0x00000000eab00000, 0x00000000ecc00000, 0x0000000100000000)
  eden space 25600K, 100% used [0x00000000eab00000,0x00000000ec400000,0x00000000ec400000)
  from space 4096K, 0% used [0x00000000ec800000,0x00000000ec800000,0x00000000ecc00000)
  to   space 4096K, 0% used [0x00000000ec400000,0x00000000ec400000,0x00000000ec800000)
 ParOldGen       total 68608K, used 0K [0x00000000c0000000, 0x00000000c4300000, 0x00000000eab00000)
  object space 68608K, 0% used [0x00000000c0000000,0x00000000c0000000,0x00000000c4300000)
 Metaspace       used 10762K, committed 10880K, reserved 1064960K
  class space    used 1082K, committed 1152K, reserved 1048576K
}
Event: 1.575 GC heap after
{Heap after GC invocations=1 (full 0):
 PSYoungGen      total 29696K, used 3424K [0x00000000eab00000, 0x00000000ecc00000, 0x0000000100000000)
  eden space 25600K, 0% used [0x00000000eab00000,0x00000000eab00000,0x00000000ec400000)
  from space 4096K, 83% used [0x00000000ec400000,0x00000000ec7581a0,0x00000000ec800000)
  to   space 4096K, 0% used [0x00000000ec800000,0x00000000ec800000,0x00000000ecc00000)
 ParOldGen       total 68608K, used 16K [0x00000000c0000000, 0x00000000c4300000, 0x00000000eab00000)
  object space 68608K, 0% used [0x00000000c0000000,0x00000000c0004000,0x00000000c4300000)
 Metaspace       used 10762K, committed 10880K, reserved 1064960K
  class space    used 1082K, committed 1152K, reserved 1048576K
}
Event: 2.773 GC heap before
{Heap before GC invocations=2 (full 0):
 PSYoungGen      total 29696K, used 29024K [0x00000000eab00000, 0x00000000ecc00000, 0x0000000100000000)
  eden space 25600K, 100% used [0x00000000eab00000,0x00000000ec400000,0x00000000ec400000)
  from space 4096K, 83% used [0x00000000ec400000,0x00000000ec7581a0,0x00000000ec800000)
  to   space 4096K, 0% used [0x00000000ec800000,0x00000000ec800000,0x00000000ecc00000)
 ParOldGen       total 68608K, used 16K [0x00000000c0000000, 0x00000000c4300000, 0x00000000eab00000)
  object space 68608K, 0% used [0x00000000c0000000,0x00000000c0004000,0x00000000c4300000)
 Metaspace       used 14826K, committed 15104K, reserved 1064960K
  class space    used 1511K, committed 1664K, reserved 1048576K
}
Event: 2.780 GC heap after
{Heap after GC invocations=2 (full 0):
 PSYoungGen      total 29696K, used 4070K [0x00000000eab00000, 0x00000000ecc00000, 0x0000000100000000)
  eden space 25600K, 0% used [0x00000000eab00000,0x00000000eab00000,0x00000000ec400000)
  from space 4096K, 99% used [0x00000000ec800000,0x00000000ecbf99f0,0x00000000ecc00000)
  to   space 4096K, 0% used [0x00000000ec400000,0x00000000ec400000,0x00000000ec800000)
 ParOldGen       total 68608K, used 1538K [0x00000000c0000000, 0x00000000c4300000, 0x00000000eab00000)
  object space 68608K, 2% used [0x00000000c0000000,0x00000000c0180b18,0x00000000c4300000)
 Metaspace       used 14826K, committed 15104K, reserved 1064960K
  class space    used 1511K, committed 1664K, reserved 1048576K
}

Deoptimization events (20 events):
Event: 2.868 Thread 0x000002ada51c3410 DEOPT PACKING pc=0x000002ad97788f7c sp=0x000000c8b6af8af0
Event: 2.868 Thread 0x000002ada51c3410 DEOPT UNPACKING pc=0x000002ad8fc620a3 sp=0x000000c8b6af8a70 mode 2
Event: 2.876 Thread 0x000002ada51c3410 Uncommon trap: trap_request=0xffffff45 fr.pc=0x000002ad97776f48 relative=0x0000000000002108
Event: 2.876 Thread 0x000002ada51c3410 Uncommon trap: reason=unstable_if action=reinterpret pc=0x000002ad97776f48 method=java.io.WinNTFileSystem.normalize(Ljava/lang/String;II)Ljava/lang/String; @ 100 c2
Event: 2.876 Thread 0x000002ada51c3410 DEOPT PACKING pc=0x000002ad97776f48 sp=0x000000c8b6af8f10
Event: 2.876 Thread 0x000002ada51c3410 DEOPT UNPACKING pc=0x000002ad8fc620a3 sp=0x000000c8b6af8e50 mode 2
Event: 2.876 Thread 0x000002ada51c3410 Uncommon trap: trap_request=0xffffff45 fr.pc=0x000002ad97771918 relative=0x00000000000010f8
Event: 2.876 Thread 0x000002ada51c3410 Uncommon trap: reason=unstable_if action=reinterpret pc=0x000002ad97771918 method=java.io.WinNTFileSystem.normalize(Ljava/lang/String;II)Ljava/lang/String; @ 100 c2
Event: 2.876 Thread 0x000002ada51c3410 DEOPT PACKING pc=0x000002ad97771918 sp=0x000000c8b6af8e40
Event: 2.876 Thread 0x000002ada51c3410 DEOPT UNPACKING pc=0x000002ad8fc620a3 sp=0x000000c8b6af8e38 mode 2
Event: 2.894 Thread 0x000002ada51c3410 DEOPT PACKING pc=0x000002ad9034bd56 sp=0x000000c8b6af4640
Event: 2.894 Thread 0x000002ada51c3410 DEOPT UNPACKING pc=0x000002ad8fc62843 sp=0x000000c8b6af3ac8 mode 0
Event: 2.935 Thread 0x000002ada51c3410 Uncommon trap: trap_request=0xffffff45 fr.pc=0x000002ad97741e3c relative=0x0000000000000e7c
Event: 2.935 Thread 0x000002ada51c3410 Uncommon trap: reason=unstable_if action=reinterpret pc=0x000002ad97741e3c method=java.lang.String.<init>([BIILjava/nio/charset/Charset;)V @ 18 c2
Event: 2.935 Thread 0x000002ada51c3410 DEOPT PACKING pc=0x000002ad97741e3c sp=0x000000c8b6af86e0
Event: 2.935 Thread 0x000002ada51c3410 DEOPT UNPACKING pc=0x000002ad8fc620a3 sp=0x000000c8b6af86a0 mode 2
Event: 3.192 Thread 0x000002ada51c3410 Uncommon trap: trap_request=0xffffff45 fr.pc=0x000002ad9779eb44 relative=0x0000000000000304
Event: 3.192 Thread 0x000002ada51c3410 Uncommon trap: reason=unstable_if action=reinterpret pc=0x000002ad9779eb44 method=com.sun.org.apache.xerces.internal.impl.XMLEntityScanner.scanLiteral(ILcom/sun/org/apache/xerces/internal/xni/XMLString;Z)I @ 189 c2
Event: 3.192 Thread 0x000002ada51c3410 DEOPT PACKING pc=0x000002ad9779eb44 sp=0x000000c8b6af8330
Event: 3.192 Thread 0x000002ada51c3410 DEOPT UNPACKING pc=0x000002ad8fc620a3 sp=0x000000c8b6af82c0 mode 2

Classes unloaded (0 events):
No events

Classes redefined (0 events):
No events

Internal exceptions (20 events):
Event: 0.956 Thread 0x000002ad8cf873d0 Exception <a 'java/io/FileNotFoundException'{0x00000000eb768490}> (0x00000000eb768490) 
thrown [e:\jenkins\tmp\workspace\build\src\src\hotspot\share\prims\jni.cpp, line 516]
Event: 0.978 Thread 0x000002ad8cf873d0 Exception <a 'java/io/FileNotFoundException'{0x00000000eb7a92a8}> (0x00000000eb7a92a8) 
thrown [e:\jenkins\tmp\workspace\build\src\src\hotspot\share\prims\jni.cpp, line 516]
Event: 1.315 Thread 0x000002ad8cf873d0 Exception <a 'java/lang/ClassNotFoundException'{0x00000000ebf9d828}: sun/net/www/protocol/c/Handler> (0x00000000ebf9d828) 
thrown [e:\jenkins\tmp\workspace\build\src\src\hotspot\share\classfile\systemDictionary.cpp, line 256]
Event: 1.316 Thread 0x000002ad8cf873d0 Exception <a 'java/lang/ClassNotFoundException'{0x00000000ebf9eb70}: sun/net/www/protocol/c/Handler> (0x00000000ebf9eb70) 
thrown [e:\jenkins\tmp\workspace\build\src\src\hotspot\share\classfile\systemDictionary.cpp, line 256]
Event: 1.317 Thread 0x000002ad8cf873d0 Exception <a 'java/lang/ClassNotFoundException'{0x00000000ebf9fd08}: sun/net/www/protocol/c/Handler> (0x00000000ebf9fd08) 
thrown [e:\jenkins\tmp\workspace\build\src\src\hotspot\share\classfile\systemDictionary.cpp, line 256]
Event: 1.345 Thread 0x000002ad8cf873d0 Exception <a 'java/io/FileNotFoundException'{0x00000000ebfc6280}> (0x00000000ebfc6280) 
thrown [e:\jenkins\tmp\workspace\build\src\src\hotspot\share\prims\jni.cpp, line 516]
Event: 1.415 Thread 0x000002ad8cf873d0 Implicit null exception at 0x000002ad9771eadb to 0x000002ad9771f4bc
Event: 1.415 Thread 0x000002ad8cf873d0 Implicit null exception at 0x000002ad977337ec to 0x000002ad977339cc
Event: 1.416 Thread 0x000002ad8cf873d0 Implicit null exception at 0x000002ad9772138e to 0x000002ad977215d4
Event: 1.416 Thread 0x000002ad8cf873d0 Implicit null exception at 0x000002ad9771e70f to 0x000002ad9771e785
Event: 1.489 Thread 0x000002ad8cf873d0 Exception <a 'java/lang/NoSuchMethodError'{0x00000000ec2906d0}: 'int java.lang.invoke.DirectMethodHandle$Holder.invokeStaticInit(java.lang.Object, java.lang.Object, java.lang.Object, java.lang.Object)'> (0x00000000ec2906d0) 
thrown [e:\jenkins\tmp\workspace\build\src\src\hotspot\share\interpreter\linkResolver.cpp, line 766]
Event: 1.490 Thread 0x000002ad8cf873d0 Exception <a 'java/lang/NoSuchMethodError'{0x00000000ec29ad40}: 'java.lang.Object java.lang.invoke.DirectMethodHandle$Holder.invokeInterface(java.lang.Object, java.lang.Object)'> (0x00000000ec29ad40) 
thrown [e:\jenkins\tmp\workspace\build\src\src\hotspot\share\interpreter\linkResolver.cpp, line 766]
Event: 1.491 Thread 0x000002ad8cf873d0 Exception <a 'java/lang/IncompatibleClassChangeError'{0x00000000ec29e538}: Found class java.lang.Object, but interface was expected> (0x00000000ec29e538) 
thrown [e:\jenkins\tmp\workspace\build\src\src\hotspot\share\interpreter\linkResolver.cpp, line 833]
Event: 1.492 Thread 0x000002ad8cf873d0 Exception <a 'java/lang/NoSuchMethodError'{0x00000000ec2a2a30}: 'void java.lang.invoke.DirectMethodHandle$Holder.invokeStatic(java.lang.Object, java.lang.Object)'> (0x00000000ec2a2a30) 
thrown [e:\jenkins\tmp\workspace\build\src\src\hotspot\share\interpreter\linkResolver.cpp, line 766]
Event: 1.492 Thread 0x000002ad8cf873d0 Exception <a 'java/lang/NoSuchMethodError'{0x00000000ec2a6230}: 'void java.lang.invoke.DirectMethodHandle$Holder.invokeStaticInit(java.lang.Object, java.lang.Object)'> (0x00000000ec2a6230) 
thrown [e:\jenkins\tmp\workspace\build\src\src\hotspot\share\interpreter\linkResolver.cpp, line 766]
Event: 1.495 Thread 0x000002ad8cf873d0 Exception <a 'java/lang/NoSuchMethodError'{0x00000000ec2ad628}: 'int java.lang.invoke.DirectMethodHandle$Holder.invokeStaticInit(java.lang.Object, java.lang.Object)'> (0x00000000ec2ad628) 
thrown [e:\jenkins\tmp\workspace\build\src\src\hotspot\share\interpreter\linkResolver.cpp, line 766]
Event: 1.560 Thread 0x000002ad8cf873d0 Exception <a 'java/lang/NoSuchMethodError'{0x00000000ec3eff48}: 'void java.lang.invoke.DirectMethodHandle$Holder.invokeSpecial(java.lang.Object, java.lang.Object, java.lang.Object)'> (0x00000000ec3eff48) 
thrown [e:\jenkins\tmp\workspace\build\src\src\hotspot\share\interpreter\linkResolver.cpp, line 766]
Event: 2.140 Thread 0x000002ad8cf873d0 Exception <a 'java/lang/NoSuchMethodError'{0x00000000eb7b21d8}: 'java.lang.Object java.lang.invoke.DirectMethodHandle$Holder.newInvokeSpecial(java.lang.Object, int, java.lang.Object)'> (0x00000000eb7b21d8) 
thrown [e:\jenkins\tmp\workspace\build\src\src\hotspot\share\interpreter\linkResolver.cpp, line 766]
Event: 2.608 Thread 0x000002ad8cf873d0 Exception <a 'java/lang/UnsatisfiedLinkError'{0x00000000ebd726e0}: 'void org.eclipse.equinox.launcher.JNIBridge._update_splash()'> (0x00000000ebd726e0) 
thrown [e:\jenkins\tmp\workspace\build\src\src\hotspot\share\prims\nativeLookup.cpp, line 543]
Event: 2.674 Thread 0x000002ada51c3410 Exception <a 'java/lang/NoSuchMethodError'{0x00000000ebffbf88}: 'java.lang.Object java.lang.invoke.DirectMethodHandle$Holder.invokeStaticInit(java.lang.Object)'> (0x00000000ebffbf88) 
thrown [e:\jenkins\tmp\workspace\build\src\src\hotspot\share\interpreter\linkResolver.cpp, line 766]

VM Operations (20 events):
Event: 1.287 Executing VM operation: HandshakeAllThreads
Event: 1.287 Executing VM operation: HandshakeAllThreads done
Event: 1.287 Executing VM operation: Cleanup
Event: 1.287 Executing VM operation: Cleanup done
Event: 1.565 Executing VM operation: ParallelGCFailedAllocation
Event: 1.575 Executing VM operation: ParallelGCFailedAllocation done
Event: 2.078 Executing VM operation: HandshakeAllThreads
Event: 2.079 Executing VM operation: HandshakeAllThreads done
Event: 2.079 Executing VM operation: HandshakeAllThreads
Event: 2.079 Executing VM operation: HandshakeAllThreads done
Event: 2.092 Executing VM operation: HandshakeAllThreads
Event: 2.092 Executing VM operation: HandshakeAllThreads done
Event: 2.123 Executing VM operation: HandshakeAllThreads
Event: 2.123 Executing VM operation: HandshakeAllThreads done
Event: 2.702 Executing VM operation: HandshakeAllThreads
Event: 2.702 Executing VM operation: HandshakeAllThreads done
Event: 2.702 Executing VM operation: Cleanup
Event: 2.702 Executing VM operation: Cleanup done
Event: 2.773 Executing VM operation: ParallelGCFailedAllocation
Event: 2.780 Executing VM operation: ParallelGCFailedAllocation done

Events (20 events):
Event: 2.940 loading class java/util/PropertyResourceBundle done
Event: 2.941 loading class java/util/ResourceBundle$1
Event: 2.941 loading class jdk/internal/access/JavaUtilResourceBundleAccess
Event: 2.941 loading class jdk/internal/access/JavaUtilResourceBundleAccess done
Event: 2.941 loading class java/util/ResourceBundle$1 done
Event: 2.941 loading class java/util/ResourceBundle$2
Event: 2.941 loading class java/util/ResourceBundle$2 done
Event: 2.941 loading class sun/util/PropertyResourceBundleCharset
Event: 2.941 loading class sun/util/PropertyResourceBundleCharset done
Event: 2.942 loading class sun/util/PropertyResourceBundleCharset$PropertiesFileDecoder
Event: 2.942 loading class sun/util/PropertyResourceBundleCharset$PropertiesFileDecoder done
Event: 2.951 loading class jdk/internal/reflect/UnsafeStaticObjectFieldAccessorImpl
Event: 2.951 loading class jdk/internal/reflect/UnsafeStaticObjectFieldAccessorImpl done
Event: 2.953 loading class java/lang/IllegalCallerException
Event: 2.953 loading class java/lang/IllegalCallerException done
Event: 2.956 loading class java/lang/StackWalker$Option
Event: 2.956 loading class java/lang/StackWalker$Option done
Event: 2.958 loading class org/xml/sax/SAXParseException
Event: 2.958 loading class org/xml/sax/SAXParseException done
Event: 3.150 Thread 0x000002ada55d6390 Thread added: 0x000002ada55d6390


Dynamic libraries:
0x00007ff7cfc60000 - 0x00007ff7cfc6e000 	c:\Users\lee\.vscode\extensions\redhat.java-1.9.0-win32-x64\jre\17.0.3-win32-x86_64\bin\java.exe
0x00007ff91d330000 - 0x00007ff91d527000 	C:\WINDOWS\SYSTEM32\ntdll.dll
0x00007ff91cfb0000 - 0x00007ff91d06d000 	C:\WINDOWS\System32\KERNEL32.DLL
0x00007ff91b000000 - 0x00007ff91b2cd000 	C:\WINDOWS\System32\KERNELBASE.dll
0x00007ff91aa50000 - 0x00007ff91ab50000 	C:\WINDOWS\System32\ucrtbase.dll
0x00007ff912eb0000 - 0x00007ff912ec8000 	c:\Users\lee\.vscode\extensions\redhat.java-1.9.0-win32-x64\jre\17.0.3-win32-x86_64\bin\jli.dll
0x00007ff912dd0000 - 0x00007ff912de9000 	c:\Users\lee\.vscode\extensions\redhat.java-1.9.0-win32-x64\jre\17.0.3-win32-x86_64\bin\VCRUNTIME140.dll
0x00007ff91c700000 - 0x00007ff91c8a0000 	C:\WINDOWS\System32\USER32.dll
0x00007ff91b360000 - 0x00007ff91b382000 	C:\WINDOWS\System32\win32u.dll
0x00007ff91ccd0000 - 0x00007ff91ccfa000 	C:\WINDOWS\System32\GDI32.dll
0x00007ff9085f0000 - 0x00007ff90888a000 	C:\WINDOWS\WinSxS\amd64_microsoft.windows.common-controls_6595b64144ccf1df_6.0.19041.1110_none_60b5254171f9507e\COMCTL32.dll
0x00007ff91abc0000 - 0x00007ff91accb000 	C:\WINDOWS\System32\gdi32full.dll
0x00007ff91af30000 - 0x00007ff91afcd000 	C:\WINDOWS\System32\msvcp_win.dll
0x00007ff91cc30000 - 0x00007ff91ccce000 	C:\WINDOWS\System32\msvcrt.dll
0x00007ff91cad0000 - 0x00007ff91cb00000 	C:\WINDOWS\System32\IMM32.DLL
0x00007ff915d60000 - 0x00007ff915d6c000 	c:\Users\lee\.vscode\extensions\redhat.java-1.9.0-win32-x64\jre\17.0.3-win32-x86_64\bin\vcruntime140_1.dll
0x00007ff90c3d0000 - 0x00007ff90c461000 	c:\Users\lee\.vscode\extensions\redhat.java-1.9.0-win32-x64\jre\17.0.3-win32-x86_64\bin\msvcp140.dll
0x00007ff8b76a0000 - 0x00007ff8b82e8000 	c:\Users\lee\.vscode\extensions\redhat.java-1.9.0-win32-x64\jre\17.0.3-win32-x86_64\bin\server\jvm.dll
0x00007ff91cb80000 - 0x00007ff91cc2e000 	C:\WINDOWS\System32\ADVAPI32.dll
0x00007ff91c900000 - 0x00007ff91c99c000 	C:\WINDOWS\System32\sechost.dll
0x00007ff91bff0000 - 0x00007ff91c115000 	C:\WINDOWS\System32\RPCRT4.dll
0x00007ff91b440000 - 0x00007ff91b448000 	C:\WINDOWS\System32\PSAPI.DLL
0x00007ff918f50000 - 0x00007ff918f77000 	C:\WINDOWS\SYSTEM32\WINMM.dll
0x00007ff9124f0000 - 0x00007ff9124f9000 	C:\WINDOWS\SYSTEM32\WSOCK32.dll
0x00007ff90ff90000 - 0x00007ff90ff9a000 	C:\WINDOWS\SYSTEM32\VERSION.dll
0x00007ff91ca50000 - 0x00007ff91cabb000 	C:\WINDOWS\System32\WS2_32.dll
0x00007ff9192a0000 - 0x00007ff9192b2000 	C:\WINDOWS\SYSTEM32\kernel.appcore.dll
0x00007ff9146f0000 - 0x00007ff9146fa000 	c:\Users\lee\.vscode\extensions\redhat.java-1.9.0-win32-x64\jre\17.0.3-win32-x86_64\bin\jimage.dll
0x00007ff918d40000 - 0x00007ff918f24000 	C:\WINDOWS\SYSTEM32\DBGHELP.DLL
0x00007ff918d10000 - 0x00007ff918d3c000 	C:\WINDOWS\SYSTEM32\dbgcore.DLL
0x00007ff91b2d0000 - 0x00007ff91b352000 	C:\WINDOWS\System32\bcryptPrimitives.dll
0x00007ff913b90000 - 0x00007ff913b9e000 	c:\Users\lee\.vscode\extensions\redhat.java-1.9.0-win32-x64\jre\17.0.3-win32-x86_64\bin\instrument.dll
0x00007ff9127c0000 - 0x00007ff9127e5000 	c:\Users\lee\.vscode\extensions\redhat.java-1.9.0-win32-x64\jre\17.0.3-win32-x86_64\bin\java.dll
0x00007ff912cb0000 - 0x00007ff912cc8000 	c:\Users\lee\.vscode\extensions\redhat.java-1.9.0-win32-x64\jre\17.0.3-win32-x86_64\bin\zip.dll
0x00007ff91b8a0000 - 0x00007ff91bfe4000 	C:\WINDOWS\System32\SHELL32.dll
0x00007ff9184a0000 - 0x00007ff918c34000 	C:\WINDOWS\SYSTEM32\windows.storage.dll
0x00007ff91b450000 - 0x00007ff91b7a4000 	C:\WINDOWS\System32\combase.dll
0x00007ff91a4b0000 - 0x00007ff91a4dc000 	C:\WINDOWS\SYSTEM32\Wldp.dll
0x00007ff91b390000 - 0x00007ff91b43d000 	C:\WINDOWS\System32\SHCORE.dll
0x00007ff91c8a0000 - 0x00007ff91c8f5000 	C:\WINDOWS\System32\shlwapi.dll
0x00007ff91a990000 - 0x00007ff91a9af000 	C:\WINDOWS\SYSTEM32\profapi.dll
0x00007ff9124d0000 - 0x00007ff9124e9000 	C:\Users\lee\.vscode\extensions\redhat.java-1.9.0-win32-x64\jre\17.0.3-win32-x86_64\bin\net.dll
0x00007ff9120b0000 - 0x00007ff9121ba000 	C:\WINDOWS\SYSTEM32\WINHTTP.dll
0x00007ff91a1f0000 - 0x00007ff91a25a000 	C:\WINDOWS\system32\mswsock.dll
0x00007ff9100e0000 - 0x00007ff9100f5000 	C:\Users\lee\.vscode\extensions\redhat.java-1.9.0-win32-x64\jre\17.0.3-win32-x86_64\bin\nio.dll
0x00007ff913b60000 - 0x00007ff913b70000 	c:\Users\lee\.vscode\extensions\redhat.java-1.9.0-win32-x64\jre\17.0.3-win32-x86_64\bin\verify.dll
0x00007ff90c120000 - 0x00007ff90c15e000 	C:\Users\lee\AppData\Roaming\Code\User\globalStorage\redhat.java\1.9.0\config_win\org.eclipse.equinox.launcher\org.eclipse.equinox.launcher.win32.win32.x86_64_1.2.500.v20220509-0833\eclipse_11700.dll
0x00007ff91ce80000 - 0x00007ff91cfaa000 	C:\WINDOWS\System32\ole32.dll

dbghelp: loaded successfully - version: 4.0.5 - missing functions: none
symbol engine: initialized successfully - sym options: 0x614 - pdb path: .;c:\Users\lee\.vscode\extensions\redhat.java-1.9.0-win32-x64\jre\17.0.3-win32-x86_64\bin;C:\WINDOWS\SYSTEM32;C:\WINDOWS\WinSxS\amd64_microsoft.windows.common-controls_6595b64144ccf1df_6.0.19041.1110_none_60b5254171f9507e;c:\Users\lee\.vscode\extensions\redhat.java-1.9.0-win32-x64\jre\17.0.3-win32-x86_64\bin\server;C:\Users\lee\AppData\Roaming\Code\User\globalStorage\redhat.java\1.9.0\config_win\org.eclipse.equinox.launcher\org.eclipse.equinox.launcher.win32.win32.x86_64_1.2.500.v20220509-0833

VM Arguments:
jvm_args: --add-modules=ALL-SYSTEM --add-opens=java.base/java.util=ALL-UNNAMED --add-opens=java.base/java.lang=ALL-UNNAMED --add-opens=java.base/sun.nio.fs=ALL-UNNAMED -Declipse.application=org.eclipse.jdt.ls.core.id1 -Dosgi.bundles.defaultStartLevel=4 -Declipse.product=org.eclipse.jdt.ls.core.product -Djava.import.generatesMetadataFilesAtProjectRoot=false -Dfile.encoding=utf8 -DwatchParentProcess=false -XX:+UseParallelGC -XX:GCTimeRatio=4 -XX:AdaptiveSizePolicyWeight=90 -Dsun.zip.disableMemoryMapping=true -Xmx1G -Xms100m -javaagent:c:\Users\lee\.vscode\extensions\redhat.java-1.9.0-win32-x64\lombok\lombok-1.18.24.jar -XX:+HeapDumpOnOutOfMemoryError -XX:HeapDumpPath=c:\Users\lee\AppData\Roaming\Code\User\workspaceStorage\ff560af8b37b3a079479e893db2692fe\redhat.java 
java_command: c:\Users\lee\.vscode\extensions\redhat.java-1.9.0-win32-x64\server\plugins\org.eclipse.equinox.launcher_1.6.400.v20210924-0641.jar -configuration c:\Users\lee\AppData\Roaming\Code\User\globalStorage\redhat.java\1.9.0\config_win -data c:\Users\lee\AppData\Roaming\Code\User\workspaceStorage\ff560af8b37b3a079479e893db2692fe\redhat.java\jdt_ws
java_class_path (initial): c:\Users\lee\.vscode\extensions\redhat.java-1.9.0-win32-x64\server\plugins\org.eclipse.equinox.launcher_1.6.400.v20210924-0641.jar
Launcher Type: SUN_STANDARD

[Global flags]
    uintx AdaptiveSizePolicyWeight                 = 90                                        {product} {command line}
     intx CICompilerCount                          = 4                                         {product} {ergonomic}
    uintx GCTimeRatio                              = 4                                         {product} {command line}
     bool HeapDumpOnOutOfMemoryError               = true                                   {manageable} {command line}
    ccstr HeapDumpPath                             = c:\Users\lee\AppData\Roaming\Code\User\workspaceStorage\ff560af8b37b3a079479e893db2692fe\redhat.java         {manageable} {command line}
   size_t InitialHeapSize                          = 104857600                                 {product} {command line}
   size_t MaxHeapSize                              = 1073741824                                {product} {command line}
   size_t MaxNewSize                               = 357564416                                 {product} {ergonomic}
   size_t MinHeapDeltaBytes                        = 524288                                    {product} {ergonomic}
   size_t MinHeapSize                              = 104857600                                 {product} {command line}
   size_t NewSize                                  = 34603008                                  {product} {ergonomic}
    uintx NonNMethodCodeHeapSize                   = 5839372                                {pd product} {ergonomic}
    uintx NonProfiledCodeHeapSize                  = 122909434                              {pd product} {ergonomic}
   size_t OldSize                                  = 70254592                                  {product} {ergonomic}
    uintx ProfiledCodeHeapSize                     = 122909434                              {pd product} {ergonomic}
    uintx ReservedCodeCacheSize                    = 251658240                              {pd product} {ergonomic}
     bool SegmentedCodeCache                       = true                                      {product} {ergonomic}
   size_t SoftMaxHeapSize                          = 1073741824                             {manageable} {ergonomic}
     bool UseCompressedClassPointers               = true                           {product lp64_product} {ergonomic}
     bool UseCompressedOops                        = true                           {product lp64_product} {ergonomic}
     bool UseLargePagesIndividualAllocation        = false                                  {pd product} {ergonomic}
     bool UseParallelGC                            = true                                      {product} {command line}

Logging:
Log output configuration:
 #0: stdout all=warning uptime,level,tags
 #1: stderr all=off uptime,level,tags

Environment Variables:
JAVA_HOME=C:\Program Files\Java\jdk1.8.0_301
CLASSPATH=.;C:\Program Files\Java\jdk1.8.0_301\lib\dt.jar;C:\Program Files\Java\jdk1.8.0_301\lib\tools.jar
PATH=D:\Software\texlive\2020\bin\win32;C:\WINDOWS\system32;C:\WINDOWS;C:\WINDOWS\System32\Wbem;C:\WINDOWS\System32\WindowsPowerShell\v1.0\;C:\WINDOWS\System32\OpenSSH\;D:\Software\cmder;C:\Program Files\CodeBlocks\MinGW\bin;D:\Software\calibre\;D:\Software\latex\MiKTeX\miktex\bin\x64\;C:\Users\lee\AppData\Roaming\nvm;C:\Program Files\nodejs;D:\Software\Bitvise SSH Client;C:\Program Files\Git\cmd;C:\Program Files\Graphviz\bin;D:\Software\Nodejs\;C:\Program Files\apache-maven-3.8.3\bin;C:\Program Files\Java\jdk1.8.0_301\bin;C:\Program Files\Java\jdk1.8.0_301\jre\bin;D:\Software\Graphviz\bin;C:\Program Files\Docker\Docker\resources\bin;C:\ProgramData\DockerDesktop\version-bin;C:\Users\lee\AppData\Local\Programs\anaconda3;C:\Users\lee\AppData\Local\Programs\anaconda3\Library\mingw-w64\bin;C:\Users\lee\AppData\Local\Programs\anaconda3\Library\usr\bin;C:\Users\lee\AppData\Local\Programs\anaconda3\Library\bin;C:\Users\lee\AppData\Local\Programs\anaconda3\Scripts;C:\Users\lee\AppData\Local\Microsoft\WindowsApps;D:\Software\BandiZip\;C:\Users\lee\AppData\Local\GitHubDesktop\bin;C:\Users\lee\AppData\Local\Programs\Microsoft VS Code\bin;C:\Users\lee\AppData\Roaming\nvm;C:\Program Files\nodejs;D:\Software\GoLand 2020.3.4\bin;;C:\Users\lee\AppData\Local\Microsoft\WindowsApps;C:\Program Files\Graphviz\bin;C:\Users\lee\AppData\Roaming\npm;D:\Software\gnuplot\bin;;C:\Users\lee\AppData\Local\JetBrains\Toolbox\scripts
USERNAME=lee
OS=Windows_NT
PROCESSOR_IDENTIFIER=AMD64 Family 23 Model 96 Stepping 1, AuthenticAMD



---------------  S Y S T E M  ---------------

OS:
 Windows 10 , 64 bit Build 19041 (10.0.19041.1741)
OS uptime: 3 days 0:00 hours
Hyper-V role detected

CPU: total 12 (initial active 12) (12 cores per cpu, 2 threads per core) family 23 model 96 stepping 1 microcode 0x0, cx8, cmov, fxsr, ht, mmx, 3dnowpref, sse, sse2, sse3, ssse3, sse4a, sse4.1, sse4.2, popcnt, lzcnt, tsc, tscinvbit, avx, avx2, aes, clmul, bmi1, bmi2, adx, sha, fma, vzeroupper, clflush, clflushopt, hv

Memory: 4k page, system-wide physical 15734M (973M free)
TotalPageFile size 23926M (AvailPageFile size 7M)
current process WorkingSet (physical memory assigned to process): 100M, peak: 100M
current process commit charge ("private bytes"): 221M, peak: 221M

vm_info: OpenJDK 64-Bit Server VM (17.0.3+7) for windows-amd64 JRE (17.0.3+7), built on Apr 19 2022 16:55:35 by "" with MS VC++ 16.7 (VS2019)

END.
