#
# There is insufficient memory for the Java Runtime Environment to continue.
# Native memory allocation (malloc) failed to allocate 32784 bytes for Chunk::new
# Possible reasons:
#   The system is out of physical RAM or swap space
#   The process is running with CompressedOops enabled, and the Java Heap may be blocking the growth of the native heap
# Possible solutions:
#   Reduce memory load on the system
#   Increase physical memory or swap space
#   Check if swap backing store is full
#   Decrease Java heap size (-Xmx/-Xms)
#   Decrease number of Java threads
#   Decrease Java thread stack sizes (-Xss)
#   Set larger code cache with -XX:ReservedCodeCacheSize=
#   JVM is running with Unscaled Compressed Oops mode in which the Java heap is
#     placed in the first 4GB address space. The Java Heap base address is the
#     maximum limit for the native heap growth. Please use -XX:HeapBaseMinAddress
#     to set the Java Heap base and to place the Java Heap above 4GB virtual address.
# This output file may be truncated or incomplete.
#
#  Out of Memory Error (arena.cpp:189), pid=58152, tid=60504
#
# JRE version: OpenJDK Runtime Environment Temurin-17.0.3+7 (17.0.3+7) (build 17.0.3+7)
# Java VM: OpenJDK 64-Bit Server VM Temurin-17.0.3+7 (17.0.3+7, mixed mode, tiered, compressed oops, compressed class ptrs, parallel gc, windows-amd64)
# No core dump will be written. Minidumps are not enabled by default on client versions of Windows
#

---------------  S U M M A R Y ------------

Command Line: --add-modules=ALL-SYSTEM --add-opens=java.base/java.util=ALL-UNNAMED --add-opens=java.base/java.lang=ALL-UNNAMED --add-opens=java.base/sun.nio.fs=ALL-UNNAMED -Declipse.application=org.eclipse.jdt.ls.core.id1 -Dosgi.bundles.defaultStartLevel=4 -Declipse.product=org.eclipse.jdt.ls.core.product -Djava.import.generatesMetadataFilesAtProjectRoot=false -Dfile.encoding=utf8 -DwatchParentProcess=false -XX:+UseParallelGC -XX:GCTimeRatio=4 -XX:AdaptiveSizePolicyWeight=90 -Dsun.zip.disableMemoryMapping=true -Xmx1G -Xms100m -javaagent:c:\Users\lee\.vscode\extensions\redhat.java-1.9.0-win32-x64\lombok\lombok-1.18.24.jar c:\Users\lee\.vscode\extensions\redhat.java-1.9.0-win32-x64\server\plugins\org.eclipse.equinox.launcher_1.6.400.v20210924-0641.jar -configuration c:\Users\lee\AppData\Roaming\Code\User\globalStorage\redhat.java\1.9.0\config_ss_win -data c:\Users\lee\AppData\Roaming\Code\User\workspaceStorage\ff560af8b37b3a079479e893db2692fe\redhat.java\ss_ws

Host: AMD Ryzen 5 4600U with Radeon Graphics         , 12 cores, 15G,  Windows 10 , 64 bit Build 19041 (10.0.19041.1741)
Time: Tue Aug 16 16:38:01 2022  Windows 10 , 64 bit Build 19041 (10.0.19041.1741) elapsed time: 5.409145 seconds (0d 0h 0m 5s)

---------------  T H R E A D  ---------------

Current thread (0x00000184b0bf1bc0):  JavaThread "C2 CompilerThread0" daemon [_thread_in_native, id=60504, stack(0x0000000216700000,0x0000000216800000)]


Current CompileTask:
C2:   5409 3299       4       org.objectweb.asm.MethodWriter::putMethodInfo (1274 bytes)

Stack: [0x0000000216700000,0x0000000216800000]
Native frames: (J=compiled Java code, j=interpreted, Vv=VM code, C=native code)
V  [jvm.dll+0x675efa]
V  [jvm.dll+0x830a24]
V  [jvm.dll+0x8321ce]
V  [jvm.dll+0x832833]
V  [jvm.dll+0x2454b5]
V  [jvm.dll+0xabd7b]
V  [jvm.dll+0xac30c]
V  [jvm.dll+0xabe8b]
V  [jvm.dll+0x6535dc]
V  [jvm.dll+0x57c967]
V  [jvm.dll+0x22056d]
V  [jvm.dll+0x219d49]
V  [jvm.dll+0x21767b]
V  [jvm.dll+0x1a3ccd]
V  [jvm.dll+0x227178]
V  [jvm.dll+0x2252bc]
V  [jvm.dll+0x7e673b]
V  [jvm.dll+0x7e0cfa]
V  [jvm.dll+0x674d85]
C  [ucrtbase.dll+0x21bb2]
C  [KERNEL32.DLL+0x17034]
C  [ntdll.dll+0x52651]


---------------  P R O C E S S  ---------------

Threads class SMR info:
_java_thread_list=0x00000184b4a62710, length=23, elements={
0x000001849af96ca0, 0x00000184aee15e20, 0x00000184aee188f0, 0x00000184b0be8900,
0x00000184b0be92c0, 0x00000184b0bea190, 0x00000184b0bd3dd0, 0x00000184b0bf1bc0,
0x00000184b0bf5bd0, 0x00000184b0bf9cb0, 0x00000184b0d44be0, 0x00000184b0ef7470,
0x00000184b308b1f0, 0x00000184b335f590, 0x00000184b34124f0, 0x00000184b323d260,
0x00000184b3446a20, 0x00000184b35d5b70, 0x00000184b34ac7c0, 0x00000184b34b5e20,
0x00000184b3c1a5e0, 0x00000184b4ac1390, 0x00000184b34b7160
}

Java Threads: ( => current thread )
  0x000001849af96ca0 JavaThread "main" [_thread_blocked, id=59816, stack(0x0000000215e00000,0x0000000215f00000)]
  0x00000184aee15e20 JavaThread "Reference Handler" daemon [_thread_blocked, id=14396, stack(0x0000000216100000,0x0000000216200000)]
  0x00000184aee188f0 JavaThread "Finalizer" daemon [_thread_blocked, id=61860, stack(0x0000000216200000,0x0000000216300000)]
  0x00000184b0be8900 JavaThread "Signal Dispatcher" daemon [_thread_blocked, id=62180, stack(0x0000000216300000,0x0000000216400000)]
  0x00000184b0be92c0 JavaThread "Attach Listener" daemon [_thread_blocked, id=56804, stack(0x0000000216400000,0x0000000216500000)]
  0x00000184b0bea190 JavaThread "Service Thread" daemon [_thread_blocked, id=34776, stack(0x0000000216500000,0x0000000216600000)]
  0x00000184b0bd3dd0 JavaThread "Monitor Deflation Thread" daemon [_thread_blocked, id=34924, stack(0x0000000216600000,0x0000000216700000)]
=>0x00000184b0bf1bc0 JavaThread "C2 CompilerThread0" daemon [_thread_in_native, id=60504, stack(0x0000000216700000,0x0000000216800000)]
  0x00000184b0bf5bd0 JavaThread "C1 CompilerThread0" daemon [_thread_in_native, id=61236, stack(0x0000000216800000,0x0000000216900000)]
  0x00000184b0bf9cb0 JavaThread "Sweeper thread" daemon [_thread_blocked, id=62756, stack(0x0000000216900000,0x0000000216a00000)]
  0x00000184b0d44be0 JavaThread "Common-Cleaner" daemon [_thread_blocked, id=58844, stack(0x0000000216a00000,0x0000000216b00000)]
  0x00000184b0ef7470 JavaThread "Notification Thread" daemon [_thread_blocked, id=38788, stack(0x0000000216b00000,0x0000000216c00000)]
  0x00000184b308b1f0 JavaThread "Active Thread: Equinox Container: 0c8cf999-075f-4c68-a349-2b48422bc8b6" [_thread_blocked, id=14540, stack(0x0000000217400000,0x0000000217500000)]
  0x00000184b335f590 JavaThread "Framework Event Dispatcher: Equinox Container: 0c8cf999-075f-4c68-a349-2b48422bc8b6" daemon [_thread_blocked, id=61216, stack(0x0000000217500000,0x0000000217600000)]
  0x00000184b34124f0 JavaThread "Start Level: Equinox Container: 0c8cf999-075f-4c68-a349-2b48422bc8b6" daemon [_thread_blocked, id=56544, stack(0x0000000217600000,0x0000000217700000)]
  0x00000184b323d260 JavaThread "SCR Component Actor" daemon [_thread_blocked, id=34148, stack(0x0000000217700000,0x0000000217800000)]
  0x00000184b3446a20 JavaThread "SCR Component Registry" daemon [_thread_blocked, id=60536, stack(0x0000000217900000,0x0000000217a00000)]
  0x00000184b35d5b70 JavaThread "Worker-JM" [_thread_blocked, id=56068, stack(0x0000000217300000,0x0000000217400000)]
  0x00000184b34ac7c0 JavaThread "Worker-0" [_thread_blocked, id=5696, stack(0x0000000217d00000,0x0000000217e00000)]
  0x00000184b34b5e20 JavaThread "Worker-1" [_thread_blocked, id=13932, stack(0x0000000217e00000,0x0000000217f00000)]
  0x00000184b3c1a5e0 JavaThread "C2 CompilerThread1" daemon [_thread_in_native, id=60752, stack(0x0000000217a00000,0x0000000217b00000)]
  0x00000184b4ac1390 JavaThread "C2 CompilerThread2" daemon [_thread_in_native, id=26584, stack(0x0000000217f00000,0x0000000218000000)]
  0x00000184b34b7160 JavaThread "pool-1-thread-1" [_thread_in_Java, id=53412, stack(0x0000000218000000,0x0000000218100000)]

Other Threads:
  0x00000184aee13c90 VMThread "VM Thread" [stack: 0x0000000216000000,0x0000000216100000] [id=59700]
  0x00000184b0f4ece0 WatcherThread [stack: 0x0000000216c00000,0x0000000216d00000] [id=36664]
  0x000001849afac890 GCTaskThread "GC Thread#0" [stack: 0x0000000215f00000,0x0000000216000000] [id=47112]
  0x00000184b214feb0 GCTaskThread "GC Thread#1" [stack: 0x0000000216d00000,0x0000000216e00000] [id=52804]
  0x00000184b3053070 GCTaskThread "GC Thread#2" [stack: 0x0000000216e00000,0x0000000216f00000] [id=61088]
  0x00000184b3053320 GCTaskThread "GC Thread#3" [stack: 0x0000000216f00000,0x0000000217000000] [id=41812]
  0x00000184b25898f0 GCTaskThread "GC Thread#4" [stack: 0x0000000217000000,0x0000000217100000] [id=61740]
  0x00000184b2057500 GCTaskThread "GC Thread#5" [stack: 0x0000000217100000,0x0000000217200000] [id=18440]
  0x00000184b20577b0 GCTaskThread "GC Thread#6" [stack: 0x0000000217200000,0x0000000217300000] [id=59524]
  0x00000184b3431aa0 GCTaskThread "GC Thread#7" [stack: 0x0000000217800000,0x0000000217900000] [id=60308]
  0x00000184b3537eb0 GCTaskThread "GC Thread#8" [stack: 0x0000000217b00000,0x0000000217c00000] [id=60544]
  0x00000184b3538160 GCTaskThread "GC Thread#9" [stack: 0x0000000217c00000,0x0000000217d00000] [id=42396]

Threads with active compile tasks:
C2 CompilerThread0     5461 3299       4       org.objectweb.asm.MethodWriter::putMethodInfo (1274 bytes)
C1 CompilerThread0     5461 3344       2       lombok.patcher.PatchScript$MethodPatcher::visitMethod (158 bytes)
C2 CompilerThread1     5461 3331 %     4       org.objectweb.asm.SymbolTable::<init> @ 98 (536 bytes)
C2 CompilerThread2     5462 3338       4       org.objectweb.asm.ClassReader::readMethod (1066 bytes)

VM state: not at safepoint (normal execution)

VM Mutex/Monitor currently owned by a thread: None

Heap address: 0x00000000c0000000, size: 1024 MB, Compressed Oops mode: 32-bit

CDS archive(s) not mapped
Compressed class space mapped at: 0x0000000100000000-0x0000000140000000, reserved size: 1073741824
Narrow klass base: 0x0000000000000000, Narrow klass shift: 3, Narrow klass range: 0x140000000

GC Precious Log:
 CPUs: 12 total, 12 available
 Memory: 15734M
 Large Page Support: Disabled
 NUMA Support: Disabled
 Compressed Oops: Enabled (32-bit)
 Alignments: Space 512K, Generation 512K, Heap 2M
 Heap Min Capacity: 100M
 Heap Initial Capacity: 100M
 Heap Max Capacity: 1G
 Pre-touch: Disabled
 Parallel Workers: 10

Heap:
 PSYoungGen      total 22528K, used 9085K [0x00000000eab00000, 0x00000000ec500000, 0x0000000100000000)
  eden space 20480K, 35% used [0x00000000eab00000,0x00000000eb2278b8,0x00000000ebf00000)
  from space 2048K, 85% used [0x00000000ebf00000,0x00000000ec0b7d90,0x00000000ec100000)
  to   space 3072K, 0% used [0x00000000ec200000,0x00000000ec200000,0x00000000ec500000)
 ParOldGen       total 68608K, used 15123K [0x00000000c0000000, 0x00000000c4300000, 0x00000000eab00000)
  object space 68608K, 22% used [0x00000000c0000000,0x00000000c0ec4e30,0x00000000c4300000)
 Metaspace       used 36504K, committed 37120K, reserved 1089536K
  class space    used 3727K, committed 4032K, reserved 1048576K

Card table byte_map: [0x000001849a950000,0x000001849ab60000] _byte_map_base: 0x000001849a350000

Marking Bits: (ParMarkBitMap*) 0x00007ff8b8224b80
 Begin Bits: [0x00000184acc20000, 0x00000184adc20000)
 End Bits:   [0x00000184adc20000, 0x00000184aec20000)

Polling page: 0x0000018498d60000

Metaspace:

Usage:
  Non-class:     32.01 MB used.
      Class:      3.64 MB used.
       Both:     35.65 MB used.

Virtual space:
  Non-class space:       40.00 MB reserved,      32.31 MB ( 81%) committed,  5 nodes.
      Class space:        1.00 GB reserved,       3.94 MB ( <1%) committed,  1 nodes.
             Both:        1.04 GB reserved,      36.25 MB (  3%) committed. 

Chunk freelists:
   Non-Class:  3.34 MB
       Class:  106.00 KB
        Both:  3.45 MB

MaxMetaspaceSize: unlimited
CompressedClassSpaceSize: 1.00 GB
Initial GC threshold: 21.00 MB
Current GC threshold: 58.38 MB
CDS: off
MetaspaceReclaimPolicy: balanced
 - commit_granule_bytes: 65536.
 - commit_granule_words: 8192.
 - virtual_space_node_default_size: 1048576.
 - enlarge_chunks_in_place: 1.
 - new_chunks_are_fully_committed: 0.
 - uncommit_free_chunks: 1.
 - use_allocation_guard: 0.
 - handle_deallocations: 1.


Internal statistics:

num_allocs_failed_limit: 6.
num_arena_births: 264.
num_arena_deaths: 14.
num_vsnodes_births: 6.
num_vsnodes_deaths: 0.
num_space_committed: 580.
num_space_uncommitted: 0.
num_chunks_returned_to_freelist: 20.
num_chunks_taken_from_freelist: 1350.
num_chunk_merges: 7.
num_chunk_splits: 936.
num_chunks_enlarged: 674.
num_purges: 2.
num_inconsistent_stats: 0.

CodeHeap 'non-profiled nmethods': size=120000Kb used=1632Kb max_used=1632Kb free=118368Kb
 bounds [0x00000184a56f0000, 0x00000184a5960000, 0x00000184acc20000]
CodeHeap 'profiled nmethods': size=120000Kb used=6993Kb max_used=6993Kb free=113006Kb
 bounds [0x000001849e1c0000, 0x000001849e8a0000, 0x00000184a56f0000]
CodeHeap 'non-nmethods': size=5760Kb used=1262Kb max_used=1304Kb free=4497Kb
 bounds [0x000001849dc20000, 0x000001849de90000, 0x000001849e1c0000]
 total_blobs=3920 nmethods=3340 adapters=494
 compilation: enabled
              stopped_count=0, restarted_count=0
 full_count=0

Compilation events (20 events):
Event: 5.399 Thread 0x00000184b0bf1bc0 3299       4       org.objectweb.asm.MethodWriter::putMethodInfo (1274 bytes)
Event: 5.400 Thread 0x00000184b3c1a5e0 3300       4       org.objectweb.asm.SymbolTable::addConstantUtf8Reference (20 bytes)
Event: 5.401 Thread 0x00000184b0bf5bd0 3301       1       lombok.patcher.scripts.WrapMethodCallScript::access$0 (5 bytes)
Event: 5.401 Thread 0x00000184b0bf5bd0 nmethod 3301 0x00000184a5882490 code [0x00000184a5882620, 0x00000184a58826d8]
Event: 5.401 Thread 0x00000184b0bf5bd0 3302       3       org.objectweb.asm.MethodWriter::visitLocalVariable (222 bytes)
Event: 5.402 Thread 0x00000184b0bf5bd0 nmethod 3302 0x000001849e85d890 code [0x000001849e85dbc0, 0x000001849e85ec78]
Event: 5.402 Thread 0x00000184b0bf5bd0 3304       3       java.util.regex.Matcher::group (112 bytes)
Event: 5.403 Thread 0x00000184b0bf5bd0 nmethod 3304 0x000001849e85f490 code [0x000001849e85f720, 0x000001849e860228]
Event: 5.403 Thread 0x00000184b0bf5bd0 3305       3       java.util.regex.Matcher::getSubSequence (12 bytes)
Event: 5.403 Thread 0x00000184b0bf5bd0 nmethod 3305 0x000001849e860690 code [0x000001849e860840, 0x000001849e860a08]
Event: 5.403 Thread 0x00000184b0bf5bd0 3306   !   3       java.util.regex.Pattern::matcher (44 bytes)
Event: 5.404 Thread 0x00000184b0bf5bd0 nmethod 3306 0x000001849e860b10 code [0x000001849e860cc0, 0x000001849e861018]
Event: 5.404 Thread 0x00000184b0bf5bd0 3307       3       java.util.regex.Matcher::<init> (95 bytes)
Event: 5.404 Thread 0x00000184b0bf5bd0 nmethod 3307 0x000001849e861190 code [0x000001849e861360, 0x000001849e861828]
Event: 5.404 Thread 0x00000184b0bf5bd0 3303       3       java.util.regex.Pattern$StartS::match (138 bytes)
Event: 5.405 Thread 0x00000184b0bf5bd0 nmethod 3303 0x000001849e861990 code [0x000001849e861bc0, 0x000001849e8626b8]
Event: 5.405 Thread 0x00000184b0bf5bd0 3308       3       java.util.regex.Pattern$Loop::match (196 bytes)
Event: 5.405 Thread 0x00000184b4ac1390 3313       4       java.util.Arrays::fill (21 bytes)
Event: 5.406 Thread 0x00000184b0bf5bd0 nmethod 3308 0x000001849e862990 code [0x000001849e862be0, 0x000001849e8634d8]
Event: 5.406 Thread 0x00000184b0bf5bd0 3310       3       java.util.regex.Matcher::matches (10 bytes)

GC Heap History (20 events):
Event: 2.502 GC heap before
{Heap before GC invocations=3 (full 0):
 PSYoungGen      total 29696K, used 29685K [0x00000000eab00000, 0x00000000ecc00000, 0x0000000100000000)
  eden space 25600K, 100% used [0x00000000eab00000,0x00000000ec400000,0x00000000ec400000)
  from space 4096K, 99% used [0x00000000ec800000,0x00000000ecbfd6b0,0x00000000ecc00000)
  to   space 4096K, 0% used [0x00000000ec400000,0x00000000ec400000,0x00000000ec800000)
 ParOldGen       total 68608K, used 874K [0x00000000c0000000, 0x00000000c4300000, 0x00000000eab00000)
  object space 68608K, 1% used [0x00000000c0000000,0x00000000c00dab70,0x00000000c4300000)
 Metaspace       used 20170K, committed 20544K, reserved 1073152K
  class space    used 2057K, committed 2240K, reserved 1048576K
}
Event: 2.511 GC heap after
{Heap after GC invocations=3 (full 0):
 PSYoungGen      total 29696K, used 4080K [0x00000000eab00000, 0x00000000ecc00000, 0x0000000100000000)
  eden space 25600K, 0% used [0x00000000eab00000,0x00000000eab00000,0x00000000ec400000)
  from space 4096K, 99% used [0x00000000ec400000,0x00000000ec7fc238,0x00000000ec800000)
  to   space 4096K, 0% used [0x00000000ec800000,0x00000000ec800000,0x00000000ecc00000)
 ParOldGen       total 68608K, used 3028K [0x00000000c0000000, 0x00000000c4300000, 0x00000000eab00000)
  object space 68608K, 4% used [0x00000000c0000000,0x00000000c02f5220,0x00000000c4300000)
 Metaspace       used 20170K, committed 20544K, reserved 1073152K
  class space    used 2057K, committed 2240K, reserved 1048576K
}
Event: 2.609 GC heap before
{Heap before GC invocations=4 (full 0):
 PSYoungGen      total 29696K, used 9649K [0x00000000eab00000, 0x00000000ecc00000, 0x0000000100000000)
  eden space 25600K, 21% used [0x00000000eab00000,0x00000000eb070360,0x00000000ec400000)
  from space 4096K, 99% used [0x00000000ec400000,0x00000000ec7fc238,0x00000000ec800000)
  to   space 4096K, 0% used [0x00000000ec800000,0x00000000ec800000,0x00000000ecc00000)
 ParOldGen       total 68608K, used 3028K [0x00000000c0000000, 0x00000000c4300000, 0x00000000eab00000)
  object space 68608K, 4% used [0x00000000c0000000,0x00000000c02f5220,0x00000000c4300000)
 Metaspace       used 21037K, committed 21504K, reserved 1073152K
  class space    used 2145K, committed 2368K, reserved 1048576K
}
Event: 2.611 GC heap after
{Heap after GC invocations=4 (full 0):
 PSYoungGen      total 29696K, used 4081K [0x00000000eab00000, 0x00000000ecc00000, 0x0000000100000000)
  eden space 25600K, 0% used [0x00000000eab00000,0x00000000eab00000,0x00000000ec400000)
  from space 4096K, 99% used [0x00000000ec800000,0x00000000ecbfc618,0x00000000ecc00000)
  to   space 4096K, 0% used [0x00000000ec400000,0x00000000ec400000,0x00000000ec800000)
 ParOldGen       total 68608K, used 3257K [0x00000000c0000000, 0x00000000c4300000, 0x00000000eab00000)
  object space 68608K, 4% used [0x00000000c0000000,0x00000000c032e418,0x00000000c4300000)
 Metaspace       used 21037K, committed 21504K, reserved 1073152K
  class space    used 2145K, committed 2368K, reserved 1048576K
}
Event: 2.611 GC heap before
{Heap before GC invocations=5 (full 1):
 PSYoungGen      total 29696K, used 4081K [0x00000000eab00000, 0x00000000ecc00000, 0x0000000100000000)
  eden space 25600K, 0% used [0x00000000eab00000,0x00000000eab00000,0x00000000ec400000)
  from space 4096K, 99% used [0x00000000ec800000,0x00000000ecbfc618,0x00000000ecc00000)
  to   space 4096K, 0% used [0x00000000ec400000,0x00000000ec400000,0x00000000ec800000)
 ParOldGen       total 68608K, used 3257K [0x00000000c0000000, 0x00000000c4300000, 0x00000000eab00000)
  object space 68608K, 4% used [0x00000000c0000000,0x00000000c032e418,0x00000000c4300000)
 Metaspace       used 21037K, committed 21504K, reserved 1073152K
  class space    used 2145K, committed 2368K, reserved 1048576K
}
Event: 2.628 GC heap after
{Heap after GC invocations=5 (full 1):
 PSYoungGen      total 29696K, used 0K [0x00000000eab00000, 0x00000000ecc00000, 0x0000000100000000)
  eden space 25600K, 0% used [0x00000000eab00000,0x00000000eab00000,0x00000000ec400000)
  from space 4096K, 0% used [0x00000000ec800000,0x00000000ec800000,0x00000000ecc00000)
  to   space 4096K, 0% used [0x00000000ec400000,0x00000000ec400000,0x00000000ec800000)
 ParOldGen       total 68608K, used 7146K [0x00000000c0000000, 0x00000000c4300000, 0x00000000eab00000)
  object space 68608K, 10% used [0x00000000c0000000,0x00000000c06faa90,0x00000000c4300000)
 Metaspace       used 21024K, committed 21504K, reserved 1073152K
  class space    used 2142K, committed 2368K, reserved 1048576K
}
Event: 2.869 GC heap before
{Heap before GC invocations=6 (full 1):
 PSYoungGen      total 29696K, used 25596K [0x00000000eab00000, 0x00000000ecc00000, 0x0000000100000000)
  eden space 25600K, 99% used [0x00000000eab00000,0x00000000ec3ff2a8,0x00000000ec400000)
  from space 4096K, 0% used [0x00000000ec800000,0x00000000ec800000,0x00000000ecc00000)
  to   space 4096K, 0% used [0x00000000ec400000,0x00000000ec400000,0x00000000ec800000)
 ParOldGen       total 68608K, used 7146K [0x00000000c0000000, 0x00000000c4300000, 0x00000000eab00000)
  object space 68608K, 10% used [0x00000000c0000000,0x00000000c06faa90,0x00000000c4300000)
 Metaspace       used 24456K, committed 24896K, reserved 1073152K
  class space    used 2390K, committed 2560K, reserved 1048576K
}
Event: 2.870 GC heap after
{Heap after GC invocations=6 (full 1):
 PSYoungGen      total 26112K, used 907K [0x00000000eab00000, 0x00000000ec880000, 0x0000000100000000)
  eden space 25088K, 0% used [0x00000000eab00000,0x00000000eab00000,0x00000000ec380000)
  from space 1024K, 88% used [0x00000000ec400000,0x00000000ec4e2c18,0x00000000ec500000)
  to   space 2560K, 0% used [0x00000000ec600000,0x00000000ec600000,0x00000000ec880000)
 ParOldGen       total 68608K, used 7154K [0x00000000c0000000, 0x00000000c4300000, 0x00000000eab00000)
  object space 68608K, 10% used [0x00000000c0000000,0x00000000c06fca90,0x00000000c4300000)
 Metaspace       used 24456K, committed 24896K, reserved 1073152K
  class space    used 2390K, committed 2560K, reserved 1048576K
}
Event: 3.780 GC heap before
{Heap before GC invocations=7 (full 1):
 PSYoungGen      total 26112K, used 25995K [0x00000000eab00000, 0x00000000ec880000, 0x0000000100000000)
  eden space 25088K, 100% used [0x00000000eab00000,0x00000000ec380000,0x00000000ec380000)
  from space 1024K, 88% used [0x00000000ec400000,0x00000000ec4e2c18,0x00000000ec500000)
  to   space 2560K, 0% used [0x00000000ec600000,0x00000000ec600000,0x00000000ec880000)
 ParOldGen       total 68608K, used 7154K [0x00000000c0000000, 0x00000000c4300000, 0x00000000eab00000)
  object space 68608K, 10% used [0x00000000c0000000,0x00000000c06fca90,0x00000000c4300000)
 Metaspace       used 27452K, committed 27904K, reserved 1081344K
  class space    used 2652K, committed 2816K, reserved 1048576K
}
Event: 3.781 GC heap after
{Heap after GC invocations=7 (full 1):
 PSYoungGen      total 26112K, used 1445K [0x00000000eab00000, 0x00000000ec780000, 0x0000000100000000)
  eden space 24576K, 0% used [0x00000000eab00000,0x00000000eab00000,0x00000000ec300000)
  from space 1536K, 94% used [0x00000000ec600000,0x00000000ec769498,0x00000000ec780000)
  to   space 2048K, 0% used [0x00000000ec380000,0x00000000ec380000,0x00000000ec580000)
 ParOldGen       total 68608K, used 7162K [0x00000000c0000000, 0x00000000c4300000, 0x00000000eab00000)
  object space 68608K, 10% used [0x00000000c0000000,0x00000000c06fea90,0x00000000c4300000)
 Metaspace       used 27452K, committed 27904K, reserved 1081344K
  class space    used 2652K, committed 2816K, reserved 1048576K
}
Event: 4.264 GC heap before
{Heap before GC invocations=8 (full 1):
 PSYoungGen      total 26112K, used 26021K [0x00000000eab00000, 0x00000000ec780000, 0x0000000100000000)
  eden space 24576K, 100% used [0x00000000eab00000,0x00000000ec300000,0x00000000ec300000)
  from space 1536K, 94% used [0x00000000ec600000,0x00000000ec769498,0x00000000ec780000)
  to   space 2048K, 0% used [0x00000000ec380000,0x00000000ec380000,0x00000000ec580000)
 ParOldGen       total 68608K, used 7162K [0x00000000c0000000, 0x00000000c4300000, 0x00000000eab00000)
  object space 68608K, 10% used [0x00000000c0000000,0x00000000c06fea90,0x00000000c4300000)
 Metaspace       used 31693K, committed 32128K, reserved 1081344K
  class space    used 3193K, committed 3392K, reserved 1048576K
}
Event: 4.266 GC heap after
{Heap after GC invocations=8 (full 1):
 PSYoungGen      total 26112K, used 2041K [0x00000000eab00000, 0x00000000ec880000, 0x0000000100000000)
  eden space 24064K, 0% used [0x00000000eab00000,0x00000000eab00000,0x00000000ec280000)
  from space 2048K, 99% used [0x00000000ec380000,0x00000000ec57e608,0x00000000ec580000)
  to   space 3072K, 0% used [0x00000000ec580000,0x00000000ec580000,0x00000000ec880000)
 ParOldGen       total 68608K, used 7703K [0x00000000c0000000, 0x00000000c4300000, 0x00000000eab00000)
  object space 68608K, 11% used [0x00000000c0000000,0x00000000c0785c68,0x00000000c4300000)
 Metaspace       used 31693K, committed 32128K, reserved 1081344K
  class space    used 3193K, committed 3392K, reserved 1048576K
}
Event: 4.637 GC heap before
{Heap before GC invocations=9 (full 1):
 PSYoungGen      total 26112K, used 26105K [0x00000000eab00000, 0x00000000ec880000, 0x0000000100000000)
  eden space 24064K, 100% used [0x00000000eab00000,0x00000000ec280000,0x00000000ec280000)
  from space 2048K, 99% used [0x00000000ec380000,0x00000000ec57e608,0x00000000ec580000)
  to   space 3072K, 0% used [0x00000000ec580000,0x00000000ec580000,0x00000000ec880000)
 ParOldGen       total 68608K, used 7703K [0x00000000c0000000, 0x00000000c4300000, 0x00000000eab00000)
  object space 68608K, 11% used [0x00000000c0000000,0x00000000c0785c68,0x00000000c4300000)
 Metaspace       used 33737K, committed 34304K, reserved 1081344K
  class space    used 3418K, committed 3712K, reserved 1048576K
}
Event: 4.640 GC heap after
{Heap after GC invocations=9 (full 1):
 PSYoungGen      total 23552K, used 3059K [0x00000000eab00000, 0x00000000ecf00000, 0x0000000100000000)
  eden space 20480K, 0% used [0x00000000eab00000,0x00000000eab00000,0x00000000ebf00000)
  from space 3072K, 99% used [0x00000000ec580000,0x00000000ec87cd30,0x00000000ec880000)
  to   space 6656K, 0% used [0x00000000ebf00000,0x00000000ebf00000,0x00000000ec580000)
 ParOldGen       total 68608K, used 10589K [0x00000000c0000000, 0x00000000c4300000, 0x00000000eab00000)
  object space 68608K, 15% used [0x00000000c0000000,0x00000000c0a577f0,0x00000000c4300000)
 Metaspace       used 33737K, committed 34304K, reserved 1081344K
  class space    used 3418K, committed 3712K, reserved 1048576K
}
Event: 5.032 GC heap before
{Heap before GC invocations=10 (full 1):
 PSYoungGen      total 23552K, used 23539K [0x00000000eab00000, 0x00000000ecf00000, 0x0000000100000000)
  eden space 20480K, 100% used [0x00000000eab00000,0x00000000ebf00000,0x00000000ebf00000)
  from space 3072K, 99% used [0x00000000ec580000,0x00000000ec87cd30,0x00000000ec880000)
  to   space 6656K, 0% used [0x00000000ebf00000,0x00000000ebf00000,0x00000000ec580000)
 ParOldGen       total 68608K, used 10589K [0x00000000c0000000, 0x00000000c4300000, 0x00000000eab00000)
  object space 68608K, 15% used [0x00000000c0000000,0x00000000c0a577f0,0x00000000c4300000)
 Metaspace       used 34796K, committed 35456K, reserved 1081344K
  class space    used 3538K, committed 3840K, reserved 1048576K
}
Event: 5.036 GC heap after
{Heap after GC invocations=10 (full 1):
 PSYoungGen      total 25088K, used 4580K [0x00000000eab00000, 0x00000000ec900000, 0x0000000100000000)
  eden space 20480K, 0% used [0x00000000eab00000,0x00000000eab00000,0x00000000ebf00000)
  from space 4608K, 99% used [0x00000000ebf00000,0x00000000ec379378,0x00000000ec380000)
  to   space 5120K, 0% used [0x00000000ec400000,0x00000000ec400000,0x00000000ec900000)
 ParOldGen       total 68608K, used 11282K [0x00000000c0000000, 0x00000000c4300000, 0x00000000eab00000)
  object space 68608K, 16% used [0x00000000c0000000,0x00000000c0b048f8,0x00000000c4300000)
 Metaspace       used 34796K, committed 35456K, reserved 1081344K
  class space    used 3538K, committed 3840K, reserved 1048576K
}
Event: 5.093 GC heap before
{Heap before GC invocations=11 (full 1):
 PSYoungGen      total 25088K, used 7302K [0x00000000eab00000, 0x00000000ec900000, 0x0000000100000000)
  eden space 20480K, 13% used [0x00000000eab00000,0x00000000eada87c0,0x00000000ebf00000)
  from space 4608K, 99% used [0x00000000ebf00000,0x00000000ec379378,0x00000000ec380000)
  to   space 5120K, 0% used [0x00000000ec400000,0x00000000ec400000,0x00000000ec900000)
 ParOldGen       total 68608K, used 11282K [0x00000000c0000000, 0x00000000c4300000, 0x00000000eab00000)
  object space 68608K, 16% used [0x00000000c0000000,0x00000000c0b048f8,0x00000000c4300000)
 Metaspace       used 35243K, committed 35840K, reserved 1081344K
  class space    used 3587K, committed 3840K, reserved 1048576K
}
Event: 5.097 GC heap after
{Heap after GC invocations=11 (full 1):
 PSYoungGen      total 25088K, used 4101K [0x00000000eab00000, 0x00000000ec880000, 0x0000000100000000)
  eden space 20480K, 0% used [0x00000000eab00000,0x00000000eab00000,0x00000000ebf00000)
  from space 4608K, 89% used [0x00000000ec400000,0x00000000ec8015e8,0x00000000ec880000)
  to   space 4608K, 0% used [0x00000000ebf00000,0x00000000ebf00000,0x00000000ec380000)
 ParOldGen       total 68608K, used 11841K [0x00000000c0000000, 0x00000000c4300000, 0x00000000eab00000)
  object space 68608K, 17% used [0x00000000c0000000,0x00000000c0b907c8,0x00000000c4300000)
 Metaspace       used 35243K, committed 35840K, reserved 1081344K
  class space    used 3587K, committed 3840K, reserved 1048576K
}
Event: 5.097 GC heap before
{Heap before GC invocations=12 (full 2):
 PSYoungGen      total 25088K, used 4101K [0x00000000eab00000, 0x00000000ec880000, 0x0000000100000000)
  eden space 20480K, 0% used [0x00000000eab00000,0x00000000eab00000,0x00000000ebf00000)
  from space 4608K, 89% used [0x00000000ec400000,0x00000000ec8015e8,0x00000000ec880000)
  to   space 4608K, 0% used [0x00000000ebf00000,0x00000000ebf00000,0x00000000ec380000)
 ParOldGen       total 68608K, used 11841K [0x00000000c0000000, 0x00000000c4300000, 0x00000000eab00000)
  object space 68608K, 17% used [0x00000000c0000000,0x00000000c0b907c8,0x00000000c4300000)
 Metaspace       used 35243K, committed 35840K, reserved 1081344K
  class space    used 3587K, committed 3840K, reserved 1048576K
}
Event: 5.124 GC heap after
{Heap after GC invocations=12 (full 2):
 PSYoungGen      total 25088K, used 0K [0x00000000eab00000, 0x00000000ec880000, 0x0000000100000000)
  eden space 20480K, 0% used [0x00000000eab00000,0x00000000eab00000,0x00000000ebf00000)
  from space 4608K, 0% used [0x00000000ec400000,0x00000000ec400000,0x00000000ec880000)
  to   space 4608K, 0% used [0x00000000ebf00000,0x00000000ebf00000,0x00000000ec380000)
 ParOldGen       total 68608K, used 15115K [0x00000000c0000000, 0x00000000c4300000, 0x00000000eab00000)
  object space 68608K, 22% used [0x00000000c0000000,0x00000000c0ec2e30,0x00000000c4300000)
 Metaspace       used 35243K, committed 35840K, reserved 1081344K
  class space    used 3587K, committed 3840K, reserved 1048576K
}

Deoptimization events (20 events):
Event: 4.992 Thread 0x00000184b34b7160 DEOPT PACKING pc=0x000001849e685f9e sp=0x00000002180fcf60
Event: 4.992 Thread 0x00000184b34b7160 DEOPT UNPACKING pc=0x000001849dc72843 sp=0x00000002180fc458 mode 0
Event: 4.993 Thread 0x00000184b34b7160 DEOPT PACKING pc=0x000001849e685f9e sp=0x00000002180fcf40
Event: 4.993 Thread 0x00000184b34b7160 DEOPT UNPACKING pc=0x000001849dc72843 sp=0x00000002180fc430 mode 0
Event: 4.994 Thread 0x00000184b34b7160 DEOPT PACKING pc=0x000001849e685f9e sp=0x00000002180fcf40
Event: 4.994 Thread 0x00000184b34b7160 DEOPT UNPACKING pc=0x000001849dc72843 sp=0x00000002180fc430 mode 0
Event: 4.994 Thread 0x00000184b34b7160 DEOPT PACKING pc=0x000001849e685f9e sp=0x00000002180fcf40
Event: 4.994 Thread 0x00000184b34b7160 DEOPT UNPACKING pc=0x000001849dc72843 sp=0x00000002180fc430 mode 0
Event: 4.994 Thread 0x00000184b34b7160 DEOPT PACKING pc=0x000001849e685f9e sp=0x00000002180fcf40
Event: 4.994 Thread 0x00000184b34b7160 DEOPT UNPACKING pc=0x000001849dc72843 sp=0x00000002180fc430 mode 0
Event: 4.995 Thread 0x00000184b34b7160 DEOPT PACKING pc=0x000001849e685f9e sp=0x00000002180fcf40
Event: 4.995 Thread 0x00000184b34b7160 DEOPT UNPACKING pc=0x000001849dc72843 sp=0x00000002180fc430 mode 0
Event: 5.131 Thread 0x00000184b34b7160 Uncommon trap: trap_request=0xffffff45 fr.pc=0x00000184a57d7e28 relative=0x0000000000000128
Event: 5.131 Thread 0x00000184b34b7160 Uncommon trap: reason=unstable_if action=reinterpret pc=0x00000184a57d7e28 method=org.objectweb.asm.ByteVector.putByteArray([BII)Lorg/objectweb/asm/ByteVector; @ 20 c2
Event: 5.131 Thread 0x00000184b34b7160 DEOPT PACKING pc=0x00000184a57d7e28 sp=0x00000002180f7390
Event: 5.131 Thread 0x00000184b34b7160 DEOPT UNPACKING pc=0x000001849dc720a3 sp=0x00000002180f7360 mode 2
Event: 5.220 Thread 0x00000184b34b7160 DEOPT PACKING pc=0x000001849e54dbce sp=0x00000002180fa350
Event: 5.220 Thread 0x00000184b34b7160 DEOPT UNPACKING pc=0x000001849dc72843 sp=0x00000002180f9798 mode 0
Event: 5.405 Thread 0x00000184b34b7160 DEOPT PACKING pc=0x000001849e625d3d sp=0x00000002180f82e0
Event: 5.405 Thread 0x00000184b34b7160 DEOPT UNPACKING pc=0x000001849dc72843 sp=0x00000002180f7778 mode 0

Classes unloaded (7 events):
Event: 2.614 Thread 0x00000184aee13c90 Unloading class 0x0000000100210800 'java/lang/invoke/LambdaForm$MH+0x0000000100210800'
Event: 2.614 Thread 0x00000184aee13c90 Unloading class 0x0000000100210400 'java/lang/invoke/LambdaForm$MH+0x0000000100210400'
Event: 2.614 Thread 0x00000184aee13c90 Unloading class 0x0000000100210000 'java/lang/invoke/LambdaForm$MH+0x0000000100210000'
Event: 2.614 Thread 0x00000184aee13c90 Unloading class 0x000000010020fc00 'java/lang/invoke/LambdaForm$MH+0x000000010020fc00'
Event: 2.614 Thread 0x00000184aee13c90 Unloading class 0x000000010020f400 'java/lang/invoke/LambdaForm$BMH+0x000000010020f400'
Event: 2.614 Thread 0x00000184aee13c90 Unloading class 0x000000010020f000 'java/lang/invoke/LambdaForm$DMH+0x000000010020f000'
Event: 2.614 Thread 0x00000184aee13c90 Unloading class 0x000000010020c400 'java/lang/invoke/LambdaForm$DMH+0x000000010020c400'

Classes redefined (0 events):
No events

Internal exceptions (20 events):
Event: 3.792 Thread 0x00000184b34124f0 Exception <a 'java/lang/NoSuchMethodError'{0x00000000eab75f28}: 'java.lang.Object java.lang.invoke.DirectMethodHandle$Holder.invokeStaticInit(java.lang.Object, java.lang.Object, int, int, int, int)'> (0x00000000eab75f28) 
thrown [e:\jenkins\tmp\workspace\build\src\src\hotspot\share\interpreter\linkResolver.cpp, line 766]
Event: 3.829 Thread 0x00000184b34124f0 Implicit null exception at 0x00000184a57b4c00 to 0x00000184a57b5868
Event: 3.860 Thread 0x00000184b34124f0 Exception <a 'java/lang/ClassNotFoundException'{0x00000000eae78530}: com/sun/org/apache/xml/internal/serializer/spi/XMLEntitiesProvider> (0x00000000eae78530) 
thrown [e:\jenkins\tmp\workspace\build\src\src\hotspot\share\classfile\systemDictionary.cpp, line 256]
Event: 3.941 Thread 0x00000184b34124f0 Exception <a 'java/io/FileNotFoundException'{0x00000000eb1cfdf0}> (0x00000000eb1cfdf0) 
thrown [e:\jenkins\tmp\workspace\build\src\src\hotspot\share\prims\jni.cpp, line 516]
Event: 4.023 Thread 0x00000184b34124f0 Exception <a 'java/lang/UnsatisfiedLinkError'{0x00000000eb511458}: 找不到指定的程序。
> (0x00000000eb511458) 
thrown [e:\jenkins\tmp\workspace\build\src\src\hotspot\share\prims\jni.cpp, line 535]
Event: 4.029 Thread 0x00000184b34124f0 Exception <a 'java/io/FileNotFoundException'{0x00000000eb534f40}> (0x00000000eb534f40) 
thrown [e:\jenkins\tmp\workspace\build\src\src\hotspot\share\prims\jni.cpp, line 516]
Event: 4.036 Thread 0x00000184b34124f0 Exception <a 'java/io/FileNotFoundException'{0x00000000eb5a7d28}> (0x00000000eb5a7d28) 
thrown [e:\jenkins\tmp\workspace\build\src\src\hotspot\share\prims\jni.cpp, line 516]
Event: 4.046 Thread 0x00000184b34124f0 Exception <a 'java/lang/UnsatisfiedLinkError'{0x00000000eb632638}: 找不到指定的程序。
> (0x00000000eb632638) 
thrown [e:\jenkins\tmp\workspace\build\src\src\hotspot\share\prims\jni.cpp, line 535]
Event: 4.108 Thread 0x000001849af96ca0 Exception <a 'java/lang/NoSuchMethodError'{0x00000000eb8bf688}: 'void java.lang.invoke.DirectMethodHandle$Holder.invokeStatic(java.lang.Object, java.lang.Object, java.lang.Object, java.lang.Object)'> (0x00000000eb8bf688) 
thrown [e:\jenkins\tmp\workspace\build\src\src\hotspot\share\interpreter\linkResolver.cpp, line 766]
Event: 4.219 Thread 0x000001849af96ca0 Exception <a 'java/lang/NoSuchMethodError'{0x00000000ec005230}: 'void java.lang.invoke.DirectMethodHandle$Holder.invokeSpecial(java.lang.Object, java.lang.Object, java.lang.Object, java.lang.Object, java.lang.Object, java.lang.Object)'> (0x00000000ec005230) 
thrown [e:\jenkins\tmp\workspace\build\src\src\hotspot\share\interpreter\linkResolver.cpp, line 766]
Event: 4.220 Thread 0x000001849af96ca0 Exception <a 'java/lang/NoSuchMethodError'{0x00000000ec00c8e8}: 'java.lang.Object java.lang.invoke.DirectMethodHandle$Holder.newInvokeSpecial(java.lang.Object, java.lang.Object, java.lang.Object, java.lang.Object, java.lang.Object)'> (0x00000000ec00c8e8) 
thrown [e:\jenkins\tmp\workspace\build\src\src\hotspot\share\interpreter\linkResolver.cpp, line 766]
Event: 4.299 Thread 0x00000184b34b7160 Exception <a 'java/io/FileNotFoundException'{0x00000000eacb1d28}> (0x00000000eacb1d28) 
thrown [e:\jenkins\tmp\workspace\build\src\src\hotspot\share\prims\jni.cpp, line 516]
Event: 4.394 Thread 0x00000184b34b7160 Exception <a 'java/lang/NoSuchMethodError'{0x00000000eb128300}: 'int java.lang.invoke.DirectMethodHandle$Holder.invokeVirtual(java.lang.Object, java.lang.Object)'> (0x00000000eb128300) 
thrown [e:\jenkins\tmp\workspace\build\src\src\hotspot\share\interpreter\linkResolver.cpp, line 766]
Event: 4.517 Thread 0x00000184b34b5e20 Exception <a 'java/io/FileNotFoundException'{0x00000000eb4cc7d0}> (0x00000000eb4cc7d0) 
thrown [e:\jenkins\tmp\workspace\build\src\src\hotspot\share\prims\jni.cpp, line 516]
Event: 4.519 Thread 0x00000184b34b5e20 Exception <a 'java/io/FileNotFoundException'{0x00000000eb4ce5d0}> (0x00000000eb4ce5d0) 
thrown [e:\jenkins\tmp\workspace\build\src\src\hotspot\share\prims\jni.cpp, line 516]
Event: 4.521 Thread 0x00000184b34b5e20 Exception <a 'java/lang/NoSuchMethodError'{0x00000000eb4daef8}: 'void java.lang.invoke.DirectMethodHandle$Holder.invokeStaticInit(java.lang.Object, java.lang.Object, java.lang.Object)'> (0x00000000eb4daef8) 
thrown [e:\jenkins\tmp\workspace\build\src\src\hotspot\share\interpreter\linkResolver.cpp, line 766]
Event: 4.818 Thread 0x00000184b34b5e20 Exception <a 'java/lang/NoSuchMethodError'{0x00000000eb9485b8}: 'java.lang.Object java.lang.invoke.DirectMethodHandle$Holder.newInvokeSpecial(java.lang.Object, java.lang.Object, java.lang.Object, int, java.lang.Object)'> (0x00000000eb9485b8) 
thrown [e:\jenkins\tmp\workspace\build\src\src\hotspot\share\interpreter\linkResolver.cpp, line 766]
Event: 4.819 Thread 0x00000184b34b5e20 Exception <a 'java/lang/NoSuchMethodError'{0x00000000eb94c768}: 'java.lang.Object java.lang.invoke.DirectMethodHandle$Holder.invokeSpecial(java.lang.Object, java.lang.Object, java.lang.Object, java.lang.Object, int, java.lang.Object)'> (0x00000000eb94c768) 
thrown [e:\jenkins\tmp\workspace\build\src\src\hotspot\share\interpreter\linkResolver.cpp, line 766]
Event: 4.938 Thread 0x00000184b34b7160 Exception <a 'java/lang/NoSuchMethodError'{0x00000000ebbd7328}: 'java.lang.Object java.lang.invoke.DirectMethodHandle$Holder.invokeInterface(java.lang.Object, java.lang.Object, java.lang.Object)'> (0x00000000ebbd7328) 
thrown [e:\jenkins\tmp\workspace\build\src\src\hotspot\share\interpreter\linkResolver.cpp, line 766]
Event: 5.131 Thread 0x00000184b34b7160 Implicit null exception at 0x00000184a57d7d48 to 0x00000184a57d7e08

VM Operations (20 events):
Event: 3.780 Executing VM operation: ParallelGCFailedAllocation
Event: 3.781 Executing VM operation: ParallelGCFailedAllocation done
Event: 3.872 Executing VM operation: HandshakeAllThreads
Event: 3.872 Executing VM operation: HandshakeAllThreads done
Event: 4.007 Executing VM operation: HandshakeAllThreads
Event: 4.007 Executing VM operation: HandshakeAllThreads done
Event: 4.011 Executing VM operation: HandshakeAllThreads
Event: 4.011 Executing VM operation: HandshakeAllThreads done
Event: 4.263 Executing VM operation: ParallelGCFailedAllocation
Event: 4.266 Executing VM operation: ParallelGCFailedAllocation done
Event: 4.637 Executing VM operation: ParallelGCFailedAllocation
Event: 4.640 Executing VM operation: ParallelGCFailedAllocation done
Event: 4.817 Executing VM operation: HandshakeAllThreads
Event: 4.817 Executing VM operation: HandshakeAllThreads done
Event: 5.032 Executing VM operation: ParallelGCFailedAllocation
Event: 5.036 Executing VM operation: ParallelGCFailedAllocation done
Event: 5.093 Executing VM operation: CollectForMetadataAllocation
Event: 5.124 Executing VM operation: CollectForMetadataAllocation done
Event: 5.210 Executing VM operation: HandshakeAllThreads
Event: 5.210 Executing VM operation: HandshakeAllThreads done

Events (20 events):
Event: 4.453 loading class sun/net/www/protocol/https/Handler
Event: 4.454 loading class sun/net/www/protocol/http/Handler
Event: 4.454 loading class sun/net/www/protocol/http/Handler done
Event: 4.454 loading class sun/net/www/protocol/https/Handler done
Event: 4.542 loading class java/util/regex/Pattern$BackRef
Event: 4.543 loading class java/util/regex/Pattern$BackRef done
Event: 4.559 loading class java/lang/ThreadLocal$SuppliedThreadLocal
Event: 4.559 loading class java/lang/ThreadLocal$SuppliedThreadLocal done
Event: 4.895 loading class jdk/internal/reflect/UnsafeIntegerFieldAccessorImpl
Event: 4.895 loading class jdk/internal/reflect/UnsafeIntegerFieldAccessorImpl done
Event: 4.968 loading class sun/nio/cs/ThreadLocalCoders
Event: 4.968 loading class sun/nio/cs/ThreadLocalCoders done
Event: 4.968 loading class sun/nio/cs/ThreadLocalCoders$1
Event: 4.968 loading class sun/nio/cs/ThreadLocalCoders$Cache
Event: 4.969 loading class sun/nio/cs/ThreadLocalCoders$Cache done
Event: 4.969 loading class sun/nio/cs/ThreadLocalCoders$1 done
Event: 4.969 loading class sun/nio/cs/ThreadLocalCoders$2
Event: 4.969 loading class sun/nio/cs/ThreadLocalCoders$2 done
Event: 5.001 loading class java/lang/ExceptionInInitializerError
Event: 5.002 loading class java/lang/ExceptionInInitializerError done


Dynamic libraries:
0x00007ff7cfc60000 - 0x00007ff7cfc6e000 	c:\Users\lee\.vscode\extensions\redhat.java-1.9.0-win32-x64\jre\17.0.3-win32-x86_64\bin\java.exe
0x00007ff91d330000 - 0x00007ff91d527000 	C:\WINDOWS\SYSTEM32\ntdll.dll
0x00007ff91cfb0000 - 0x00007ff91d06d000 	C:\WINDOWS\System32\KERNEL32.DLL
0x00007ff91b000000 - 0x00007ff91b2cd000 	C:\WINDOWS\System32\KERNELBASE.dll
0x00007ff91aa50000 - 0x00007ff91ab50000 	C:\WINDOWS\System32\ucrtbase.dll
0x00007ff912dd0000 - 0x00007ff912de8000 	c:\Users\lee\.vscode\extensions\redhat.java-1.9.0-win32-x64\jre\17.0.3-win32-x86_64\bin\jli.dll
0x00007ff912eb0000 - 0x00007ff912ec9000 	c:\Users\lee\.vscode\extensions\redhat.java-1.9.0-win32-x64\jre\17.0.3-win32-x86_64\bin\VCRUNTIME140.dll
0x00007ff91c700000 - 0x00007ff91c8a0000 	C:\WINDOWS\System32\USER32.dll
0x00007ff9085f0000 - 0x00007ff90888a000 	C:\WINDOWS\WinSxS\amd64_microsoft.windows.common-controls_6595b64144ccf1df_6.0.19041.1110_none_60b5254171f9507e\COMCTL32.dll
0x00007ff91b360000 - 0x00007ff91b382000 	C:\WINDOWS\System32\win32u.dll
0x00007ff91ccd0000 - 0x00007ff91ccfa000 	C:\WINDOWS\System32\GDI32.dll
0x00007ff91cc30000 - 0x00007ff91ccce000 	C:\WINDOWS\System32\msvcrt.dll
0x00007ff91abc0000 - 0x00007ff91accb000 	C:\WINDOWS\System32\gdi32full.dll
0x00007ff91af30000 - 0x00007ff91afcd000 	C:\WINDOWS\System32\msvcp_win.dll
0x00007ff91cad0000 - 0x00007ff91cb00000 	C:\WINDOWS\System32\IMM32.DLL
0x00007ff915d60000 - 0x00007ff915d6c000 	c:\Users\lee\.vscode\extensions\redhat.java-1.9.0-win32-x64\jre\17.0.3-win32-x86_64\bin\vcruntime140_1.dll
0x00007ff90c3d0000 - 0x00007ff90c461000 	c:\Users\lee\.vscode\extensions\redhat.java-1.9.0-win32-x64\jre\17.0.3-win32-x86_64\bin\msvcp140.dll
0x00007ff8b76a0000 - 0x00007ff8b82e8000 	c:\Users\lee\.vscode\extensions\redhat.java-1.9.0-win32-x64\jre\17.0.3-win32-x86_64\bin\server\jvm.dll
0x00007ff91cb80000 - 0x00007ff91cc2e000 	C:\WINDOWS\System32\ADVAPI32.dll
0x00007ff91c900000 - 0x00007ff91c99c000 	C:\WINDOWS\System32\sechost.dll
0x00007ff91bff0000 - 0x00007ff91c115000 	C:\WINDOWS\System32\RPCRT4.dll
0x00007ff91b440000 - 0x00007ff91b448000 	C:\WINDOWS\System32\PSAPI.DLL
0x00007ff918f50000 - 0x00007ff918f77000 	C:\WINDOWS\SYSTEM32\WINMM.dll
0x00007ff9124f0000 - 0x00007ff9124f9000 	C:\WINDOWS\SYSTEM32\WSOCK32.dll
0x00007ff90ff90000 - 0x00007ff90ff9a000 	C:\WINDOWS\SYSTEM32\VERSION.dll
0x00007ff91ca50000 - 0x00007ff91cabb000 	C:\WINDOWS\System32\WS2_32.dll
0x00007ff9192a0000 - 0x00007ff9192b2000 	C:\WINDOWS\SYSTEM32\kernel.appcore.dll
0x00007ff9146f0000 - 0x00007ff9146fa000 	c:\Users\lee\.vscode\extensions\redhat.java-1.9.0-win32-x64\jre\17.0.3-win32-x86_64\bin\jimage.dll
0x00007ff918d40000 - 0x00007ff918f24000 	C:\WINDOWS\SYSTEM32\DBGHELP.DLL
0x00007ff918d10000 - 0x00007ff918d3c000 	C:\WINDOWS\SYSTEM32\dbgcore.DLL
0x00007ff91b2d0000 - 0x00007ff91b352000 	C:\WINDOWS\System32\bcryptPrimitives.dll
0x00007ff913b90000 - 0x00007ff913b9e000 	c:\Users\lee\.vscode\extensions\redhat.java-1.9.0-win32-x64\jre\17.0.3-win32-x86_64\bin\instrument.dll
0x00007ff9127c0000 - 0x00007ff9127e5000 	c:\Users\lee\.vscode\extensions\redhat.java-1.9.0-win32-x64\jre\17.0.3-win32-x86_64\bin\java.dll
0x00007ff912cb0000 - 0x00007ff912cc8000 	c:\Users\lee\.vscode\extensions\redhat.java-1.9.0-win32-x64\jre\17.0.3-win32-x86_64\bin\zip.dll
0x00007ff91b8a0000 - 0x00007ff91bfe4000 	C:\WINDOWS\System32\SHELL32.dll
0x00007ff9184a0000 - 0x00007ff918c34000 	C:\WINDOWS\SYSTEM32\windows.storage.dll
0x00007ff91b450000 - 0x00007ff91b7a4000 	C:\WINDOWS\System32\combase.dll
0x00007ff91a4b0000 - 0x00007ff91a4dc000 	C:\WINDOWS\SYSTEM32\Wldp.dll
0x00007ff91b390000 - 0x00007ff91b43d000 	C:\WINDOWS\System32\SHCORE.dll
0x00007ff91c8a0000 - 0x00007ff91c8f5000 	C:\WINDOWS\System32\shlwapi.dll
0x00007ff91a990000 - 0x00007ff91a9af000 	C:\WINDOWS\SYSTEM32\profapi.dll
0x00007ff9124d0000 - 0x00007ff9124e9000 	C:\Users\lee\.vscode\extensions\redhat.java-1.9.0-win32-x64\jre\17.0.3-win32-x86_64\bin\net.dll
0x00007ff9120b0000 - 0x00007ff9121ba000 	C:\WINDOWS\SYSTEM32\WINHTTP.dll
0x00007ff91a1f0000 - 0x00007ff91a25a000 	C:\WINDOWS\system32\mswsock.dll
0x00007ff9100e0000 - 0x00007ff9100f5000 	C:\Users\lee\.vscode\extensions\redhat.java-1.9.0-win32-x64\jre\17.0.3-win32-x86_64\bin\nio.dll
0x00007ff913b60000 - 0x00007ff913b70000 	c:\Users\lee\.vscode\extensions\redhat.java-1.9.0-win32-x64\jre\17.0.3-win32-x86_64\bin\verify.dll
0x00007ff90c160000 - 0x00007ff90c19e000 	C:\Users\lee\AppData\Roaming\Code\User\globalStorage\redhat.java\1.9.0\config_ss_win\org.eclipse.equinox.launcher\org.eclipse.equinox.launcher.win32.win32.x86_64_1.2.500.v20220509-0833\eclipse_11700.dll
0x00007ff91ce80000 - 0x00007ff91cfaa000 	C:\WINDOWS\System32\ole32.dll
0x00007ff91a410000 - 0x00007ff91a428000 	C:\WINDOWS\SYSTEM32\CRYPTSP.dll
0x00007ff919af0000 - 0x00007ff919b24000 	C:\WINDOWS\system32\rsaenh.dll
0x00007ff91afd0000 - 0x00007ff91aff7000 	C:\WINDOWS\System32\bcrypt.dll
0x00007ff91a950000 - 0x00007ff91a97e000 	C:\WINDOWS\SYSTEM32\USERENV.dll
0x00007ff91a400000 - 0x00007ff91a40c000 	C:\WINDOWS\SYSTEM32\CRYPTBASE.dll
0x00007ff919e90000 - 0x00007ff919ecb000 	C:\WINDOWS\SYSTEM32\IPHLPAPI.DLL
0x00007ff91b830000 - 0x00007ff91b838000 	C:\WINDOWS\System32\NSI.dll
0x00007ff9100a0000 - 0x00007ff9100b7000 	C:\WINDOWS\SYSTEM32\dhcpcsvc6.DLL
0x00007ff90ffa0000 - 0x00007ff90ffbd000 	C:\WINDOWS\SYSTEM32\dhcpcsvc.DLL
0x00007ff919ed0000 - 0x00007ff919f9b000 	C:\WINDOWS\SYSTEM32\DNSAPI.dll
0x00007ff8fa830000 - 0x00007ff8fa874000 	C:\Users\lee\AppData\Local\Temp\jna-107020\jna12575967438761004299.dll

dbghelp: loaded successfully - version: 4.0.5 - missing functions: none
symbol engine: initialized successfully - sym options: 0x614 - pdb path: .;c:\Users\lee\.vscode\extensions\redhat.java-1.9.0-win32-x64\jre\17.0.3-win32-x86_64\bin;C:\WINDOWS\SYSTEM32;C:\WINDOWS\WinSxS\amd64_microsoft.windows.common-controls_6595b64144ccf1df_6.0.19041.1110_none_60b5254171f9507e;c:\Users\lee\.vscode\extensions\redhat.java-1.9.0-win32-x64\jre\17.0.3-win32-x86_64\bin\server;C:\Users\lee\AppData\Roaming\Code\User\globalStorage\redhat.java\1.9.0\config_ss_win\org.eclipse.equinox.launcher\org.eclipse.equinox.launcher.win32.win32.x86_64_1.2.500.v20220509-0833;C:\Users\lee\AppData\Local\Temp\jna-107020

VM Arguments:
jvm_args: --add-modules=ALL-SYSTEM --add-opens=java.base/java.util=ALL-UNNAMED --add-opens=java.base/java.lang=ALL-UNNAMED --add-opens=java.base/sun.nio.fs=ALL-UNNAMED -Declipse.application=org.eclipse.jdt.ls.core.id1 -Dosgi.bundles.defaultStartLevel=4 -Declipse.product=org.eclipse.jdt.ls.core.product -Djava.import.generatesMetadataFilesAtProjectRoot=false -Dfile.encoding=utf8 -DwatchParentProcess=false -XX:+UseParallelGC -XX:GCTimeRatio=4 -XX:AdaptiveSizePolicyWeight=90 -Dsun.zip.disableMemoryMapping=true -Xmx1G -Xms100m -javaagent:c:\Users\lee\.vscode\extensions\redhat.java-1.9.0-win32-x64\lombok\lombok-1.18.24.jar 
java_command: c:\Users\lee\.vscode\extensions\redhat.java-1.9.0-win32-x64\server\plugins\org.eclipse.equinox.launcher_1.6.400.v20210924-0641.jar -configuration c:\Users\lee\AppData\Roaming\Code\User\globalStorage\redhat.java\1.9.0\config_ss_win -data c:\Users\lee\AppData\Roaming\Code\User\workspaceStorage\ff560af8b37b3a079479e893db2692fe\redhat.java\ss_ws
java_class_path (initial): c:\Users\lee\.vscode\extensions\redhat.java-1.9.0-win32-x64\server\plugins\org.eclipse.equinox.launcher_1.6.400.v20210924-0641.jar
Launcher Type: SUN_STANDARD

[Global flags]
    uintx AdaptiveSizePolicyWeight                 = 90                                        {product} {command line}
     intx CICompilerCount                          = 4                                         {product} {ergonomic}
    uintx GCTimeRatio                              = 4                                         {product} {command line}
   size_t InitialHeapSize                          = 104857600                                 {product} {command line}
   size_t MaxHeapSize                              = 1073741824                                {product} {command line}
   size_t MaxNewSize                               = 357564416                                 {product} {ergonomic}
   size_t MinHeapDeltaBytes                        = 524288                                    {product} {ergonomic}
   size_t MinHeapSize                              = 104857600                                 {product} {command line}
   size_t NewSize                                  = 34603008                                  {product} {ergonomic}
    uintx NonNMethodCodeHeapSize                   = 5839372                                {pd product} {ergonomic}
    uintx NonProfiledCodeHeapSize                  = 122909434                              {pd product} {ergonomic}
   size_t OldSize                                  = 70254592                                  {product} {ergonomic}
    uintx ProfiledCodeHeapSize                     = 122909434                              {pd product} {ergonomic}
    uintx ReservedCodeCacheSize                    = 251658240                              {pd product} {ergonomic}
     bool SegmentedCodeCache                       = true                                      {product} {ergonomic}
   size_t SoftMaxHeapSize                          = 1073741824                             {manageable} {ergonomic}
     bool UseCompressedClassPointers               = true                           {product lp64_product} {ergonomic}
     bool UseCompressedOops                        = true                           {product lp64_product} {ergonomic}
     bool UseLargePagesIndividualAllocation        = false                                  {pd product} {ergonomic}
     bool UseParallelGC                            = true                                      {product} {command line}

Logging:
Log output configuration:
 #0: stdout all=warning uptime,level,tags
 #1: stderr all=off uptime,level,tags

Environment Variables:
JAVA_HOME=C:\Program Files\Java\jdk1.8.0_301
CLASSPATH=.;C:\Program Files\Java\jdk1.8.0_301\lib\dt.jar;C:\Program Files\Java\jdk1.8.0_301\lib\tools.jar
PATH=D:\Software\texlive\2020\bin\win32;C:\WINDOWS\system32;C:\WINDOWS;C:\WINDOWS\System32\Wbem;C:\WINDOWS\System32\WindowsPowerShell\v1.0\;C:\WINDOWS\System32\OpenSSH\;D:\Software\cmder;C:\Program Files\CodeBlocks\MinGW\bin;D:\Software\calibre\;D:\Software\latex\MiKTeX\miktex\bin\x64\;C:\Users\lee\AppData\Roaming\nvm;C:\Program Files\nodejs;D:\Software\Bitvise SSH Client;C:\Program Files\Git\cmd;C:\Program Files\Graphviz\bin;D:\Software\Nodejs\;C:\Program Files\apache-maven-3.8.3\bin;C:\Program Files\Java\jdk1.8.0_301\bin;C:\Program Files\Java\jdk1.8.0_301\jre\bin;D:\Software\Graphviz\bin;C:\Program Files\Docker\Docker\resources\bin;C:\ProgramData\DockerDesktop\version-bin;C:\Users\lee\AppData\Local\Programs\anaconda3;C:\Users\lee\AppData\Local\Programs\anaconda3\Library\mingw-w64\bin;C:\Users\lee\AppData\Local\Programs\anaconda3\Library\usr\bin;C:\Users\lee\AppData\Local\Programs\anaconda3\Library\bin;C:\Users\lee\AppData\Local\Programs\anaconda3\Scripts;C:\Users\lee\AppData\Local\Microsoft\WindowsApps;D:\Software\BandiZip\;C:\Users\lee\AppData\Local\GitHubDesktop\bin;C:\Users\lee\AppData\Local\Programs\Microsoft VS Code\bin;C:\Users\lee\AppData\Roaming\nvm;C:\Program Files\nodejs;D:\Software\GoLand 2020.3.4\bin;;C:\Users\lee\AppData\Local\Microsoft\WindowsApps;C:\Program Files\Graphviz\bin;C:\Users\lee\AppData\Roaming\npm;D:\Software\gnuplot\bin;;C:\Users\lee\AppData\Local\JetBrains\Toolbox\scripts
USERNAME=lee
OS=Windows_NT
PROCESSOR_IDENTIFIER=AMD64 Family 23 Model 96 Stepping 1, AuthenticAMD



---------------  S Y S T E M  ---------------

OS:
 Windows 10 , 64 bit Build 19041 (10.0.19041.1741)
OS uptime: 3 days 0:00 hours
Hyper-V role detected

CPU: total 12 (initial active 12) (12 cores per cpu, 2 threads per core) family 23 model 96 stepping 1 microcode 0x0, cx8, cmov, fxsr, ht, mmx, 3dnowpref, sse, sse2, sse3, ssse3, sse4a, sse4.1, sse4.2, popcnt, lzcnt, tsc, tscinvbit, avx, avx2, aes, clmul, bmi1, bmi2, adx, sha, fma, vzeroupper, clflush, clflushopt, hv

Memory: 4k page, system-wide physical 15734M (950M free)
TotalPageFile size 23926M (AvailPageFile size 163M)
current process WorkingSet (physical memory assigned to process): 158M, peak: 164M
current process commit charge ("private bytes"): 262M, peak: 274M

vm_info: OpenJDK 64-Bit Server VM (17.0.3+7) for windows-amd64 JRE (17.0.3+7), built on Apr 19 2022 16:55:35 by "" with MS VC++ 16.7 (VS2019)

END.
