#
# There is insufficient memory for the Java Runtime Environment to continue.
# Native memory allocation (malloc) failed to allocate 32744 bytes for ChunkPool::allocate
# Possible reasons:
#   The system is out of physical RAM or swap space
#   The process is running with CompressedOops enabled, and the Java Heap may be blocking the growth of the native heap
# Possible solutions:
#   Reduce memory load on the system
#   Increase physical memory or swap space
#   Check if swap backing store is full
#   Decrease Java heap size (-Xmx/-Xms)
#   Decrease number of Java threads
#   Decrease Java thread stack sizes (-Xss)
#   Set larger code cache with -XX:ReservedCodeCacheSize=
#   JVM is running with Unscaled Compressed Oops mode in which the Java heap is
#     placed in the first 4GB address space. The Java Heap base address is the
#     maximum limit for the native heap growth. Please use -XX:HeapBaseMinAddress
#     to set the Java Heap base and to place the Java Heap above 4GB virtual address.
# This output file may be truncated or incomplete.
#
#  Out of Memory Error (arena.cpp:78), pid=51788, tid=52712
#
# JRE version: OpenJDK Runtime Environment Temurin-17.0.3+7 (17.0.3+7) (build 17.0.3+7)
# Java VM: OpenJDK 64-Bit Server VM Temurin-17.0.3+7 (17.0.3+7, mixed mode, tiered, compressed oops, compressed class ptrs, parallel gc, windows-amd64)
# No core dump will be written. Minidumps are not enabled by default on client versions of Windows
#

---------------  S U M M A R Y ------------

Command Line: --add-modules=ALL-SYSTEM --add-opens=java.base/java.util=ALL-UNNAMED --add-opens=java.base/java.lang=ALL-UNNAMED --add-opens=java.base/sun.nio.fs=ALL-UNNAMED -Declipse.application=org.eclipse.jdt.ls.core.id1 -Dosgi.bundles.defaultStartLevel=4 -Declipse.product=org.eclipse.jdt.ls.core.product -Djava.import.generatesMetadataFilesAtProjectRoot=false -Dfile.encoding=utf8 -DwatchParentProcess=false -XX:+UseParallelGC -XX:GCTimeRatio=4 -XX:AdaptiveSizePolicyWeight=90 -Dsun.zip.disableMemoryMapping=true -Xmx1G -Xms100m -javaagent:c:\Users\lee\.vscode\extensions\redhat.java-1.9.0-win32-x64\lombok\lombok-1.18.24.jar c:\Users\lee\.vscode\extensions\redhat.java-1.9.0-win32-x64\server\plugins\org.eclipse.equinox.launcher_1.6.400.v20210924-0641.jar -configuration c:\Users\lee\AppData\Roaming\Code\User\globalStorage\redhat.java\1.9.0\config_ss_win -data c:\Users\lee\AppData\Roaming\Code\User\workspaceStorage\ff560af8b37b3a079479e893db2692fe\redhat.java\ss_ws

Host: AMD Ryzen 5 4600U with Radeon Graphics         , 12 cores, 15G,  Windows 10 , 64 bit Build 19041 (10.0.19041.1741)
Time: Tue Aug 16 15:13:23 2022  Windows 10 , 64 bit Build 19041 (10.0.19041.1741) elapsed time: 13.470353 seconds (0d 0h 0m 13s)

---------------  T H R E A D  ---------------

Current thread (0x0000018f5f9dbed0):  JavaThread "C2 CompilerThread2" daemon [_thread_in_native, id=52712, stack(0x0000004007b00000,0x0000004007c00000)]


Current CompileTask:
C2:  13470 5081       4       java.lang.Class::getField0 (99 bytes)

Stack: [0x0000004007b00000,0x0000004007c00000]
Native frames: (J=compiled Java code, j=interpreted, Vv=VM code, C=native code)
V  [jvm.dll+0x675efa]
V  [jvm.dll+0x830a24]
V  [jvm.dll+0x8321ce]
V  [jvm.dll+0x832833]
V  [jvm.dll+0x2454b5]
V  [jvm.dll+0xabfc0]
V  [jvm.dll+0xac30c]
V  [jvm.dll+0xb928d]
V  [jvm.dll+0x56d84e]
V  [jvm.dll+0x56b9f0]
V  [jvm.dll+0x56c400]
V  [jvm.dll+0x56b80e]
V  [jvm.dll+0x56b821]
V  [jvm.dll+0x56b7d5]
V  [jvm.dll+0x56b821]
V  [jvm.dll+0x56b821]
V  [jvm.dll+0x56b821]
V  [jvm.dll+0x57d548]
V  [jvm.dll+0x22056d]
V  [jvm.dll+0x219f54]
V  [jvm.dll+0x21767b]
V  [jvm.dll+0x1a3ccd]
V  [jvm.dll+0x227178]
V  [jvm.dll+0x2252bc]
V  [jvm.dll+0x7e673b]
V  [jvm.dll+0x7e0cfa]
V  [jvm.dll+0x674d85]
C  [ucrtbase.dll+0x21bb2]
C  [KERNEL32.DLL+0x17034]
C  [ntdll.dll+0x52651]


---------------  P R O C E S S  ---------------

Threads class SMR info:
_java_thread_list=0x0000018f5fd3a0d0, length=26, elements={
0x0000018f454c96e0, 0x0000018f5b291630, 0x0000018f5b292dd0, 0x0000018f5cfd9560,
0x0000018f5cfab4f0, 0x0000018f5cfad210, 0x0000018f5cfae560, 0x0000018f5cfb1250,
0x0000018f5cfb34a0, 0x0000018f5b299740, 0x0000018f5cfe3290, 0x0000018f5d2d6b00,
0x0000018f5e424340, 0x0000018f5f725c10, 0x0000018f5f726530, 0x0000018f5f41f160,
0x0000018f5f828020, 0x0000018f5fa10020, 0x0000018f5fa5d530, 0x0000018f5fa60a20,
0x0000018f5fa60550, 0x0000018f5fa5e870, 0x0000018f5fa5f6e0, 0x0000018f5fa5da00,
0x0000018f5f9db9c0, 0x0000018f5f9dbed0
}

Java Threads: ( => current thread )
  0x0000018f454c96e0 JavaThread "main" [_thread_blocked, id=50744, stack(0x0000004005b00000,0x0000004005c00000)]
  0x0000018f5b291630 JavaThread "Reference Handler" daemon [_thread_blocked, id=50308, stack(0x0000004005e00000,0x0000004005f00000)]
  0x0000018f5b292dd0 JavaThread "Finalizer" daemon [_thread_blocked, id=50476, stack(0x0000004005f00000,0x0000004006000000)]
  0x0000018f5cfd9560 JavaThread "Signal Dispatcher" daemon [_thread_blocked, id=46060, stack(0x0000004006000000,0x0000004006100000)]
  0x0000018f5cfab4f0 JavaThread "Attach Listener" daemon [_thread_blocked, id=51172, stack(0x0000004006100000,0x0000004006200000)]
  0x0000018f5cfad210 JavaThread "Service Thread" daemon [_thread_blocked, id=52168, stack(0x0000004006200000,0x0000004006300000)]
  0x0000018f5cfae560 JavaThread "Monitor Deflation Thread" daemon [_thread_blocked, id=51536, stack(0x0000004006300000,0x0000004006400000)]
  0x0000018f5cfb1250 JavaThread "C2 CompilerThread0" daemon [_thread_in_native, id=43956, stack(0x0000004006400000,0x0000004006500000)]
  0x0000018f5cfb34a0 JavaThread "C1 CompilerThread0" daemon [_thread_blocked, id=48736, stack(0x0000004006500000,0x0000004006600000)]
  0x0000018f5b299740 JavaThread "Sweeper thread" daemon [_thread_blocked, id=47280, stack(0x0000004006600000,0x0000004006700000)]
  0x0000018f5cfe3290 JavaThread "Common-Cleaner" daemon [_thread_blocked, id=17564, stack(0x0000004006700000,0x0000004006800000)]
  0x0000018f5d2d6b00 JavaThread "Notification Thread" daemon [_thread_blocked, id=43080, stack(0x0000004006900000,0x0000004006a00000)]
  0x0000018f5e424340 JavaThread "Active Thread: Equinox Container: 8a9a2443-ce34-44f0-b97c-b15fd544c006" [_thread_blocked, id=50572, stack(0x0000004007100000,0x0000004007200000)]
  0x0000018f5f725c10 JavaThread "Framework Event Dispatcher: Equinox Container: 8a9a2443-ce34-44f0-b97c-b15fd544c006" daemon [_thread_blocked, id=51388, stack(0x0000004007200000,0x0000004007300000)]
  0x0000018f5f726530 JavaThread "Start Level: Equinox Container: 8a9a2443-ce34-44f0-b97c-b15fd544c006" daemon [_thread_blocked, id=51416, stack(0x0000004007300000,0x0000004007400000)]
  0x0000018f5f41f160 JavaThread "SCR Component Actor" daemon [_thread_blocked, id=48812, stack(0x0000004007400000,0x0000004007500000)]
  0x0000018f5f828020 JavaThread "Worker-JM" [_thread_blocked, id=46728, stack(0x0000004007600000,0x0000004007700000)]
  0x0000018f5fa10020 JavaThread "Worker-0" [_thread_blocked, id=39204, stack(0x0000004007900000,0x0000004007a00000)]
  0x0000018f5fa5d530 JavaThread "Worker-1" [_thread_blocked, id=51740, stack(0x0000004007a00000,0x0000004007b00000)]
  0x0000018f5fa60a20 JavaThread "pool-1-thread-1" [_thread_in_native, id=15200, stack(0x0000004007d00000,0x0000004007e00000)]
  0x0000018f5fa60550 JavaThread "ForkJoinPool.commonPool-worker-1" daemon [_thread_blocked, id=40368, stack(0x0000004007e00000,0x0000004007f00000)]
  0x0000018f5fa5e870 JavaThread "ForkJoinPool.commonPool-worker-2" daemon [_thread_blocked, id=1468, stack(0x0000004007f00000,0x0000004008000000)]
  0x0000018f5fa5f6e0 JavaThread "ForkJoinPool.commonPool-worker-3" daemon [_thread_blocked, id=49216, stack(0x0000004008000000,0x0000004008100000)]
  0x0000018f5fa5da00 JavaThread "ForkJoinPool.commonPool-worker-4" daemon [_thread_blocked, id=51520, stack(0x0000004008100000,0x0000004008200000)]
  0x0000018f5f9db9c0 JavaThread "C2 CompilerThread1" daemon [_thread_in_native, id=52708, stack(0x0000004006800000,0x0000004006900000)]
=>0x0000018f5f9dbed0 JavaThread "C2 CompilerThread2" daemon [_thread_in_native, id=52712, stack(0x0000004007b00000,0x0000004007c00000)]

Other Threads:
  0x0000018f5b12b340 VMThread "VM Thread" [stack: 0x0000004005d00000,0x0000004005e00000] [id=50344]
  0x0000018f5d2d6fd0 WatcherThread [stack: 0x0000004006a00000,0x0000004006b00000] [id=33124]
  0x0000018f454df250 GCTaskThread "GC Thread#0" [stack: 0x0000004005c00000,0x0000004005d00000] [id=50096]
  0x0000018f5e53a600 GCTaskThread "GC Thread#1" [stack: 0x0000004006b00000,0x0000004006c00000] [id=47092]
  0x0000018f5e53a8b0 GCTaskThread "GC Thread#2" [stack: 0x0000004006c00000,0x0000004006d00000] [id=50464]
  0x0000018f5e626000 GCTaskThread "GC Thread#3" [stack: 0x0000004006d00000,0x0000004006e00000] [id=25796]
  0x0000018f5e6262b0 GCTaskThread "GC Thread#4" [stack: 0x0000004006e00000,0x0000004006f00000] [id=43568]
  0x0000018f5e626560 GCTaskThread "GC Thread#5" [stack: 0x0000004006f00000,0x0000004007000000] [id=42292]
  0x0000018f5e626810 GCTaskThread "GC Thread#6" [stack: 0x0000004007000000,0x0000004007100000] [id=51340]
  0x0000018f5f7d01e0 GCTaskThread "GC Thread#7" [stack: 0x0000004007500000,0x0000004007600000] [id=48316]
  0x0000018f5f9a8e20 GCTaskThread "GC Thread#8" [stack: 0x0000004007700000,0x0000004007800000] [id=50020]
  0x0000018f5f9a90d0 GCTaskThread "GC Thread#9" [stack: 0x0000004007800000,0x0000004007900000] [id=22404]

Threads with active compile tasks:
C2 CompilerThread0    13535 5087       4       lombok.launch.PatchFixesHider$PatchFixes::isBlockedVisitorAndGenerated (59 bytes)
C2 CompilerThread1    13535 5086       4       org.eclipse.jdt.core.dom.ASTNode::accept (40 bytes)
C2 CompilerThread2    13535 5081       4       java.lang.Class::getField0 (99 bytes)

VM state: not at safepoint (normal execution)

VM Mutex/Monitor currently owned by a thread: None

Heap address: 0x00000000c0000000, size: 1024 MB, Compressed Oops mode: 32-bit

CDS archive(s) not mapped
Compressed class space mapped at: 0x0000000100000000-0x0000000140000000, reserved size: 1073741824
Narrow klass base: 0x0000000000000000, Narrow klass shift: 3, Narrow klass range: 0x140000000

GC Precious Log:
 CPUs: 12 total, 12 available
 Memory: 15734M
 Large Page Support: Disabled
 NUMA Support: Disabled
 Compressed Oops: Enabled (32-bit)
 Alignments: Space 512K, Generation 512K, Heap 2M
 Heap Min Capacity: 100M
 Heap Initial Capacity: 100M
 Heap Max Capacity: 1G
 Pre-touch: Disabled
 Parallel Workers: 10

Heap:
 PSYoungGen      total 22528K, used 2504K [0x00000000eab00000, 0x00000000ec600000, 0x0000000100000000)
  eden space 21504K, 6% used [0x00000000eab00000,0x00000000eac72bf0,0x00000000ec000000)
  from space 1024K, 99% used [0x00000000ec000000,0x00000000ec0ff7e0,0x00000000ec100000)
  to   space 3072K, 0% used [0x00000000ec300000,0x00000000ec300000,0x00000000ec600000)
 ParOldGen       total 68608K, used 21248K [0x00000000c0000000, 0x00000000c4300000, 0x00000000eab00000)
  object space 68608K, 30% used [0x00000000c0000000,0x00000000c14c0260,0x00000000c4300000)
 Metaspace       used 44876K, committed 45504K, reserved 1089536K
  class space    used 4420K, committed 4672K, reserved 1048576K

Card table byte_map: [0x0000018f58b30000,0x0000018f58d40000] _byte_map_base: 0x0000018f58530000

Marking Bits: (ParMarkBitMap*) 0x00007ff8e85b4b80
 Begin Bits: [0x0000018f58ea0000, 0x0000018f59ea0000)
 End Bits:   [0x0000018f59ea0000, 0x0000018f5aea0000)

Polling page: 0x0000018f455a0000

Metaspace:

Usage:
  Non-class:     39.51 MB used.
      Class:      4.32 MB used.
       Both:     43.82 MB used.

Virtual space:
  Non-class space:       40.00 MB reserved,      39.88 MB (>99%) committed,  5 nodes.
      Class space:        1.00 GB reserved,       4.56 MB ( <1%) committed,  1 nodes.
             Both:        1.04 GB reserved,      44.44 MB (  4%) committed. 

Chunk freelists:
   Non-Class:  64.00 KB
       Class:  3.45 MB
        Both:  3.51 MB

MaxMetaspaceSize: unlimited
CompressedClassSpaceSize: 1.00 GB
Initial GC threshold: 21.00 MB
Current GC threshold: 58.38 MB
CDS: off
MetaspaceReclaimPolicy: balanced
 - commit_granule_bytes: 65536.
 - commit_granule_words: 8192.
 - virtual_space_node_default_size: 1048576.
 - enlarge_chunks_in_place: 1.
 - new_chunks_are_fully_committed: 0.
 - uncommit_free_chunks: 1.
 - use_allocation_guard: 0.
 - handle_deallocations: 1.


Internal statistics:

num_allocs_failed_limit: 6.
num_arena_births: 296.
num_arena_deaths: 14.
num_vsnodes_births: 6.
num_vsnodes_deaths: 0.
num_space_committed: 711.
num_space_uncommitted: 0.
num_chunks_returned_to_freelist: 20.
num_chunks_taken_from_freelist: 1719.
num_chunk_merges: 10.
num_chunk_splits: 1187.
num_chunks_enlarged: 877.
num_purges: 2.
num_inconsistent_stats: 0.

CodeHeap 'non-profiled nmethods': size=120000Kb used=2575Kb max_used=2575Kb free=117424Kb
 bounds [0x0000018f51420000, 0x0000018f516d0000, 0x0000018f58950000]
CodeHeap 'profiled nmethods': size=120000Kb used=9912Kb max_used=10133Kb free=110087Kb
 bounds [0x0000018f49ef0000, 0x0000018f4a8e0000, 0x0000018f51420000]
CodeHeap 'non-nmethods': size=5760Kb used=1312Kb max_used=1380Kb free=4447Kb
 bounds [0x0000018f49950000, 0x0000018f49bc0000, 0x0000018f49ef0000]
 total_blobs=5075 nmethods=4433 adapters=552
 compilation: enabled
              stopped_count=0, restarted_count=0
 full_count=0

Compilation events (20 events):
Event: 13.436 Thread 0x0000018f5cfb34a0 5103       3       org.eclipse.jdt.core.dom.CompilationUnit::getColumnNumber (112 bytes)
Event: 13.436 Thread 0x0000018f5cfb34a0 nmethod 5103 0x0000018f4a634890 code [0x0000018f4a634a80, 0x0000018f4a634ee8]
Event: 13.436 Thread 0x0000018f5cfb34a0 5102       3       org.eclipse.jdt.core.dom.TypeBinding::isParameterizedType (8 bytes)
Event: 13.437 Thread 0x0000018f5cfb34a0 nmethod 5102 0x0000018f4a634210 code [0x0000018f4a6343c0, 0x0000018f4a634768]
Event: 13.437 Thread 0x0000018f5cfb34a0 5101       3       org.eclipse.jdt.core.dom.QualifiedName::accept0 (34 bytes)
Event: 13.437 Thread 0x0000018f5cfb34a0 nmethod 5101 0x0000018f4a633910 code [0x0000018f4a633b20, 0x0000018f4a634038]
Event: 13.438 Thread 0x0000018f5cfb1250 nmethod 5070 0x0000018f51511190 code [0x0000018f51511360, 0x0000018f51511ab8]
Event: 13.438 Thread 0x0000018f5cfb1250 5104       4       java.lang.Integer::stringSize (47 bytes)
Event: 13.439 Thread 0x0000018f5cfb1250 nmethod 5104 0x0000018f514c1e90 code [0x0000018f514c2000, 0x0000018f514c20d8]
Event: 13.439 Thread 0x0000018f5cfb1250 5105       4       java.lang.Integer::getChars (131 bytes)
Event: 13.440 Thread 0x0000018f5f9db9c0 nmethod 5073 0x0000018f514c0e90 code [0x0000018f514c1060, 0x0000018f514c17b8]
Event: 13.441 Thread 0x0000018f5f9db9c0 5083       4       java.lang.Class::privateGetDeclaredFields (64 bytes)
Event: 13.446 Thread 0x0000018f5cfb1250 nmethod 5105 0x0000018f514c0410 code [0x0000018f514c05a0, 0x0000018f514c0a78]
Event: 13.446 Thread 0x0000018f5cfb1250 5094       4       java.lang.Class::getInterfaces (49 bytes)
Event: 13.450 Thread 0x0000018f5f9db9c0 nmethod 5083 0x0000018f5147ff10 code [0x0000018f51480100, 0x0000018f51480798]
Event: 13.450 Thread 0x0000018f5f9db9c0 5095       4       org.eclipse.jdt.core.dom.ASTVisitor::preVisit2 (7 bytes)
Event: 13.451 Thread 0x0000018f5f9db9c0 nmethod 5095 0x0000018f5147fc10 code [0x0000018f5147fd80, 0x0000018f5147fdf8]
Event: 13.451 Thread 0x0000018f5f9db9c0 5086       4       org.eclipse.jdt.core.dom.ASTNode::accept (40 bytes)
Event: 13.455 Thread 0x0000018f5cfb1250 nmethod 5094 0x0000018f5147ed90 code [0x0000018f5147ef60, 0x0000018f5147f568]
Event: 13.455 Thread 0x0000018f5cfb1250 5087       4       lombok.launch.PatchFixesHider$PatchFixes::isBlockedVisitorAndGenerated (59 bytes)

GC Heap History (20 events):
Event: 5.823 GC heap before
{Heap before GC invocations=14 (full 2):
 PSYoungGen      total 23552K, used 23086K [0x00000000eab00000, 0x00000000ec580000, 0x0000000100000000)
  eden space 21504K, 100% used [0x00000000eab00000,0x00000000ec000000,0x00000000ec000000)
  from space 2048K, 77% used [0x00000000ec000000,0x00000000ec18bb68,0x00000000ec200000)
  to   space 2560K, 0% used [0x00000000ec300000,0x00000000ec300000,0x00000000ec580000)
 ParOldGen       total 68608K, used 14847K [0x00000000c0000000, 0x00000000c4300000, 0x00000000eab00000)
  object space 68608K, 21% used [0x00000000c0000000,0x00000000c0e7fd88,0x00000000c4300000)
 Metaspace       used 37123K, committed 37760K, reserved 1089536K
  class space    used 3791K, committed 4096K, reserved 1048576K
}
Event: 5.823 GC heap after
{Heap after GC invocations=14 (full 2):
 PSYoungGen      total 22016K, used 224K [0x00000000eab00000, 0x00000000ec380000, 0x0000000100000000)
  eden space 21504K, 0% used [0x00000000eab00000,0x00000000eab00000,0x00000000ec000000)
  from space 512K, 43% used [0x00000000ec300000,0x00000000ec338000,0x00000000ec380000)
  to   space 1024K, 0% used [0x00000000ec180000,0x00000000ec180000,0x00000000ec280000)
 ParOldGen       total 68608K, used 15234K [0x00000000c0000000, 0x00000000c4300000, 0x00000000eab00000)
  object space 68608K, 22% used [0x00000000c0000000,0x00000000c0ee0860,0x00000000c4300000)
 Metaspace       used 37123K, committed 37760K, reserved 1089536K
  class space    used 3791K, committed 4096K, reserved 1048576K
}
Event: 6.566 GC heap before
{Heap before GC invocations=15 (full 2):
 PSYoungGen      total 22016K, used 21728K [0x00000000eab00000, 0x00000000ec380000, 0x0000000100000000)
  eden space 21504K, 100% used [0x00000000eab00000,0x00000000ec000000,0x00000000ec000000)
  from space 512K, 43% used [0x00000000ec300000,0x00000000ec338000,0x00000000ec380000)
  to   space 1024K, 0% used [0x00000000ec180000,0x00000000ec180000,0x00000000ec280000)
 ParOldGen       total 68608K, used 15234K [0x00000000c0000000, 0x00000000c4300000, 0x00000000eab00000)
  object space 68608K, 22% used [0x00000000c0000000,0x00000000c0ee0860,0x00000000c4300000)
 Metaspace       used 38957K, committed 39552K, reserved 1089536K
  class space    used 3966K, committed 4224K, reserved 1048576K
}
Event: 6.567 GC heap after
{Heap after GC invocations=15 (full 2):
 PSYoungGen      total 22528K, used 480K [0x00000000eab00000, 0x00000000ec380000, 0x0000000100000000)
  eden space 21504K, 0% used [0x00000000eab00000,0x00000000eab00000,0x00000000ec000000)
  from space 1024K, 46% used [0x00000000ec180000,0x00000000ec1f8000,0x00000000ec280000)
  to   space 1024K, 0% used [0x00000000ec280000,0x00000000ec280000,0x00000000ec380000)
 ParOldGen       total 68608K, used 15290K [0x00000000c0000000, 0x00000000c4300000, 0x00000000eab00000)
  object space 68608K, 22% used [0x00000000c0000000,0x00000000c0eee860,0x00000000c4300000)
 Metaspace       used 38957K, committed 39552K, reserved 1089536K
  class space    used 3966K, committed 4224K, reserved 1048576K
}
Event: 7.179 GC heap before
{Heap before GC invocations=16 (full 2):
 PSYoungGen      total 22528K, used 21984K [0x00000000eab00000, 0x00000000ec380000, 0x0000000100000000)
  eden space 21504K, 100% used [0x00000000eab00000,0x00000000ec000000,0x00000000ec000000)
  from space 1024K, 46% used [0x00000000ec180000,0x00000000ec1f8000,0x00000000ec280000)
  to   space 1024K, 0% used [0x00000000ec280000,0x00000000ec280000,0x00000000ec380000)
 ParOldGen       total 68608K, used 15290K [0x00000000c0000000, 0x00000000c4300000, 0x00000000eab00000)
  object space 68608K, 22% used [0x00000000c0000000,0x00000000c0eee860,0x00000000c4300000)
 Metaspace       used 41738K, committed 42432K, reserved 1089536K
  class space    used 4219K, committed 4480K, reserved 1048576K
}
Event: 7.182 GC heap after
{Heap after GC invocations=16 (full 2):
 PSYoungGen      total 22528K, used 1008K [0x00000000eab00000, 0x00000000ec500000, 0x0000000100000000)
  eden space 21504K, 0% used [0x00000000eab00000,0x00000000eab00000,0x00000000ec000000)
  from space 1024K, 98% used [0x00000000ec280000,0x00000000ec37c010,0x00000000ec380000)
  to   space 2560K, 0% used [0x00000000ec000000,0x00000000ec000000,0x00000000ec280000)
 ParOldGen       total 68608K, used 16490K [0x00000000c0000000, 0x00000000c4300000, 0x00000000eab00000)
  object space 68608K, 24% used [0x00000000c0000000,0x00000000c101aaa8,0x00000000c4300000)
 Metaspace       used 41738K, committed 42432K, reserved 1089536K
  class space    used 4219K, committed 4480K, reserved 1048576K
}
Event: 7.291 GC heap before
{Heap before GC invocations=17 (full 2):
 PSYoungGen      total 22528K, used 22498K [0x00000000eab00000, 0x00000000ec500000, 0x0000000100000000)
  eden space 21504K, 99% used [0x00000000eab00000,0x00000000ebffc950,0x00000000ec000000)
  from space 1024K, 98% used [0x00000000ec280000,0x00000000ec37c010,0x00000000ec380000)
  to   space 2560K, 0% used [0x00000000ec000000,0x00000000ec000000,0x00000000ec280000)
 ParOldGen       total 68608K, used 16490K [0x00000000c0000000, 0x00000000c4300000, 0x00000000eab00000)
  object space 68608K, 24% used [0x00000000c0000000,0x00000000c101aaa8,0x00000000c4300000)
 Metaspace       used 41884K, committed 42560K, reserved 1089536K
  class space    used 4228K, committed 4480K, reserved 1048576K
}
Event: 7.294 GC heap after
{Heap after GC invocations=17 (full 2):
 PSYoungGen      total 22528K, used 640K [0x00000000eab00000, 0x00000000ec300000, 0x0000000100000000)
  eden space 21504K, 0% used [0x00000000eab00000,0x00000000eab00000,0x00000000ec000000)
  from space 1024K, 62% used [0x00000000ec000000,0x00000000ec0a0000,0x00000000ec100000)
  to   space 1536K, 0% used [0x00000000ec180000,0x00000000ec180000,0x00000000ec300000)
 ParOldGen       total 68608K, used 17530K [0x00000000c0000000, 0x00000000c4300000, 0x00000000eab00000)
  object space 68608K, 25% used [0x00000000c0000000,0x00000000c111ea70,0x00000000c4300000)
 Metaspace       used 41884K, committed 42560K, reserved 1089536K
  class space    used 4228K, committed 4480K, reserved 1048576K
}
Event: 7.563 GC heap before
{Heap before GC invocations=18 (full 2):
 PSYoungGen      total 22528K, used 21048K [0x00000000eab00000, 0x00000000ec300000, 0x0000000100000000)
  eden space 21504K, 94% used [0x00000000eab00000,0x00000000ebeee150,0x00000000ec000000)
  from space 1024K, 62% used [0x00000000ec000000,0x00000000ec0a0000,0x00000000ec100000)
  to   space 1536K, 0% used [0x00000000ec180000,0x00000000ec180000,0x00000000ec300000)
 ParOldGen       total 68608K, used 17530K [0x00000000c0000000, 0x00000000c4300000, 0x00000000eab00000)
  object space 68608K, 25% used [0x00000000c0000000,0x00000000c111ea70,0x00000000c4300000)
 Metaspace       used 42400K, committed 43072K, reserved 1089536K
  class space    used 4261K, committed 4544K, reserved 1048576K
}
Event: 7.565 GC heap after
{Heap after GC invocations=18 (full 2):
 PSYoungGen      total 22528K, used 913K [0x00000000eab00000, 0x00000000ec280000, 0x0000000100000000)
  eden space 21504K, 0% used [0x00000000eab00000,0x00000000eab00000,0x00000000ec000000)
  from space 1024K, 89% used [0x00000000ec180000,0x00000000ec2645e8,0x00000000ec280000)
  to   space 1024K, 0% used [0x00000000ec000000,0x00000000ec000000,0x00000000ec100000)
 ParOldGen       total 68608K, used 18002K [0x00000000c0000000, 0x00000000c4300000, 0x00000000eab00000)
  object space 68608K, 26% used [0x00000000c0000000,0x00000000c1194a90,0x00000000c4300000)
 Metaspace       used 42400K, committed 43072K, reserved 1089536K
  class space    used 4261K, committed 4544K, reserved 1048576K
}
Event: 7.627 GC heap before
{Heap before GC invocations=19 (full 2):
 PSYoungGen      total 22528K, used 20997K [0x00000000eab00000, 0x00000000ec280000, 0x0000000100000000)
  eden space 21504K, 93% used [0x00000000eab00000,0x00000000ebe9ce98,0x00000000ec000000)
  from space 1024K, 89% used [0x00000000ec180000,0x00000000ec2645e8,0x00000000ec280000)
  to   space 1024K, 0% used [0x00000000ec000000,0x00000000ec000000,0x00000000ec100000)
 ParOldGen       total 68608K, used 18002K [0x00000000c0000000, 0x00000000c4300000, 0x00000000eab00000)
  object space 68608K, 26% used [0x00000000c0000000,0x00000000c1194a90,0x00000000c4300000)
 Metaspace       used 42419K, committed 43072K, reserved 1089536K
  class space    used 4261K, committed 4544K, reserved 1048576K
}
Event: 7.628 GC heap after
{Heap after GC invocations=19 (full 2):
 PSYoungGen      total 22528K, used 384K [0x00000000eab00000, 0x00000000ec200000, 0x0000000100000000)
  eden space 21504K, 0% used [0x00000000eab00000,0x00000000eab00000,0x00000000ec000000)
  from space 1024K, 37% used [0x00000000ec000000,0x00000000ec060000,0x00000000ec100000)
  to   space 1024K, 0% used [0x00000000ec100000,0x00000000ec100000,0x00000000ec200000)
 ParOldGen       total 68608K, used 18799K [0x00000000c0000000, 0x00000000c4300000, 0x00000000eab00000)
  object space 68608K, 27% used [0x00000000c0000000,0x00000000c125be80,0x00000000c4300000)
 Metaspace       used 42419K, committed 43072K, reserved 1089536K
  class space    used 4261K, committed 4544K, reserved 1048576K
}
Event: 7.706 GC heap before
{Heap before GC invocations=20 (full 2):
 PSYoungGen      total 22528K, used 21202K [0x00000000eab00000, 0x00000000ec200000, 0x0000000100000000)
  eden space 21504K, 96% used [0x00000000eab00000,0x00000000ebf548a8,0x00000000ec000000)
  from space 1024K, 37% used [0x00000000ec000000,0x00000000ec060000,0x00000000ec100000)
  to   space 1024K, 0% used [0x00000000ec100000,0x00000000ec100000,0x00000000ec200000)
 ParOldGen       total 68608K, used 18799K [0x00000000c0000000, 0x00000000c4300000, 0x00000000eab00000)
  object space 68608K, 27% used [0x00000000c0000000,0x00000000c125be80,0x00000000c4300000)
 Metaspace       used 42488K, committed 43136K, reserved 1089536K
  class space    used 4264K, committed 4544K, reserved 1048576K
}
Event: 7.707 GC heap after
{Heap after GC invocations=20 (full 2):
 PSYoungGen      total 22528K, used 504K [0x00000000eab00000, 0x00000000ec200000, 0x0000000100000000)
  eden space 21504K, 0% used [0x00000000eab00000,0x00000000eab00000,0x00000000ec000000)
  from space 1024K, 49% used [0x00000000ec100000,0x00000000ec17e200,0x00000000ec200000)
  to   space 1024K, 0% used [0x00000000ec000000,0x00000000ec000000,0x00000000ec100000)
 ParOldGen       total 68608K, used 18999K [0x00000000c0000000, 0x00000000c4300000, 0x00000000eab00000)
  object space 68608K, 27% used [0x00000000c0000000,0x00000000c128de80,0x00000000c4300000)
 Metaspace       used 42488K, committed 43136K, reserved 1089536K
  class space    used 4264K, committed 4544K, reserved 1048576K
}
Event: 7.784 GC heap before
{Heap before GC invocations=21 (full 2):
 PSYoungGen      total 22528K, used 20578K [0x00000000eab00000, 0x00000000ec200000, 0x0000000100000000)
  eden space 21504K, 93% used [0x00000000eab00000,0x00000000ebe9a628,0x00000000ec000000)
  from space 1024K, 49% used [0x00000000ec100000,0x00000000ec17e200,0x00000000ec200000)
  to   space 1024K, 0% used [0x00000000ec000000,0x00000000ec000000,0x00000000ec100000)
 ParOldGen       total 68608K, used 18999K [0x00000000c0000000, 0x00000000c4300000, 0x00000000eab00000)
  object space 68608K, 27% used [0x00000000c0000000,0x00000000c128de80,0x00000000c4300000)
 Metaspace       used 42573K, committed 43200K, reserved 1089536K
  class space    used 4268K, committed 4544K, reserved 1048576K
}
Event: 7.785 GC heap after
{Heap after GC invocations=21 (full 2):
 PSYoungGen      total 22528K, used 384K [0x00000000eab00000, 0x00000000ec180000, 0x0000000100000000)
  eden space 21504K, 0% used [0x00000000eab00000,0x00000000eab00000,0x00000000ec000000)
  from space 1024K, 37% used [0x00000000ec000000,0x00000000ec060000,0x00000000ec100000)
  to   space 512K, 0% used [0x00000000ec100000,0x00000000ec100000,0x00000000ec180000)
 ParOldGen       total 68608K, used 19352K [0x00000000c0000000, 0x00000000c4300000, 0x00000000eab00000)
  object space 68608K, 28% used [0x00000000c0000000,0x00000000c12e6080,0x00000000c4300000)
 Metaspace       used 42573K, committed 43200K, reserved 1089536K
  class space    used 4268K, committed 4544K, reserved 1048576K
}
Event: 7.962 GC heap before
{Heap before GC invocations=22 (full 2):
 PSYoungGen      total 22528K, used 21888K [0x00000000eab00000, 0x00000000ec180000, 0x0000000100000000)
  eden space 21504K, 100% used [0x00000000eab00000,0x00000000ec000000,0x00000000ec000000)
  from space 1024K, 37% used [0x00000000ec000000,0x00000000ec060000,0x00000000ec100000)
  to   space 512K, 0% used [0x00000000ec100000,0x00000000ec100000,0x00000000ec180000)
 ParOldGen       total 68608K, used 19352K [0x00000000c0000000, 0x00000000c4300000, 0x00000000eab00000)
  object space 68608K, 28% used [0x00000000c0000000,0x00000000c12e6080,0x00000000c4300000)
 Metaspace       used 43605K, committed 44288K, reserved 1089536K
  class space    used 4351K, committed 4608K, reserved 1048576K
}
Event: 7.963 GC heap after
{Heap after GC invocations=22 (full 2):
 PSYoungGen      total 22016K, used 512K [0x00000000eab00000, 0x00000000ec200000, 0x0000000100000000)
  eden space 21504K, 0% used [0x00000000eab00000,0x00000000eab00000,0x00000000ec000000)
  from space 512K, 100% used [0x00000000ec100000,0x00000000ec180000,0x00000000ec180000)
  to   space 1024K, 0% used [0x00000000ec000000,0x00000000ec000000,0x00000000ec100000)
 ParOldGen       total 68608K, used 19735K [0x00000000c0000000, 0x00000000c4300000, 0x00000000eab00000)
  object space 68608K, 28% used [0x00000000c0000000,0x00000000c1345db8,0x00000000c4300000)
 Metaspace       used 43605K, committed 44288K, reserved 1089536K
  class space    used 4351K, committed 4608K, reserved 1048576K
}
Event: 8.709 GC heap before
{Heap before GC invocations=23 (full 2):
 PSYoungGen      total 22016K, used 22016K [0x00000000eab00000, 0x00000000ec200000, 0x0000000100000000)
  eden space 21504K, 100% used [0x00000000eab00000,0x00000000ec000000,0x00000000ec000000)
  from space 512K, 100% used [0x00000000ec100000,0x00000000ec180000,0x00000000ec180000)
  to   space 1024K, 0% used [0x00000000ec000000,0x00000000ec000000,0x00000000ec100000)
 ParOldGen       total 68608K, used 19735K [0x00000000c0000000, 0x00000000c4300000, 0x00000000eab00000)
  object space 68608K, 28% used [0x00000000c0000000,0x00000000c1345db8,0x00000000c4300000)
 Metaspace       used 44852K, committed 45504K, reserved 1089536K
  class space    used 4419K, committed 4672K, reserved 1048576K
}
Event: 8.712 GC heap after
{Heap after GC invocations=23 (full 2):
 PSYoungGen      total 22528K, used 1021K [0x00000000eab00000, 0x00000000ec600000, 0x0000000100000000)
  eden space 21504K, 0% used [0x00000000eab00000,0x00000000eab00000,0x00000000ec000000)
  from space 1024K, 99% used [0x00000000ec000000,0x00000000ec0ff7e0,0x00000000ec100000)
  to   space 3072K, 0% used [0x00000000ec300000,0x00000000ec300000,0x00000000ec600000)
 ParOldGen       total 68608K, used 21248K [0x00000000c0000000, 0x00000000c4300000, 0x00000000eab00000)
  object space 68608K, 30% used [0x00000000c0000000,0x00000000c14c0260,0x00000000c4300000)
 Metaspace       used 44852K, committed 45504K, reserved 1089536K
  class space    used 4419K, committed 4672K, reserved 1048576K
}

Deoptimization events (20 events):
Event: 8.516 Thread 0x0000018f5fa5d530 Uncommon trap: trap_request=0xffffffc6 fr.pc=0x0000018f5167b718 relative=0x0000000000000478
Event: 8.516 Thread 0x0000018f5fa5d530 Uncommon trap: reason=bimorphic_or_optimized_type_check action=maybe_recompile pc=0x0000018f5167b718 method=org.eclipse.jdt.internal.compiler.parser.Parser.consumeRule(I)V @ 7704 c2
Event: 8.516 Thread 0x0000018f5fa5d530 DEOPT PACKING pc=0x0000018f5167b718 sp=0x0000004007afded0
Event: 8.516 Thread 0x0000018f5fa5d530 DEOPT UNPACKING pc=0x0000018f499a20a3 sp=0x0000004007afde58 mode 2
Event: 8.532 Thread 0x0000018f5fa5d530 Uncommon trap: trap_request=0xffffffc6 fr.pc=0x0000018f5167b718 relative=0x0000000000000478
Event: 8.532 Thread 0x0000018f5fa5d530 Uncommon trap: reason=bimorphic_or_optimized_type_check action=maybe_recompile pc=0x0000018f5167b718 method=org.eclipse.jdt.internal.compiler.parser.Parser.consumeRule(I)V @ 7704 c2
Event: 8.532 Thread 0x0000018f5fa5d530 DEOPT PACKING pc=0x0000018f5167b718 sp=0x0000004007afe210
Event: 8.532 Thread 0x0000018f5fa5d530 DEOPT UNPACKING pc=0x0000018f499a20a3 sp=0x0000004007afe198 mode 2
Event: 8.533 Thread 0x0000018f5fa5d530 Uncommon trap: trap_request=0xffffff45 fr.pc=0x0000018f51451110 relative=0x00000000000000f0
Event: 8.533 Thread 0x0000018f5fa5d530 Uncommon trap: reason=unstable_if action=reinterpret pc=0x0000018f51451110 method=org.eclipse.jdt.internal.compiler.parser.Scanner.getNextChar(CC)I @ 8 c2
Event: 8.533 Thread 0x0000018f5fa5d530 DEOPT PACKING pc=0x0000018f51451110 sp=0x0000004007afe1e0
Event: 8.533 Thread 0x0000018f5fa5d530 DEOPT UNPACKING pc=0x0000018f499a20a3 sp=0x0000004007afe160 mode 2
Event: 8.536 Thread 0x0000018f5fa5d530 Uncommon trap: trap_request=0xffffff45 fr.pc=0x0000018f51434520 relative=0x0000000000000100
Event: 8.536 Thread 0x0000018f5fa5d530 Uncommon trap: reason=unstable_if action=reinterpret pc=0x0000018f51434520 method=org.eclipse.jdt.internal.compiler.util.Util.getLineNumber(I[III)I @ 8 c2
Event: 8.536 Thread 0x0000018f5fa5d530 DEOPT PACKING pc=0x0000018f51434520 sp=0x0000004007afe170
Event: 8.536 Thread 0x0000018f5fa5d530 DEOPT UNPACKING pc=0x0000018f499a20a3 sp=0x0000004007afe118 mode 2
Event: 8.536 Thread 0x0000018f5fa5d530 Uncommon trap: trap_request=0xffffff45 fr.pc=0x0000018f51627d7c relative=0x0000000000002adc
Event: 8.536 Thread 0x0000018f5fa5d530 Uncommon trap: reason=unstable_if action=reinterpret pc=0x0000018f51627d7c method=org.eclipse.jdt.internal.compiler.parser.Scanner.getNextToken0()I @ 2220 c2
Event: 8.536 Thread 0x0000018f5fa5d530 DEOPT PACKING pc=0x0000018f51627d7c sp=0x0000004007afda30
Event: 8.536 Thread 0x0000018f5fa5d530 DEOPT UNPACKING pc=0x0000018f499a20a3 sp=0x0000004007afd9c8 mode 2

Classes unloaded (7 events):
Event: 3.105 Thread 0x0000018f5b12b340 Unloading class 0x0000000100210800 'java/lang/invoke/LambdaForm$MH+0x0000000100210800'
Event: 3.105 Thread 0x0000018f5b12b340 Unloading class 0x0000000100210400 'java/lang/invoke/LambdaForm$MH+0x0000000100210400'
Event: 3.105 Thread 0x0000018f5b12b340 Unloading class 0x0000000100210000 'java/lang/invoke/LambdaForm$MH+0x0000000100210000'
Event: 3.105 Thread 0x0000018f5b12b340 Unloading class 0x000000010020fc00 'java/lang/invoke/LambdaForm$MH+0x000000010020fc00'
Event: 3.105 Thread 0x0000018f5b12b340 Unloading class 0x000000010020f400 'java/lang/invoke/LambdaForm$BMH+0x000000010020f400'
Event: 3.105 Thread 0x0000018f5b12b340 Unloading class 0x000000010020f000 'java/lang/invoke/LambdaForm$DMH+0x000000010020f000'
Event: 3.105 Thread 0x0000018f5b12b340 Unloading class 0x000000010020c400 'java/lang/invoke/LambdaForm$DMH+0x000000010020c400'

Classes redefined (0 events):
No events

Internal exceptions (20 events):
Event: 4.448 Thread 0x0000018f5f726530 Exception <a 'java/io/FileNotFoundException'{0x00000000eb19b2a0}> (0x00000000eb19b2a0) 
thrown [e:\jenkins\tmp\workspace\build\src\src\hotspot\share\prims\jni.cpp, line 516]
Event: 4.528 Thread 0x0000018f5f726530 Exception <a 'java/lang/UnsatisfiedLinkError'{0x00000000eb4da988}: 找不到指定的程序。
> (0x00000000eb4da988) 
thrown [e:\jenkins\tmp\workspace\build\src\src\hotspot\share\prims\jni.cpp, line 535]
Event: 4.532 Thread 0x0000018f5f726530 Exception <a 'java/io/FileNotFoundException'{0x00000000eb4fe470}> (0x00000000eb4fe470) 
thrown [e:\jenkins\tmp\workspace\build\src\src\hotspot\share\prims\jni.cpp, line 516]
Event: 4.541 Thread 0x0000018f5f726530 Exception <a 'java/io/FileNotFoundException'{0x00000000eb570f80}> (0x00000000eb570f80) 
thrown [e:\jenkins\tmp\workspace\build\src\src\hotspot\share\prims\jni.cpp, line 516]
Event: 4.550 Thread 0x0000018f5f726530 Exception <a 'java/lang/UnsatisfiedLinkError'{0x00000000eb5fc548}: 找不到指定的程序。
> (0x00000000eb5fc548) 
thrown [e:\jenkins\tmp\workspace\build\src\src\hotspot\share\prims\jni.cpp, line 535]
Event: 4.597 Thread 0x0000018f454c96e0 Exception <a 'java/lang/NoSuchMethodError'{0x00000000eb8695f0}: 'void java.lang.invoke.DirectMethodHandle$Holder.invokeStatic(java.lang.Object, java.lang.Object, java.lang.Object, java.lang.Object)'> (0x00000000eb8695f0) 
thrown [e:\jenkins\tmp\workspace\build\src\src\hotspot\share\interpreter\linkResolver.cpp, line 766]
Event: 4.695 Thread 0x0000018f454c96e0 Exception <a 'java/lang/NoSuchMethodError'{0x00000000ebfaf4a0}: 'void java.lang.invoke.DirectMethodHandle$Holder.invokeSpecial(java.lang.Object, java.lang.Object, java.lang.Object, java.lang.Object, java.lang.Object, java.lang.Object)'> (0x00000000ebfaf4a0) 
thrown [e:\jenkins\tmp\workspace\build\src\src\hotspot\share\interpreter\linkResolver.cpp, line 766]
Event: 4.697 Thread 0x0000018f454c96e0 Exception <a 'java/lang/NoSuchMethodError'{0x00000000ebfb6b58}: 'java.lang.Object java.lang.invoke.DirectMethodHandle$Holder.newInvokeSpecial(java.lang.Object, java.lang.Object, java.lang.Object, java.lang.Object, java.lang.Object)'> (0x00000000ebfb6b58) 
thrown [e:\jenkins\tmp\workspace\build\src\src\hotspot\share\interpreter\linkResolver.cpp, line 766]
Event: 4.786 Thread 0x0000018f5fa60a20 Exception <a 'java/io/FileNotFoundException'{0x00000000eac1e558}> (0x00000000eac1e558) 
thrown [e:\jenkins\tmp\workspace\build\src\src\hotspot\share\prims\jni.cpp, line 516]
Event: 4.893 Thread 0x0000018f5fa60a20 Exception <a 'java/lang/NoSuchMethodError'{0x00000000eb116598}: 'int java.lang.invoke.DirectMethodHandle$Holder.invokeVirtual(java.lang.Object, java.lang.Object)'> (0x00000000eb116598) 
thrown [e:\jenkins\tmp\workspace\build\src\src\hotspot\share\interpreter\linkResolver.cpp, line 766]
Event: 4.988 Thread 0x0000018f5fa5d530 Exception <a 'java/io/FileNotFoundException'{0x00000000eb43a748}> (0x00000000eb43a748) 
thrown [e:\jenkins\tmp\workspace\build\src\src\hotspot\share\prims\jni.cpp, line 516]
Event: 4.989 Thread 0x0000018f5fa5d530 Exception <a 'java/io/FileNotFoundException'{0x00000000eb43c548}> (0x00000000eb43c548) 
thrown [e:\jenkins\tmp\workspace\build\src\src\hotspot\share\prims\jni.cpp, line 516]
Event: 4.990 Thread 0x0000018f5fa5d530 Exception <a 'java/lang/NoSuchMethodError'{0x00000000eb448df8}: 'void java.lang.invoke.DirectMethodHandle$Holder.invokeStaticInit(java.lang.Object, java.lang.Object, java.lang.Object)'> (0x00000000eb448df8) 
thrown [e:\jenkins\tmp\workspace\build\src\src\hotspot\share\interpreter\linkResolver.cpp, line 766]
Event: 5.213 Thread 0x0000018f5fa5d530 Exception <a 'java/lang/NoSuchMethodError'{0x00000000eb8b89a8}: 'java.lang.Object java.lang.invoke.DirectMethodHandle$Holder.newInvokeSpecial(java.lang.Object, java.lang.Object, java.lang.Object, int, java.lang.Object)'> (0x00000000eb8b89a8) 
thrown [e:\jenkins\tmp\workspace\build\src\src\hotspot\share\interpreter\linkResolver.cpp, line 766]
Event: 5.214 Thread 0x0000018f5fa5d530 Exception <a 'java/lang/NoSuchMethodError'{0x00000000eb8bcb58}: 'java.lang.Object java.lang.invoke.DirectMethodHandle$Holder.invokeSpecial(java.lang.Object, java.lang.Object, java.lang.Object, java.lang.Object, int, java.lang.Object)'> (0x00000000eb8bcb58) 
thrown [e:\jenkins\tmp\workspace\build\src\src\hotspot\share\interpreter\linkResolver.cpp, line 766]
Event: 5.291 Thread 0x0000018f5fa60a20 Exception <a 'java/lang/NoSuchMethodError'{0x00000000ebb04b48}: 'java.lang.Object java.lang.invoke.DirectMethodHandle$Holder.invokeInterface(java.lang.Object, java.lang.Object, java.lang.Object)'> (0x00000000ebb04b48) 
thrown [e:\jenkins\tmp\workspace\build\src\src\hotspot\share\interpreter\linkResolver.cpp, line 766]
Event: 5.361 Thread 0x0000018f5fa60a20 Implicit null exception at 0x0000018f515026c8 to 0x0000018f51502788
Event: 6.582 Thread 0x0000018f5fa60a20 Implicit null exception at 0x0000018f5152c9c7 to 0x0000018f5152d658
Event: 6.990 Thread 0x0000018f5fa60a20 Exception <a 'java/io/FileNotFoundException'{0x00000000ebaebd30}> (0x00000000ebaebd30) 
thrown [e:\jenkins\tmp\workspace\build\src\src\hotspot\share\prims\jni.cpp, line 516]
Event: 6.994 Thread 0x0000018f5fa60a20 Exception <a 'java/lang/NoSuchMethodError'{0x00000000ebb05b50}: 'int java.lang.invoke.DirectMethodHandle$Holder.invokeStatic(java.lang.Object, java.lang.Object, java.lang.Object, int)'> (0x00000000ebb05b50) 
thrown [e:\jenkins\tmp\workspace\build\src\src\hotspot\share\interpreter\linkResolver.cpp, line 766]

VM Operations (20 events):
Event: 7.857 Executing VM operation: HandshakeAllThreads
Event: 7.857 Executing VM operation: HandshakeAllThreads done
Event: 7.858 Executing VM operation: HandshakeAllThreads
Event: 7.858 Executing VM operation: HandshakeAllThreads done
Event: 7.872 Executing VM operation: HandshakeAllThreads
Event: 7.872 Executing VM operation: HandshakeAllThreads done
Event: 7.889 Executing VM operation: HandshakeAllThreads
Event: 7.889 Executing VM operation: HandshakeAllThreads done
Event: 7.900 Executing VM operation: HandshakeAllThreads
Event: 7.900 Executing VM operation: HandshakeAllThreads done
Event: 7.962 Executing VM operation: ParallelGCFailedAllocation
Event: 7.963 Executing VM operation: ParallelGCFailedAllocation done
Event: 8.451 Executing VM operation: ICBufferFull
Event: 8.451 Executing VM operation: ICBufferFull done
Event: 8.651 Executing VM operation: ICBufferFull
Event: 8.652 Executing VM operation: ICBufferFull done
Event: 8.708 Executing VM operation: ParallelGCFailedAllocation
Event: 8.712 Executing VM operation: ParallelGCFailedAllocation done
Event: 9.724 Executing VM operation: Cleanup
Event: 9.724 Executing VM operation: Cleanup done

Events (20 events):
Event: 7.971 loading class java/util/concurrent/CompletionException
Event: 7.971 loading class java/util/concurrent/CompletionException done
Event: 7.978 Thread 0x0000018f5fa5da00 Thread added: 0x0000018f5fa5da00
Event: 7.988 loading class java/util/regex/Pattern$1
Event: 7.989 loading class java/util/regex/Pattern$1 done
Event: 8.004 loading class java/util/concurrent/ConcurrentHashMap$TreeNode
Event: 8.004 loading class java/util/concurrent/ConcurrentHashMap$TreeNode done
Event: 8.005 loading class java/util/concurrent/ConcurrentHashMap$TreeBin
Event: 8.005 loading class java/util/concurrent/ConcurrentHashMap$TreeBin done
Event: 8.036 loading class java/util/regex/PatternSyntaxException
Event: 8.036 loading class java/util/regex/PatternSyntaxException done
Event: 8.082 Thread 0x0000018f5d151530 Thread exited: 0x0000018f5d151530
Event: 8.357 Thread 0x0000018f5f9dbed0 Thread exited: 0x0000018f5f9dbed0
Event: 8.357 Thread 0x0000018f5f9db9c0 Thread exited: 0x0000018f5f9db9c0
Event: 8.364 Thread 0x0000018f5f9db9c0 Thread added: 0x0000018f5f9db9c0
Event: 8.383 Thread 0x0000018f5f9daa90 Thread added: 0x0000018f5f9daa90
Event: 13.423 Thread 0x0000018f5f9daa90 Thread exited: 0x0000018f5f9daa90
Event: 13.423 Thread 0x0000018f5f9db9c0 Thread exited: 0x0000018f5f9db9c0
Event: 13.429 Thread 0x0000018f5f9db9c0 Thread added: 0x0000018f5f9db9c0
Event: 13.433 Thread 0x0000018f5f9dbed0 Thread added: 0x0000018f5f9dbed0


Dynamic libraries:
0x00007ff67e720000 - 0x00007ff67e72e000 	c:\Users\lee\.vscode\extensions\redhat.java-1.9.0-win32-x64\jre\17.0.3-win32-x86_64\bin\java.exe
0x00007ff91d330000 - 0x00007ff91d527000 	C:\WINDOWS\SYSTEM32\ntdll.dll
0x00007ff91cfb0000 - 0x00007ff91d06d000 	C:\WINDOWS\System32\KERNEL32.DLL
0x00007ff91b000000 - 0x00007ff91b2cd000 	C:\WINDOWS\System32\KERNELBASE.dll
0x00007ff91aa50000 - 0x00007ff91ab50000 	C:\WINDOWS\System32\ucrtbase.dll
0x00007ff906f20000 - 0x00007ff906f39000 	c:\Users\lee\.vscode\extensions\redhat.java-1.9.0-win32-x64\jre\17.0.3-win32-x86_64\bin\VCRUNTIME140.dll
0x00007ff9036f0000 - 0x00007ff903708000 	c:\Users\lee\.vscode\extensions\redhat.java-1.9.0-win32-x64\jre\17.0.3-win32-x86_64\bin\jli.dll
0x00007ff91c700000 - 0x00007ff91c8a0000 	C:\WINDOWS\System32\USER32.dll
0x00007ff91b360000 - 0x00007ff91b382000 	C:\WINDOWS\System32\win32u.dll
0x00007ff91ccd0000 - 0x00007ff91ccfa000 	C:\WINDOWS\System32\GDI32.dll
0x00007ff9085f0000 - 0x00007ff90888a000 	C:\WINDOWS\WinSxS\amd64_microsoft.windows.common-controls_6595b64144ccf1df_6.0.19041.1110_none_60b5254171f9507e\COMCTL32.dll
0x00007ff91abc0000 - 0x00007ff91accb000 	C:\WINDOWS\System32\gdi32full.dll
0x00007ff91af30000 - 0x00007ff91afcd000 	C:\WINDOWS\System32\msvcp_win.dll
0x00007ff91cc30000 - 0x00007ff91ccce000 	C:\WINDOWS\System32\msvcrt.dll
0x00007ff91cad0000 - 0x00007ff91cb00000 	C:\WINDOWS\System32\IMM32.DLL
0x00007ff917ba0000 - 0x00007ff917bac000 	c:\Users\lee\.vscode\extensions\redhat.java-1.9.0-win32-x64\jre\17.0.3-win32-x86_64\bin\vcruntime140_1.dll
0x00007ff8eeb20000 - 0x00007ff8eebb1000 	c:\Users\lee\.vscode\extensions\redhat.java-1.9.0-win32-x64\jre\17.0.3-win32-x86_64\bin\msvcp140.dll
0x00007ff8e7a30000 - 0x00007ff8e8678000 	c:\Users\lee\.vscode\extensions\redhat.java-1.9.0-win32-x64\jre\17.0.3-win32-x86_64\bin\server\jvm.dll
0x00007ff91cb80000 - 0x00007ff91cc2e000 	C:\WINDOWS\System32\ADVAPI32.dll
0x00007ff91c900000 - 0x00007ff91c99c000 	C:\WINDOWS\System32\sechost.dll
0x00007ff91bff0000 - 0x00007ff91c115000 	C:\WINDOWS\System32\RPCRT4.dll
0x00007ff91b440000 - 0x00007ff91b448000 	C:\WINDOWS\System32\PSAPI.DLL
0x00007ff9124f0000 - 0x00007ff9124f9000 	C:\WINDOWS\SYSTEM32\WSOCK32.dll
0x00007ff90ff90000 - 0x00007ff90ff9a000 	C:\WINDOWS\SYSTEM32\VERSION.dll
0x00007ff918f50000 - 0x00007ff918f77000 	C:\WINDOWS\SYSTEM32\WINMM.dll
0x00007ff91ca50000 - 0x00007ff91cabb000 	C:\WINDOWS\System32\WS2_32.dll
0x00007ff9192a0000 - 0x00007ff9192b2000 	C:\WINDOWS\SYSTEM32\kernel.appcore.dll
0x00007ff915e30000 - 0x00007ff915e3a000 	c:\Users\lee\.vscode\extensions\redhat.java-1.9.0-win32-x64\jre\17.0.3-win32-x86_64\bin\jimage.dll
0x00007ff918d40000 - 0x00007ff918f24000 	C:\WINDOWS\SYSTEM32\DBGHELP.DLL
0x00007ff918d10000 - 0x00007ff918d3c000 	C:\WINDOWS\SYSTEM32\dbgcore.DLL
0x00007ff91b2d0000 - 0x00007ff91b352000 	C:\WINDOWS\System32\bcryptPrimitives.dll
0x00007ff9146f0000 - 0x00007ff9146fe000 	c:\Users\lee\.vscode\extensions\redhat.java-1.9.0-win32-x64\jre\17.0.3-win32-x86_64\bin\instrument.dll
0x00007ff8ff9c0000 - 0x00007ff8ff9e5000 	c:\Users\lee\.vscode\extensions\redhat.java-1.9.0-win32-x64\jre\17.0.3-win32-x86_64\bin\java.dll
0x00007ff9036d0000 - 0x00007ff9036e8000 	c:\Users\lee\.vscode\extensions\redhat.java-1.9.0-win32-x64\jre\17.0.3-win32-x86_64\bin\zip.dll
0x00007ff91b8a0000 - 0x00007ff91bfe4000 	C:\WINDOWS\System32\SHELL32.dll
0x00007ff9184a0000 - 0x00007ff918c34000 	C:\WINDOWS\SYSTEM32\windows.storage.dll
0x00007ff91b450000 - 0x00007ff91b7a4000 	C:\WINDOWS\System32\combase.dll
0x00007ff91a4b0000 - 0x00007ff91a4dc000 	C:\WINDOWS\SYSTEM32\Wldp.dll
0x00007ff91b390000 - 0x00007ff91b43d000 	C:\WINDOWS\System32\SHCORE.dll
0x00007ff91c8a0000 - 0x00007ff91c8f5000 	C:\WINDOWS\System32\shlwapi.dll
0x00007ff91a990000 - 0x00007ff91a9af000 	C:\WINDOWS\SYSTEM32\profapi.dll
0x00007ff902e20000 - 0x00007ff902e39000 	C:\Users\lee\.vscode\extensions\redhat.java-1.9.0-win32-x64\jre\17.0.3-win32-x86_64\bin\net.dll
0x00007ff9120b0000 - 0x00007ff9121ba000 	C:\WINDOWS\SYSTEM32\WINHTTP.dll
0x00007ff91a1f0000 - 0x00007ff91a25a000 	C:\WINDOWS\system32\mswsock.dll
0x00007ff902a00000 - 0x00007ff902a15000 	C:\Users\lee\.vscode\extensions\redhat.java-1.9.0-win32-x64\jre\17.0.3-win32-x86_64\bin\nio.dll
0x00007ff913b90000 - 0x00007ff913ba0000 	c:\Users\lee\.vscode\extensions\redhat.java-1.9.0-win32-x64\jre\17.0.3-win32-x86_64\bin\verify.dll
0x00007ff8f2910000 - 0x00007ff8f294e000 	C:\Users\lee\AppData\Roaming\Code\User\globalStorage\redhat.java\1.9.0\config_ss_win\org.eclipse.equinox.launcher\org.eclipse.equinox.launcher.win32.win32.x86_64_1.2.500.v20220509-0833\eclipse_11700.dll
0x00007ff91ce80000 - 0x00007ff91cfaa000 	C:\WINDOWS\System32\ole32.dll
0x00007ff91a410000 - 0x00007ff91a428000 	C:\WINDOWS\SYSTEM32\CRYPTSP.dll
0x00007ff919af0000 - 0x00007ff919b24000 	C:\WINDOWS\system32\rsaenh.dll
0x00007ff91afd0000 - 0x00007ff91aff7000 	C:\WINDOWS\System32\bcrypt.dll
0x00007ff91a950000 - 0x00007ff91a97e000 	C:\WINDOWS\SYSTEM32\USERENV.dll
0x00007ff91a400000 - 0x00007ff91a40c000 	C:\WINDOWS\SYSTEM32\CRYPTBASE.dll
0x00007ff919e90000 - 0x00007ff919ecb000 	C:\WINDOWS\SYSTEM32\IPHLPAPI.DLL
0x00007ff91b830000 - 0x00007ff91b838000 	C:\WINDOWS\System32\NSI.dll
0x00007ff9100a0000 - 0x00007ff9100b7000 	C:\WINDOWS\SYSTEM32\dhcpcsvc6.DLL
0x00007ff90ffa0000 - 0x00007ff90ffbd000 	C:\WINDOWS\SYSTEM32\dhcpcsvc.DLL
0x00007ff919ed0000 - 0x00007ff919f9b000 	C:\WINDOWS\SYSTEM32\DNSAPI.dll
0x00007ff8f06f0000 - 0x00007ff8f0734000 	C:\Users\lee\AppData\Local\Temp\jna-107020\jna2498426508080229684.dll

dbghelp: loaded successfully - version: 4.0.5 - missing functions: none
symbol engine: initialized successfully - sym options: 0x614 - pdb path: .;c:\Users\lee\.vscode\extensions\redhat.java-1.9.0-win32-x64\jre\17.0.3-win32-x86_64\bin;C:\WINDOWS\SYSTEM32;C:\WINDOWS\WinSxS\amd64_microsoft.windows.common-controls_6595b64144ccf1df_6.0.19041.1110_none_60b5254171f9507e;c:\Users\lee\.vscode\extensions\redhat.java-1.9.0-win32-x64\jre\17.0.3-win32-x86_64\bin\server;C:\Users\lee\AppData\Roaming\Code\User\globalStorage\redhat.java\1.9.0\config_ss_win\org.eclipse.equinox.launcher\org.eclipse.equinox.launcher.win32.win32.x86_64_1.2.500.v20220509-0833;C:\Users\lee\AppData\Local\Temp\jna-107020

VM Arguments:
jvm_args: --add-modules=ALL-SYSTEM --add-opens=java.base/java.util=ALL-UNNAMED --add-opens=java.base/java.lang=ALL-UNNAMED --add-opens=java.base/sun.nio.fs=ALL-UNNAMED -Declipse.application=org.eclipse.jdt.ls.core.id1 -Dosgi.bundles.defaultStartLevel=4 -Declipse.product=org.eclipse.jdt.ls.core.product -Djava.import.generatesMetadataFilesAtProjectRoot=false -Dfile.encoding=utf8 -DwatchParentProcess=false -XX:+UseParallelGC -XX:GCTimeRatio=4 -XX:AdaptiveSizePolicyWeight=90 -Dsun.zip.disableMemoryMapping=true -Xmx1G -Xms100m -javaagent:c:\Users\lee\.vscode\extensions\redhat.java-1.9.0-win32-x64\lombok\lombok-1.18.24.jar 
java_command: c:\Users\lee\.vscode\extensions\redhat.java-1.9.0-win32-x64\server\plugins\org.eclipse.equinox.launcher_1.6.400.v20210924-0641.jar -configuration c:\Users\lee\AppData\Roaming\Code\User\globalStorage\redhat.java\1.9.0\config_ss_win -data c:\Users\lee\AppData\Roaming\Code\User\workspaceStorage\ff560af8b37b3a079479e893db2692fe\redhat.java\ss_ws
java_class_path (initial): c:\Users\lee\.vscode\extensions\redhat.java-1.9.0-win32-x64\server\plugins\org.eclipse.equinox.launcher_1.6.400.v20210924-0641.jar
Launcher Type: SUN_STANDARD

[Global flags]
    uintx AdaptiveSizePolicyWeight                 = 90                                        {product} {command line}
     intx CICompilerCount                          = 4                                         {product} {ergonomic}
    uintx GCTimeRatio                              = 4                                         {product} {command line}
   size_t InitialHeapSize                          = 104857600                                 {product} {command line}
   size_t MaxHeapSize                              = 1073741824                                {product} {command line}
   size_t MaxNewSize                               = 357564416                                 {product} {ergonomic}
   size_t MinHeapDeltaBytes                        = 524288                                    {product} {ergonomic}
   size_t MinHeapSize                              = 104857600                                 {product} {command line}
   size_t NewSize                                  = 34603008                                  {product} {ergonomic}
    uintx NonNMethodCodeHeapSize                   = 5839372                                {pd product} {ergonomic}
    uintx NonProfiledCodeHeapSize                  = 122909434                              {pd product} {ergonomic}
   size_t OldSize                                  = 70254592                                  {product} {ergonomic}
    uintx ProfiledCodeHeapSize                     = 122909434                              {pd product} {ergonomic}
    uintx ReservedCodeCacheSize                    = 251658240                              {pd product} {ergonomic}
     bool SegmentedCodeCache                       = true                                      {product} {ergonomic}
   size_t SoftMaxHeapSize                          = 1073741824                             {manageable} {ergonomic}
     bool UseCompressedClassPointers               = true                           {product lp64_product} {ergonomic}
     bool UseCompressedOops                        = true                           {product lp64_product} {ergonomic}
     bool UseLargePagesIndividualAllocation        = false                                  {pd product} {ergonomic}
     bool UseParallelGC                            = true                                      {product} {command line}

Logging:
Log output configuration:
 #0: stdout all=warning uptime,level,tags
 #1: stderr all=off uptime,level,tags

Environment Variables:
JAVA_HOME=C:\Program Files\Java\jdk1.8.0_301
CLASSPATH=.;C:\Program Files\Java\jdk1.8.0_301\lib\dt.jar;C:\Program Files\Java\jdk1.8.0_301\lib\tools.jar
PATH=D:\Software\texlive\2020\bin\win32;C:\WINDOWS\system32;C:\WINDOWS;C:\WINDOWS\System32\Wbem;C:\WINDOWS\System32\WindowsPowerShell\v1.0\;C:\WINDOWS\System32\OpenSSH\;D:\Software\cmder;C:\Program Files\CodeBlocks\MinGW\bin;D:\Software\calibre\;D:\Software\latex\MiKTeX\miktex\bin\x64\;C:\Users\lee\AppData\Roaming\nvm;C:\Program Files\nodejs;D:\Software\Bitvise SSH Client;C:\Program Files\Git\cmd;C:\Program Files\Graphviz\bin;D:\Software\Nodejs\;C:\Program Files\apache-maven-3.8.3\bin;C:\Program Files\Java\jdk1.8.0_301\bin;C:\Program Files\Java\jdk1.8.0_301\jre\bin;D:\Software\Graphviz\bin;C:\Program Files\Docker\Docker\resources\bin;C:\ProgramData\DockerDesktop\version-bin;C:\Users\lee\AppData\Local\Programs\anaconda3;C:\Users\lee\AppData\Local\Programs\anaconda3\Library\mingw-w64\bin;C:\Users\lee\AppData\Local\Programs\anaconda3\Library\usr\bin;C:\Users\lee\AppData\Local\Programs\anaconda3\Library\bin;C:\Users\lee\AppData\Local\Programs\anaconda3\Scripts;C:\Users\lee\AppData\Local\Microsoft\WindowsApps;D:\Software\BandiZip\;C:\Users\lee\AppData\Local\GitHubDesktop\bin;C:\Users\lee\AppData\Local\Programs\Microsoft VS Code\bin;C:\Users\lee\AppData\Roaming\nvm;C:\Program Files\nodejs;D:\Software\GoLand 2020.3.4\bin;;C:\Users\lee\AppData\Local\Microsoft\WindowsApps;C:\Program Files\Graphviz\bin;C:\Users\lee\AppData\Roaming\npm;D:\Software\gnuplot\bin;;C:\Users\lee\AppData\Local\JetBrains\Toolbox\scripts
USERNAME=lee
OS=Windows_NT
PROCESSOR_IDENTIFIER=AMD64 Family 23 Model 96 Stepping 1, AuthenticAMD



---------------  S Y S T E M  ---------------

OS:
 Windows 10 , 64 bit Build 19041 (10.0.19041.1741)
OS uptime: 2 days 22:35 hours
Hyper-V role detected

CPU: total 12 (initial active 12) (12 cores per cpu, 2 threads per core) family 23 model 96 stepping 1 microcode 0x0, cx8, cmov, fxsr, ht, mmx, 3dnowpref, sse, sse2, sse3, ssse3, sse4a, sse4.1, sse4.2, popcnt, lzcnt, tsc, tscinvbit, avx, avx2, aes, clmul, bmi1, bmi2, adx, sha, fma, vzeroupper, clflush, clflushopt, hv

Memory: 4k page, system-wide physical 15734M (2031M free)
TotalPageFile size 23926M (AvailPageFile size 6M)
current process WorkingSet (physical memory assigned to process): 163M, peak: 224M
current process commit charge ("private bytes"): 266M, peak: 326M

vm_info: OpenJDK 64-Bit Server VM (17.0.3+7) for windows-amd64 JRE (17.0.3+7), built on Apr 19 2022 16:55:35 by "" with MS VC++ 16.7 (VS2019)

END.
