#
# There is insufficient memory for the Java Runtime Environment to continue.
# Native memory allocation (malloc) failed to allocate 587856 bytes for Chunk::new
# Possible reasons:
#   The system is out of physical RAM or swap space
#   The process is running with CompressedOops enabled, and the Java Heap may be blocking the growth of the native heap
# Possible solutions:
#   Reduce memory load on the system
#   Increase physical memory or swap space
#   Check if swap backing store is full
#   Decrease Java heap size (-Xmx/-Xms)
#   Decrease number of Java threads
#   Decrease Java thread stack sizes (-Xss)
#   Set larger code cache with -XX:ReservedCodeCacheSize=
#   JVM is running with Unscaled Compressed Oops mode in which the Java heap is
#     placed in the first 4GB address space. The Java Heap base address is the
#     maximum limit for the native heap growth. Please use -XX:HeapBaseMinAddress
#     to set the Java Heap base and to place the Java Heap above 4GB virtual address.
# This output file may be truncated or incomplete.
#
#  Out of Memory Error (arena.cpp:189), pid=51996, tid=50260
#
# JRE version: OpenJDK Runtime Environment Temurin-17.0.3+7 (17.0.3+7) (build 17.0.3+7)
# Java VM: OpenJDK 64-Bit Server VM Temurin-17.0.3+7 (17.0.3+7, mixed mode, tiered, compressed oops, compressed class ptrs, parallel gc, windows-amd64)
# No core dump will be written. Minidumps are not enabled by default on client versions of Windows
#

---------------  S U M M A R Y ------------

Command Line: --add-modules=ALL-SYSTEM --add-opens=java.base/java.util=ALL-UNNAMED --add-opens=java.base/java.lang=ALL-UNNAMED --add-opens=java.base/sun.nio.fs=ALL-UNNAMED -Declipse.application=org.eclipse.jdt.ls.core.id1 -Dosgi.bundles.defaultStartLevel=4 -Declipse.product=org.eclipse.jdt.ls.core.product -Djava.import.generatesMetadataFilesAtProjectRoot=false -Dfile.encoding=utf8 -DwatchParentProcess=false -XX:+UseParallelGC -XX:GCTimeRatio=4 -XX:AdaptiveSizePolicyWeight=90 -Dsun.zip.disableMemoryMapping=true -Xmx1G -Xms100m -javaagent:c:\Users\lee\.vscode\extensions\redhat.java-1.9.0-win32-x64\lombok\lombok-1.18.24.jar -XX:+HeapDumpOnOutOfMemoryError -XX:HeapDumpPath=c:\Users\lee\AppData\Roaming\Code\User\workspaceStorage\ff560af8b37b3a079479e893db2692fe\redhat.java c:\Users\lee\.vscode\extensions\redhat.java-1.9.0-win32-x64\server\plugins\org.eclipse.equinox.launcher_1.6.400.v20210924-0641.jar -configuration c:\Users\lee\AppData\Roaming\Code\User\globalStorage\redhat.java\1.9.0\config_win -data c:\Users\lee\AppData\Roaming\Code\User\workspaceStorage\ff560af8b37b3a079479e893db2692fe\redhat.java\jdt_ws

Host: AMD Ryzen 5 4600U with Radeon Graphics         , 12 cores, 15G,  Windows 10 , 64 bit Build 19041 (10.0.19041.1741)
Time: Tue Aug 16 15:13:13 2022  Windows 10 , 64 bit Build 19041 (10.0.19041.1741) elapsed time: 3.607923 seconds (0d 0h 0m 3s)

---------------  T H R E A D  ---------------

Current thread (0x000001d2739bed10):  JavaThread "C2 CompilerThread0" daemon [_thread_in_native, id=50260, stack(0x00000068c5300000,0x00000068c5400000)]


Current CompileTask:
C2:   3608 2841       4       sun.util.locale.BaseLocale::getInstance (149 bytes)

Stack: [0x00000068c5300000,0x00000068c5400000]
Native frames: (J=compiled Java code, j=interpreted, Vv=VM code, C=native code)
V  [jvm.dll+0x675efa]
V  [jvm.dll+0x830a24]
V  [jvm.dll+0x8321ce]
V  [jvm.dll+0x832833]
V  [jvm.dll+0x2454b5]
V  [jvm.dll+0xabd7b]
V  [jvm.dll+0xac30c]
V  [jvm.dll+0x3635d2]
V  [jvm.dll+0x32dca1]
V  [jvm.dll+0x32d14a]
V  [jvm.dll+0x218361]
V  [jvm.dll+0x217781]
V  [jvm.dll+0x1a3ccd]
V  [jvm.dll+0x227178]
V  [jvm.dll+0x2252bc]
V  [jvm.dll+0x7e673b]
V  [jvm.dll+0x7e0cfa]
V  [jvm.dll+0x674d85]
C  [ucrtbase.dll+0x21bb2]
C  [KERNEL32.DLL+0x17034]
C  [ntdll.dll+0x52651]


---------------  P R O C E S S  ---------------

Threads class SMR info:
_java_thread_list=0x000001d2764edce0, length=24, elements={
0x000001d25dd84e90, 0x000001d271c06a00, 0x000001d271c08060, 0x000001d27399e840,
0x000001d2739b46a0, 0x000001d2739ba7f0, 0x000001d2739bb870, 0x000001d2739bed10,
0x000001d2739cab40, 0x000001d2739cf060, 0x000001d273b14b10, 0x000001d273ca1700,
0x000001d275198050, 0x000001d275e17de0, 0x000001d275e18ac0, 0x000001d275f2cfe0,
0x000001d275ed6730, 0x000001d27622cc80, 0x000001d2763b5c40, 0x000001d276237750,
0x000001d2763e3260, 0x000001d2764eae50, 0x000001d2764ebcc0, 0x000001d2764ec190
}

Java Threads: ( => current thread )
  0x000001d25dd84e90 JavaThread "main" [_thread_blocked, id=51052, stack(0x00000068c4a00000,0x00000068c4b00000)]
  0x000001d271c06a00 JavaThread "Reference Handler" daemon [_thread_blocked, id=50524, stack(0x00000068c4d00000,0x00000068c4e00000)]
  0x000001d271c08060 JavaThread "Finalizer" daemon [_thread_blocked, id=42644, stack(0x00000068c4e00000,0x00000068c4f00000)]
  0x000001d27399e840 JavaThread "Signal Dispatcher" daemon [_thread_blocked, id=48452, stack(0x00000068c4f00000,0x00000068c5000000)]
  0x000001d2739b46a0 JavaThread "Attach Listener" daemon [_thread_blocked, id=47348, stack(0x00000068c5000000,0x00000068c5100000)]
  0x000001d2739ba7f0 JavaThread "Service Thread" daemon [_thread_blocked, id=51608, stack(0x00000068c5100000,0x00000068c5200000)]
  0x000001d2739bb870 JavaThread "Monitor Deflation Thread" daemon [_thread_blocked, id=51556, stack(0x00000068c5200000,0x00000068c5300000)]
=>0x000001d2739bed10 JavaThread "C2 CompilerThread0" daemon [_thread_in_native, id=50260, stack(0x00000068c5300000,0x00000068c5400000)]
  0x000001d2739cab40 JavaThread "C1 CompilerThread0" daemon [_thread_blocked, id=48536, stack(0x00000068c5400000,0x00000068c5500000)]
  0x000001d2739cf060 JavaThread "Sweeper thread" daemon [_thread_blocked, id=50552, stack(0x00000068c5500000,0x00000068c5600000)]
  0x000001d273b14b10 JavaThread "Common-Cleaner" daemon [_thread_blocked, id=52080, stack(0x00000068c5600000,0x00000068c5700000)]
  0x000001d273ca1700 JavaThread "Notification Thread" daemon [_thread_blocked, id=41428, stack(0x00000068c5700000,0x00000068c5800000)]
  0x000001d275198050 JavaThread "Active Thread: Equinox Container: 8b37e83c-7fab-478e-ad02-60e86301531f" [_thread_blocked, id=41892, stack(0x00000068c6000000,0x00000068c6100000)]
  0x000001d275e17de0 JavaThread "Framework Event Dispatcher: Equinox Container: 8b37e83c-7fab-478e-ad02-60e86301531f" daemon [_thread_blocked, id=45560, stack(0x00000068c6100000,0x00000068c6200000)]
  0x000001d275e18ac0 JavaThread "Start Level: Equinox Container: 8b37e83c-7fab-478e-ad02-60e86301531f" daemon [_thread_in_Java, id=49540, stack(0x00000068c6200000,0x00000068c6300000)]
  0x000001d275f2cfe0 JavaThread "SCR Component Actor" daemon [_thread_blocked, id=41220, stack(0x00000068c6300000,0x00000068c6400000)]
  0x000001d275ed6730 JavaThread "SCR Component Registry" daemon [_thread_blocked, id=15148, stack(0x00000068c6500000,0x00000068c6600000)]
  0x000001d27622cc80 JavaThread "Bundle File Closer" daemon [_thread_blocked, id=47412, stack(0x00000068c6600000,0x00000068c6700000)]
  0x000001d2763b5c40 JavaThread "Worker-JM" [_thread_blocked, id=51516, stack(0x00000068c6800000,0x00000068c6900000)]
  0x000001d276237750 JavaThread "C2 CompilerThread1" daemon [_thread_in_vm, id=33700, stack(0x00000068c6900000,0x00000068c6a00000)]
  0x000001d2763e3260 JavaThread "C2 CompilerThread2" daemon [_thread_blocked, id=50428, stack(0x00000068c6a00000,0x00000068c6b00000)]
  0x000001d2764eae50 JavaThread "Worker-0: Checking project encoding" [_thread_blocked, id=45852, stack(0x00000068c6b00000,0x00000068c6c00000)]
  0x000001d2764ebcc0 JavaThread "Worker-1: Refreshing workspace" [_thread_blocked, id=47332, stack(0x00000068c6c00000,0x00000068c6d00000)]
  0x000001d2764ec190 JavaThread "Worker-2" [_thread_blocked, id=33652, stack(0x00000068c6d00000,0x00000068c6e00000)]

Other Threads:
  0x000001d271acb820 VMThread "VM Thread" [stack: 0x00000068c4c00000,0x00000068c4d00000] [id=30844]
  0x000001d273cad570 WatcherThread [stack: 0x00000068c5800000,0x00000068c5900000] [id=46864]
  0x000001d25dd9c9c0 GCTaskThread "GC Thread#0" [stack: 0x00000068c4b00000,0x00000068c4c00000] [id=50280]
  0x000001d275d4a6a0 GCTaskThread "GC Thread#1" [stack: 0x00000068c5a00000,0x00000068c5b00000] [id=43324]
  0x000001d274e123f0 GCTaskThread "GC Thread#2" [stack: 0x00000068c5b00000,0x00000068c5c00000] [id=43312]
  0x000001d274e126a0 GCTaskThread "GC Thread#3" [stack: 0x00000068c5c00000,0x00000068c5d00000] [id=48668]
  0x000001d274dce680 GCTaskThread "GC Thread#4" [stack: 0x00000068c5d00000,0x00000068c5e00000] [id=41580]
  0x000001d274dce930 GCTaskThread "GC Thread#5" [stack: 0x00000068c5e00000,0x00000068c5f00000] [id=46256]
  0x000001d274dcebe0 GCTaskThread "GC Thread#6" [stack: 0x00000068c5f00000,0x00000068c6000000] [id=15256]
  0x000001d25bbddc70 GCTaskThread "GC Thread#7" [stack: 0x00000068c6400000,0x00000068c6500000] [id=45780]
  0x000001d27635b770 GCTaskThread "GC Thread#8" [stack: 0x00000068c5900000,0x00000068c5a00000] [id=50832]
  0x000001d27634d020 GCTaskThread "GC Thread#9" [stack: 0x00000068c6700000,0x00000068c6800000] [id=49588]

Threads with active compile tasks:
C2 CompilerThread0     3676 2841       4       sun.util.locale.BaseLocale::getInstance (149 bytes)
C1 CompilerThread0     3676 2937       3       jdk.internal.org.objectweb.asm.MethodWriter::visitAbstractType (8 bytes)
C2 CompilerThread2     3676 2936       4       jdk.internal.org.objectweb.asm.SymbolTable::addConstantUtf8 (98 bytes)

VM state: not at safepoint (normal execution)

VM Mutex/Monitor currently owned by a thread: None

Heap address: 0x00000000c0000000, size: 1024 MB, Compressed Oops mode: 32-bit

CDS archive(s) not mapped
Compressed class space mapped at: 0x0000000100000000-0x0000000140000000, reserved size: 1073741824
Narrow klass base: 0x0000000000000000, Narrow klass shift: 3, Narrow klass range: 0x140000000

GC Precious Log:
 CPUs: 12 total, 12 available
 Memory: 15734M
 Large Page Support: Disabled
 NUMA Support: Disabled
 Compressed Oops: Enabled (32-bit)
 Alignments: Space 512K, Generation 512K, Heap 2M
 Heap Min Capacity: 100M
 Heap Initial Capacity: 100M
 Heap Max Capacity: 1G
 Pre-touch: Disabled
 Parallel Workers: 10

Heap:
 PSYoungGen      total 29696K, used 18911K [0x00000000eab00000, 0x00000000ecf00000, 0x0000000100000000)
  eden space 25600K, 73% used [0x00000000eab00000,0x00000000ebd77c10,0x00000000ec400000)
  from space 4096K, 0% used [0x00000000ec400000,0x00000000ec400000,0x00000000ec800000)
  to   space 5632K, 0% used [0x00000000ec980000,0x00000000ec980000,0x00000000ecf00000)
 ParOldGen       total 68608K, used 11999K [0x00000000c0000000, 0x00000000c4300000, 0x00000000eab00000)
  object space 68608K, 17% used [0x00000000c0000000,0x00000000c0bb7e90,0x00000000c4300000)
 Metaspace       used 23366K, committed 23936K, reserved 1073152K
  class space    used 2387K, committed 2624K, reserved 1048576K

Card table byte_map: [0x000001d25d770000,0x000001d25d980000] _byte_map_base: 0x000001d25d170000

Marking Bits: (ParMarkBitMap*) 0x00007ff8e85b4b80
 Begin Bits: [0x000001d26fa10000, 0x000001d270a10000)
 End Bits:   [0x000001d270a10000, 0x000001d271a10000)

Polling page: 0x000001d25d560000

Metaspace:

Usage:
  Non-class:     20.49 MB used.
      Class:      2.33 MB used.
       Both:     22.82 MB used.

Virtual space:
  Non-class space:       24.00 MB reserved,      20.81 MB ( 87%) committed,  3 nodes.
      Class space:        1.00 GB reserved,       2.56 MB ( <1%) committed,  1 nodes.
             Both:        1.02 GB reserved,      23.38 MB (  2%) committed. 

Chunk freelists:
   Non-Class:  2.36 MB
       Class:  1.48 MB
        Both:  3.84 MB

MaxMetaspaceSize: unlimited
CompressedClassSpaceSize: 1.00 GB
Initial GC threshold: 21.00 MB
Current GC threshold: 35.00 MB
CDS: off
MetaspaceReclaimPolicy: balanced
 - commit_granule_bytes: 65536.
 - commit_granule_words: 8192.
 - virtual_space_node_default_size: 1048576.
 - enlarge_chunks_in_place: 1.
 - new_chunks_are_fully_committed: 0.
 - uncommit_free_chunks: 1.
 - use_allocation_guard: 0.
 - handle_deallocations: 1.


Internal statistics:

num_allocs_failed_limit: 3.
num_arena_births: 250.
num_arena_deaths: 14.
num_vsnodes_births: 4.
num_vsnodes_deaths: 0.
num_space_committed: 374.
num_space_uncommitted: 0.
num_chunks_returned_to_freelist: 17.
num_chunks_taken_from_freelist: 843.
num_chunk_merges: 7.
num_chunk_splits: 554.
num_chunks_enlarged: 366.
num_purges: 2.
num_inconsistent_stats: 0.

CodeHeap 'non-profiled nmethods': size=120000Kb used=1177Kb max_used=1177Kb free=118823Kb
 bounds [0x000001d2684e0000, 0x000001d268750000, 0x000001d26fa10000]
CodeHeap 'profiled nmethods': size=120000Kb used=5990Kb max_used=5990Kb free=114010Kb
 bounds [0x000001d260fb0000, 0x000001d261590000, 0x000001d2684e0000]
CodeHeap 'non-nmethods': size=5760Kb used=1191Kb max_used=1215Kb free=4568Kb
 bounds [0x000001d260a10000, 0x000001d260c80000, 0x000001d260fb0000]
 total_blobs=3429 nmethods=2934 adapters=409
 compilation: enabled
              stopped_count=0, restarted_count=0
 full_count=0

Compilation events (20 events):
Event: 3.560 Thread 0x000001d2739cab40 2834       3       sun.util.locale.LanguageTag::parseExtensions (208 bytes)
Event: 3.561 Thread 0x000001d2739cab40 nmethod 2834 0x000001d261563f90 code [0x000001d261564360, 0x000001d261565b28]
Event: 3.561 Thread 0x000001d2739cab40 2840       3       sun.util.locale.BaseLocale$Key::equals (109 bytes)
Event: 3.562 Thread 0x000001d2739cab40 nmethod 2840 0x000001d261566410 code [0x000001d261566680, 0x000001d261567358]
Event: 3.564 Thread 0x000001d276237750 2846   !   4       org.eclipse.osgi.storage.bundlefile.CloseableBundleFile::lockOpen (113 bytes)
Event: 3.573 Thread 0x000001d276237750 nmethod 2846 0x000001d2685efd90 code [0x000001d2685effa0, 0x000001d2685f0850]
Event: 3.573 Thread 0x000001d276237750 2847       4       java.util.zip.ZipCoder::hash (36 bytes)
Event: 3.577 Thread 0x000001d276237750 nmethod 2847 0x000001d2685f1110 code [0x000001d2685f12a0, 0x000001d2685f1528]
Event: 3.577 Thread 0x000001d276237750 2848   !   4       java.util.zip.ZipFile$Source::getEntryPos (173 bytes)
Event: 3.585 Thread 0x000001d2763e3260 nmethod 2780 0x000001d2685f1790 code [0x000001d2685f1a80, 0x000001d2685f45b8]
Event: 3.595 Thread 0x000001d276237750 nmethod 2848 0x000001d2685f6490 code [0x000001d2685f6660, 0x000001d2685f7308]
Event: 3.596 Thread 0x000001d2739cab40 2849       3       java.util.StringJoiner::checkAddLength (50 bytes)
Event: 3.597 Thread 0x000001d2739cab40 nmethod 2849 0x000001d261567690 code [0x000001d261567860, 0x000001d261567c88]
Event: 3.597 Thread 0x000001d2739cab40 2850       1       org.apache.felix.scr.impl.metadata.ReferenceMetadata::isMultiple (5 bytes)
Event: 3.597 Thread 0x000001d2739cab40 nmethod 2850 0x000001d2685f7d10 code [0x000001d2685f7ea0, 0x000001d2685f7f78]
Event: 3.599 Thread 0x000001d2739cab40 2851       3       java.util.concurrent.CountDownLatch::countDown (10 bytes)
Event: 3.599 Thread 0x000001d2739cab40 nmethod 2851 0x000001d261567e90 code [0x000001d261568060, 0x000001d2615682b8]
Event: 3.599 Thread 0x000001d2739cab40 2852       3       java.util.concurrent.CountDownLatch$Sync::tryReleaseShared (37 bytes)
Event: 3.600 Thread 0x000001d2739cab40 nmethod 2852 0x000001d261568410 code [0x000001d2615685c0, 0x000001d2615688a8]
Event: 3.604 Thread 0x000001d2739cab40 2853       3       jdk.internal.reflect.UnsafeFieldAccessorFactory::newFieldAccessor (638 bytes)

GC Heap History (12 events):
Event: 1.127 GC heap before
{Heap before GC invocations=1 (full 0):
 PSYoungGen      total 29696K, used 25600K [0x00000000eab00000, 0x00000000ecc00000, 0x0000000100000000)
  eden space 25600K, 100% used [0x00000000eab00000,0x00000000ec400000,0x00000000ec400000)
  from space 4096K, 0% used [0x00000000ec800000,0x00000000ec800000,0x00000000ecc00000)
  to   space 4096K, 0% used [0x00000000ec400000,0x00000000ec400000,0x00000000ec800000)
 ParOldGen       total 68608K, used 0K [0x00000000c0000000, 0x00000000c4300000, 0x00000000eab00000)
  object space 68608K, 0% used [0x00000000c0000000,0x00000000c0000000,0x00000000c4300000)
 Metaspace       used 10772K, committed 10944K, reserved 1064960K
  class space    used 1082K, committed 1152K, reserved 1048576K
}
Event: 1.135 GC heap after
{Heap after GC invocations=1 (full 0):
 PSYoungGen      total 29696K, used 3440K [0x00000000eab00000, 0x00000000ecc00000, 0x0000000100000000)
  eden space 25600K, 0% used [0x00000000eab00000,0x00000000eab00000,0x00000000ec400000)
  from space 4096K, 83% used [0x00000000ec400000,0x00000000ec75c1b0,0x00000000ec800000)
  to   space 4096K, 0% used [0x00000000ec800000,0x00000000ec800000,0x00000000ecc00000)
 ParOldGen       total 68608K, used 16K [0x00000000c0000000, 0x00000000c4300000, 0x00000000eab00000)
  object space 68608K, 0% used [0x00000000c0000000,0x00000000c0004000,0x00000000c4300000)
 Metaspace       used 10772K, committed 10944K, reserved 1064960K
  class space    used 1082K, committed 1152K, reserved 1048576K
}
Event: 2.046 GC heap before
{Heap before GC invocations=2 (full 0):
 PSYoungGen      total 29696K, used 29040K [0x00000000eab00000, 0x00000000ecc00000, 0x0000000100000000)
  eden space 25600K, 100% used [0x00000000eab00000,0x00000000ec400000,0x00000000ec400000)
  from space 4096K, 83% used [0x00000000ec400000,0x00000000ec75c1b0,0x00000000ec800000)
  to   space 4096K, 0% used [0x00000000ec800000,0x00000000ec800000,0x00000000ecc00000)
 ParOldGen       total 68608K, used 16K [0x00000000c0000000, 0x00000000c4300000, 0x00000000eab00000)
  object space 68608K, 0% used [0x00000000c0000000,0x00000000c0004000,0x00000000c4300000)
 Metaspace       used 14834K, committed 15168K, reserved 1064960K
  class space    used 1509K, committed 1664K, reserved 1048576K
}
Event: 2.052 GC heap after
{Heap after GC invocations=2 (full 0):
 PSYoungGen      total 29696K, used 4086K [0x00000000eab00000, 0x00000000ecc00000, 0x0000000100000000)
  eden space 25600K, 0% used [0x00000000eab00000,0x00000000eab00000,0x00000000ec400000)
  from space 4096K, 99% used [0x00000000ec800000,0x00000000ecbfd9e0,0x00000000ecc00000)
  to   space 4096K, 0% used [0x00000000ec400000,0x00000000ec400000,0x00000000ec800000)
 ParOldGen       total 68608K, used 1534K [0x00000000c0000000, 0x00000000c4300000, 0x00000000eab00000)
  object space 68608K, 2% used [0x00000000c0000000,0x00000000c017f850,0x00000000c4300000)
 Metaspace       used 14834K, committed 15168K, reserved 1064960K
  class space    used 1509K, committed 1664K, reserved 1048576K
}
Event: 2.787 GC heap before
{Heap before GC invocations=3 (full 0):
 PSYoungGen      total 29696K, used 29686K [0x00000000eab00000, 0x00000000ecc00000, 0x0000000100000000)
  eden space 25600K, 100% used [0x00000000eab00000,0x00000000ec400000,0x00000000ec400000)
  from space 4096K, 99% used [0x00000000ec800000,0x00000000ecbfd9e0,0x00000000ecc00000)
  to   space 4096K, 0% used [0x00000000ec400000,0x00000000ec400000,0x00000000ec800000)
 ParOldGen       total 68608K, used 1534K [0x00000000c0000000, 0x00000000c4300000, 0x00000000eab00000)
  object space 68608K, 2% used [0x00000000c0000000,0x00000000c017f850,0x00000000c4300000)
 Metaspace       used 17927K, committed 18240K, reserved 1064960K
  class space    used 1802K, committed 1920K, reserved 1048576K
}
Event: 2.794 GC heap after
{Heap after GC invocations=3 (full 0):
 PSYoungGen      total 29696K, used 4073K [0x00000000eab00000, 0x00000000ecc00000, 0x0000000100000000)
  eden space 25600K, 0% used [0x00000000eab00000,0x00000000eab00000,0x00000000ec400000)
  from space 4096K, 99% used [0x00000000ec400000,0x00000000ec7fa740,0x00000000ec800000)
  to   space 4096K, 0% used [0x00000000ec800000,0x00000000ec800000,0x00000000ecc00000)
 ParOldGen       total 68608K, used 5763K [0x00000000c0000000, 0x00000000c4300000, 0x00000000eab00000)
  object space 68608K, 8% used [0x00000000c0000000,0x00000000c05a0ea0,0x00000000c4300000)
 Metaspace       used 17927K, committed 18240K, reserved 1064960K
  class space    used 1802K, committed 1920K, reserved 1048576K
}
Event: 3.089 GC heap before
{Heap before GC invocations=4 (full 0):
 PSYoungGen      total 29696K, used 29656K [0x00000000eab00000, 0x00000000ecc00000, 0x0000000100000000)
  eden space 25600K, 99% used [0x00000000eab00000,0x00000000ec3fbbe0,0x00000000ec400000)
  from space 4096K, 99% used [0x00000000ec400000,0x00000000ec7fa740,0x00000000ec800000)
  to   space 4096K, 0% used [0x00000000ec800000,0x00000000ec800000,0x00000000ecc00000)
 ParOldGen       total 68608K, used 5763K [0x00000000c0000000, 0x00000000c4300000, 0x00000000eab00000)
  object space 68608K, 8% used [0x00000000c0000000,0x00000000c05a0ea0,0x00000000c4300000)
 Metaspace       used 20520K, committed 20928K, reserved 1073152K
  class space    used 2057K, committed 2240K, reserved 1048576K
}
Event: 3.093 GC heap after
{Heap after GC invocations=4 (full 0):
 PSYoungGen      total 29696K, used 4079K [0x00000000eab00000, 0x00000000ecc00000, 0x0000000100000000)
  eden space 25600K, 0% used [0x00000000eab00000,0x00000000eab00000,0x00000000ec400000)
  from space 4096K, 99% used [0x00000000ec800000,0x00000000ecbfbcb0,0x00000000ecc00000)
  to   space 4096K, 0% used [0x00000000ec400000,0x00000000ec400000,0x00000000ec800000)
 ParOldGen       total 68608K, used 8026K [0x00000000c0000000, 0x00000000c4300000, 0x00000000eab00000)
  object space 68608K, 11% used [0x00000000c0000000,0x00000000c07d6aa0,0x00000000c4300000)
 Metaspace       used 20520K, committed 20928K, reserved 1073152K
  class space    used 2057K, committed 2240K, reserved 1048576K
}
Event: 3.228 GC heap before
{Heap before GC invocations=5 (full 0):
 PSYoungGen      total 29696K, used 12063K [0x00000000eab00000, 0x00000000ecc00000, 0x0000000100000000)
  eden space 25600K, 31% used [0x00000000eab00000,0x00000000eb2cc170,0x00000000ec400000)
  from space 4096K, 99% used [0x00000000ec800000,0x00000000ecbfbcb0,0x00000000ecc00000)
  to   space 4096K, 0% used [0x00000000ec400000,0x00000000ec400000,0x00000000ec800000)
 ParOldGen       total 68608K, used 8026K [0x00000000c0000000, 0x00000000c4300000, 0x00000000eab00000)
  object space 68608K, 11% used [0x00000000c0000000,0x00000000c07d6aa0,0x00000000c4300000)
 Metaspace       used 21090K, committed 21504K, reserved 1073152K
  class space    used 2114K, committed 2304K, reserved 1048576K
}
Event: 3.231 GC heap after
{Heap after GC invocations=5 (full 0):
 PSYoungGen      total 29696K, used 4066K [0x00000000eab00000, 0x00000000ecf00000, 0x0000000100000000)
  eden space 25600K, 0% used [0x00000000eab00000,0x00000000eab00000,0x00000000ec400000)
  from space 4096K, 99% used [0x00000000ec400000,0x00000000ec7f8ba0,0x00000000ec800000)
  to   space 5632K, 0% used [0x00000000ec980000,0x00000000ec980000,0x00000000ecf00000)
 ParOldGen       total 68608K, used 8802K [0x00000000c0000000, 0x00000000c4300000, 0x00000000eab00000)
  object space 68608K, 12% used [0x00000000c0000000,0x00000000c0898aa0,0x00000000c4300000)
 Metaspace       used 21090K, committed 21504K, reserved 1073152K
  class space    used 2114K, committed 2304K, reserved 1048576K
}
Event: 3.231 GC heap before
{Heap before GC invocations=6 (full 1):
 PSYoungGen      total 29696K, used 4066K [0x00000000eab00000, 0x00000000ecf00000, 0x0000000100000000)
  eden space 25600K, 0% used [0x00000000eab00000,0x00000000eab00000,0x00000000ec400000)
  from space 4096K, 99% used [0x00000000ec400000,0x00000000ec7f8ba0,0x00000000ec800000)
  to   space 5632K, 0% used [0x00000000ec980000,0x00000000ec980000,0x00000000ecf00000)
 ParOldGen       total 68608K, used 8802K [0x00000000c0000000, 0x00000000c4300000, 0x00000000eab00000)
  object space 68608K, 12% used [0x00000000c0000000,0x00000000c0898aa0,0x00000000c4300000)
 Metaspace       used 21090K, committed 21504K, reserved 1073152K
  class space    used 2114K, committed 2304K, reserved 1048576K
}
Event: 3.251 GC heap after
{Heap after GC invocations=6 (full 1):
 PSYoungGen      total 29696K, used 0K [0x00000000eab00000, 0x00000000ecf00000, 0x0000000100000000)
  eden space 25600K, 0% used [0x00000000eab00000,0x00000000eab00000,0x00000000ec400000)
  from space 4096K, 0% used [0x00000000ec400000,0x00000000ec400000,0x00000000ec800000)
  to   space 5632K, 0% used [0x00000000ec980000,0x00000000ec980000,0x00000000ecf00000)
 ParOldGen       total 68608K, used 11999K [0x00000000c0000000, 0x00000000c4300000, 0x00000000eab00000)
  object space 68608K, 17% used [0x00000000c0000000,0x00000000c0bb7e90,0x00000000c4300000)
 Metaspace       used 21076K, committed 21504K, reserved 1073152K
  class space    used 2111K, committed 2304K, reserved 1048576K
}

Deoptimization events (20 events):
Event: 3.135 Thread 0x000001d275e18ac0 DEOPT PACKING pc=0x000001d2614927ce sp=0x00000068c62f7870
Event: 3.135 Thread 0x000001d275e18ac0 DEOPT UNPACKING pc=0x000001d260a62843 sp=0x00000068c62f6cb8 mode 0
Event: 3.151 Thread 0x000001d275e18ac0 Uncommon trap: trap_request=0xffffff45 fr.pc=0x000001d2685c97b0 relative=0x0000000000000090
Event: 3.151 Thread 0x000001d275e18ac0 Uncommon trap: reason=unstable_if action=reinterpret pc=0x000001d2685c97b0 method=org.eclipse.core.runtime.Path.equals(Ljava/lang/Object;)Z @ 35 c2
Event: 3.151 Thread 0x000001d275e18ac0 DEOPT PACKING pc=0x000001d2685c97b0 sp=0x00000068c62f9700
Event: 3.151 Thread 0x000001d275e18ac0 DEOPT UNPACKING pc=0x000001d260a620a3 sp=0x00000068c62f9680 mode 2
Event: 3.385 Thread 0x000001d275e18ac0 DEOPT PACKING pc=0x000001d2614927ce sp=0x00000068c62f37d0
Event: 3.385 Thread 0x000001d275e18ac0 DEOPT UNPACKING pc=0x000001d260a62843 sp=0x00000068c62f2c18 mode 0
Event: 3.420 Thread 0x000001d275e18ac0 Uncommon trap: trap_request=0xffffff45 fr.pc=0x000001d268528908 relative=0x0000000000001e08
Event: 3.420 Thread 0x000001d275e18ac0 Uncommon trap: reason=unstable_if action=reinterpret pc=0x000001d268528908 method=java.util.jar.Manifest$FastInputStream.peek()B @ 8 c2
Event: 3.420 Thread 0x000001d275e18ac0 DEOPT PACKING pc=0x000001d268528908 sp=0x00000068c62f37c0
Event: 3.420 Thread 0x000001d275e18ac0 DEOPT UNPACKING pc=0x000001d260a620a3 sp=0x00000068c62f3758 mode 2
Event: 3.424 Thread 0x000001d275e18ac0 Uncommon trap: trap_request=0xffffff45 fr.pc=0x000001d268599984 relative=0x0000000000000084
Event: 3.424 Thread 0x000001d275e18ac0 Uncommon trap: reason=unstable_if action=reinterpret pc=0x000001d268599984 method=java.util.jar.Manifest$FastInputStream.peek()B @ 8 c2
Event: 3.424 Thread 0x000001d275e18ac0 DEOPT PACKING pc=0x000001d268599984 sp=0x00000068c62f37c0
Event: 3.424 Thread 0x000001d275e18ac0 DEOPT UNPACKING pc=0x000001d260a620a3 sp=0x00000068c62f3758 mode 2
Event: 3.487 Thread 0x000001d275e18ac0 Uncommon trap: trap_request=0xffffff45 fr.pc=0x000001d268518f8c relative=0x00000000000005cc
Event: 3.487 Thread 0x000001d275e18ac0 Uncommon trap: reason=unstable_if action=reinterpret pc=0x000001d268518f8c method=java.util.jar.Manifest$FastInputStream.readLine([BII)I @ 130 c2
Event: 3.487 Thread 0x000001d275e18ac0 DEOPT PACKING pc=0x000001d268518f8c sp=0x00000068c62f1c50
Event: 3.487 Thread 0x000001d275e18ac0 DEOPT UNPACKING pc=0x000001d260a620a3 sp=0x00000068c62f1be0 mode 2

Classes unloaded (7 events):
Event: 3.234 Thread 0x000001d271acb820 Unloading class 0x0000000100214800 'java/lang/invoke/LambdaForm$MH+0x0000000100214800'
Event: 3.234 Thread 0x000001d271acb820 Unloading class 0x0000000100214400 'java/lang/invoke/LambdaForm$MH+0x0000000100214400'
Event: 3.234 Thread 0x000001d271acb820 Unloading class 0x0000000100214000 'java/lang/invoke/LambdaForm$MH+0x0000000100214000'
Event: 3.234 Thread 0x000001d271acb820 Unloading class 0x0000000100213c00 'java/lang/invoke/LambdaForm$MH+0x0000000100213c00'
Event: 3.234 Thread 0x000001d271acb820 Unloading class 0x0000000100213400 'java/lang/invoke/LambdaForm$BMH+0x0000000100213400'
Event: 3.234 Thread 0x000001d271acb820 Unloading class 0x0000000100213000 'java/lang/invoke/LambdaForm$DMH+0x0000000100213000'
Event: 3.234 Thread 0x000001d271acb820 Unloading class 0x0000000100210400 'java/lang/invoke/LambdaForm$DMH+0x0000000100210400'

Classes redefined (0 events):
No events

Internal exceptions (20 events):
Event: 1.123 Thread 0x000001d25dd84e90 Exception <a 'java/lang/NoSuchMethodError'{0x00000000ec3f1228}: 'void java.lang.invoke.DirectMethodHandle$Holder.invokeSpecial(java.lang.Object, java.lang.Object, java.lang.Object)'> (0x00000000ec3f1228) 
thrown [e:\jenkins\tmp\workspace\build\src\src\hotspot\share\interpreter\linkResolver.cpp, line 766]
Event: 1.580 Thread 0x000001d25dd84e90 Exception <a 'java/lang/NoSuchMethodError'{0x00000000eb7b8f30}: 'java.lang.Object java.lang.invoke.DirectMethodHandle$Holder.newInvokeSpecial(java.lang.Object, int, java.lang.Object)'> (0x00000000eb7b8f30) 
thrown [e:\jenkins\tmp\workspace\build\src\src\hotspot\share\interpreter\linkResolver.cpp, line 766]
Event: 1.861 Thread 0x000001d25dd84e90 Exception <a 'java/lang/UnsatisfiedLinkError'{0x00000000ebd407f0}: 'void org.eclipse.equinox.launcher.JNIBridge._update_splash()'> (0x00000000ebd407f0) 
thrown [e:\jenkins\tmp\workspace\build\src\src\hotspot\share\prims\nativeLookup.cpp, line 543]
Event: 1.929 Thread 0x000001d275e18ac0 Exception <a 'java/lang/NoSuchMethodError'{0x00000000ec004248}: 'java.lang.Object java.lang.invoke.DirectMethodHandle$Holder.invokeStaticInit(java.lang.Object)'> (0x00000000ec004248) 
thrown [e:\jenkins\tmp\workspace\build\src\src\hotspot\share\interpreter\linkResolver.cpp, line 766]
Event: 2.656 Thread 0x000001d275e18ac0 Exception <a 'java/io/FileNotFoundException'{0x00000000ebd74e48}> (0x00000000ebd74e48) 
thrown [e:\jenkins\tmp\workspace\build\src\src\hotspot\share\prims\jni.cpp, line 516]
Event: 2.662 Thread 0x000001d275e18ac0 Exception <a 'java/lang/NullPointerException'{0x00000000ebdbe228}> (0x00000000ebdbe228) 
thrown [e:\jenkins\tmp\workspace\build\src\src\hotspot\share\interpreter\linkResolver.cpp, line 1357]
Event: 2.662 Thread 0x000001d275e18ac0 Exception <a 'java/lang/NullPointerException'{0x00000000ebdbea50}> (0x00000000ebdbea50) 
thrown [e:\jenkins\tmp\workspace\build\src\src\hotspot\share\interpreter\linkResolver.cpp, line 1357]
Event: 2.835 Thread 0x000001d275e18ac0 Exception <a 'java/lang/NoSuchMethodError'{0x00000000eada4460}: 'void java.lang.invoke.DirectMethodHandle$Holder.invokeInterface(java.lang.Object, java.lang.Object, java.lang.Object)'> (0x00000000eada4460) 
thrown [e:\jenkins\tmp\workspace\build\src\src\hotspot\share\interpreter\linkResolver.cpp, line 766]
Event: 2.887 Thread 0x000001d275e18ac0 Exception <a 'java/lang/NoSuchMethodError'{0x00000000eb0faa00}: 'java.lang.Object java.lang.invoke.Invokers$Holder.invokeExact_MT(java.lang.Object, java.lang.Object, java.lang.Object, java.lang.Object, java.lang.Object, java.lang.Object)'> (0x00000000eb0faa00) 
thrown [e:\jenkins\tmp\workspace\build\src\src\hotspot\share\interpreter\linkResolver.cpp, line 766]
Event: 2.906 Thread 0x000001d275e18ac0 Exception <a 'java/lang/NoSuchMethodError'{0x00000000eb1e45d0}: 'java.lang.Object java.lang.invoke.DirectMethodHandle$Holder.invokeStatic(java.lang.Object, java.lang.Object, int)'> (0x00000000eb1e45d0) 
thrown [e:\jenkins\tmp\workspace\build\src\src\hotspot\share\interpreter\linkResolver.cpp, line 766]
Event: 2.906 Thread 0x000001d275e18ac0 Exception <a 'java/lang/NoSuchMethodError'{0x00000000eb1e9180}: 'void java.lang.invoke.DirectMethodHandle$Holder.invokeStatic(java.lang.Object, java.lang.Object, int, java.lang.Object)'> (0x00000000eb1e9180) 
thrown [e:\jenkins\tmp\workspace\build\src\src\hotspot\share\interpreter\linkResolver.cpp, line 766]
Event: 2.907 Thread 0x000001d275e18ac0 Exception <a 'java/lang/NoSuchMethodError'{0x00000000eb1f08b0}: 'void java.lang.invoke.DelegatingMethodHandle$Holder.delegate(java.lang.Object, java.lang.Object, int, java.lang.Object)'> (0x00000000eb1f08b0) 
thrown [e:\jenkins\tmp\workspace\build\src\src\hotspot\share\interpreter\linkResolver.cpp, line 766]
Event: 2.907 Thread 0x000001d275e18ac0 Exception <a 'java/lang/NoSuchMethodError'{0x00000000eb1f4c98}: 'int java.lang.invoke.DirectMethodHandle$Holder.invokeSpecial(java.lang.Object, java.lang.Object, java.lang.Object)'> (0x00000000eb1f4c98) 
thrown [e:\jenkins\tmp\workspace\build\src\src\hotspot\share\interpreter\linkResolver.cpp, line 766]
Event: 2.909 Thread 0x000001d275e18ac0 Exception <a 'java/lang/NoSuchMethodError'{0x00000000eb206500}: 'int java.lang.invoke.DirectMethodHandle$Holder.invokeStatic(java.lang.Object, java.lang.Object, int)'> (0x00000000eb206500) 
thrown [e:\jenkins\tmp\workspace\build\src\src\hotspot\share\interpreter\linkResolver.cpp, line 766]
Event: 2.910 Thread 0x000001d275e18ac0 Exception <a 'java/lang/NoSuchMethodError'{0x00000000eb20a528}: 'int java.lang.invoke.DirectMethodHandle$Holder.invokeSpecial(java.lang.Object, java.lang.Object, java.lang.Object, int)'> (0x00000000eb20a528) 
thrown [e:\jenkins\tmp\workspace\build\src\src\hotspot\share\interpreter\linkResolver.cpp, line 766]
Event: 2.912 Thread 0x000001d275e18ac0 Exception <a 'java/lang/NoSuchMethodError'{0x00000000eb225fc8}: 'java.lang.Object java.lang.invoke.DirectMethodHandle$Holder.invokeStatic(java.lang.Object, java.lang.Object, java.lang.Object, java.lang.Object, int)'> (0x00000000eb225fc8) 
thrown [e:\jenkins\tmp\workspace\build\src\src\hotspot\share\interpreter\linkResolver.cpp, line 766]
Event: 2.914 Thread 0x000001d275e18ac0 Exception <a 'java/lang/NoSuchMethodError'{0x00000000eb232338}: 'java.lang.Object java.lang.invoke.DelegatingMethodHandle$Holder.reinvoke_L(java.lang.Object, java.lang.Object, java.lang.Object, java.lang.Object, int, int)'> (0x00000000eb232338) 
thrown [e:\jenkins\tmp\workspace\build\src\src\hotspot\share\interpreter\linkResolver.cpp, line 766]
Event: 2.917 Thread 0x000001d275e18ac0 Exception <a 'java/lang/NoSuchMethodError'{0x00000000eb24a0b0}: 'java.lang.Object java.lang.invoke.Invokers$Holder.invokeExact_MT(java.lang.Object, java.lang.Object, java.lang.Object, java.lang.Object)'> (0x00000000eb24a0b0) 
thrown [e:\jenkins\tmp\workspace\build\src\src\hotspot\share\interpreter\linkResolver.cpp, line 766]
Event: 3.227 Thread 0x000001d275e18ac0 Exception <a 'java/lang/NoSuchMethodError'{0x00000000eb288928}: 'int java.lang.invoke.DirectMethodHandle$Holder.invokeStaticInit(java.lang.Object, java.lang.Object, java.lang.Object)'> (0x00000000eb288928) 
thrown [e:\jenkins\tmp\workspace\build\src\src\hotspot\share\interpreter\linkResolver.cpp, line 766]
Event: 3.260 Thread 0x000001d275e18ac0 Exception <a 'java/lang/IncompatibleClassChangeError'{0x00000000eabbc638}: Found class java.lang.Object, but interface was expected> (0x00000000eabbc638) 
thrown [e:\jenkins\tmp\workspace\build\src\src\hotspot\share\interpreter\linkResolver.cpp, line 833]

VM Operations (20 events):
Event: 2.814 Executing VM operation: HandshakeAllThreads
Event: 2.815 Executing VM operation: HandshakeAllThreads done
Event: 2.905 Executing VM operation: HandshakeAllThreads
Event: 2.905 Executing VM operation: HandshakeAllThreads done
Event: 2.994 Executing VM operation: HandshakeAllThreads
Event: 2.994 Executing VM operation: HandshakeAllThreads done
Event: 3.089 Executing VM operation: ParallelGCFailedAllocation
Event: 3.093 Executing VM operation: ParallelGCFailedAllocation done
Event: 3.197 Executing VM operation: HandshakeAllThreads
Event: 3.197 Executing VM operation: HandshakeAllThreads done
Event: 3.228 Executing VM operation: CollectForMetadataAllocation
Event: 3.251 Executing VM operation: CollectForMetadataAllocation done
Event: 3.278 Executing VM operation: HandshakeAllThreads
Event: 3.278 Executing VM operation: HandshakeAllThreads done
Event: 3.511 Executing VM operation: HandshakeAllThreads
Event: 3.511 Executing VM operation: HandshakeAllThreads done
Event: 3.603 Executing VM operation: HandshakeAllThreads
Event: 3.603 Executing VM operation: HandshakeAllThreads done
Event: 3.603 Executing VM operation: HandshakeAllThreads
Event: 3.603 Executing VM operation: HandshakeAllThreads done

Events (20 events):
Event: 3.322 loading class java/security/Policy$UnsupportedEmptyCollection done
Event: 3.322 loading class java/security/Policy$PolicyInfo
Event: 3.322 loading class java/security/Policy$PolicyInfo done
Event: 3.439 loading class java/io/FileReader
Event: 3.439 loading class java/io/FileReader done
Event: 3.439 loading class java/io/FileWriter
Event: 3.439 loading class java/io/FileWriter done
Event: 3.465 Thread 0x000001d2764ec190 Thread added: 0x000001d2764ec190
Event: 3.497 loading class java/text/MessageFormat
Event: 3.498 loading class java/text/MessageFormat done
Event: 3.498 loading class java/text/MessageFormat$Field
Event: 3.498 loading class java/text/MessageFormat$Field done
Event: 3.518 loading class java/io/StringReader
Event: 3.518 loading class java/io/StringReader done
Event: 3.549 loading class java/text/ParseException
Event: 3.549 loading class java/text/ParseException done
Event: 3.556 loading class sun/text/resources/cldr/FormatData_en
Event: 3.556 loading class sun/text/resources/cldr/FormatData_en done
Event: 3.557 loading class sun/text/resources/cldr/FormatData_en_US
Event: 3.557 loading class sun/text/resources/cldr/FormatData_en_US done


Dynamic libraries:
0x00007ff67e720000 - 0x00007ff67e72e000 	c:\Users\lee\.vscode\extensions\redhat.java-1.9.0-win32-x64\jre\17.0.3-win32-x86_64\bin\java.exe
0x00007ff91d330000 - 0x00007ff91d527000 	C:\WINDOWS\SYSTEM32\ntdll.dll
0x00007ff91cfb0000 - 0x00007ff91d06d000 	C:\WINDOWS\System32\KERNEL32.DLL
0x00007ff91b000000 - 0x00007ff91b2cd000 	C:\WINDOWS\System32\KERNELBASE.dll
0x00007ff91aa50000 - 0x00007ff91ab50000 	C:\WINDOWS\System32\ucrtbase.dll
0x00007ff906f20000 - 0x00007ff906f39000 	c:\Users\lee\.vscode\extensions\redhat.java-1.9.0-win32-x64\jre\17.0.3-win32-x86_64\bin\VCRUNTIME140.dll
0x00007ff9036f0000 - 0x00007ff903708000 	c:\Users\lee\.vscode\extensions\redhat.java-1.9.0-win32-x64\jre\17.0.3-win32-x86_64\bin\jli.dll
0x00007ff91c700000 - 0x00007ff91c8a0000 	C:\WINDOWS\System32\USER32.dll
0x00007ff91b360000 - 0x00007ff91b382000 	C:\WINDOWS\System32\win32u.dll
0x00007ff91ccd0000 - 0x00007ff91ccfa000 	C:\WINDOWS\System32\GDI32.dll
0x00007ff91abc0000 - 0x00007ff91accb000 	C:\WINDOWS\System32\gdi32full.dll
0x00007ff91af30000 - 0x00007ff91afcd000 	C:\WINDOWS\System32\msvcp_win.dll
0x00007ff9085f0000 - 0x00007ff90888a000 	C:\WINDOWS\WinSxS\amd64_microsoft.windows.common-controls_6595b64144ccf1df_6.0.19041.1110_none_60b5254171f9507e\COMCTL32.dll
0x00007ff91cc30000 - 0x00007ff91ccce000 	C:\WINDOWS\System32\msvcrt.dll
0x00007ff91cad0000 - 0x00007ff91cb00000 	C:\WINDOWS\System32\IMM32.DLL
0x00007ff917ba0000 - 0x00007ff917bac000 	c:\Users\lee\.vscode\extensions\redhat.java-1.9.0-win32-x64\jre\17.0.3-win32-x86_64\bin\vcruntime140_1.dll
0x00007ff8eeb20000 - 0x00007ff8eebb1000 	c:\Users\lee\.vscode\extensions\redhat.java-1.9.0-win32-x64\jre\17.0.3-win32-x86_64\bin\msvcp140.dll
0x00007ff8e7a30000 - 0x00007ff8e8678000 	c:\Users\lee\.vscode\extensions\redhat.java-1.9.0-win32-x64\jre\17.0.3-win32-x86_64\bin\server\jvm.dll
0x00007ff91cb80000 - 0x00007ff91cc2e000 	C:\WINDOWS\System32\ADVAPI32.dll
0x00007ff91c900000 - 0x00007ff91c99c000 	C:\WINDOWS\System32\sechost.dll
0x00007ff91bff0000 - 0x00007ff91c115000 	C:\WINDOWS\System32\RPCRT4.dll
0x00007ff91b440000 - 0x00007ff91b448000 	C:\WINDOWS\System32\PSAPI.DLL
0x00007ff918f50000 - 0x00007ff918f77000 	C:\WINDOWS\SYSTEM32\WINMM.dll
0x00007ff9124f0000 - 0x00007ff9124f9000 	C:\WINDOWS\SYSTEM32\WSOCK32.dll
0x00007ff90ff90000 - 0x00007ff90ff9a000 	C:\WINDOWS\SYSTEM32\VERSION.dll
0x00007ff91ca50000 - 0x00007ff91cabb000 	C:\WINDOWS\System32\WS2_32.dll
0x00007ff9192a0000 - 0x00007ff9192b2000 	C:\WINDOWS\SYSTEM32\kernel.appcore.dll
0x00007ff915e30000 - 0x00007ff915e3a000 	c:\Users\lee\.vscode\extensions\redhat.java-1.9.0-win32-x64\jre\17.0.3-win32-x86_64\bin\jimage.dll
0x00007ff918d40000 - 0x00007ff918f24000 	C:\WINDOWS\SYSTEM32\DBGHELP.DLL
0x00007ff918d10000 - 0x00007ff918d3c000 	C:\WINDOWS\SYSTEM32\dbgcore.DLL
0x00007ff91b2d0000 - 0x00007ff91b352000 	C:\WINDOWS\System32\bcryptPrimitives.dll
0x00007ff9146f0000 - 0x00007ff9146fe000 	c:\Users\lee\.vscode\extensions\redhat.java-1.9.0-win32-x64\jre\17.0.3-win32-x86_64\bin\instrument.dll
0x00007ff8ff9c0000 - 0x00007ff8ff9e5000 	c:\Users\lee\.vscode\extensions\redhat.java-1.9.0-win32-x64\jre\17.0.3-win32-x86_64\bin\java.dll
0x00007ff9036d0000 - 0x00007ff9036e8000 	c:\Users\lee\.vscode\extensions\redhat.java-1.9.0-win32-x64\jre\17.0.3-win32-x86_64\bin\zip.dll
0x00007ff91b8a0000 - 0x00007ff91bfe4000 	C:\WINDOWS\System32\SHELL32.dll
0x00007ff9184a0000 - 0x00007ff918c34000 	C:\WINDOWS\SYSTEM32\windows.storage.dll
0x00007ff91b450000 - 0x00007ff91b7a4000 	C:\WINDOWS\System32\combase.dll
0x00007ff91a4b0000 - 0x00007ff91a4dc000 	C:\WINDOWS\SYSTEM32\Wldp.dll
0x00007ff91b390000 - 0x00007ff91b43d000 	C:\WINDOWS\System32\SHCORE.dll
0x00007ff91c8a0000 - 0x00007ff91c8f5000 	C:\WINDOWS\System32\shlwapi.dll
0x00007ff91a990000 - 0x00007ff91a9af000 	C:\WINDOWS\SYSTEM32\profapi.dll
0x00007ff902e20000 - 0x00007ff902e39000 	C:\Users\lee\.vscode\extensions\redhat.java-1.9.0-win32-x64\jre\17.0.3-win32-x86_64\bin\net.dll
0x00007ff9120b0000 - 0x00007ff9121ba000 	C:\WINDOWS\SYSTEM32\WINHTTP.dll
0x00007ff91a1f0000 - 0x00007ff91a25a000 	C:\WINDOWS\system32\mswsock.dll
0x00007ff902a00000 - 0x00007ff902a15000 	C:\Users\lee\.vscode\extensions\redhat.java-1.9.0-win32-x64\jre\17.0.3-win32-x86_64\bin\nio.dll
0x00007ff913b90000 - 0x00007ff913ba0000 	c:\Users\lee\.vscode\extensions\redhat.java-1.9.0-win32-x64\jre\17.0.3-win32-x86_64\bin\verify.dll
0x00007ff8f15a0000 - 0x00007ff8f15de000 	C:\Users\lee\AppData\Roaming\Code\User\globalStorage\redhat.java\1.9.0\config_win\org.eclipse.equinox.launcher\org.eclipse.equinox.launcher.win32.win32.x86_64_1.2.500.v20220509-0833\eclipse_11700.dll
0x00007ff91ce80000 - 0x00007ff91cfaa000 	C:\WINDOWS\System32\ole32.dll

dbghelp: loaded successfully - version: 4.0.5 - missing functions: none
symbol engine: initialized successfully - sym options: 0x614 - pdb path: .;c:\Users\lee\.vscode\extensions\redhat.java-1.9.0-win32-x64\jre\17.0.3-win32-x86_64\bin;C:\WINDOWS\SYSTEM32;C:\WINDOWS\WinSxS\amd64_microsoft.windows.common-controls_6595b64144ccf1df_6.0.19041.1110_none_60b5254171f9507e;c:\Users\lee\.vscode\extensions\redhat.java-1.9.0-win32-x64\jre\17.0.3-win32-x86_64\bin\server;C:\Users\lee\AppData\Roaming\Code\User\globalStorage\redhat.java\1.9.0\config_win\org.eclipse.equinox.launcher\org.eclipse.equinox.launcher.win32.win32.x86_64_1.2.500.v20220509-0833

VM Arguments:
jvm_args: --add-modules=ALL-SYSTEM --add-opens=java.base/java.util=ALL-UNNAMED --add-opens=java.base/java.lang=ALL-UNNAMED --add-opens=java.base/sun.nio.fs=ALL-UNNAMED -Declipse.application=org.eclipse.jdt.ls.core.id1 -Dosgi.bundles.defaultStartLevel=4 -Declipse.product=org.eclipse.jdt.ls.core.product -Djava.import.generatesMetadataFilesAtProjectRoot=false -Dfile.encoding=utf8 -DwatchParentProcess=false -XX:+UseParallelGC -XX:GCTimeRatio=4 -XX:AdaptiveSizePolicyWeight=90 -Dsun.zip.disableMemoryMapping=true -Xmx1G -Xms100m -javaagent:c:\Users\lee\.vscode\extensions\redhat.java-1.9.0-win32-x64\lombok\lombok-1.18.24.jar -XX:+HeapDumpOnOutOfMemoryError -XX:HeapDumpPath=c:\Users\lee\AppData\Roaming\Code\User\workspaceStorage\ff560af8b37b3a079479e893db2692fe\redhat.java 
java_command: c:\Users\lee\.vscode\extensions\redhat.java-1.9.0-win32-x64\server\plugins\org.eclipse.equinox.launcher_1.6.400.v20210924-0641.jar -configuration c:\Users\lee\AppData\Roaming\Code\User\globalStorage\redhat.java\1.9.0\config_win -data c:\Users\lee\AppData\Roaming\Code\User\workspaceStorage\ff560af8b37b3a079479e893db2692fe\redhat.java\jdt_ws
java_class_path (initial): c:\Users\lee\.vscode\extensions\redhat.java-1.9.0-win32-x64\server\plugins\org.eclipse.equinox.launcher_1.6.400.v20210924-0641.jar
Launcher Type: SUN_STANDARD

[Global flags]
    uintx AdaptiveSizePolicyWeight                 = 90                                        {product} {command line}
     intx CICompilerCount                          = 4                                         {product} {ergonomic}
    uintx GCTimeRatio                              = 4                                         {product} {command line}
     bool HeapDumpOnOutOfMemoryError               = true                                   {manageable} {command line}
    ccstr HeapDumpPath                             = c:\Users\lee\AppData\Roaming\Code\User\workspaceStorage\ff560af8b37b3a079479e893db2692fe\redhat.java         {manageable} {command line}
   size_t InitialHeapSize                          = 104857600                                 {product} {command line}
   size_t MaxHeapSize                              = 1073741824                                {product} {command line}
   size_t MaxNewSize                               = 357564416                                 {product} {ergonomic}
   size_t MinHeapDeltaBytes                        = 524288                                    {product} {ergonomic}
   size_t MinHeapSize                              = 104857600                                 {product} {command line}
   size_t NewSize                                  = 34603008                                  {product} {ergonomic}
    uintx NonNMethodCodeHeapSize                   = 5839372                                {pd product} {ergonomic}
    uintx NonProfiledCodeHeapSize                  = 122909434                              {pd product} {ergonomic}
   size_t OldSize                                  = 70254592                                  {product} {ergonomic}
    uintx ProfiledCodeHeapSize                     = 122909434                              {pd product} {ergonomic}
    uintx ReservedCodeCacheSize                    = 251658240                              {pd product} {ergonomic}
     bool SegmentedCodeCache                       = true                                      {product} {ergonomic}
   size_t SoftMaxHeapSize                          = 1073741824                             {manageable} {ergonomic}
     bool UseCompressedClassPointers               = true                           {product lp64_product} {ergonomic}
     bool UseCompressedOops                        = true                           {product lp64_product} {ergonomic}
     bool UseLargePagesIndividualAllocation        = false                                  {pd product} {ergonomic}
     bool UseParallelGC                            = true                                      {product} {command line}

Logging:
Log output configuration:
 #0: stdout all=warning uptime,level,tags
 #1: stderr all=off uptime,level,tags

Environment Variables:
JAVA_HOME=C:\Program Files\Java\jdk1.8.0_301
CLASSPATH=.;C:\Program Files\Java\jdk1.8.0_301\lib\dt.jar;C:\Program Files\Java\jdk1.8.0_301\lib\tools.jar
PATH=D:\Software\texlive\2020\bin\win32;C:\WINDOWS\system32;C:\WINDOWS;C:\WINDOWS\System32\Wbem;C:\WINDOWS\System32\WindowsPowerShell\v1.0\;C:\WINDOWS\System32\OpenSSH\;D:\Software\cmder;C:\Program Files\CodeBlocks\MinGW\bin;D:\Software\calibre\;D:\Software\latex\MiKTeX\miktex\bin\x64\;C:\Users\lee\AppData\Roaming\nvm;C:\Program Files\nodejs;D:\Software\Bitvise SSH Client;C:\Program Files\Git\cmd;C:\Program Files\Graphviz\bin;D:\Software\Nodejs\;C:\Program Files\apache-maven-3.8.3\bin;C:\Program Files\Java\jdk1.8.0_301\bin;C:\Program Files\Java\jdk1.8.0_301\jre\bin;D:\Software\Graphviz\bin;C:\Program Files\Docker\Docker\resources\bin;C:\ProgramData\DockerDesktop\version-bin;C:\Users\lee\AppData\Local\Programs\anaconda3;C:\Users\lee\AppData\Local\Programs\anaconda3\Library\mingw-w64\bin;C:\Users\lee\AppData\Local\Programs\anaconda3\Library\usr\bin;C:\Users\lee\AppData\Local\Programs\anaconda3\Library\bin;C:\Users\lee\AppData\Local\Programs\anaconda3\Scripts;C:\Users\lee\AppData\Local\Microsoft\WindowsApps;D:\Software\BandiZip\;C:\Users\lee\AppData\Local\GitHubDesktop\bin;C:\Users\lee\AppData\Local\Programs\Microsoft VS Code\bin;C:\Users\lee\AppData\Roaming\nvm;C:\Program Files\nodejs;D:\Software\GoLand 2020.3.4\bin;;C:\Users\lee\AppData\Local\Microsoft\WindowsApps;C:\Program Files\Graphviz\bin;C:\Users\lee\AppData\Roaming\npm;D:\Software\gnuplot\bin;;C:\Users\lee\AppData\Local\JetBrains\Toolbox\scripts
USERNAME=lee
OS=Windows_NT
PROCESSOR_IDENTIFIER=AMD64 Family 23 Model 96 Stepping 1, AuthenticAMD



---------------  S Y S T E M  ---------------

OS:
 Windows 10 , 64 bit Build 19041 (10.0.19041.1741)
OS uptime: 2 days 22:35 hours
Hyper-V role detected

CPU: total 12 (initial active 12) (12 cores per cpu, 2 threads per core) family 23 model 96 stepping 1 microcode 0x0, cx8, cmov, fxsr, ht, mmx, 3dnowpref, sse, sse2, sse3, ssse3, sse4a, sse4.1, sse4.2, popcnt, lzcnt, tsc, tscinvbit, avx, avx2, aes, clmul, bmi1, bmi2, adx, sha, fma, vzeroupper, clflush, clflushopt, hv

Memory: 4k page, system-wide physical 15734M (2180M free)
TotalPageFile size 23926M (AvailPageFile size 63M)
current process WorkingSet (physical memory assigned to process): 129M, peak: 129M
current process commit charge ("private bytes"): 239M, peak: 239M

vm_info: OpenJDK 64-Bit Server VM (17.0.3+7) for windows-amd64 JRE (17.0.3+7), built on Apr 19 2022 16:55:35 by "" with MS VC++ 16.7 (VS2019)

END.
