#
# There is insufficient memory for the Java Runtime Environment to continue.
# Native memory allocation (mmap) failed to map 65536 bytes for Failed to commit metaspace.
# Possible reasons:
#   The system is out of physical RAM or swap space
#   The process is running with CompressedOops enabled, and the Java Heap may be blocking the growth of the native heap
# Possible solutions:
#   Reduce memory load on the system
#   Increase physical memory or swap space
#   Check if swap backing store is full
#   Decrease Java heap size (-Xmx/-Xms)
#   Decrease number of Java threads
#   Decrease Java thread stack sizes (-Xss)
#   Set larger code cache with -XX:ReservedCodeCacheSize=
#   JVM is running with Unscaled Compressed Oops mode in which the Java heap is
#     placed in the first 4GB address space. The Java Heap base address is the
#     maximum limit for the native heap growth. Please use -XX:HeapBaseMinAddress
#     to set the Java Heap base and to place the Java Heap above 4GB virtual address.
# This output file may be truncated or incomplete.
#
#  Out of Memory Error (virtualSpaceNode.cpp:110), pid=42696, tid=18424
#
# JRE version: OpenJDK Runtime Environment Temurin-17.0.3+7 (17.0.3+7) (build 17.0.3+7)
# Java VM: OpenJDK 64-Bit Server VM Temurin-17.0.3+7 (17.0.3+7, mixed mode, tiered, compressed oops, compressed class ptrs, parallel gc, windows-amd64)
# No core dump will be written. Minidumps are not enabled by default on client versions of Windows
#

---------------  S U M M A R Y ------------

Command Line: --add-modules=ALL-SYSTEM --add-opens=java.base/java.util=ALL-UNNAMED --add-opens=java.base/java.lang=ALL-UNNAMED --add-opens=java.base/sun.nio.fs=ALL-UNNAMED -Declipse.application=org.eclipse.jdt.ls.core.id1 -Dosgi.bundles.defaultStartLevel=4 -Declipse.product=org.eclipse.jdt.ls.core.product -Djava.import.generatesMetadataFilesAtProjectRoot=false -Dfile.encoding=utf8 -DwatchParentProcess=false -XX:+UseParallelGC -XX:GCTimeRatio=4 -XX:AdaptiveSizePolicyWeight=90 -Dsun.zip.disableMemoryMapping=true -Xmx1G -Xms100m -javaagent:c:\Users\lee\.vscode\extensions\redhat.java-1.9.0-win32-x64\lombok\lombok-1.18.24.jar -XX:+HeapDumpOnOutOfMemoryError -XX:HeapDumpPath=c:\Users\lee\AppData\Roaming\Code\User\workspaceStorage\ff560af8b37b3a079479e893db2692fe\redhat.java c:\Users\lee\.vscode\extensions\redhat.java-1.9.0-win32-x64\server\plugins\org.eclipse.equinox.launcher_1.6.400.v20210924-0641.jar -configuration c:\Users\lee\AppData\Roaming\Code\User\globalStorage\redhat.java\1.9.0\config_win -data c:\Users\lee\AppData\Roaming\Code\User\workspaceStorage\ff560af8b37b3a079479e893db2692fe\redhat.java\jdt_ws

Host: AMD Ryzen 5 4600U with Radeon Graphics         , 12 cores, 15G,  Windows 10 , 64 bit Build 19041 (10.0.19041.1741)
Time: Mon Jul 25 16:47:43 2022  Windows 10 , 64 bit Build 19041 (10.0.19041.1741) elapsed time: 1.645373 seconds (0d 0h 0m 1s)

---------------  T H R E A D  ---------------

Current thread (0x000002254faeec80):  JavaThread "main" [_thread_in_vm, id=18424, stack(0x0000009fe9400000,0x0000009fe9500000)]

Stack: [0x0000009fe9400000,0x0000009fe9500000]
Native frames: (J=compiled Java code, j=interpreted, Vv=VM code, C=native code)
V  [jvm.dll+0x675efa]
V  [jvm.dll+0x830a24]
V  [jvm.dll+0x8321ce]
V  [jvm.dll+0x832833]
V  [jvm.dll+0x2454b5]
V  [jvm.dll+0x82c9cb]
V  [jvm.dll+0x61ab26]
V  [jvm.dll+0x1c046e]
V  [jvm.dll+0x61d471]
V  [jvm.dll+0x61b4c6]
V  [jvm.dll+0x23ae70]
V  [jvm.dll+0x1eab7d]
V  [jvm.dll+0x1e05b1]
V  [jvm.dll+0x53bb80]
V  [jvm.dll+0x7aba28]
V  [jvm.dll+0x7abb14]
V  [jvm.dll+0x40c7c5]
V  [jvm.dll+0x4129b8]
C  [java.dll+0x17ec]

Java frames: (J=compiled Java code, j=interpreted, Vv=VM code)
J 1030  java.lang.ClassLoader.defineClass1(Ljava/lang/ClassLoader;Ljava/lang/String;[BIILjava/security/ProtectionDomain;Ljava/lang/String;)Ljava/lang/Class; java.base@17.0.3 (0 bytes) @ 0x000002255bc8f65b [0x000002255bc8f5a0+0x00000000000000bb]
J 1062 c1 java.lang.ClassLoader.defineClass(Ljava/lang/String;[BIILjava/security/ProtectionDomain;)Ljava/lang/Class; java.base@17.0.3 (43 bytes) @ 0x00000225548c5944 [0x00000225548c5600+0x0000000000000344]
J 1314 c1 java.security.SecureClassLoader.defineClass(Ljava/lang/String;[BIILjava/security/CodeSource;)Ljava/lang/Class; java.base@17.0.3 (16 bytes) @ 0x0000022554958d0c [0x0000022554958c40+0x00000000000000cc]
J 1185 c1 java.net.URLClassLoader.defineClass(Ljava/lang/String;Ljdk/internal/loader/Resource;)Ljava/lang/Class; java.base@17.0.3 (225 bytes) @ 0x000002255490de04 [0x000002255490c3c0+0x0000000000001a44]
J 1310 c1 java.net.URLClassLoader$1.run()Ljava/lang/Class; java.base@17.0.3 (81 bytes) @ 0x00000225549554ac [0x00000225549548a0+0x0000000000000c0c]
J 1184 c1 java.net.URLClassLoader$1.run()Ljava/lang/Object; java.base@17.0.3 (5 bytes) @ 0x000002255490bdc4 [0x000002255490bd40+0x0000000000000084]
J 1315 c1 java.security.AccessController.doPrivileged(Ljava/security/PrivilegedExceptionAction;Ljava/security/AccessControlContext;)Ljava/lang/Object; java.base@17.0.3 (26 bytes) @ 0x0000022554957cf4 [0x0000022554957b20+0x00000000000001d4]
J 1182 c1 java.net.URLClassLoader.findClass(Ljava/lang/String;)Ljava/lang/Class; java.base@17.0.3 (47 bytes) @ 0x000002255490b0ec [0x000002255490af80+0x000000000000016c]
J 884 c1 java.lang.ClassLoader.loadClass(Ljava/lang/String;Z)Ljava/lang/Class; java.base@17.0.3 (121 bytes) @ 0x0000022554872f5c [0x00000225548729c0+0x000000000000059c]
J 879 c1 java.lang.ClassLoader.loadClass(Ljava/lang/String;)Ljava/lang/Class; java.base@17.0.3 (7 bytes) @ 0x000002255487163c [0x0000022554871540+0x00000000000000fc]
v  ~StubRoutines::call_stub
J 1030  java.lang.ClassLoader.defineClass1(Ljava/lang/ClassLoader;Ljava/lang/String;[BIILjava/security/ProtectionDomain;Ljava/lang/String;)Ljava/lang/Class; java.base@17.0.3 (0 bytes) @ 0x000002255bc8f65b [0x000002255bc8f5a0+0x00000000000000bb]
J 1062 c1 java.lang.ClassLoader.defineClass(Ljava/lang/String;[BIILjava/security/ProtectionDomain;)Ljava/lang/Class; java.base@17.0.3 (43 bytes) @ 0x00000225548c5944 [0x00000225548c5600+0x0000000000000344]
J 1314 c1 java.security.SecureClassLoader.defineClass(Ljava/lang/String;[BIILjava/security/CodeSource;)Ljava/lang/Class; java.base@17.0.3 (16 bytes) @ 0x0000022554958d0c [0x0000022554958c40+0x00000000000000cc]
J 1185 c1 java.net.URLClassLoader.defineClass(Ljava/lang/String;Ljdk/internal/loader/Resource;)Ljava/lang/Class; java.base@17.0.3 (225 bytes) @ 0x000002255490de04 [0x000002255490c3c0+0x0000000000001a44]
J 1310 c1 java.net.URLClassLoader$1.run()Ljava/lang/Class; java.base@17.0.3 (81 bytes) @ 0x00000225549554ac [0x00000225549548a0+0x0000000000000c0c]
J 1184 c1 java.net.URLClassLoader$1.run()Ljava/lang/Object; java.base@17.0.3 (5 bytes) @ 0x000002255490bdc4 [0x000002255490bd40+0x0000000000000084]
J 1315 c1 java.security.AccessController.doPrivileged(Ljava/security/PrivilegedExceptionAction;Ljava/security/AccessControlContext;)Ljava/lang/Object; java.base@17.0.3 (26 bytes) @ 0x0000022554957cf4 [0x0000022554957b20+0x00000000000001d4]
J 1182 c1 java.net.URLClassLoader.findClass(Ljava/lang/String;)Ljava/lang/Class; java.base@17.0.3 (47 bytes) @ 0x000002255490b0ec [0x000002255490af80+0x000000000000016c]
J 884 c1 java.lang.ClassLoader.loadClass(Ljava/lang/String;Z)Ljava/lang/Class; java.base@17.0.3 (121 bytes) @ 0x0000022554872f5c [0x00000225548729c0+0x000000000000059c]
J 879 c1 java.lang.ClassLoader.loadClass(Ljava/lang/String;)Ljava/lang/Class; java.base@17.0.3 (7 bytes) @ 0x000002255487163c [0x0000022554871540+0x00000000000000fc]
v  ~StubRoutines::call_stub
j  org.eclipse.osgi.internal.framework.EquinoxBundle.adapt0(Ljava/lang/Class;)Ljava/lang/Object;+187
j  org.eclipse.osgi.internal.framework.EquinoxBundle.adapt(Ljava/lang/Class;)Ljava/lang/Object;+7
j  org.eclipse.core.runtime.adaptor.EclipseStarter.refreshPackages([Lorg/osgi/framework/Bundle;)Z+11
j  org.eclipse.core.runtime.adaptor.EclipseStarter.loadBasicBundles()[Lorg/osgi/framework/Bundle;+168
j  org.eclipse.core.runtime.adaptor.EclipseStarter.startup([Ljava/lang/String;Ljava/lang/Runnable;)Lorg/osgi/framework/BundleContext;+153
j  org.eclipse.core.runtime.adaptor.EclipseStarter.run([Ljava/lang/String;Ljava/lang/Runnable;)Ljava/lang/Object;+21
v  ~StubRoutines::call_stub
j  jdk.internal.reflect.NativeMethodAccessorImpl.invoke0(Ljava/lang/reflect/Method;Ljava/lang/Object;[Ljava/lang/Object;)Ljava/lang/Object;+0 java.base@17.0.3
j  jdk.internal.reflect.NativeMethodAccessorImpl.invoke(Ljava/lang/Object;[Ljava/lang/Object;)Ljava/lang/Object;+133 java.base@17.0.3
j  jdk.internal.reflect.DelegatingMethodAccessorImpl.invoke(Ljava/lang/Object;[Ljava/lang/Object;)Ljava/lang/Object;+6 java.base@17.0.3
j  java.lang.reflect.Method.invoke(Ljava/lang/Object;[Ljava/lang/Object;)Ljava/lang/Object;+59 java.base@17.0.3
j  org.eclipse.equinox.launcher.Main.invokeFramework([Ljava/lang/String;[Ljava/net/URL;)V+201
j  org.eclipse.equinox.launcher.Main.basicRun([Ljava/lang/String;)V+159
j  org.eclipse.equinox.launcher.Main.run([Ljava/lang/String;)I+4
j  org.eclipse.equinox.launcher.Main.main([Ljava/lang/String;)V+10
v  ~StubRoutines::call_stub

---------------  P R O C E S S  ---------------

Threads class SMR info:
_java_thread_list=0x0000022569257490, length=23, elements={
0x000002254faeec80, 0x0000022565ac6010, 0x0000022567797f70, 0x00000225677dcc10,
0x00000225677e04f0, 0x00000225677e0db0, 0x00000225677e2220, 0x00000225677e3830,
0x00000225677e8de0, 0x00000225677e9e80, 0x00000225679380d0, 0x00000225679b2ce0,
0x0000022567ac0660, 0x0000022567b3e7a0, 0x0000022568d94a20, 0x0000022568d94ef0,
0x0000022568d953c0, 0x00000225691ff080, 0x00000225691ff960, 0x0000022569200240,
0x00000225691e3040, 0x000002256927f5b0, 0x0000022569c1abf0
}

Java Threads: ( => current thread )
=>0x000002254faeec80 JavaThread "main" [_thread_in_vm, id=18424, stack(0x0000009fe9400000,0x0000009fe9500000)]
  0x0000022565ac6010 JavaThread "Reference Handler" daemon [_thread_blocked, id=13256, stack(0x0000009fe9700000,0x0000009fe9800000)]
  0x0000022567797f70 JavaThread "Finalizer" daemon [_thread_blocked, id=1540, stack(0x0000009fe9800000,0x0000009fe9900000)]
  0x00000225677dcc10 JavaThread "Signal Dispatcher" daemon [_thread_blocked, id=3732, stack(0x0000009fe9900000,0x0000009fe9a00000)]
  0x00000225677e04f0 JavaThread "Attach Listener" daemon [_thread_blocked, id=34768, stack(0x0000009fe9a00000,0x0000009fe9b00000)]
  0x00000225677e0db0 JavaThread "Service Thread" daemon [_thread_blocked, id=42124, stack(0x0000009fe9b00000,0x0000009fe9c00000)]
  0x00000225677e2220 JavaThread "Monitor Deflation Thread" daemon [_thread_blocked, id=36268, stack(0x0000009fe9c00000,0x0000009fe9d00000)]
  0x00000225677e3830 JavaThread "C2 CompilerThread0" daemon [_thread_blocked, id=39312, stack(0x0000009fe9d00000,0x0000009fe9e00000)]
  0x00000225677e8de0 JavaThread "C1 CompilerThread0" daemon [_thread_blocked, id=34852, stack(0x0000009fe9e00000,0x0000009fe9f00000)]
  0x00000225677e9e80 JavaThread "Sweeper thread" daemon [_thread_blocked, id=36796, stack(0x0000009fe9f00000,0x0000009fea000000)]
  0x00000225679380d0 JavaThread "Common-Cleaner" daemon [_thread_blocked, id=32508, stack(0x0000009fea000000,0x0000009fea100000)]
  0x00000225679b2ce0 JavaThread "C2 CompilerThread1" daemon [_thread_blocked, id=40424, stack(0x0000009fea100000,0x0000009fea200000)]
  0x0000022567ac0660 JavaThread "Notification Thread" daemon [_thread_blocked, id=3524, stack(0x0000009fea200000,0x0000009fea300000)]
  0x0000022567b3e7a0 JavaThread "C2 CompilerThread2" daemon [_thread_blocked, id=29816, stack(0x0000009fea400000,0x0000009fea500000)]
  0x0000022568d94a20 JavaThread "Equinox resolver thread - Equinox Container: cd878988-8f53-49e8-8519-1e7c266d1234" daemon [_thread_blocked, id=40892, stack(0x0000009feab00000,0x0000009feac00000)]
  0x0000022568d94ef0 JavaThread "Equinox resolver thread - Equinox Container: cd878988-8f53-49e8-8519-1e7c266d1234" daemon [_thread_blocked, id=26688, stack(0x0000009feac00000,0x0000009fead00000)]
  0x0000022568d953c0 JavaThread "Equinox resolver thread - Equinox Container: cd878988-8f53-49e8-8519-1e7c266d1234" daemon [_thread_blocked, id=12416, stack(0x0000009fead00000,0x0000009feae00000)]
  0x00000225691ff080 JavaThread "Equinox resolver thread - Equinox Container: cd878988-8f53-49e8-8519-1e7c266d1234" daemon [_thread_blocked, id=8140, stack(0x0000009feae00000,0x0000009feaf00000)]
  0x00000225691ff960 JavaThread "Equinox resolver thread - Equinox Container: cd878988-8f53-49e8-8519-1e7c266d1234" daemon [_thread_blocked, id=40652, stack(0x0000009feaf00000,0x0000009feb000000)]
  0x0000022569200240 JavaThread "Equinox resolver thread - Equinox Container: cd878988-8f53-49e8-8519-1e7c266d1234" daemon [_thread_blocked, id=39532, stack(0x0000009feb000000,0x0000009feb100000)]
  0x00000225691e3040 JavaThread "Active Thread: Equinox Container: cd878988-8f53-49e8-8519-1e7c266d1234" [_thread_blocked, id=40884, stack(0x0000009feb100000,0x0000009feb200000)]
  0x000002256927f5b0 JavaThread "Framework Event Dispatcher: Equinox Container: cd878988-8f53-49e8-8519-1e7c266d1234" daemon [_thread_blocked, id=26796, stack(0x0000009feb200000,0x0000009feb300000)]
  0x0000022569c1abf0 JavaThread "Start Level: Equinox Container: cd878988-8f53-49e8-8519-1e7c266d1234" daemon [_thread_blocked, id=40216, stack(0x0000009feb300000,0x0000009feb400000)]

Other Threads:
  0x0000022565abfc30 VMThread "VM Thread" [stack: 0x0000009fe9600000,0x0000009fe9700000] [id=39368]
  0x0000022567aa6120 WatcherThread [stack: 0x0000009fea300000,0x0000009fea400000] [id=37384]
  0x000002254fd012e0 GCTaskThread "GC Thread#0" [stack: 0x0000009fe9500000,0x0000009fe9600000] [id=41676]
  0x0000022568e82f50 GCTaskThread "GC Thread#1" [stack: 0x0000009fea500000,0x0000009fea600000] [id=42088]
  0x0000022568e83820 GCTaskThread "GC Thread#2" [stack: 0x0000009fea600000,0x0000009fea700000] [id=41660]
  0x0000022568b9d030 GCTaskThread "GC Thread#3" [stack: 0x0000009fea700000,0x0000009fea800000] [id=15228]
  0x0000022568e3f4a0 GCTaskThread "GC Thread#4" [stack: 0x0000009fea800000,0x0000009fea900000] [id=37848]
  0x0000022569096260 GCTaskThread "GC Thread#5" [stack: 0x0000009fea900000,0x0000009feaa00000] [id=41020]
  0x0000022569096510 GCTaskThread "GC Thread#6" [stack: 0x0000009feaa00000,0x0000009feab00000] [id=15116]
  0x00000225692942c0 GCTaskThread "GC Thread#7" [stack: 0x0000009feb400000,0x0000009feb500000] [id=33276]

Threads with active compile tasks:

VM state: not at safepoint (normal execution)

VM Mutex/Monitor currently owned by a thread:  ([mutex/lock_event])
[0x000002254fce4f20] Metaspace_lock - owner thread: 0x000002254faeec80

Heap address: 0x00000000c0000000, size: 1024 MB, Compressed Oops mode: 32-bit

CDS archive(s) not mapped
Compressed class space mapped at: 0x0000000100000000-0x0000000140000000, reserved size: 1073741824
Narrow klass base: 0x0000000000000000, Narrow klass shift: 3, Narrow klass range: 0x140000000

GC Precious Log:
 CPUs: 12 total, 12 available
 Memory: 15734M
 Large Page Support: Disabled
 NUMA Support: Disabled
 Compressed Oops: Enabled (32-bit)
 Alignments: Space 512K, Generation 512K, Heap 2M
 Heap Min Capacity: 100M
 Heap Initial Capacity: 100M
 Heap Max Capacity: 1G
 Pre-touch: Disabled
 Parallel Workers: 10

Heap:
 PSYoungGen      total 29696K, used 18472K [0x00000000eab00000, 0x00000000ecc00000, 0x0000000100000000)
  eden space 25600K, 56% used [0x00000000eab00000,0x00000000eb90e670,0x00000000ec400000)
  from space 4096K, 99% used [0x00000000ec800000,0x00000000ecbfba88,0x00000000ecc00000)
  to   space 4096K, 0% used [0x00000000ec400000,0x00000000ec400000,0x00000000ec800000)
 ParOldGen       total 68608K, used 1008K [0x00000000c0000000, 0x00000000c4300000, 0x00000000eab00000)
  object space 68608K, 1% used [0x00000000c0000000,0x00000000c00fc360,0x00000000c4300000)
 Metaspace       used 13764K, committed 13952K, reserved 1064960K
  class space    used 1367K, committed 1472K, reserved 1048576K

Card table byte_map: [0x0000022563340000,0x0000022563550000] _byte_map_base: 0x0000022562d40000

Marking Bits: (ParMarkBitMap*) 0x00007ff9e3b74b80
 Begin Bits: [0x00000225636b0000, 0x00000225646b0000)
 End Bits:   [0x00000225646b0000, 0x00000225656b0000)

Polling page: 0x000002254fdc0000

Metaspace:

Usage:
  Non-class:     12.11 MB used.
      Class:      1.34 MB used.
       Both:     13.44 MB used.

Virtual space:
  Non-class space:       16.00 MB reserved,      12.19 MB ( 76%) committed,  2 nodes.
      Class space:        1.00 GB reserved,       1.44 MB ( <1%) committed,  1 nodes.
             Both:        1.02 GB reserved,      13.62 MB (  1%) committed. 

Chunk freelists:
   Non-Class:  3.61 MB
       Class:  2.45 MB
        Both:  6.06 MB

MaxMetaspaceSize: unlimited
CompressedClassSpaceSize: 1.00 GB
Initial GC threshold: 21.00 MB
Current GC threshold: 21.00 MB
CDS: off
MetaspaceReclaimPolicy: balanced
 - commit_granule_bytes: 65536.
 - commit_granule_words: 8192.
 - virtual_space_node_default_size: 1048576.
 - enlarge_chunks_in_place: 1.
 - new_chunks_are_fully_committed: 0.
 - uncommit_free_chunks: 1.
 - use_allocation_guard: 0.
 - handle_deallocations: 1.


Internal statistics:

num_allocs_failed_limit: 0.
num_arena_births: 54.
num_arena_deaths: 0.
num_vsnodes_births: 3.
num_vsnodes_deaths: 0.
num_space_committed: 218.
num_space_uncommitted: 0.
num_chunks_returned_to_freelist: 0.
num_chunks_taken_from_freelist: 217.
num_chunk_merges: 0.
num_chunk_splits: 154.
num_chunks_enlarged: 131.
num_purges: 0.
num_inconsistent_stats: 0.

CodeHeap 'non-profiled nmethods': size=120000Kb used=690Kb max_used=690Kb free=119309Kb
 bounds [0x000002255bc30000, 0x000002255bea0000, 0x0000022563160000]
CodeHeap 'profiled nmethods': size=120000Kb used=3341Kb max_used=3341Kb free=116658Kb
 bounds [0x0000022554700000, 0x0000022554a50000, 0x000002255bc30000]
CodeHeap 'non-nmethods': size=5760Kb used=1148Kb max_used=1168Kb free=4611Kb
 bounds [0x0000022554160000, 0x00000225543d0000, 0x0000022554700000]
 total_blobs=2173 nmethods=1732 adapters=356
 compilation: enabled
              stopped_count=0, restarted_count=0
 full_count=0

Compilation events (20 events):
Event: 1.636 Thread 0x00000225677e8de0 1726       3       java.util.concurrent.locks.ReentrantReadWriteLock$WriteLock::unlock (10 bytes)
Event: 1.636 Thread 0x00000225677e8de0 nmethod 1726 0x0000022554a40990 code [0x0000022554a40b60, 0x0000022554a40e38]
Event: 1.639 Thread 0x00000225677e8de0 1727       3       java.io.Reader::<init> (27 bytes)
Event: 1.639 Thread 0x00000225677e8de0 nmethod 1727 0x0000022554a40f90 code [0x0000022554a41140, 0x0000022554a413e8]
Event: 1.639 Thread 0x00000225677e8de0 1728   !   3       org.eclipse.osgi.storage.bundlefile.MRUBundleFileList::use (55 bytes)
Event: 1.640 Thread 0x00000225677e8de0 nmethod 1728 0x0000022554a41510 code [0x0000022554a416e0, 0x0000022554a41ae8]
Event: 1.640 Thread 0x00000225677e8de0 1729       3       java.util.concurrent.locks.ReentrantLock::tryLock (13 bytes)
Event: 1.640 Thread 0x00000225677e8de0 nmethod 1729 0x0000022554a41d10 code [0x0000022554a41ec0, 0x0000022554a42058]
Event: 1.640 Thread 0x00000225677e8de0 1730       3       java.util.concurrent.locks.ReentrantLock$Sync::tryLockNanos (36 bytes)
Event: 1.640 Thread 0x00000225677e8de0 nmethod 1730 0x0000022554a42190 code [0x0000022554a42380, 0x0000022554a42838]
Event: 1.641 Thread 0x0000022567b3e7a0 1731       4       java.lang.String::indexOf (29 bytes)
Event: 1.642 Thread 0x0000022567b3e7a0 nmethod 1731 0x000002255bcdc390 code [0x000002255bcdc520, 0x000002255bcdc728]
Event: 1.642 Thread 0x00000225677e8de0 1732       3       java.util.concurrent.atomic.AtomicLong::incrementAndGet (14 bytes)
Event: 1.642 Thread 0x00000225677e8de0 nmethod 1732 0x0000022554a42a10 code [0x0000022554a42ba0, 0x0000022554a42cb8]
Event: 1.642 Thread 0x00000225677e8de0 1733       3       java.util.concurrent.atomic.AtomicInteger::decrementAndGet (14 bytes)
Event: 1.642 Thread 0x00000225677e8de0 nmethod 1733 0x0000022554a42d90 code [0x0000022554a42f20, 0x0000022554a43038]
Event: 1.642 Thread 0x00000225677e8de0 1734       3       java.util.concurrent.locks.ReentrantReadWriteLock::getReadHoldCount (8 bytes)
Event: 1.642 Thread 0x00000225677e8de0 nmethod 1734 0x0000022554a43110 code [0x0000022554a432c0, 0x0000022554a43408]
Event: 1.642 Thread 0x00000225677e8de0 1735       1       java.util.concurrent.atomic.AtomicInteger::get (5 bytes)
Event: 1.642 Thread 0x00000225677e8de0 nmethod 1735 0x000002255bcdc890 code [0x000002255bcdca20, 0x000002255bcdcaf8]

GC Heap History (4 events):
Event: 0.939 GC heap before
{Heap before GC invocations=1 (full 0):
 PSYoungGen      total 29696K, used 25600K [0x00000000eab00000, 0x00000000ecc00000, 0x0000000100000000)
  eden space 25600K, 100% used [0x00000000eab00000,0x00000000ec400000,0x00000000ec400000)
  from space 4096K, 0% used [0x00000000ec800000,0x00000000ec800000,0x00000000ecc00000)
  to   space 4096K, 0% used [0x00000000ec400000,0x00000000ec400000,0x00000000ec800000)
 ParOldGen       total 68608K, used 0K [0x00000000c0000000, 0x00000000c4300000, 0x00000000eab00000)
  object space 68608K, 0% used [0x00000000c0000000,0x00000000c0000000,0x00000000c4300000)
 Metaspace       used 10854K, committed 11008K, reserved 1064960K
  class space    used 1097K, committed 1216K, reserved 1048576K
}
Event: 0.945 GC heap after
{Heap after GC invocations=1 (full 0):
 PSYoungGen      total 29696K, used 3289K [0x00000000eab00000, 0x00000000ecc00000, 0x0000000100000000)
  eden space 25600K, 0% used [0x00000000eab00000,0x00000000eab00000,0x00000000ec400000)
  from space 4096K, 80% used [0x00000000ec400000,0x00000000ec736628,0x00000000ec800000)
  to   space 4096K, 0% used [0x00000000ec800000,0x00000000ec800000,0x00000000ecc00000)
 ParOldGen       total 68608K, used 16K [0x00000000c0000000, 0x00000000c4300000, 0x00000000eab00000)
  object space 68608K, 0% used [0x00000000c0000000,0x00000000c0004000,0x00000000c4300000)
 Metaspace       used 10854K, committed 11008K, reserved 1064960K
  class space    used 1097K, committed 1216K, reserved 1048576K
}
Event: 1.451 GC heap before
{Heap before GC invocations=2 (full 0):
 PSYoungGen      total 29696K, used 28889K [0x00000000eab00000, 0x00000000ecc00000, 0x0000000100000000)
  eden space 25600K, 100% used [0x00000000eab00000,0x00000000ec400000,0x00000000ec400000)
  from space 4096K, 80% used [0x00000000ec400000,0x00000000ec736628,0x00000000ec800000)
  to   space 4096K, 0% used [0x00000000ec800000,0x00000000ec800000,0x00000000ecc00000)
 ParOldGen       total 68608K, used 16K [0x00000000c0000000, 0x00000000c4300000, 0x00000000eab00000)
  object space 68608K, 0% used [0x00000000c0000000,0x00000000c0004000,0x00000000c4300000)
 Metaspace       used 13626K, committed 13824K, reserved 1064960K
  class space    used 1367K, committed 1472K, reserved 1048576K
}
Event: 1.456 GC heap after
{Heap after GC invocations=2 (full 0):
 PSYoungGen      total 29696K, used 4078K [0x00000000eab00000, 0x00000000ecc00000, 0x0000000100000000)
  eden space 25600K, 0% used [0x00000000eab00000,0x00000000eab00000,0x00000000ec400000)
  from space 4096K, 99% used [0x00000000ec800000,0x00000000ecbfba88,0x00000000ecc00000)
  to   space 4096K, 0% used [0x00000000ec400000,0x00000000ec400000,0x00000000ec800000)
 ParOldGen       total 68608K, used 1008K [0x00000000c0000000, 0x00000000c4300000, 0x00000000eab00000)
  object space 68608K, 1% used [0x00000000c0000000,0x00000000c00fc360,0x00000000c4300000)
 Metaspace       used 13626K, committed 13824K, reserved 1064960K
  class space    used 1367K, committed 1472K, reserved 1048576K
}

Deoptimization events (20 events):
Event: 1.575 Thread 0x000002254faeec80 Uncommon trap: trap_request=0xffffff45 fr.pc=0x000002255bc75f14 relative=0x00000000000003f4
Event: 1.575 Thread 0x000002254faeec80 Uncommon trap: reason=unstable_if action=reinterpret pc=0x000002255bc75f14 method=java.lang.String.substring(II)Ljava/lang/String; @ 31 c2
Event: 1.575 Thread 0x000002254faeec80 DEOPT PACKING pc=0x000002255bc75f14 sp=0x0000009fe94fe140
Event: 1.575 Thread 0x000002254faeec80 DEOPT UNPACKING pc=0x00000225541b20a3 sp=0x0000009fe94fe110 mode 2
Event: 1.580 Thread 0x000002254faeec80 Uncommon trap: trap_request=0xffffff45 fr.pc=0x000002255bcbb3e4 relative=0x00000000000002c4
Event: 1.580 Thread 0x000002254faeec80 Uncommon trap: reason=unstable_if action=reinterpret pc=0x000002255bcbb3e4 method=java.lang.String.<init>([CIILjava/lang/Void;)V @ 43 c2
Event: 1.580 Thread 0x000002254faeec80 DEOPT PACKING pc=0x000002255bcbb3e4 sp=0x0000009fe94fe1c0
Event: 1.580 Thread 0x000002254faeec80 DEOPT UNPACKING pc=0x00000225541b20a3 sp=0x0000009fe94fe108 mode 2
Event: 1.581 Thread 0x000002254faeec80 Uncommon trap: trap_request=0xffffff45 fr.pc=0x000002255bc49fb4 relative=0x0000000000000194
Event: 1.581 Thread 0x000002254faeec80 Uncommon trap: reason=unstable_if action=reinterpret pc=0x000002255bc49fb4 method=java.lang.String.indexOf(II)I @ 4 c2
Event: 1.581 Thread 0x000002254faeec80 DEOPT PACKING pc=0x000002255bc49fb4 sp=0x0000009fe94fe110
Event: 1.581 Thread 0x000002254faeec80 DEOPT UNPACKING pc=0x00000225541b20a3 sp=0x0000009fe94fe0b0 mode 2
Event: 1.590 Thread 0x000002254faeec80 Uncommon trap: trap_request=0xffffffcc fr.pc=0x000002255bcd53c4 relative=0x0000000000000124
Event: 1.590 Thread 0x000002254faeec80 Uncommon trap: reason=intrinsic_or_type_checked_inlining action=make_not_entrant pc=0x000002255bcd53c4 method=java.util.ArrayList.toArray([Ljava/lang/Object;)[Ljava/lang/Object; @ 36 c2
Event: 1.590 Thread 0x000002254faeec80 DEOPT PACKING pc=0x000002255bcd53c4 sp=0x0000009fe94fe070
Event: 1.590 Thread 0x000002254faeec80 DEOPT UNPACKING pc=0x00000225541b20a3 sp=0x0000009fe94fe010 mode 2
Event: 1.605 Thread 0x000002254faeec80 Uncommon trap: trap_request=0xffffffdc fr.pc=0x000002255bcd5f9c relative=0x000000000000027c
Event: 1.605 Thread 0x000002254faeec80 Uncommon trap: reason=class_check action=make_not_entrant pc=0x000002255bcd5f9c method=java.util.ArrayList.toArray([Ljava/lang/Object;)[Ljava/lang/Object; @ 21 c2
Event: 1.605 Thread 0x000002254faeec80 DEOPT PACKING pc=0x000002255bcd5f9c sp=0x0000009fe94fdc60
Event: 1.605 Thread 0x000002254faeec80 DEOPT UNPACKING pc=0x00000225541b20a3 sp=0x0000009fe94fdc20 mode 2

Classes unloaded (0 events):
No events

Classes redefined (0 events):
No events

Internal exceptions (20 events):
Event: 0.661 Thread 0x000002254faeec80 Exception <a 'sun/nio/fs/WindowsException'{0x00000000eb7de6a0}> (0x00000000eb7de6a0) 
thrown [e:\jenkins\tmp\workspace\build\src\src\hotspot\share\prims\jni.cpp, line 516]
Event: 0.662 Thread 0x000002254faeec80 Exception <a 'sun/nio/fs/WindowsException'{0x00000000eb7e8b18}> (0x00000000eb7e8b18) 
thrown [e:\jenkins\tmp\workspace\build\src\src\hotspot\share\prims\jni.cpp, line 516]
Event: 0.663 Thread 0x000002254faeec80 Exception <a 'sun/nio/fs/WindowsException'{0x00000000eb7ebfe8}> (0x00000000eb7ebfe8) 
thrown [e:\jenkins\tmp\workspace\build\src\src\hotspot\share\prims\jni.cpp, line 516]
Event: 0.663 Thread 0x000002254faeec80 Exception <a 'sun/nio/fs/WindowsException'{0x00000000eb7ec758}> (0x00000000eb7ec758) 
thrown [e:\jenkins\tmp\workspace\build\src\src\hotspot\share\prims\jni.cpp, line 516]
Event: 0.828 Thread 0x000002254faeec80 Exception <a 'java/lang/ClassNotFoundException'{0x00000000ebfe9c10}: sun/net/www/protocol/c/Handler> (0x00000000ebfe9c10) 
thrown [e:\jenkins\tmp\workspace\build\src\src\hotspot\share\classfile\systemDictionary.cpp, line 256]
Event: 0.828 Thread 0x000002254faeec80 Exception <a 'java/lang/ClassNotFoundException'{0x00000000ebfeaf58}: sun/net/www/protocol/c/Handler> (0x00000000ebfeaf58) 
thrown [e:\jenkins\tmp\workspace\build\src\src\hotspot\share\classfile\systemDictionary.cpp, line 256]
Event: 0.828 Thread 0x000002254faeec80 Exception <a 'java/lang/ClassNotFoundException'{0x00000000ebfec0f0}: sun/net/www/protocol/c/Handler> (0x00000000ebfec0f0) 
thrown [e:\jenkins\tmp\workspace\build\src\src\hotspot\share\classfile\systemDictionary.cpp, line 256]
Event: 0.841 Thread 0x000002254faeec80 Exception <a 'java/io/FileNotFoundException'{0x00000000ec0125f8}> (0x00000000ec0125f8) 
thrown [e:\jenkins\tmp\workspace\build\src\src\hotspot\share\prims\jni.cpp, line 516]
Event: 0.871 Thread 0x000002254faeec80 Implicit null exception at 0x000002255bc7c4fb to 0x000002255bc7ce98
Event: 0.872 Thread 0x000002254faeec80 Implicit null exception at 0x000002255bc78df1 to 0x000002255bc78fd8
Event: 0.872 Thread 0x000002254faeec80 Implicit null exception at 0x000002255bc77e71 to 0x000002255bc78054
Event: 0.872 Thread 0x000002254faeec80 Implicit null exception at 0x000002255bc6a10f to 0x000002255bc6a185
Event: 0.907 Thread 0x000002254faeec80 Exception <a 'java/lang/NoSuchMethodError'{0x00000000ec2dd848}: 'int java.lang.invoke.DirectMethodHandle$Holder.invokeStaticInit(java.lang.Object, java.lang.Object, java.lang.Object, java.lang.Object)'> (0x00000000ec2dd848) 
thrown [e:\jenkins\tmp\workspace\build\src\src\hotspot\share\interpreter\linkResolver.cpp, line 766]
Event: 0.908 Thread 0x000002254faeec80 Exception <a 'java/lang/NoSuchMethodError'{0x00000000ec2e7eb8}: 'java.lang.Object java.lang.invoke.DirectMethodHandle$Holder.invokeInterface(java.lang.Object, java.lang.Object)'> (0x00000000ec2e7eb8) 
thrown [e:\jenkins\tmp\workspace\build\src\src\hotspot\share\interpreter\linkResolver.cpp, line 766]
Event: 0.909 Thread 0x000002254faeec80 Exception <a 'java/lang/IncompatibleClassChangeError'{0x00000000ec2eb6b0}: Found class java.lang.Object, but interface was expected> (0x00000000ec2eb6b0) 
thrown [e:\jenkins\tmp\workspace\build\src\src\hotspot\share\interpreter\linkResolver.cpp, line 833]
Event: 0.909 Thread 0x000002254faeec80 Exception <a 'java/lang/NoSuchMethodError'{0x00000000ec2efba8}: 'void java.lang.invoke.DirectMethodHandle$Holder.invokeStatic(java.lang.Object, java.lang.Object)'> (0x00000000ec2efba8) 
thrown [e:\jenkins\tmp\workspace\build\src\src\hotspot\share\interpreter\linkResolver.cpp, line 766]
Event: 0.910 Thread 0x000002254faeec80 Exception <a 'java/lang/NoSuchMethodError'{0x00000000ec2f33a8}: 'void java.lang.invoke.DirectMethodHandle$Holder.invokeStaticInit(java.lang.Object, java.lang.Object)'> (0x00000000ec2f33a8) 
thrown [e:\jenkins\tmp\workspace\build\src\src\hotspot\share\interpreter\linkResolver.cpp, line 766]
Event: 0.911 Thread 0x000002254faeec80 Exception <a 'java/lang/NoSuchMethodError'{0x00000000ec2fa840}: 'int java.lang.invoke.DirectMethodHandle$Holder.invokeStaticInit(java.lang.Object, java.lang.Object)'> (0x00000000ec2fa840) 
thrown [e:\jenkins\tmp\workspace\build\src\src\hotspot\share\interpreter\linkResolver.cpp, line 766]
Event: 1.144 Thread 0x000002254faeec80 Exception <a 'java/lang/NoSuchMethodError'{0x00000000eb477a68}: 'int java.lang.invoke.DirectMethodHandle$Holder.invokeSpecial(java.lang.Object, java.lang.Object, java.lang.Object)'> (0x00000000eb477a68) 
thrown [e:\jenkins\tmp\workspace\build\src\src\hotspot\share\interpreter\linkResolver.cpp, line 766]
Event: 1.213 Thread 0x000002254faeec80 Exception <a 'java/lang/NoSuchMethodError'{0x00000000eba194a8}: 'java.lang.Object java.lang.invoke.DirectMethodHandle$Holder.newInvokeSpecial(java.lang.Object, int, java.lang.Object)'> (0x00000000eba194a8) 
thrown [e:\jenkins\tmp\workspace\build\src\src\hotspot\share\interpreter\linkResolver.cpp, line 766]

VM Operations (18 events):
Event: 0.198 Executing VM operation: HandshakeAllThreads
Event: 0.199 Executing VM operation: HandshakeAllThreads done
Event: 0.308 Executing VM operation: HandshakeAllThreads
Event: 0.308 Executing VM operation: HandshakeAllThreads done
Event: 0.605 Executing VM operation: HandshakeAllThreads
Event: 0.605 Executing VM operation: HandshakeAllThreads done
Event: 0.623 Executing VM operation: HandshakeAllThreads
Event: 0.623 Executing VM operation: HandshakeAllThreads done
Event: 0.872 Executing VM operation: ICBufferFull
Event: 0.872 Executing VM operation: ICBufferFull done
Event: 0.939 Executing VM operation: ParallelGCFailedAllocation
Event: 0.945 Executing VM operation: ParallelGCFailedAllocation done
Event: 1.195 Executing VM operation: HandshakeAllThreads
Event: 1.195 Executing VM operation: HandshakeAllThreads done
Event: 1.195 Executing VM operation: HandshakeAllThreads
Event: 1.195 Executing VM operation: HandshakeAllThreads done
Event: 1.451 Executing VM operation: ParallelGCFailedAllocation
Event: 1.456 Executing VM operation: ParallelGCFailedAllocation done

Events (20 events):
Event: 1.189 loading class java/util/concurrent/locks/AbstractQueuedSynchronizer$ConditionNode done
Event: 1.189 loading class java/lang/ApplicationShutdownHooks done
Event: 1.189 loading class java/lang/ApplicationShutdownHooks$1
Event: 1.189 loading class java/lang/ApplicationShutdownHooks$1 done
Event: 1.193 loading class java/util/regex/Pattern$BnM
Event: 1.193 loading class java/util/regex/Pattern$BnM done
Event: 1.193 loading class java/util/regex/Pattern$SliceS
Event: 1.193 loading class java/util/regex/Pattern$SliceS done
Event: 1.233 loading class java/util/ConcurrentModificationException
Event: 1.234 loading class java/util/ConcurrentModificationException done
Event: 1.239 loading class java/net/ContentHandlerFactory
Event: 1.240 loading class java/net/ContentHandlerFactory done
Event: 1.242 loading class java/net/ContentHandler
Event: 1.242 loading class java/net/ContentHandler done
Event: 1.251 loading class java/security/KeyStoreException
Event: 1.251 loading class java/security/KeyStoreException done
Event: 1.380 Thread 0x000002256927f5b0 Thread added: 0x000002256927f5b0
Event: 1.381 loading class java/util/MissingResourceException
Event: 1.382 loading class java/util/MissingResourceException done
Event: 1.382 Thread 0x0000022569c1abf0 Thread added: 0x0000022569c1abf0


Dynamic libraries:
0x00007ff635e60000 - 0x00007ff635e6e000 	c:\Users\lee\.vscode\extensions\redhat.java-1.9.0-win32-x64\jre\17.0.3-win32-x86_64\bin\java.exe
0x00007ffa4ff70000 - 0x00007ffa50167000 	C:\WINDOWS\SYSTEM32\ntdll.dll
0x00007ffa4f010000 - 0x00007ffa4f0cd000 	C:\WINDOWS\System32\KERNEL32.DLL
0x00007ffa4d690000 - 0x00007ffa4d95d000 	C:\WINDOWS\System32\KERNELBASE.dll
0x00007ffa4da10000 - 0x00007ffa4db10000 	C:\WINDOWS\System32\ucrtbase.dll
0x00007ffa33490000 - 0x00007ffa334a8000 	c:\Users\lee\.vscode\extensions\redhat.java-1.9.0-win32-x64\jre\17.0.3-win32-x86_64\bin\jli.dll
0x00007ffa2a880000 - 0x00007ffa2a899000 	c:\Users\lee\.vscode\extensions\redhat.java-1.9.0-win32-x64\jre\17.0.3-win32-x86_64\bin\VCRUNTIME140.dll
0x00007ffa4f590000 - 0x00007ffa4f730000 	C:\WINDOWS\System32\USER32.dll
0x00007ffa4de90000 - 0x00007ffa4deb2000 	C:\WINDOWS\System32\win32u.dll
0x00007ffa4ec80000 - 0x00007ffa4ecaa000 	C:\WINDOWS\System32\GDI32.dll
0x00007ffa366c0000 - 0x00007ffa3695a000 	C:\WINDOWS\WinSxS\amd64_microsoft.windows.common-controls_6595b64144ccf1df_6.0.19041.1110_none_60b5254171f9507e\COMCTL32.dll
0x00007ffa4dec0000 - 0x00007ffa4dfcb000 	C:\WINDOWS\System32\gdi32full.dll
0x00007ffa4e090000 - 0x00007ffa4e12e000 	C:\WINDOWS\System32\msvcrt.dll
0x00007ffa4db90000 - 0x00007ffa4dc2d000 	C:\WINDOWS\System32\msvcp_win.dll
0x00007ffa4f730000 - 0x00007ffa4f760000 	C:\WINDOWS\System32\IMM32.DLL
0x00007ffa458c0000 - 0x00007ffa458cc000 	c:\Users\lee\.vscode\extensions\redhat.java-1.9.0-win32-x64\jre\17.0.3-win32-x86_64\bin\vcruntime140_1.dll
0x00007ffa205c0000 - 0x00007ffa20651000 	c:\Users\lee\.vscode\extensions\redhat.java-1.9.0-win32-x64\jre\17.0.3-win32-x86_64\bin\msvcp140.dll
0x00007ff9e2ff0000 - 0x00007ff9e3c38000 	c:\Users\lee\.vscode\extensions\redhat.java-1.9.0-win32-x64\jre\17.0.3-win32-x86_64\bin\server\jvm.dll
0x00007ffa4f210000 - 0x00007ffa4f2be000 	C:\WINDOWS\System32\ADVAPI32.dll
0x00007ffa4f890000 - 0x00007ffa4f92c000 	C:\WINDOWS\System32\sechost.dll
0x00007ffa4f930000 - 0x00007ffa4fa55000 	C:\WINDOWS\System32\RPCRT4.dll
0x00007ffa4e9e0000 - 0x00007ffa4e9e8000 	C:\WINDOWS\System32\PSAPI.DLL
0x00007ffa35f50000 - 0x00007ffa35f59000 	C:\WINDOWS\SYSTEM32\WSOCK32.dll
0x00007ffa4bb90000 - 0x00007ffa4bbb7000 	C:\WINDOWS\SYSTEM32\WINMM.dll
0x00007ffa43440000 - 0x00007ffa4344a000 	C:\WINDOWS\SYSTEM32\VERSION.dll
0x00007ffa4f350000 - 0x00007ffa4f3bb000 	C:\WINDOWS\System32\WS2_32.dll
0x00007ffa4bee0000 - 0x00007ffa4bef2000 	C:\WINDOWS\SYSTEM32\kernel.appcore.dll
0x00007ffa32690000 - 0x00007ffa3269a000 	c:\Users\lee\.vscode\extensions\redhat.java-1.9.0-win32-x64\jre\17.0.3-win32-x86_64\bin\jimage.dll
0x00007ffa4b980000 - 0x00007ffa4bb64000 	C:\WINDOWS\SYSTEM32\DBGHELP.DLL
0x00007ffa4b950000 - 0x00007ffa4b97c000 	C:\WINDOWS\SYSTEM32\dbgcore.DLL
0x00007ffa4dca0000 - 0x00007ffa4dd22000 	C:\WINDOWS\System32\bcryptPrimitives.dll
0x00007ffa2d820000 - 0x00007ffa2d82e000 	c:\Users\lee\.vscode\extensions\redhat.java-1.9.0-win32-x64\jre\17.0.3-win32-x86_64\bin\instrument.dll
0x00007ffa24210000 - 0x00007ffa24235000 	c:\Users\lee\.vscode\extensions\redhat.java-1.9.0-win32-x64\jre\17.0.3-win32-x86_64\bin\java.dll
0x00007ffa2a160000 - 0x00007ffa2a178000 	c:\Users\lee\.vscode\extensions\redhat.java-1.9.0-win32-x64\jre\17.0.3-win32-x86_64\bin\zip.dll
0x00007ffa4e290000 - 0x00007ffa4e9d4000 	C:\WINDOWS\System32\SHELL32.dll
0x00007ffa4b0e0000 - 0x00007ffa4b874000 	C:\WINDOWS\SYSTEM32\windows.storage.dll
0x00007ffa4ecb0000 - 0x00007ffa4f004000 	C:\WINDOWS\System32\combase.dll
0x00007ffa4d020000 - 0x00007ffa4d04c000 	C:\WINDOWS\SYSTEM32\Wldp.dll
0x00007ffa4ea50000 - 0x00007ffa4eafd000 	C:\WINDOWS\System32\SHCORE.dll
0x00007ffa4f0d0000 - 0x00007ffa4f125000 	C:\WINDOWS\System32\shlwapi.dll
0x00007ffa4d5d0000 - 0x00007ffa4d5ef000 	C:\WINDOWS\SYSTEM32\profapi.dll
0x00007ffa27e00000 - 0x00007ffa27e19000 	C:\Users\lee\.vscode\extensions\redhat.java-1.9.0-win32-x64\jre\17.0.3-win32-x86_64\bin\net.dll
0x00007ffa44710000 - 0x00007ffa4481a000 	C:\WINDOWS\SYSTEM32\WINHTTP.dll
0x00007ffa4cd80000 - 0x00007ffa4cdea000 	C:\WINDOWS\system32\mswsock.dll
0x00007ffa27d50000 - 0x00007ffa27d65000 	C:\Users\lee\.vscode\extensions\redhat.java-1.9.0-win32-x64\jre\17.0.3-win32-x86_64\bin\nio.dll
0x00007ffa2c6e0000 - 0x00007ffa2c6f0000 	c:\Users\lee\.vscode\extensions\redhat.java-1.9.0-win32-x64\jre\17.0.3-win32-x86_64\bin\verify.dll

dbghelp: loaded successfully - version: 4.0.5 - missing functions: none
symbol engine: initialized successfully - sym options: 0x614 - pdb path: .;c:\Users\lee\.vscode\extensions\redhat.java-1.9.0-win32-x64\jre\17.0.3-win32-x86_64\bin;C:\WINDOWS\SYSTEM32;C:\WINDOWS\WinSxS\amd64_microsoft.windows.common-controls_6595b64144ccf1df_6.0.19041.1110_none_60b5254171f9507e;c:\Users\lee\.vscode\extensions\redhat.java-1.9.0-win32-x64\jre\17.0.3-win32-x86_64\bin\server

VM Arguments:
jvm_args: --add-modules=ALL-SYSTEM --add-opens=java.base/java.util=ALL-UNNAMED --add-opens=java.base/java.lang=ALL-UNNAMED --add-opens=java.base/sun.nio.fs=ALL-UNNAMED -Declipse.application=org.eclipse.jdt.ls.core.id1 -Dosgi.bundles.defaultStartLevel=4 -Declipse.product=org.eclipse.jdt.ls.core.product -Djava.import.generatesMetadataFilesAtProjectRoot=false -Dfile.encoding=utf8 -DwatchParentProcess=false -XX:+UseParallelGC -XX:GCTimeRatio=4 -XX:AdaptiveSizePolicyWeight=90 -Dsun.zip.disableMemoryMapping=true -Xmx1G -Xms100m -javaagent:c:\Users\lee\.vscode\extensions\redhat.java-1.9.0-win32-x64\lombok\lombok-1.18.24.jar -XX:+HeapDumpOnOutOfMemoryError -XX:HeapDumpPath=c:\Users\lee\AppData\Roaming\Code\User\workspaceStorage\ff560af8b37b3a079479e893db2692fe\redhat.java 
java_command: c:\Users\lee\.vscode\extensions\redhat.java-1.9.0-win32-x64\server\plugins\org.eclipse.equinox.launcher_1.6.400.v20210924-0641.jar -configuration c:\Users\lee\AppData\Roaming\Code\User\globalStorage\redhat.java\1.9.0\config_win -data c:\Users\lee\AppData\Roaming\Code\User\workspaceStorage\ff560af8b37b3a079479e893db2692fe\redhat.java\jdt_ws
java_class_path (initial): c:\Users\lee\.vscode\extensions\redhat.java-1.9.0-win32-x64\server\plugins\org.eclipse.equinox.launcher_1.6.400.v20210924-0641.jar
Launcher Type: SUN_STANDARD

[Global flags]
    uintx AdaptiveSizePolicyWeight                 = 90                                        {product} {command line}
     intx CICompilerCount                          = 4                                         {product} {ergonomic}
    uintx GCTimeRatio                              = 4                                         {product} {command line}
     bool HeapDumpOnOutOfMemoryError               = true                                   {manageable} {command line}
    ccstr HeapDumpPath                             = c:\Users\lee\AppData\Roaming\Code\User\workspaceStorage\ff560af8b37b3a079479e893db2692fe\redhat.java         {manageable} {command line}
   size_t InitialHeapSize                          = 104857600                                 {product} {command line}
   size_t MaxHeapSize                              = 1073741824                                {product} {command line}
   size_t MaxNewSize                               = 357564416                                 {product} {ergonomic}
   size_t MinHeapDeltaBytes                        = 524288                                    {product} {ergonomic}
   size_t MinHeapSize                              = 104857600                                 {product} {command line}
   size_t NewSize                                  = 34603008                                  {product} {ergonomic}
    uintx NonNMethodCodeHeapSize                   = 5839372                                {pd product} {ergonomic}
    uintx NonProfiledCodeHeapSize                  = 122909434                              {pd product} {ergonomic}
   size_t OldSize                                  = 70254592                                  {product} {ergonomic}
    uintx ProfiledCodeHeapSize                     = 122909434                              {pd product} {ergonomic}
    uintx ReservedCodeCacheSize                    = 251658240                              {pd product} {ergonomic}
     bool SegmentedCodeCache                       = true                                      {product} {ergonomic}
   size_t SoftMaxHeapSize                          = 1073741824                             {manageable} {ergonomic}
     bool UseCompressedClassPointers               = true                           {product lp64_product} {ergonomic}
     bool UseCompressedOops                        = true                           {product lp64_product} {ergonomic}
     bool UseLargePagesIndividualAllocation        = false                                  {pd product} {ergonomic}
     bool UseParallelGC                            = true                                      {product} {command line}

Logging:
Log output configuration:
 #0: stdout all=warning uptime,level,tags
 #1: stderr all=off uptime,level,tags

Environment Variables:
JAVA_HOME=C:\Program Files\Java\jdk1.8.0_301
CLASSPATH=.;C:\Program Files\Java\jdk1.8.0_301\lib\dt.jar;C:\Program Files\Java\jdk1.8.0_301\lib\tools.jar
PATH=D:\Software\texlive\2020\bin\win32;C:\WINDOWS\system32;C:\WINDOWS;C:\WINDOWS\System32\Wbem;C:\WINDOWS\System32\WindowsPowerShell\v1.0\;C:\WINDOWS\System32\OpenSSH\;D:\Software\cmder;C:\Program Files\CodeBlocks\MinGW\bin;D:\Software\calibre\;D:\Software\latex\MiKTeX\miktex\bin\x64\;C:\Users\lee\AppData\Roaming\nvm;C:\Program Files\nodejs;D:\Software\Bitvise SSH Client;C:\Program Files\Git\cmd;C:\Program Files\Graphviz\bin;D:\Software\Nodejs\;C:\Program Files\apache-maven-3.8.3\bin;C:\Program Files\Java\jdk1.8.0_301\bin;C:\Program Files\Java\jdk1.8.0_301\jre\bin;D:\Software\Graphviz\bin;C:\Users\lee\AppData\Local\Programs\anaconda3;C:\Users\lee\AppData\Local\Programs\anaconda3\Library\mingw-w64\bin;C:\Users\lee\AppData\Local\Programs\anaconda3\Library\usr\bin;C:\Users\lee\AppData\Local\Programs\anaconda3\Library\bin;C:\Users\lee\AppData\Local\Programs\anaconda3\Scripts;C:\Users\lee\AppData\Local\Microsoft\WindowsApps;D:\Software\BandiZip\;C:\Users\lee\AppData\Local\GitHubDesktop\bin;C:\Users\lee\AppData\Local\Programs\Microsoft VS Code\bin;C:\Users\lee\AppData\Roaming\nvm;C:\Program Files\nodejs;D:\Software\GoLand 2020.3.4\bin;;C:\Users\lee\AppData\Local\Microsoft\WindowsApps;C:\Program Files\Graphviz\bin;C:\Users\lee\AppData\Roaming\npm;D:\Software\gnuplot\bin;
USERNAME=lee
OS=Windows_NT
PROCESSOR_IDENTIFIER=AMD64 Family 23 Model 96 Stepping 1, AuthenticAMD



---------------  S Y S T E M  ---------------

OS:
 Windows 10 , 64 bit Build 19041 (10.0.19041.1741)
OS uptime: 5 days 6:50 hours
Hyper-V role detected

CPU: total 12 (initial active 12) (12 cores per cpu, 2 threads per core) family 23 model 96 stepping 1 microcode 0x0, cx8, cmov, fxsr, ht, mmx, 3dnowpref, sse, sse2, sse3, ssse3, sse4a, sse4.1, sse4.2, popcnt, lzcnt, tsc, tscinvbit, avx, avx2, aes, clmul, bmi1, bmi2, adx, sha, fma, vzeroupper, clflush, clflushopt, hv

Memory: 4k page, system-wide physical 15734M (4822M free)
TotalPageFile size 23926M (AvailPageFile size 0M)
current process WorkingSet (physical memory assigned to process): 92M, peak: 92M
current process commit charge ("private bytes"): 215M, peak: 215M

vm_info: OpenJDK 64-Bit Server VM (17.0.3+7) for windows-amd64 JRE (17.0.3+7), built on Apr 19 2022 16:55:35 by "" with MS VC++ 16.7 (VS2019)

END.
