#
# There is insufficient memory for the Java Runtime Environment to continue.
# Native memory allocation (malloc) failed to allocate 166576 bytes for Chunk::new
# Possible reasons:
#   The system is out of physical RAM or swap space
#   The process is running with CompressedOops enabled, and the Java Heap may be blocking the growth of the native heap
# Possible solutions:
#   Reduce memory load on the system
#   Increase physical memory or swap space
#   Check if swap backing store is full
#   Decrease Java heap size (-Xmx/-Xms)
#   Decrease number of Java threads
#   Decrease Java thread stack sizes (-Xss)
#   Set larger code cache with -XX:ReservedCodeCacheSize=
#   JVM is running with Unscaled Compressed Oops mode in which the Java heap is
#     placed in the first 4GB address space. The Java Heap base address is the
#     maximum limit for the native heap growth. Please use -XX:HeapBaseMinAddress
#     to set the Java Heap base and to place the Java Heap above 4GB virtual address.
# This output file may be truncated or incomplete.
#
#  Out of Memory Error (arena.cpp:189), pid=61196, tid=61400
#
# JRE version: OpenJDK Runtime Environment Temurin-17.0.3+7 (17.0.3+7) (build 17.0.3+7)
# Java VM: OpenJDK 64-Bit Server VM Temurin-17.0.3+7 (17.0.3+7, mixed mode, tiered, compressed oops, compressed class ptrs, parallel gc, windows-amd64)
# No core dump will be written. Minidumps are not enabled by default on client versions of Windows
#

---------------  S U M M A R Y ------------

Command Line: --add-modules=ALL-SYSTEM --add-opens=java.base/java.util=ALL-UNNAMED --add-opens=java.base/java.lang=ALL-UNNAMED --add-opens=java.base/sun.nio.fs=ALL-UNNAMED -Declipse.application=org.eclipse.jdt.ls.core.id1 -Dosgi.bundles.defaultStartLevel=4 -Declipse.product=org.eclipse.jdt.ls.core.product -Djava.import.generatesMetadataFilesAtProjectRoot=false -Dfile.encoding=utf8 -DwatchParentProcess=false -XX:+UseParallelGC -XX:GCTimeRatio=4 -XX:AdaptiveSizePolicyWeight=90 -Dsun.zip.disableMemoryMapping=true -Xmx1G -Xms100m -javaagent:c:\Users\lee\.vscode\extensions\redhat.java-1.9.0-win32-x64\lombok\lombok-1.18.24.jar c:\Users\lee\.vscode\extensions\redhat.java-1.9.0-win32-x64\server\plugins\org.eclipse.equinox.launcher_1.6.400.v20210924-0641.jar -configuration c:\Users\lee\AppData\Roaming\Code\User\globalStorage\redhat.java\1.9.0\config_ss_win -data c:\Users\lee\AppData\Roaming\Code\User\workspaceStorage\ff560af8b37b3a079479e893db2692fe\redhat.java\ss_ws

Host: AMD Ryzen 5 4600U with Radeon Graphics         , 12 cores, 15G,  Windows 10 , 64 bit Build 19041 (10.0.19041.1741)
Time: Tue Aug 16 16:37:56 2022  Windows 10 , 64 bit Build 19041 (10.0.19041.1741) elapsed time: 3.575858 seconds (0d 0h 0m 3s)

---------------  T H R E A D  ---------------

Current thread (0x0000021f32fc3640):  JavaThread "C2 CompilerThread0" daemon [_thread_in_native, id=61400, stack(0x00000037ed400000,0x00000037ed500000)]


Current CompileTask:
C2:   3576 1941       4       java.util.Properties::loadConvert (540 bytes)

Stack: [0x00000037ed400000,0x00000037ed500000]
Native frames: (J=compiled Java code, j=interpreted, Vv=VM code, C=native code)
V  [jvm.dll+0x675efa]
V  [jvm.dll+0x830a24]
V  [jvm.dll+0x8321ce]
V  [jvm.dll+0x832833]
V  [jvm.dll+0x2454b5]
V  [jvm.dll+0xabd7b]
V  [jvm.dll+0xac30c]
V  [jvm.dll+0x2ac5bf]
V  [jvm.dll+0x57cd09]
V  [jvm.dll+0x22056d]
V  [jvm.dll+0x219a1f]
V  [jvm.dll+0x21767b]
V  [jvm.dll+0x1a3ccd]
V  [jvm.dll+0x227178]
V  [jvm.dll+0x2252bc]
V  [jvm.dll+0x7e673b]
V  [jvm.dll+0x7e0cfa]
V  [jvm.dll+0x674d85]
C  [ucrtbase.dll+0x21bb2]
C  [KERNEL32.DLL+0x17034]
C  [ntdll.dll+0x52651]


---------------  P R O C E S S  ---------------

Threads class SMR info:
_java_thread_list=0x0000021f359b1850, length=18, elements={
0x0000021f1d379130, 0x0000021f311f5ea0, 0x0000021f311f7540, 0x0000021f32f8fea0,
0x0000021f32f91b30, 0x0000021f32f95670, 0x0000021f32fc22b0, 0x0000021f32fc3640,
0x0000021f32fc4f50, 0x0000021f32fc94f0, 0x0000021f33115ff0, 0x0000021f33248280,
0x0000021f3463e270, 0x0000021f35a21870, 0x0000021f3444d9d0, 0x0000021f35a24d80,
0x0000021f358fafc0, 0x0000021f357c4ce0
}

Java Threads: ( => current thread )
  0x0000021f1d379130 JavaThread "main" [_thread_blocked, id=52824, stack(0x00000037ecb00000,0x00000037ecc00000)]
  0x0000021f311f5ea0 JavaThread "Reference Handler" daemon [_thread_blocked, id=57704, stack(0x00000037ece00000,0x00000037ecf00000)]
  0x0000021f311f7540 JavaThread "Finalizer" daemon [_thread_blocked, id=59892, stack(0x00000037ecf00000,0x00000037ed000000)]
  0x0000021f32f8fea0 JavaThread "Signal Dispatcher" daemon [_thread_blocked, id=63276, stack(0x00000037ed000000,0x00000037ed100000)]
  0x0000021f32f91b30 JavaThread "Attach Listener" daemon [_thread_blocked, id=59008, stack(0x00000037ed100000,0x00000037ed200000)]
  0x0000021f32f95670 JavaThread "Service Thread" daemon [_thread_blocked, id=61500, stack(0x00000037ed200000,0x00000037ed300000)]
  0x0000021f32fc22b0 JavaThread "Monitor Deflation Thread" daemon [_thread_blocked, id=61268, stack(0x00000037ed300000,0x00000037ed400000)]
=>0x0000021f32fc3640 JavaThread "C2 CompilerThread0" daemon [_thread_in_native, id=61400, stack(0x00000037ed400000,0x00000037ed500000)]
  0x0000021f32fc4f50 JavaThread "C1 CompilerThread0" daemon [_thread_in_native, id=43608, stack(0x00000037ed500000,0x00000037ed600000)]
  0x0000021f32fc94f0 JavaThread "Sweeper thread" daemon [_thread_blocked, id=61480, stack(0x00000037ed600000,0x00000037ed700000)]
  0x0000021f33115ff0 JavaThread "Common-Cleaner" daemon [_thread_blocked, id=59812, stack(0x00000037ed700000,0x00000037ed800000)]
  0x0000021f33248280 JavaThread "Notification Thread" daemon [_thread_blocked, id=35944, stack(0x00000037ed800000,0x00000037ed900000)]
  0x0000021f3463e270 JavaThread "Active Thread: Equinox Container: c356308d-866e-4032-b56f-e86fb8181b28" [_thread_blocked, id=61692, stack(0x00000037ee100000,0x00000037ee200000)]
  0x0000021f35a21870 JavaThread "Framework Event Dispatcher: Equinox Container: c356308d-866e-4032-b56f-e86fb8181b28" daemon [_thread_blocked, id=62880, stack(0x00000037ee200000,0x00000037ee300000)]
  0x0000021f3444d9d0 JavaThread "Start Level: Equinox Container: c356308d-866e-4032-b56f-e86fb8181b28" daemon [_thread_in_native, id=57320, stack(0x00000037ee300000,0x00000037ee400000)]
  0x0000021f35a24d80 JavaThread "SCR Component Actor" daemon [_thread_blocked, id=62136, stack(0x00000037ee400000,0x00000037ee500000)]
  0x0000021f358fafc0 JavaThread "SCR Component Registry" daemon [_thread_blocked, id=63380, stack(0x00000037ee500000,0x00000037ee600000)]
  0x0000021f357c4ce0 JavaThread "Worker-JM" [_thread_blocked, id=59112, stack(0x00000037ee600000,0x00000037ee700000)]

Other Threads:
  0x0000021f32f71740 VMThread "VM Thread" [stack: 0x00000037ecd00000,0x00000037ece00000] [id=15148]
  0x0000021f33248750 WatcherThread [stack: 0x00000037ed900000,0x00000037eda00000] [id=61580]
  0x0000021f1d38f840 GCTaskThread "GC Thread#0" [stack: 0x00000037ecc00000,0x00000037ecd00000] [id=60168]
  0x0000021f3541d900 GCTaskThread "GC Thread#1" [stack: 0x00000037eda00000,0x00000037edb00000] [id=53812]
  0x0000021f349b85d0 GCTaskThread "GC Thread#2" [stack: 0x00000037edb00000,0x00000037edc00000] [id=62652]
  0x0000021f349f0040 GCTaskThread "GC Thread#3" [stack: 0x00000037edc00000,0x00000037edd00000] [id=22032]
  0x0000021f349f02f0 GCTaskThread "GC Thread#4" [stack: 0x00000037edd00000,0x00000037ede00000] [id=60736]
  0x0000021f349f05a0 GCTaskThread "GC Thread#5" [stack: 0x00000037ede00000,0x00000037edf00000] [id=18640]
  0x0000021f35437d60 GCTaskThread "GC Thread#6" [stack: 0x00000037edf00000,0x00000037ee000000] [id=61836]
  0x0000021f3580c4b0 GCTaskThread "GC Thread#7" [stack: 0x00000037ee000000,0x00000037ee100000] [id=28876]

Threads with active compile tasks:
C2 CompilerThread0     3650 1941       4       java.util.Properties::loadConvert (540 bytes)
C1 CompilerThread0     3650 1982       3       java.net.URLStreamHandler::parseURL (1201 bytes)

VM state: not at safepoint (normal execution)

VM Mutex/Monitor currently owned by a thread: None

Heap address: 0x00000000c0000000, size: 1024 MB, Compressed Oops mode: 32-bit

CDS archive(s) not mapped
Compressed class space mapped at: 0x0000000100000000-0x0000000140000000, reserved size: 1073741824
Narrow klass base: 0x0000000000000000, Narrow klass shift: 3, Narrow klass range: 0x140000000

GC Precious Log:
 CPUs: 12 total, 12 available
 Memory: 15734M
 Large Page Support: Disabled
 NUMA Support: Disabled
 Compressed Oops: Enabled (32-bit)
 Alignments: Space 512K, Generation 512K, Heap 2M
 Heap Min Capacity: 100M
 Heap Initial Capacity: 100M
 Heap Max Capacity: 1G
 Pre-touch: Disabled
 Parallel Workers: 10

Heap:
 PSYoungGen      total 29696K, used 23565K [0x00000000eab00000, 0x00000000ecc00000, 0x0000000100000000)
  eden space 25600K, 76% used [0x00000000eab00000,0x00000000ebe09dc8,0x00000000ec400000)
  from space 4096K, 99% used [0x00000000ec800000,0x00000000ecbf96c0,0x00000000ecc00000)
  to   space 4096K, 0% used [0x00000000ec400000,0x00000000ec400000,0x00000000ec800000)
 ParOldGen       total 68608K, used 856K [0x00000000c0000000, 0x00000000c4300000, 0x00000000eab00000)
  object space 68608K, 1% used [0x00000000c0000000,0x00000000c00d6350,0x00000000c4300000)
 Metaspace       used 18988K, committed 19392K, reserved 1073152K
  class space    used 1940K, committed 2112K, reserved 1048576K

Card table byte_map: [0x0000021f1cd60000,0x0000021f1cf70000] _byte_map_base: 0x0000021f1c760000

Marking Bits: (ParMarkBitMap*) 0x00007ff8b8224b80
 Begin Bits: [0x0000021f2f000000, 0x0000021f30000000)
 End Bits:   [0x0000021f30000000, 0x0000021f31000000)

Polling page: 0x0000021f1cb50000

Metaspace:

Usage:
  Non-class:     16.65 MB used.
      Class:      1.89 MB used.
       Both:     18.54 MB used.

Virtual space:
  Non-class space:       24.00 MB reserved,      16.88 MB ( 70%) committed,  3 nodes.
      Class space:        1.00 GB reserved,       2.06 MB ( <1%) committed,  1 nodes.
             Both:        1.02 GB reserved,      18.94 MB (  2%) committed. 

Chunk freelists:
   Non-Class:  2.21 MB
       Class:  1.91 MB
        Both:  4.12 MB

MaxMetaspaceSize: unlimited
CompressedClassSpaceSize: 1.00 GB
Initial GC threshold: 21.00 MB
Current GC threshold: 21.00 MB
CDS: off
MetaspaceReclaimPolicy: balanced
 - commit_granule_bytes: 65536.
 - commit_granule_words: 8192.
 - virtual_space_node_default_size: 1048576.
 - enlarge_chunks_in_place: 1.
 - new_chunks_are_fully_committed: 0.
 - uncommit_free_chunks: 1.
 - use_allocation_guard: 0.
 - handle_deallocations: 1.


Internal statistics:

num_allocs_failed_limit: 0.
num_arena_births: 158.
num_arena_deaths: 0.
num_vsnodes_births: 4.
num_vsnodes_deaths: 0.
num_space_committed: 303.
num_space_uncommitted: 0.
num_chunks_returned_to_freelist: 0.
num_chunks_taken_from_freelist: 531.
num_chunk_merges: 0.
num_chunk_splits: 354.
num_chunks_enlarged: 265.
num_purges: 0.
num_inconsistent_stats: 0.

CodeHeap 'non-profiled nmethods': size=120000Kb used=751Kb max_used=751Kb free=119248Kb
 bounds [0x0000021f27ad0000, 0x0000021f27d40000, 0x0000021f2f000000]
CodeHeap 'profiled nmethods': size=120000Kb used=3769Kb max_used=3769Kb free=116230Kb
 bounds [0x0000021f205a0000, 0x0000021f20950000, 0x0000021f27ad0000]
CodeHeap 'non-nmethods': size=5760Kb used=1186Kb max_used=1200Kb free=4573Kb
 bounds [0x0000021f20000000, 0x0000021f20270000, 0x0000021f205a0000]
 total_blobs=2460 nmethods=1977 adapters=397
 compilation: enabled
              stopped_count=0, restarted_count=0
 full_count=0

Compilation events (20 events):
Event: 3.564 Thread 0x0000021f32fc4f50 nmethod 1931 0x0000021f27b87e90 code [0x0000021f27b88020, 0x0000021f27b880f8]
Event: 3.564 Thread 0x0000021f32fc4f50 1932       3       java.lang.ref.WeakReference::<init> (6 bytes)
Event: 3.564 Thread 0x0000021f32fc3640 1933       4       java.lang.String::<init> (74 bytes)
Event: 3.564 Thread 0x0000021f32fc4f50 nmethod 1932 0x0000021f20938290 code [0x0000021f20938440, 0x0000021f209386d8]
Event: 3.564 Thread 0x0000021f32fc4f50 1935   !   3       jdk.internal.reflect.ReflectionFactory::checkInitted (100 bytes)
Event: 3.565 Thread 0x0000021f32fc4f50 nmethod 1935 0x0000021f20938810 code [0x0000021f20938b20, 0x0000021f20939b28]
Event: 3.565 Thread 0x0000021f32fc4f50 1934       3       java.lang.reflect.AccessibleObject::slowVerifyAccess (67 bytes)
Event: 3.566 Thread 0x0000021f32fc3640 nmethod 1933 0x0000021f27b88190 code [0x0000021f27b88320, 0x0000021f27b885d8]
Event: 3.566 Thread 0x0000021f32fc3640 1941       4       java.util.Properties::loadConvert (540 bytes)
Event: 3.566 Thread 0x0000021f32fc4f50 nmethod 1934 0x0000021f2093a010 code [0x0000021f2093a220, 0x0000021f2093a8c8]
Event: 3.566 Thread 0x0000021f32fc4f50 1938       3       java.lang.reflect.Field::setFieldAccessor (34 bytes)
Event: 3.567 Thread 0x0000021f32fc4f50 nmethod 1938 0x0000021f2093ab10 code [0x0000021f2093acc0, 0x0000021f2093afe8]
Event: 3.567 Thread 0x0000021f32fc4f50 1939       3       java.lang.reflect.ReflectAccess::getRoot (5 bytes)
Event: 3.567 Thread 0x0000021f32fc4f50 nmethod 1939 0x0000021f2093b110 code [0x0000021f2093b2c0, 0x0000021f2093b488]
Event: 3.567 Thread 0x0000021f32fc4f50 1936       1       java.lang.reflect.Field::getDeclaringClass (5 bytes)
Event: 3.567 Thread 0x0000021f32fc4f50 nmethod 1936 0x0000021f27b88710 code [0x0000021f27b888a0, 0x0000021f27b88978]
Event: 3.567 Thread 0x0000021f32fc4f50 1937       1       java.lang.reflect.Field::getRoot (5 bytes)
Event: 3.567 Thread 0x0000021f32fc4f50 nmethod 1937 0x0000021f27b88a10 code [0x0000021f27b88ba0, 0x0000021f27b88c78]
Event: 3.567 Thread 0x0000021f32fc4f50 1940       3       java.lang.Module::isExported (18 bytes)
Event: 3.568 Thread 0x0000021f32fc4f50 nmethod 1940 0x0000021f2093b590 code [0x0000021f2093b760, 0x0000021f2093bb68]

GC Heap History (4 events):
Event: 1.709 GC heap before
{Heap before GC invocations=1 (full 0):
 PSYoungGen      total 29696K, used 25600K [0x00000000eab00000, 0x00000000ecc00000, 0x0000000100000000)
  eden space 25600K, 100% used [0x00000000eab00000,0x00000000ec400000,0x00000000ec400000)
  from space 4096K, 0% used [0x00000000ec800000,0x00000000ec800000,0x00000000ecc00000)
  to   space 4096K, 0% used [0x00000000ec400000,0x00000000ec400000,0x00000000ec800000)
 ParOldGen       total 68608K, used 0K [0x00000000c0000000, 0x00000000c4300000, 0x00000000eab00000)
  object space 68608K, 0% used [0x00000000c0000000,0x00000000c0000000,0x00000000c4300000)
 Metaspace       used 10811K, committed 11008K, reserved 1064960K
  class space    used 1086K, committed 1152K, reserved 1048576K
}
Event: 1.724 GC heap after
{Heap after GC invocations=1 (full 0):
 PSYoungGen      total 29696K, used 3392K [0x00000000eab00000, 0x00000000ecc00000, 0x0000000100000000)
  eden space 25600K, 0% used [0x00000000eab00000,0x00000000eab00000,0x00000000ec400000)
  from space 4096K, 82% used [0x00000000ec400000,0x00000000ec7501a0,0x00000000ec800000)
  to   space 4096K, 0% used [0x00000000ec800000,0x00000000ec800000,0x00000000ecc00000)
 ParOldGen       total 68608K, used 8K [0x00000000c0000000, 0x00000000c4300000, 0x00000000eab00000)
  object space 68608K, 0% used [0x00000000c0000000,0x00000000c0002000,0x00000000c4300000)
 Metaspace       used 10811K, committed 11008K, reserved 1064960K
  class space    used 1086K, committed 1152K, reserved 1048576K
}
Event: 2.954 GC heap before
{Heap before GC invocations=2 (full 0):
 PSYoungGen      total 29696K, used 28992K [0x00000000eab00000, 0x00000000ecc00000, 0x0000000100000000)
  eden space 25600K, 100% used [0x00000000eab00000,0x00000000ec400000,0x00000000ec400000)
  from space 4096K, 82% used [0x00000000ec400000,0x00000000ec7501a0,0x00000000ec800000)
  to   space 4096K, 0% used [0x00000000ec800000,0x00000000ec800000,0x00000000ecc00000)
 ParOldGen       total 68608K, used 8K [0x00000000c0000000, 0x00000000c4300000, 0x00000000eab00000)
  object space 68608K, 0% used [0x00000000c0000000,0x00000000c0002000,0x00000000c4300000)
 Metaspace       used 15106K, committed 15360K, reserved 1064960K
  class space    used 1546K, committed 1664K, reserved 1048576K
}
Event: 2.961 GC heap after
{Heap after GC invocations=2 (full 0):
 PSYoungGen      total 29696K, used 4069K [0x00000000eab00000, 0x00000000ecc00000, 0x0000000100000000)
  eden space 25600K, 0% used [0x00000000eab00000,0x00000000eab00000,0x00000000ec400000)
  from space 4096K, 99% used [0x00000000ec800000,0x00000000ecbf96c0,0x00000000ecc00000)
  to   space 4096K, 0% used [0x00000000ec400000,0x00000000ec400000,0x00000000ec800000)
 ParOldGen       total 68608K, used 856K [0x00000000c0000000, 0x00000000c4300000, 0x00000000eab00000)
  object space 68608K, 1% used [0x00000000c0000000,0x00000000c00d6350,0x00000000c4300000)
 Metaspace       used 15106K, committed 15360K, reserved 1064960K
  class space    used 1546K, committed 1664K, reserved 1048576K
}

Deoptimization events (20 events):
Event: 3.335 Thread 0x0000021f3444d9d0 Uncommon trap: trap_request=0xffffff45 fr.pc=0x0000021f27b143f4 relative=0x0000000000000074
Event: 3.335 Thread 0x0000021f3444d9d0 Uncommon trap: reason=unstable_if action=reinterpret pc=0x0000021f27b143f4 method=jdk.internal.misc.Unsafe.convEndian(ZJ)J @ 4 c2
Event: 3.335 Thread 0x0000021f3444d9d0 DEOPT PACKING pc=0x0000021f27b143f4 sp=0x00000037ee3f7470
Event: 3.335 Thread 0x0000021f3444d9d0 DEOPT UNPACKING pc=0x0000021f200520a3 sp=0x00000037ee3f7398 mode 2
Event: 3.384 Thread 0x0000021f3444d9d0 Uncommon trap: trap_request=0xffffff45 fr.pc=0x0000021f27b58a58 relative=0x0000000000000138
Event: 3.384 Thread 0x0000021f3444d9d0 Uncommon trap: reason=unstable_if action=reinterpret pc=0x0000021f27b58a58 method=java.lang.StringLatin1.lastIndexOf([BI[BII)I @ 86 c2
Event: 3.384 Thread 0x0000021f3444d9d0 DEOPT PACKING pc=0x0000021f27b58a58 sp=0x00000037ee3f7f70
Event: 3.384 Thread 0x0000021f3444d9d0 DEOPT UNPACKING pc=0x0000021f200520a3 sp=0x00000037ee3f7ec8 mode 2
Event: 3.385 Thread 0x0000021f3444d9d0 Uncommon trap: trap_request=0xffffff45 fr.pc=0x0000021f27ae66f4 relative=0x0000000000000354
Event: 3.385 Thread 0x0000021f3444d9d0 Uncommon trap: reason=unstable_if action=reinterpret pc=0x0000021f27ae66f4 method=java.lang.StringLatin1.canEncode(I)Z @ 4 c2
Event: 3.386 Thread 0x0000021f3444d9d0 DEOPT PACKING pc=0x0000021f27ae66f4 sp=0x00000037ee3f8a30
Event: 3.386 Thread 0x0000021f3444d9d0 DEOPT UNPACKING pc=0x0000021f200520a3 sp=0x00000037ee3f8958 mode 2
Event: 3.386 Thread 0x0000021f3444d9d0 Uncommon trap: trap_request=0xffffff45 fr.pc=0x0000021f27b08558 relative=0x0000000000000338
Event: 3.386 Thread 0x0000021f3444d9d0 Uncommon trap: reason=unstable_if action=reinterpret pc=0x0000021f27b08558 method=java.lang.AbstractStringBuilder.append(C)Ljava/lang/AbstractStringBuilder; @ 14 c2
Event: 3.386 Thread 0x0000021f3444d9d0 DEOPT PACKING pc=0x0000021f27b08558 sp=0x00000037ee3f8a50
Event: 3.386 Thread 0x0000021f3444d9d0 DEOPT UNPACKING pc=0x0000021f200520a3 sp=0x00000037ee3f8a30 mode 2
Event: 3.397 Thread 0x0000021f3444d9d0 Uncommon trap: trap_request=0xffffff45 fr.pc=0x0000021f27af1e48 relative=0x0000000000000048
Event: 3.397 Thread 0x0000021f3444d9d0 Uncommon trap: reason=unstable_if action=reinterpret pc=0x0000021f27af1e48 method=java.lang.CharacterData.of(I)Ljava/lang/CharacterData; @ 4 c2
Event: 3.398 Thread 0x0000021f3444d9d0 DEOPT PACKING pc=0x0000021f27af1e48 sp=0x00000037ee3f8200
Event: 3.398 Thread 0x0000021f3444d9d0 DEOPT UNPACKING pc=0x0000021f200520a3 sp=0x00000037ee3f8198 mode 2

Classes unloaded (0 events):
No events

Classes redefined (0 events):
No events

Internal exceptions (20 events):
Event: 1.329 Thread 0x0000021f1d379130 Exception <a 'java/lang/ClassNotFoundException'{0x00000000ebf8f528}: sun/net/www/protocol/c/Handler> (0x00000000ebf8f528) 
thrown [e:\jenkins\tmp\workspace\build\src\src\hotspot\share\classfile\systemDictionary.cpp, line 256]
Event: 1.352 Thread 0x0000021f1d379130 Exception <a 'java/io/FileNotFoundException'{0x00000000ebfae110}> (0x00000000ebfae110) 
thrown [e:\jenkins\tmp\workspace\build\src\src\hotspot\share\prims\jni.cpp, line 516]
Event: 1.446 Thread 0x0000021f1d379130 Implicit null exception at 0x0000021f27b2477b to 0x0000021f27b25104
Event: 1.448 Thread 0x0000021f1d379130 Implicit null exception at 0x0000021f27b1fbf1 to 0x0000021f27b1fde4
Event: 1.448 Thread 0x0000021f1d379130 Implicit null exception at 0x0000021f27b16ff1 to 0x0000021f27b171e0
Event: 1.451 Thread 0x0000021f1d379130 Implicit null exception at 0x0000021f27b2028f to 0x0000021f27b20305
Event: 1.596 Thread 0x0000021f1d379130 Exception <a 'java/lang/NoSuchMethodError'{0x00000000ec278bd8}: 'int java.lang.invoke.DirectMethodHandle$Holder.invokeStaticInit(java.lang.Object, java.lang.Object, java.lang.Object, java.lang.Object)'> (0x00000000ec278bd8) 
thrown [e:\jenkins\tmp\workspace\build\src\src\hotspot\share\interpreter\linkResolver.cpp, line 766]
Event: 1.601 Thread 0x0000021f1d379130 Exception <a 'java/lang/NoSuchMethodError'{0x00000000ec283248}: 'java.lang.Object java.lang.invoke.DirectMethodHandle$Holder.invokeInterface(java.lang.Object, java.lang.Object)'> (0x00000000ec283248) 
thrown [e:\jenkins\tmp\workspace\build\src\src\hotspot\share\interpreter\linkResolver.cpp, line 766]
Event: 1.602 Thread 0x0000021f1d379130 Exception <a 'java/lang/IncompatibleClassChangeError'{0x00000000ec286a40}: Found class java.lang.Object, but interface was expected> (0x00000000ec286a40) 
thrown [e:\jenkins\tmp\workspace\build\src\src\hotspot\share\interpreter\linkResolver.cpp, line 833]
Event: 1.604 Thread 0x0000021f1d379130 Exception <a 'java/lang/NoSuchMethodError'{0x00000000ec28af38}: 'void java.lang.invoke.DirectMethodHandle$Holder.invokeStatic(java.lang.Object, java.lang.Object)'> (0x00000000ec28af38) 
thrown [e:\jenkins\tmp\workspace\build\src\src\hotspot\share\interpreter\linkResolver.cpp, line 766]
Event: 1.607 Thread 0x0000021f1d379130 Exception <a 'java/lang/NoSuchMethodError'{0x00000000ec28e738}: 'void java.lang.invoke.DirectMethodHandle$Holder.invokeStaticInit(java.lang.Object, java.lang.Object)'> (0x00000000ec28e738) 
thrown [e:\jenkins\tmp\workspace\build\src\src\hotspot\share\interpreter\linkResolver.cpp, line 766]
Event: 1.613 Thread 0x0000021f1d379130 Exception <a 'java/lang/NoSuchMethodError'{0x00000000ec295d90}: 'int java.lang.invoke.DirectMethodHandle$Holder.invokeStaticInit(java.lang.Object, java.lang.Object)'> (0x00000000ec295d90) 
thrown [e:\jenkins\tmp\workspace\build\src\src\hotspot\share\interpreter\linkResolver.cpp, line 766]
Event: 1.693 Thread 0x0000021f1d379130 Exception <a 'java/lang/NoSuchMethodError'{0x00000000ec3bb010}: 'void java.lang.invoke.DirectMethodHandle$Holder.invokeSpecial(java.lang.Object, java.lang.Object, java.lang.Object)'> (0x00000000ec3bb010) 
thrown [e:\jenkins\tmp\workspace\build\src\src\hotspot\share\interpreter\linkResolver.cpp, line 766]
Event: 2.215 Thread 0x0000021f1d379130 Exception <a 'java/lang/NoSuchMethodError'{0x00000000eb65e698}: 'java.lang.Object java.lang.invoke.DirectMethodHandle$Holder.newInvokeSpecial(java.lang.Object, int, java.lang.Object)'> (0x00000000eb65e698) 
thrown [e:\jenkins\tmp\workspace\build\src\src\hotspot\share\interpreter\linkResolver.cpp, line 766]
Event: 2.556 Thread 0x0000021f1d379130 Exception <a 'java/lang/UnsatisfiedLinkError'{0x00000000ebb7f218}: 'void org.eclipse.equinox.launcher.JNIBridge._update_splash()'> (0x00000000ebb7f218) 
thrown [e:\jenkins\tmp\workspace\build\src\src\hotspot\share\prims\nativeLookup.cpp, line 543]
Event: 2.695 Thread 0x0000021f3444d9d0 Exception <a 'java/lang/NoSuchMethodError'{0x00000000ebe95b38}: 'java.lang.Object java.lang.invoke.DirectMethodHandle$Holder.invokeStaticInit(java.lang.Object)'> (0x00000000ebe95b38) 
thrown [e:\jenkins\tmp\workspace\build\src\src\hotspot\share\interpreter\linkResolver.cpp, line 766]
Event: 3.170 Thread 0x0000021f3444d9d0 Exception <a 'java/io/FileNotFoundException'{0x00000000eb174858}> (0x00000000eb174858) 
thrown [e:\jenkins\tmp\workspace\build\src\src\hotspot\share\prims\jni.cpp, line 516]
Event: 3.184 Thread 0x0000021f3444d9d0 Exception <a 'java/lang/NullPointerException'{0x00000000eb1c61a8}> (0x00000000eb1c61a8) 
thrown [e:\jenkins\tmp\workspace\build\src\src\hotspot\share\interpreter\linkResolver.cpp, line 1357]
Event: 3.184 Thread 0x0000021f3444d9d0 Exception <a 'java/lang/NullPointerException'{0x00000000eb1c69d0}> (0x00000000eb1c69d0) 
thrown [e:\jenkins\tmp\workspace\build\src\src\hotspot\share\interpreter\linkResolver.cpp, line 1357]
Event: 3.452 Thread 0x0000021f3444d9d0 Exception <a 'java/lang/NoSuchMethodError'{0x00000000eb9371e0}: 'void java.lang.invoke.DirectMethodHandle$Holder.invokeInterface(java.lang.Object, java.lang.Object, java.lang.Object)'> (0x00000000eb9371e0) 
thrown [e:\jenkins\tmp\workspace\build\src\src\hotspot\share\interpreter\linkResolver.cpp, line 766]

VM Operations (20 events):
Event: 2.163 Executing VM operation: HandshakeAllThreads
Event: 2.163 Executing VM operation: HandshakeAllThreads done
Event: 2.164 Executing VM operation: HandshakeAllThreads
Event: 2.164 Executing VM operation: HandshakeAllThreads done
Event: 2.175 Executing VM operation: HandshakeAllThreads
Event: 2.175 Executing VM operation: HandshakeAllThreads done
Event: 2.205 Executing VM operation: HandshakeAllThreads
Event: 2.205 Executing VM operation: HandshakeAllThreads done
Event: 2.738 Executing VM operation: HandshakeAllThreads
Event: 2.738 Executing VM operation: HandshakeAllThreads done
Event: 2.738 Executing VM operation: Cleanup
Event: 2.738 Executing VM operation: Cleanup done
Event: 2.954 Executing VM operation: ParallelGCFailedAllocation
Event: 2.961 Executing VM operation: ParallelGCFailedAllocation done
Event: 3.322 Executing VM operation: HandshakeAllThreads
Event: 3.322 Executing VM operation: HandshakeAllThreads done
Event: 3.399 Executing VM operation: HandshakeAllThreads
Event: 3.399 Executing VM operation: HandshakeAllThreads done
Event: 3.403 Executing VM operation: HandshakeAllThreads
Event: 3.403 Executing VM operation: HandshakeAllThreads done

Events (20 events):
Event: 3.405 loading class java/util/Formatter done
Event: 3.409 loading class java/util/Formatter$FixedString
Event: 3.409 loading class java/util/Formatter$FormatString
Event: 3.409 loading class java/util/Formatter$FormatString done
Event: 3.409 loading class java/util/Formatter$FixedString done
Event: 3.409 loading class java/util/Formatter$Conversion
Event: 3.409 loading class java/util/Formatter$Conversion done
Event: 3.409 loading class java/util/Formatter$FormatSpecifier
Event: 3.411 loading class java/util/Formatter$FormatSpecifier done
Event: 3.411 loading class java/util/Formatter$Flags
Event: 3.412 loading class java/util/Formatter$Flags done
Event: 3.412 loading class java/util/Formattable
Event: 3.412 loading class java/util/Formattable done
Event: 3.466 Thread 0x0000021f357c4ce0 Thread added: 0x0000021f357c4ce0
Event: 3.475 loading class java/net/URISyntaxException
Event: 3.475 loading class java/net/URISyntaxException done
Event: 3.513 loading class jdk/internal/reflect/UnsafeStaticObjectFieldAccessorImpl
Event: 3.513 loading class jdk/internal/reflect/UnsafeStaticObjectFieldAccessorImpl done
Event: 3.557 loading class java/lang/AbstractMethodError
Event: 3.557 loading class java/lang/AbstractMethodError done


Dynamic libraries:
0x00007ff7cfc60000 - 0x00007ff7cfc6e000 	c:\Users\lee\.vscode\extensions\redhat.java-1.9.0-win32-x64\jre\17.0.3-win32-x86_64\bin\java.exe
0x00007ff91d330000 - 0x00007ff91d527000 	C:\WINDOWS\SYSTEM32\ntdll.dll
0x00007ff91cfb0000 - 0x00007ff91d06d000 	C:\WINDOWS\System32\KERNEL32.DLL
0x00007ff91b000000 - 0x00007ff91b2cd000 	C:\WINDOWS\System32\KERNELBASE.dll
0x00007ff91aa50000 - 0x00007ff91ab50000 	C:\WINDOWS\System32\ucrtbase.dll
0x00007ff912dd0000 - 0x00007ff912de9000 	c:\Users\lee\.vscode\extensions\redhat.java-1.9.0-win32-x64\jre\17.0.3-win32-x86_64\bin\VCRUNTIME140.dll
0x00007ff912eb0000 - 0x00007ff912ec8000 	c:\Users\lee\.vscode\extensions\redhat.java-1.9.0-win32-x64\jre\17.0.3-win32-x86_64\bin\jli.dll
0x00007ff91c700000 - 0x00007ff91c8a0000 	C:\WINDOWS\System32\USER32.dll
0x00007ff91b360000 - 0x00007ff91b382000 	C:\WINDOWS\System32\win32u.dll
0x00007ff91ccd0000 - 0x00007ff91ccfa000 	C:\WINDOWS\System32\GDI32.dll
0x00007ff9085f0000 - 0x00007ff90888a000 	C:\WINDOWS\WinSxS\amd64_microsoft.windows.common-controls_6595b64144ccf1df_6.0.19041.1110_none_60b5254171f9507e\COMCTL32.dll
0x00007ff91abc0000 - 0x00007ff91accb000 	C:\WINDOWS\System32\gdi32full.dll
0x00007ff91cc30000 - 0x00007ff91ccce000 	C:\WINDOWS\System32\msvcrt.dll
0x00007ff91af30000 - 0x00007ff91afcd000 	C:\WINDOWS\System32\msvcp_win.dll
0x00007ff91cad0000 - 0x00007ff91cb00000 	C:\WINDOWS\System32\IMM32.DLL
0x00007ff915d60000 - 0x00007ff915d6c000 	c:\Users\lee\.vscode\extensions\redhat.java-1.9.0-win32-x64\jre\17.0.3-win32-x86_64\bin\vcruntime140_1.dll
0x00007ff90c3d0000 - 0x00007ff90c461000 	c:\Users\lee\.vscode\extensions\redhat.java-1.9.0-win32-x64\jre\17.0.3-win32-x86_64\bin\msvcp140.dll
0x00007ff8b76a0000 - 0x00007ff8b82e8000 	c:\Users\lee\.vscode\extensions\redhat.java-1.9.0-win32-x64\jre\17.0.3-win32-x86_64\bin\server\jvm.dll
0x00007ff91cb80000 - 0x00007ff91cc2e000 	C:\WINDOWS\System32\ADVAPI32.dll
0x00007ff91c900000 - 0x00007ff91c99c000 	C:\WINDOWS\System32\sechost.dll
0x00007ff91bff0000 - 0x00007ff91c115000 	C:\WINDOWS\System32\RPCRT4.dll
0x00007ff91b440000 - 0x00007ff91b448000 	C:\WINDOWS\System32\PSAPI.DLL
0x00007ff90ff90000 - 0x00007ff90ff9a000 	C:\WINDOWS\SYSTEM32\VERSION.dll
0x00007ff9124f0000 - 0x00007ff9124f9000 	C:\WINDOWS\SYSTEM32\WSOCK32.dll
0x00007ff918f50000 - 0x00007ff918f77000 	C:\WINDOWS\SYSTEM32\WINMM.dll
0x00007ff91ca50000 - 0x00007ff91cabb000 	C:\WINDOWS\System32\WS2_32.dll
0x00007ff9192a0000 - 0x00007ff9192b2000 	C:\WINDOWS\SYSTEM32\kernel.appcore.dll
0x00007ff9146f0000 - 0x00007ff9146fa000 	c:\Users\lee\.vscode\extensions\redhat.java-1.9.0-win32-x64\jre\17.0.3-win32-x86_64\bin\jimage.dll
0x00007ff918d40000 - 0x00007ff918f24000 	C:\WINDOWS\SYSTEM32\DBGHELP.DLL
0x00007ff918d10000 - 0x00007ff918d3c000 	C:\WINDOWS\SYSTEM32\dbgcore.DLL
0x00007ff91b2d0000 - 0x00007ff91b352000 	C:\WINDOWS\System32\bcryptPrimitives.dll
0x00007ff913b90000 - 0x00007ff913b9e000 	c:\Users\lee\.vscode\extensions\redhat.java-1.9.0-win32-x64\jre\17.0.3-win32-x86_64\bin\instrument.dll
0x00007ff9127c0000 - 0x00007ff9127e5000 	c:\Users\lee\.vscode\extensions\redhat.java-1.9.0-win32-x64\jre\17.0.3-win32-x86_64\bin\java.dll
0x00007ff912cb0000 - 0x00007ff912cc8000 	c:\Users\lee\.vscode\extensions\redhat.java-1.9.0-win32-x64\jre\17.0.3-win32-x86_64\bin\zip.dll
0x00007ff91b8a0000 - 0x00007ff91bfe4000 	C:\WINDOWS\System32\SHELL32.dll
0x00007ff9184a0000 - 0x00007ff918c34000 	C:\WINDOWS\SYSTEM32\windows.storage.dll
0x00007ff91b450000 - 0x00007ff91b7a4000 	C:\WINDOWS\System32\combase.dll
0x00007ff91a4b0000 - 0x00007ff91a4dc000 	C:\WINDOWS\SYSTEM32\Wldp.dll
0x00007ff91b390000 - 0x00007ff91b43d000 	C:\WINDOWS\System32\SHCORE.dll
0x00007ff91c8a0000 - 0x00007ff91c8f5000 	C:\WINDOWS\System32\shlwapi.dll
0x00007ff91a990000 - 0x00007ff91a9af000 	C:\WINDOWS\SYSTEM32\profapi.dll
0x00007ff9124d0000 - 0x00007ff9124e9000 	C:\Users\lee\.vscode\extensions\redhat.java-1.9.0-win32-x64\jre\17.0.3-win32-x86_64\bin\net.dll
0x00007ff9120b0000 - 0x00007ff9121ba000 	C:\WINDOWS\SYSTEM32\WINHTTP.dll
0x00007ff91a1f0000 - 0x00007ff91a25a000 	C:\WINDOWS\system32\mswsock.dll
0x00007ff9100e0000 - 0x00007ff9100f5000 	C:\Users\lee\.vscode\extensions\redhat.java-1.9.0-win32-x64\jre\17.0.3-win32-x86_64\bin\nio.dll
0x00007ff913b60000 - 0x00007ff913b70000 	c:\Users\lee\.vscode\extensions\redhat.java-1.9.0-win32-x64\jre\17.0.3-win32-x86_64\bin\verify.dll
0x00007ff90c160000 - 0x00007ff90c19e000 	C:\Users\lee\AppData\Roaming\Code\User\globalStorage\redhat.java\1.9.0\config_ss_win\org.eclipse.equinox.launcher\org.eclipse.equinox.launcher.win32.win32.x86_64_1.2.500.v20220509-0833\eclipse_11700.dll
0x00007ff91ce80000 - 0x00007ff91cfaa000 	C:\WINDOWS\System32\ole32.dll

dbghelp: loaded successfully - version: 4.0.5 - missing functions: none
symbol engine: initialized successfully - sym options: 0x614 - pdb path: .;c:\Users\lee\.vscode\extensions\redhat.java-1.9.0-win32-x64\jre\17.0.3-win32-x86_64\bin;C:\WINDOWS\SYSTEM32;C:\WINDOWS\WinSxS\amd64_microsoft.windows.common-controls_6595b64144ccf1df_6.0.19041.1110_none_60b5254171f9507e;c:\Users\lee\.vscode\extensions\redhat.java-1.9.0-win32-x64\jre\17.0.3-win32-x86_64\bin\server;C:\Users\lee\AppData\Roaming\Code\User\globalStorage\redhat.java\1.9.0\config_ss_win\org.eclipse.equinox.launcher\org.eclipse.equinox.launcher.win32.win32.x86_64_1.2.500.v20220509-0833

VM Arguments:
jvm_args: --add-modules=ALL-SYSTEM --add-opens=java.base/java.util=ALL-UNNAMED --add-opens=java.base/java.lang=ALL-UNNAMED --add-opens=java.base/sun.nio.fs=ALL-UNNAMED -Declipse.application=org.eclipse.jdt.ls.core.id1 -Dosgi.bundles.defaultStartLevel=4 -Declipse.product=org.eclipse.jdt.ls.core.product -Djava.import.generatesMetadataFilesAtProjectRoot=false -Dfile.encoding=utf8 -DwatchParentProcess=false -XX:+UseParallelGC -XX:GCTimeRatio=4 -XX:AdaptiveSizePolicyWeight=90 -Dsun.zip.disableMemoryMapping=true -Xmx1G -Xms100m -javaagent:c:\Users\lee\.vscode\extensions\redhat.java-1.9.0-win32-x64\lombok\lombok-1.18.24.jar 
java_command: c:\Users\lee\.vscode\extensions\redhat.java-1.9.0-win32-x64\server\plugins\org.eclipse.equinox.launcher_1.6.400.v20210924-0641.jar -configuration c:\Users\lee\AppData\Roaming\Code\User\globalStorage\redhat.java\1.9.0\config_ss_win -data c:\Users\lee\AppData\Roaming\Code\User\workspaceStorage\ff560af8b37b3a079479e893db2692fe\redhat.java\ss_ws
java_class_path (initial): c:\Users\lee\.vscode\extensions\redhat.java-1.9.0-win32-x64\server\plugins\org.eclipse.equinox.launcher_1.6.400.v20210924-0641.jar
Launcher Type: SUN_STANDARD

[Global flags]
    uintx AdaptiveSizePolicyWeight                 = 90                                        {product} {command line}
     intx CICompilerCount                          = 4                                         {product} {ergonomic}
    uintx GCTimeRatio                              = 4                                         {product} {command line}
   size_t InitialHeapSize                          = 104857600                                 {product} {command line}
   size_t MaxHeapSize                              = 1073741824                                {product} {command line}
   size_t MaxNewSize                               = 357564416                                 {product} {ergonomic}
   size_t MinHeapDeltaBytes                        = 524288                                    {product} {ergonomic}
   size_t MinHeapSize                              = 104857600                                 {product} {command line}
   size_t NewSize                                  = 34603008                                  {product} {ergonomic}
    uintx NonNMethodCodeHeapSize                   = 5839372                                {pd product} {ergonomic}
    uintx NonProfiledCodeHeapSize                  = 122909434                              {pd product} {ergonomic}
   size_t OldSize                                  = 70254592                                  {product} {ergonomic}
    uintx ProfiledCodeHeapSize                     = 122909434                              {pd product} {ergonomic}
    uintx ReservedCodeCacheSize                    = 251658240                              {pd product} {ergonomic}
     bool SegmentedCodeCache                       = true                                      {product} {ergonomic}
   size_t SoftMaxHeapSize                          = 1073741824                             {manageable} {ergonomic}
     bool UseCompressedClassPointers               = true                           {product lp64_product} {ergonomic}
     bool UseCompressedOops                        = true                           {product lp64_product} {ergonomic}
     bool UseLargePagesIndividualAllocation        = false                                  {pd product} {ergonomic}
     bool UseParallelGC                            = true                                      {product} {command line}

Logging:
Log output configuration:
 #0: stdout all=warning uptime,level,tags
 #1: stderr all=off uptime,level,tags

Environment Variables:
JAVA_HOME=C:\Program Files\Java\jdk1.8.0_301
CLASSPATH=.;C:\Program Files\Java\jdk1.8.0_301\lib\dt.jar;C:\Program Files\Java\jdk1.8.0_301\lib\tools.jar
PATH=D:\Software\texlive\2020\bin\win32;C:\WINDOWS\system32;C:\WINDOWS;C:\WINDOWS\System32\Wbem;C:\WINDOWS\System32\WindowsPowerShell\v1.0\;C:\WINDOWS\System32\OpenSSH\;D:\Software\cmder;C:\Program Files\CodeBlocks\MinGW\bin;D:\Software\calibre\;D:\Software\latex\MiKTeX\miktex\bin\x64\;C:\Users\lee\AppData\Roaming\nvm;C:\Program Files\nodejs;D:\Software\Bitvise SSH Client;C:\Program Files\Git\cmd;C:\Program Files\Graphviz\bin;D:\Software\Nodejs\;C:\Program Files\apache-maven-3.8.3\bin;C:\Program Files\Java\jdk1.8.0_301\bin;C:\Program Files\Java\jdk1.8.0_301\jre\bin;D:\Software\Graphviz\bin;C:\Program Files\Docker\Docker\resources\bin;C:\ProgramData\DockerDesktop\version-bin;C:\Users\lee\AppData\Local\Programs\anaconda3;C:\Users\lee\AppData\Local\Programs\anaconda3\Library\mingw-w64\bin;C:\Users\lee\AppData\Local\Programs\anaconda3\Library\usr\bin;C:\Users\lee\AppData\Local\Programs\anaconda3\Library\bin;C:\Users\lee\AppData\Local\Programs\anaconda3\Scripts;C:\Users\lee\AppData\Local\Microsoft\WindowsApps;D:\Software\BandiZip\;C:\Users\lee\AppData\Local\GitHubDesktop\bin;C:\Users\lee\AppData\Local\Programs\Microsoft VS Code\bin;C:\Users\lee\AppData\Roaming\nvm;C:\Program Files\nodejs;D:\Software\GoLand 2020.3.4\bin;;C:\Users\lee\AppData\Local\Microsoft\WindowsApps;C:\Program Files\Graphviz\bin;C:\Users\lee\AppData\Roaming\npm;D:\Software\gnuplot\bin;;C:\Users\lee\AppData\Local\JetBrains\Toolbox\scripts
USERNAME=lee
OS=Windows_NT
PROCESSOR_IDENTIFIER=AMD64 Family 23 Model 96 Stepping 1, AuthenticAMD



---------------  S Y S T E M  ---------------

OS:
 Windows 10 , 64 bit Build 19041 (10.0.19041.1741)
OS uptime: 3 days 0:00 hours
Hyper-V role detected

CPU: total 12 (initial active 12) (12 cores per cpu, 2 threads per core) family 23 model 96 stepping 1 microcode 0x0, cx8, cmov, fxsr, ht, mmx, 3dnowpref, sse, sse2, sse3, ssse3, sse4a, sse4.1, sse4.2, popcnt, lzcnt, tsc, tscinvbit, avx, avx2, aes, clmul, bmi1, bmi2, adx, sha, fma, vzeroupper, clflush, clflushopt, hv

Memory: 4k page, system-wide physical 15734M (973M free)
TotalPageFile size 23926M (AvailPageFile size 1M)
current process WorkingSet (physical memory assigned to process): 100M, peak: 100M
current process commit charge ("private bytes"): 222M, peak: 222M

vm_info: OpenJDK 64-Bit Server VM (17.0.3+7) for windows-amd64 JRE (17.0.3+7), built on Apr 19 2022 16:55:35 by "" with MS VC++ 16.7 (VS2019)

END.
