#
# There is insufficient memory for the Java Runtime Environment to continue.
# Native memory allocation (malloc) failed to allocate 850816 bytes for Chunk::new
# Possible reasons:
#   The system is out of physical RAM or swap space
#   The process is running with CompressedOops enabled, and the Java Heap may be blocking the growth of the native heap
# Possible solutions:
#   Reduce memory load on the system
#   Increase physical memory or swap space
#   Check if swap backing store is full
#   Decrease Java heap size (-Xmx/-Xms)
#   Decrease number of Java threads
#   Decrease Java thread stack sizes (-Xss)
#   Set larger code cache with -XX:ReservedCodeCacheSize=
#   JVM is running with Unscaled Compressed Oops mode in which the Java heap is
#     placed in the first 4GB address space. The Java Heap base address is the
#     maximum limit for the native heap growth. Please use -XX:HeapBaseMinAddress
#     to set the Java Heap base and to place the Java Heap above 4GB virtual address.
# This output file may be truncated or incomplete.
#
#  Out of Memory Error (arena.cpp:189), pid=51080, tid=52672
#
# JRE version: OpenJDK Runtime Environment Temurin-17.0.3+7 (17.0.3+7) (build 17.0.3+7)
# Java VM: OpenJDK 64-Bit Server VM Temurin-17.0.3+7 (17.0.3+7, mixed mode, tiered, compressed oops, compressed class ptrs, parallel gc, windows-amd64)
# No core dump will be written. Minidumps are not enabled by default on client versions of Windows
#

---------------  S U M M A R Y ------------

Command Line: --add-modules=ALL-SYSTEM --add-opens=java.base/java.util=ALL-UNNAMED --add-opens=java.base/java.lang=ALL-UNNAMED --add-opens=java.base/sun.nio.fs=ALL-UNNAMED -Declipse.application=org.eclipse.jdt.ls.core.id1 -Dosgi.bundles.defaultStartLevel=4 -Declipse.product=org.eclipse.jdt.ls.core.product -Djava.import.generatesMetadataFilesAtProjectRoot=false -Dfile.encoding=utf8 -DwatchParentProcess=false -XX:+UseParallelGC -XX:GCTimeRatio=4 -XX:AdaptiveSizePolicyWeight=90 -Dsun.zip.disableMemoryMapping=true -Xmx1G -Xms100m -javaagent:c:\Users\lee\.vscode\extensions\redhat.java-1.9.0-win32-x64\lombok\lombok-1.18.24.jar -XX:+HeapDumpOnOutOfMemoryError -XX:HeapDumpPath=c:\Users\lee\AppData\Roaming\Code\User\workspaceStorage\ff560af8b37b3a079479e893db2692fe\redhat.java c:\Users\lee\.vscode\extensions\redhat.java-1.9.0-win32-x64\server\plugins\org.eclipse.equinox.launcher_1.6.400.v20210924-0641.jar -configuration c:\Users\lee\AppData\Roaming\Code\User\globalStorage\redhat.java\1.9.0\config_win -data c:\Users\lee\AppData\Roaming\Code\User\workspaceStorage\ff560af8b37b3a079479e893db2692fe\redhat.java\jdt_ws

Host: AMD Ryzen 5 4600U with Radeon Graphics         , 12 cores, 15G,  Windows 10 , 64 bit Build 19041 (10.0.19041.1741)
Time: Tue Aug 16 15:13:40 2022  Windows 10 , 64 bit Build 19041 (10.0.19041.1741) elapsed time: 3.645986 seconds (0d 0h 0m 3s)

---------------  T H R E A D  ---------------

Current thread (0x00000232ddfb80b0):  JavaThread "C2 CompilerThread1" daemon [_thread_in_native, id=52672, stack(0x00000097e6900000,0x00000097e6a00000)]


Current CompileTask:
C2:   3646 3284       4       org.objectweb.asm.ClassReader::readMethod (1066 bytes)

Stack: [0x00000097e6900000,0x00000097e6a00000]
Native frames: (J=compiled Java code, j=interpreted, Vv=VM code, C=native code)
V  [jvm.dll+0x675efa]
V  [jvm.dll+0x830a24]
V  [jvm.dll+0x8321ce]
V  [jvm.dll+0x832833]
V  [jvm.dll+0x2454b5]
V  [jvm.dll+0xabd7b]
V  [jvm.dll+0xac30c]
V  [jvm.dll+0x2ac5bf]
V  [jvm.dll+0x57cd09]
V  [jvm.dll+0x22056d]
V  [jvm.dll+0x22094f]
V  [jvm.dll+0x21a1b5]
V  [jvm.dll+0x21767b]
V  [jvm.dll+0x1a3ccd]
V  [jvm.dll+0x227178]
V  [jvm.dll+0x2252bc]
V  [jvm.dll+0x7e673b]
V  [jvm.dll+0x7e0cfa]
V  [jvm.dll+0x674d85]
C  [ucrtbase.dll+0x21bb2]
C  [KERNEL32.DLL+0x17034]
C  [ntdll.dll+0x52651]


---------------  P R O C E S S  ---------------

Threads class SMR info:
_java_thread_list=0x00000232dfea1f80, length=25, elements={
0x00000232c3d47100, 0x00000232d9b257d0, 0x00000232d9b26f70, 0x00000232db8e9560,
0x00000232db8bb400, 0x00000232db8bee40, 0x00000232db8bfea0, 0x00000232db8c0a90,
0x00000232db8c1be0, 0x00000232d9b27f70, 0x00000232db9a46e0, 0x00000232dbbcaba0,
0x00000232ddd136a0, 0x00000232ddd103c0, 0x00000232ddd7f020, 0x00000232ddcc6220,
0x00000232ddf44380, 0x00000232ddfb80b0, 0x00000232de142a00, 0x00000232de305050,
0x00000232de43aa00, 0x00000232de437510, 0x00000232de4379e0, 0x00000232de712020,
0x00000232de438380
}

Java Threads: ( => current thread )
  0x00000232c3d47100 JavaThread "main" [_thread_blocked, id=50436, stack(0x00000097e5a00000,0x00000097e5b00000)]
  0x00000232d9b257d0 JavaThread "Reference Handler" daemon [_thread_blocked, id=40256, stack(0x00000097e5d00000,0x00000097e5e00000)]
  0x00000232d9b26f70 JavaThread "Finalizer" daemon [_thread_blocked, id=24048, stack(0x00000097e5e00000,0x00000097e5f00000)]
  0x00000232db8e9560 JavaThread "Signal Dispatcher" daemon [_thread_blocked, id=35612, stack(0x00000097e5f00000,0x00000097e6000000)]
  0x00000232db8bb400 JavaThread "Attach Listener" daemon [_thread_blocked, id=43652, stack(0x00000097e6000000,0x00000097e6100000)]
  0x00000232db8bee40 JavaThread "Service Thread" daemon [_thread_blocked, id=52684, stack(0x00000097e6100000,0x00000097e6200000)]
  0x00000232db8bfea0 JavaThread "Monitor Deflation Thread" daemon [_thread_blocked, id=50752, stack(0x00000097e6200000,0x00000097e6300000)]
  0x00000232db8c0a90 JavaThread "C2 CompilerThread0" daemon [_thread_blocked, id=42336, stack(0x00000097e6300000,0x00000097e6400000)]
  0x00000232db8c1be0 JavaThread "C1 CompilerThread0" daemon [_thread_blocked, id=51392, stack(0x00000097e6400000,0x00000097e6500000)]
  0x00000232d9b27f70 JavaThread "Sweeper thread" daemon [_thread_blocked, id=52668, stack(0x00000097e6500000,0x00000097e6600000)]
  0x00000232db9a46e0 JavaThread "Common-Cleaner" daemon [_thread_blocked, id=43956, stack(0x00000097e6600000,0x00000097e6700000)]
  0x00000232dbbcaba0 JavaThread "Notification Thread" daemon [_thread_blocked, id=50488, stack(0x00000097e6700000,0x00000097e6800000)]
  0x00000232ddd136a0 JavaThread "Active Thread: Equinox Container: 67e75e89-b355-4022-8757-6bda1ad5f0aa" [_thread_blocked, id=44544, stack(0x00000097e7100000,0x00000097e7200000)]
  0x00000232ddd103c0 JavaThread "Framework Event Dispatcher: Equinox Container: 67e75e89-b355-4022-8757-6bda1ad5f0aa" daemon [_thread_blocked, id=51876, stack(0x00000097e7200000,0x00000097e7300000)]
  0x00000232ddd7f020 JavaThread "Start Level: Equinox Container: 67e75e89-b355-4022-8757-6bda1ad5f0aa" daemon [_thread_in_vm, id=51072, stack(0x00000097e7300000,0x00000097e7400000)]
  0x00000232ddcc6220 JavaThread "SCR Component Actor" daemon [_thread_blocked, id=52656, stack(0x00000097e7400000,0x00000097e7500000)]
  0x00000232ddf44380 JavaThread "SCR Component Registry" daemon [_thread_blocked, id=50776, stack(0x00000097e7500000,0x00000097e7600000)]
=>0x00000232ddfb80b0 JavaThread "C2 CompilerThread1" daemon [_thread_in_native, id=52672, stack(0x00000097e6900000,0x00000097e6a00000)]
  0x00000232de142a00 JavaThread "Bundle File Closer" daemon [_thread_blocked, id=53028, stack(0x00000097e7600000,0x00000097e7700000)]
  0x00000232de305050 JavaThread "Worker-JM" [_thread_blocked, id=47936, stack(0x00000097e7900000,0x00000097e7a00000)]
  0x00000232de43aa00 JavaThread "Worker-0" [_thread_blocked, id=51456, stack(0x00000097e7a00000,0x00000097e7b00000)]
  0x00000232de437510 JavaThread "Worker-1: Refreshing workspace" [_thread_in_native, id=22032, stack(0x00000097e7b00000,0x00000097e7c00000)]
  0x00000232de4379e0 JavaThread "Worker-2" [_thread_blocked, id=45128, stack(0x00000097e7c00000,0x00000097e7d00000)]
  0x00000232de712020 JavaThread "C2 CompilerThread2" daemon [_thread_in_native, id=53192, stack(0x00000097e7d00000,0x00000097e7e00000)]
  0x00000232de438380 JavaThread "Java indexing" daemon [_thread_blocked, id=52680, stack(0x00000097e7e00000,0x00000097e7f00000)]

Other Threads:
  0x00000232db881b40 VMThread "VM Thread" [stack: 0x00000097e5c00000,0x00000097e5d00000] [id=46972]
  0x00000232dbc07310 WatcherThread [stack: 0x00000097e6800000,0x00000097e6900000] [id=43724]
  0x00000232c3d5fba0 GCTaskThread "GC Thread#0" [stack: 0x00000097e5b00000,0x00000097e5c00000] [id=50188]
  0x00000232dce87500 GCTaskThread "GC Thread#1" [stack: 0x00000097e6b00000,0x00000097e6c00000] [id=52232]
  0x00000232dce877b0 GCTaskThread "GC Thread#2" [stack: 0x00000097e6c00000,0x00000097e6d00000] [id=52540]
  0x00000232dce87a60 GCTaskThread "GC Thread#3" [stack: 0x00000097e6d00000,0x00000097e6e00000] [id=27512]
  0x00000232dce87d10 GCTaskThread "GC Thread#4" [stack: 0x00000097e6e00000,0x00000097e6f00000] [id=47688]
  0x00000232dce87fc0 GCTaskThread "GC Thread#5" [stack: 0x00000097e6f00000,0x00000097e7000000] [id=43132]
  0x00000232dd1f3de0 GCTaskThread "GC Thread#6" [stack: 0x00000097e7000000,0x00000097e7100000] [id=52688]
  0x00000232dcbeef80 GCTaskThread "GC Thread#7" [stack: 0x00000097e6a00000,0x00000097e6b00000] [id=39204]
  0x00000232de2bcf80 GCTaskThread "GC Thread#8" [stack: 0x00000097e7700000,0x00000097e7800000] [id=52720]
  0x00000232de123300 GCTaskThread "GC Thread#9" [stack: 0x00000097e7800000,0x00000097e7900000] [id=43248]

Threads with active compile tasks:
C2 CompilerThread1     3715 3284       4       org.objectweb.asm.ClassReader::readMethod (1066 bytes)
C2 CompilerThread2     3715 3370       4       java.util.Properties::loadConvert (540 bytes)

VM state: not at safepoint (normal execution)

VM Mutex/Monitor currently owned by a thread:  ([mutex/lock_event])
[0x00000232c3d401f0] Metaspace_lock - owner thread: 0x00000232ddd7f020

Heap address: 0x00000000c0000000, size: 1024 MB, Compressed Oops mode: 32-bit

CDS archive(s) not mapped
Compressed class space mapped at: 0x0000000100000000-0x0000000140000000, reserved size: 1073741824
Narrow klass base: 0x0000000000000000, Narrow klass shift: 3, Narrow klass range: 0x140000000

GC Precious Log:
 CPUs: 12 total, 12 available
 Memory: 15734M
 Large Page Support: Disabled
 NUMA Support: Disabled
 Compressed Oops: Enabled (32-bit)
 Alignments: Space 512K, Generation 512K, Heap 2M
 Heap Min Capacity: 100M
 Heap Initial Capacity: 100M
 Heap Max Capacity: 1G
 Pre-touch: Disabled
 Parallel Workers: 10

Heap:
 PSYoungGen      total 26624K, used 4347K [0x00000000eab00000, 0x00000000eca00000, 0x0000000100000000)
  eden space 24064K, 7% used [0x00000000eab00000,0x00000000eacc4998,0x00000000ec280000)
  from space 2560K, 99% used [0x00000000ec780000,0x00000000ec9fa330,0x00000000eca00000)
  to   space 3072K, 0% used [0x00000000ec400000,0x00000000ec400000,0x00000000ec700000)
 ParOldGen       total 68608K, used 12268K [0x00000000c0000000, 0x00000000c4300000, 0x00000000eab00000)
  object space 68608K, 17% used [0x00000000c0000000,0x00000000c0bfb340,0x00000000c4300000)
 Metaspace       used 30286K, committed 30848K, reserved 1081344K
  class space    used 2960K, committed 3200K, reserved 1048576K

Card table byte_map: [0x00000232d73a0000,0x00000232d75b0000] _byte_map_base: 0x00000232d6da0000

Marking Bits: (ParMarkBitMap*) 0x00007ff8e85b4b80
 Begin Bits: [0x00000232d7710000, 0x00000232d8710000)
 End Bits:   [0x00000232d8710000, 0x00000232d9710000)

Polling page: 0x00000232c3e20000

Metaspace:

Usage:
  Non-class:     26.69 MB used.
      Class:      2.89 MB used.
       Both:     29.58 MB used.

Virtual space:
  Non-class space:       32.00 MB reserved,      27.00 MB ( 84%) committed,  4 nodes.
      Class space:        1.00 GB reserved,       3.12 MB ( <1%) committed,  1 nodes.
             Both:        1.03 GB reserved,      30.12 MB (  3%) committed. 

Chunk freelists:
   Non-Class:  688.00 KB
       Class:  718.00 KB
        Both:  1.37 MB

MaxMetaspaceSize: unlimited
CompressedClassSpaceSize: 1.00 GB
Initial GC threshold: 21.00 MB
Current GC threshold: 35.00 MB
CDS: off
MetaspaceReclaimPolicy: balanced
 - commit_granule_bytes: 65536.
 - commit_granule_words: 8192.
 - virtual_space_node_default_size: 1048576.
 - enlarge_chunks_in_place: 1.
 - new_chunks_are_fully_committed: 0.
 - uncommit_free_chunks: 1.
 - use_allocation_guard: 0.
 - handle_deallocations: 1.


Internal statistics:

num_allocs_failed_limit: 3.
num_arena_births: 446.
num_arena_deaths: 14.
num_vsnodes_births: 5.
num_vsnodes_deaths: 0.
num_space_committed: 482.
num_space_uncommitted: 0.
num_chunks_returned_to_freelist: 17.
num_chunks_taken_from_freelist: 1323.
num_chunk_merges: 7.
num_chunk_splits: 874.
num_chunks_enlarged: 564.
num_purges: 2.
num_inconsistent_stats: 0.

CodeHeap 'non-profiled nmethods': size=120000Kb used=1477Kb max_used=1477Kb free=118522Kb
 bounds [0x00000232cfc90000, 0x00000232cff00000, 0x00000232d71c0000]
CodeHeap 'profiled nmethods': size=120000Kb used=6948Kb max_used=6948Kb free=113052Kb
 bounds [0x00000232c8760000, 0x00000232c8e30000, 0x00000232cfc90000]
CodeHeap 'non-nmethods': size=5760Kb used=1235Kb max_used=1264Kb free=4524Kb
 bounds [0x00000232c81c0000, 0x00000232c8430000, 0x00000232c8760000]
 total_blobs=3978 nmethods=3429 adapters=462
 compilation: enabled
              stopped_count=0, restarted_count=0
 full_count=0

Compilation events (20 events):
Event: 3.634 Thread 0x00000232db8c1be0 nmethod 3377 0x00000232c8e08c90 code [0x00000232c8e08e60, 0x00000232c8e091c8]
Event: 3.635 Thread 0x00000232db8c1be0 3378       1       java.lang.invoke.ClassSpecializer$SpeciesData::getterFunctions (5 bytes)
Event: 3.635 Thread 0x00000232db8c1be0 nmethod 3378 0x00000232cfdf5a10 code [0x00000232cfdf5ba0, 0x00000232cfdf5c78]
Event: 3.635 Thread 0x00000232db8c1be0 3380       3       jdk.internal.org.objectweb.asm.ClassWriter::visitField (53 bytes)
Event: 3.636 Thread 0x00000232db8c1be0 nmethod 3380 0x00000232c8e09410 code [0x00000232c8e095c0, 0x00000232c8e09848]
Event: 3.636 Thread 0x00000232db8c1be0 3381       3       jdk.internal.org.objectweb.asm.FieldWriter::<init> (69 bytes)
Event: 3.636 Thread 0x00000232db8c1be0 nmethod 3381 0x00000232c8e09990 code [0x00000232c8e09b80, 0x00000232c8e09f08]
Event: 3.636 Thread 0x00000232db8c1be0 3382       3       jdk.internal.org.objectweb.asm.FieldWriter::computeFieldInfoSize (86 bytes)
Event: 3.636 Thread 0x00000232db8c1be0 nmethod 3382 0x00000232c8e0a110 code [0x00000232c8e0a2e0, 0x00000232c8e0a5b8]
Event: 3.637 Thread 0x00000232db8c1be0 3383       3       java.util.ResourceBundle::getString (9 bytes)
Event: 3.638 Thread 0x00000232db8c1be0 nmethod 3383 0x00000232c8e0a710 code [0x00000232c8e0a8c0, 0x00000232c8e0aae8]
Event: 3.638 Thread 0x00000232db8c1be0 3384       1       org.eclipse.core.internal.resources.Resource::getWorkspace (5 bytes)
Event: 3.638 Thread 0x00000232db8c1be0 nmethod 3384 0x00000232cfdf5d10 code [0x00000232cfdf5ea0, 0x00000232cfdf5f78]
Event: 3.638 Thread 0x00000232db8c1be0 3385       3       java.util.regex.Pattern::newSlice (181 bytes)
Event: 3.639 Thread 0x00000232db8c1be0 nmethod 3385 0x00000232c8e0ab90 code [0x00000232c8e0aec0, 0x00000232c8e0c1f8]
Event: 3.639 Thread 0x00000232db8c1be0 3386       3       org.eclipse.core.runtime.Path::isEmpty (23 bytes)
Event: 3.639 Thread 0x00000232db8c1be0 nmethod 3386 0x00000232c8e0c910 code [0x00000232c8e0caa0, 0x00000232c8e0cc58]
Event: 3.639 Thread 0x00000232de712020 nmethod 3356% 0x00000232cfdf6010 code [0x00000232cfdf61e0, 0x00000232cfdf69c8]
Event: 3.639 Thread 0x00000232de712020 3370       4       java.util.Properties::loadConvert (540 bytes)
Event: 3.641 Thread 0x00000232db8c1be0 3387       3       org.eclipse.core.internal.localstore.FileSystemResourceManager::getStoreRoot (229 bytes)

GC Heap History (16 events):
Event: 0.985 GC heap before
{Heap before GC invocations=1 (full 0):
 PSYoungGen      total 29696K, used 25600K [0x00000000eab00000, 0x00000000ecc00000, 0x0000000100000000)
  eden space 25600K, 100% used [0x00000000eab00000,0x00000000ec400000,0x00000000ec400000)
  from space 4096K, 0% used [0x00000000ec800000,0x00000000ec800000,0x00000000ecc00000)
  to   space 4096K, 0% used [0x00000000ec400000,0x00000000ec400000,0x00000000ec800000)
 ParOldGen       total 68608K, used 0K [0x00000000c0000000, 0x00000000c4300000, 0x00000000eab00000)
  object space 68608K, 0% used [0x00000000c0000000,0x00000000c0000000,0x00000000c4300000)
 Metaspace       used 10758K, committed 10880K, reserved 1064960K
  class space    used 1082K, committed 1152K, reserved 1048576K
}
Event: 0.990 GC heap after
{Heap after GC invocations=1 (full 0):
 PSYoungGen      total 29696K, used 3433K [0x00000000eab00000, 0x00000000ecc00000, 0x0000000100000000)
  eden space 25600K, 0% used [0x00000000eab00000,0x00000000eab00000,0x00000000ec400000)
  from space 4096K, 83% used [0x00000000ec400000,0x00000000ec75a618,0x00000000ec800000)
  to   space 4096K, 0% used [0x00000000ec800000,0x00000000ec800000,0x00000000ecc00000)
 ParOldGen       total 68608K, used 16K [0x00000000c0000000, 0x00000000c4300000, 0x00000000eab00000)
  object space 68608K, 0% used [0x00000000c0000000,0x00000000c0004000,0x00000000c4300000)
 Metaspace       used 10758K, committed 10880K, reserved 1064960K
  class space    used 1082K, committed 1152K, reserved 1048576K
}
Event: 1.614 GC heap before
{Heap before GC invocations=2 (full 0):
 PSYoungGen      total 29696K, used 29033K [0x00000000eab00000, 0x00000000ecc00000, 0x0000000100000000)
  eden space 25600K, 100% used [0x00000000eab00000,0x00000000ec400000,0x00000000ec400000)
  from space 4096K, 83% used [0x00000000ec400000,0x00000000ec75a618,0x00000000ec800000)
  to   space 4096K, 0% used [0x00000000ec800000,0x00000000ec800000,0x00000000ecc00000)
 ParOldGen       total 68608K, used 16K [0x00000000c0000000, 0x00000000c4300000, 0x00000000eab00000)
  object space 68608K, 0% used [0x00000000c0000000,0x00000000c0004000,0x00000000c4300000)
 Metaspace       used 14773K, committed 15104K, reserved 1064960K
  class space    used 1503K, committed 1664K, reserved 1048576K
}
Event: 1.620 GC heap after
{Heap after GC invocations=2 (full 0):
 PSYoungGen      total 29696K, used 4070K [0x00000000eab00000, 0x00000000ecc00000, 0x0000000100000000)
  eden space 25600K, 0% used [0x00000000eab00000,0x00000000eab00000,0x00000000ec400000)
  from space 4096K, 99% used [0x00000000ec800000,0x00000000ecbf99f0,0x00000000ecc00000)
  to   space 4096K, 0% used [0x00000000ec400000,0x00000000ec400000,0x00000000ec800000)
 ParOldGen       total 68608K, used 1516K [0x00000000c0000000, 0x00000000c4300000, 0x00000000eab00000)
  object space 68608K, 2% used [0x00000000c0000000,0x00000000c017b308,0x00000000c4300000)
 Metaspace       used 14773K, committed 15104K, reserved 1064960K
  class space    used 1503K, committed 1664K, reserved 1048576K
}
Event: 2.186 GC heap before
{Heap before GC invocations=3 (full 0):
 PSYoungGen      total 29696K, used 29670K [0x00000000eab00000, 0x00000000ecc00000, 0x0000000100000000)
  eden space 25600K, 100% used [0x00000000eab00000,0x00000000ec400000,0x00000000ec400000)
  from space 4096K, 99% used [0x00000000ec800000,0x00000000ecbf99f0,0x00000000ecc00000)
  to   space 4096K, 0% used [0x00000000ec400000,0x00000000ec400000,0x00000000ec800000)
 ParOldGen       total 68608K, used 1516K [0x00000000c0000000, 0x00000000c4300000, 0x00000000eab00000)
  object space 68608K, 2% used [0x00000000c0000000,0x00000000c017b308,0x00000000c4300000)
 Metaspace       used 17844K, committed 18112K, reserved 1064960K
  class space    used 1802K, committed 1920K, reserved 1048576K
}
Event: 2.192 GC heap after
{Heap after GC invocations=3 (full 0):
 PSYoungGen      total 29696K, used 4067K [0x00000000eab00000, 0x00000000ecc00000, 0x0000000100000000)
  eden space 25600K, 0% used [0x00000000eab00000,0x00000000eab00000,0x00000000ec400000)
  from space 4096K, 99% used [0x00000000ec400000,0x00000000ec7f8ea8,0x00000000ec800000)
  to   space 4096K, 0% used [0x00000000ec800000,0x00000000ec800000,0x00000000ecc00000)
 ParOldGen       total 68608K, used 5707K [0x00000000c0000000, 0x00000000c4300000, 0x00000000eab00000)
  object space 68608K, 8% used [0x00000000c0000000,0x00000000c0592d20,0x00000000c4300000)
 Metaspace       used 17844K, committed 18112K, reserved 1064960K
  class space    used 1802K, committed 1920K, reserved 1048576K
}
Event: 2.476 GC heap before
{Heap before GC invocations=4 (full 0):
 PSYoungGen      total 29696K, used 29667K [0x00000000eab00000, 0x00000000ecc00000, 0x0000000100000000)
  eden space 25600K, 100% used [0x00000000eab00000,0x00000000ec400000,0x00000000ec400000)
  from space 4096K, 99% used [0x00000000ec400000,0x00000000ec7f8ea8,0x00000000ec800000)
  to   space 4096K, 0% used [0x00000000ec800000,0x00000000ec800000,0x00000000ecc00000)
 ParOldGen       total 68608K, used 5707K [0x00000000c0000000, 0x00000000c4300000, 0x00000000eab00000)
  object space 68608K, 8% used [0x00000000c0000000,0x00000000c0592d20,0x00000000c4300000)
 Metaspace       used 20489K, committed 20864K, reserved 1073152K
  class space    used 2058K, committed 2240K, reserved 1048576K
}
Event: 2.481 GC heap after
{Heap after GC invocations=4 (full 0):
 PSYoungGen      total 29696K, used 4069K [0x00000000eab00000, 0x00000000ecc00000, 0x0000000100000000)
  eden space 25600K, 0% used [0x00000000eab00000,0x00000000eab00000,0x00000000ec400000)
  from space 4096K, 99% used [0x00000000ec800000,0x00000000ecbf94d8,0x00000000ecc00000)
  to   space 4096K, 0% used [0x00000000ec400000,0x00000000ec400000,0x00000000ec800000)
 ParOldGen       total 68608K, used 8025K [0x00000000c0000000, 0x00000000c4300000, 0x00000000eab00000)
  object space 68608K, 11% used [0x00000000c0000000,0x00000000c07d6618,0x00000000c4300000)
 Metaspace       used 20489K, committed 20864K, reserved 1073152K
  class space    used 2058K, committed 2240K, reserved 1048576K
}
Event: 2.618 GC heap before
{Heap before GC invocations=5 (full 0):
 PSYoungGen      total 29696K, used 12500K [0x00000000eab00000, 0x00000000ecc00000, 0x0000000100000000)
  eden space 25600K, 32% used [0x00000000eab00000,0x00000000eb33bd58,0x00000000ec400000)
  from space 4096K, 99% used [0x00000000ec800000,0x00000000ecbf94d8,0x00000000ecc00000)
  to   space 4096K, 0% used [0x00000000ec400000,0x00000000ec400000,0x00000000ec800000)
 ParOldGen       total 68608K, used 8025K [0x00000000c0000000, 0x00000000c4300000, 0x00000000eab00000)
  object space 68608K, 11% used [0x00000000c0000000,0x00000000c07d6618,0x00000000c4300000)
 Metaspace       used 21114K, committed 21504K, reserved 1073152K
  class space    used 2122K, committed 2304K, reserved 1048576K
}
Event: 2.621 GC heap after
{Heap after GC invocations=5 (full 0):
 PSYoungGen      total 29696K, used 4074K [0x00000000eab00000, 0x00000000ecf00000, 0x0000000100000000)
  eden space 25600K, 0% used [0x00000000eab00000,0x00000000eab00000,0x00000000ec400000)
  from space 4096K, 99% used [0x00000000ec400000,0x00000000ec7fa968,0x00000000ec800000)
  to   space 5632K, 0% used [0x00000000ec980000,0x00000000ec980000,0x00000000ecf00000)
 ParOldGen       total 68608K, used 8861K [0x00000000c0000000, 0x00000000c4300000, 0x00000000eab00000)
  object space 68608K, 12% used [0x00000000c0000000,0x00000000c08a77f8,0x00000000c4300000)
 Metaspace       used 21114K, committed 21504K, reserved 1073152K
  class space    used 2122K, committed 2304K, reserved 1048576K
}
Event: 2.621 GC heap before
{Heap before GC invocations=6 (full 1):
 PSYoungGen      total 29696K, used 4074K [0x00000000eab00000, 0x00000000ecf00000, 0x0000000100000000)
  eden space 25600K, 0% used [0x00000000eab00000,0x00000000eab00000,0x00000000ec400000)
  from space 4096K, 99% used [0x00000000ec400000,0x00000000ec7fa968,0x00000000ec800000)
  to   space 5632K, 0% used [0x00000000ec980000,0x00000000ec980000,0x00000000ecf00000)
 ParOldGen       total 68608K, used 8861K [0x00000000c0000000, 0x00000000c4300000, 0x00000000eab00000)
  object space 68608K, 12% used [0x00000000c0000000,0x00000000c08a77f8,0x00000000c4300000)
 Metaspace       used 21114K, committed 21504K, reserved 1073152K
  class space    used 2122K, committed 2304K, reserved 1048576K
}
Event: 2.645 GC heap after
{Heap after GC invocations=6 (full 1):
 PSYoungGen      total 29696K, used 0K [0x00000000eab00000, 0x00000000ecf00000, 0x0000000100000000)
  eden space 25600K, 0% used [0x00000000eab00000,0x00000000eab00000,0x00000000ec400000)
  from space 4096K, 0% used [0x00000000ec400000,0x00000000ec400000,0x00000000ec800000)
  to   space 5632K, 0% used [0x00000000ec980000,0x00000000ec980000,0x00000000ecf00000)
 ParOldGen       total 68608K, used 11932K [0x00000000c0000000, 0x00000000c4300000, 0x00000000eab00000)
  object space 68608K, 17% used [0x00000000c0000000,0x00000000c0ba7310,0x00000000c4300000)
 Metaspace       used 21100K, committed 21504K, reserved 1073152K
  class space    used 2118K, committed 2304K, reserved 1048576K
}
Event: 3.032 GC heap before
{Heap before GC invocations=7 (full 1):
 PSYoungGen      total 29696K, used 25600K [0x00000000eab00000, 0x00000000ecf00000, 0x0000000100000000)
  eden space 25600K, 100% used [0x00000000eab00000,0x00000000ec400000,0x00000000ec400000)
  from space 4096K, 0% used [0x00000000ec400000,0x00000000ec400000,0x00000000ec800000)
  to   space 5632K, 0% used [0x00000000ec980000,0x00000000ec980000,0x00000000ecf00000)
 ParOldGen       total 68608K, used 11932K [0x00000000c0000000, 0x00000000c4300000, 0x00000000eab00000)
  object space 68608K, 17% used [0x00000000c0000000,0x00000000c0ba7310,0x00000000c4300000)
 Metaspace       used 24194K, committed 24704K, reserved 1073152K
  class space    used 2499K, committed 2752K, reserved 1048576K
}
Event: 3.035 GC heap after
{Heap after GC invocations=7 (full 1):
 PSYoungGen      total 27648K, used 2159K [0x00000000eab00000, 0x00000000ecc00000, 0x0000000100000000)
  eden space 25088K, 0% used [0x00000000eab00000,0x00000000eab00000,0x00000000ec380000)
  from space 2560K, 84% used [0x00000000ec980000,0x00000000ecb9beb8,0x00000000ecc00000)
  to   space 3584K, 0% used [0x00000000ec500000,0x00000000ec500000,0x00000000ec880000)
 ParOldGen       total 68608K, used 11940K [0x00000000c0000000, 0x00000000c4300000, 0x00000000eab00000)
  object space 68608K, 17% used [0x00000000c0000000,0x00000000c0ba9310,0x00000000c4300000)
 Metaspace       used 24194K, committed 24704K, reserved 1073152K
  class space    used 2499K, committed 2752K, reserved 1048576K
}
Event: 3.398 GC heap before
{Heap before GC invocations=8 (full 1):
 PSYoungGen      total 27648K, used 27247K [0x00000000eab00000, 0x00000000ecc00000, 0x0000000100000000)
  eden space 25088K, 100% used [0x00000000eab00000,0x00000000ec380000,0x00000000ec380000)
  from space 2560K, 84% used [0x00000000ec980000,0x00000000ecb9beb8,0x00000000ecc00000)
  to   space 3584K, 0% used [0x00000000ec500000,0x00000000ec500000,0x00000000ec880000)
 ParOldGen       total 68608K, used 11940K [0x00000000c0000000, 0x00000000c4300000, 0x00000000eab00000)
  object space 68608K, 17% used [0x00000000c0000000,0x00000000c0ba9310,0x00000000c4300000)
 Metaspace       used 27696K, committed 28224K, reserved 1081344K
  class space    used 2740K, committed 2944K, reserved 1048576K
}
Event: 3.400 GC heap after
{Heap after GC invocations=8 (full 1):
 PSYoungGen      total 27136K, used 2385K [0x00000000eab00000, 0x00000000eca00000, 0x0000000100000000)
  eden space 24576K, 0% used [0x00000000eab00000,0x00000000eab00000,0x00000000ec300000)
  from space 2560K, 93% used [0x00000000ec500000,0x00000000ec7546e0,0x00000000ec780000)
  to   space 2560K, 0% used [0x00000000ec780000,0x00000000ec780000,0x00000000eca00000)
 ParOldGen       total 68608K, used 11948K [0x00000000c0000000, 0x00000000c4300000, 0x00000000eab00000)
  object space 68608K, 17% used [0x00000000c0000000,0x00000000c0bab310,0x00000000c4300000)
 Metaspace       used 27696K, committed 28224K, reserved 1081344K
  class space    used 2740K, committed 2944K, reserved 1048576K
}

Deoptimization events (20 events):
Event: 3.291 Thread 0x00000232de437510 DEOPT PACKING pc=0x00000232c8a82e08 sp=0x00000097e7bfe650
Event: 3.291 Thread 0x00000232de437510 DEOPT UNPACKING pc=0x00000232c8212843 sp=0x00000097e7bfdb58 mode 0
Event: 3.544 Thread 0x00000232de437510 DEOPT PACKING pc=0x00000232c8c2374e sp=0x00000097e7bfe660
Event: 3.544 Thread 0x00000232de437510 DEOPT UNPACKING pc=0x00000232c8212843 sp=0x00000097e7bfdaa8 mode 0
Event: 3.599 Thread 0x00000232ddd7f020 Uncommon trap: trap_request=0xffffff45 fr.pc=0x00000232cfd48b5c relative=0x0000000000000e3c
Event: 3.599 Thread 0x00000232ddd7f020 Uncommon trap: reason=unstable_if action=reinterpret pc=0x00000232cfd48b5c method=java.util.Properties.loadConvert([CIILjava/lang/StringBuilder;)Ljava/lang/String; @ 463 c2
Event: 3.599 Thread 0x00000232ddd7f020 DEOPT PACKING pc=0x00000232cfd48b5c sp=0x00000097e73f81f0
Event: 3.599 Thread 0x00000232ddd7f020 DEOPT UNPACKING pc=0x00000232c82120a3 sp=0x00000097e73f81d0 mode 2
Event: 3.617 Thread 0x00000232ddd7f020 Uncommon trap: trap_request=0xffffff45 fr.pc=0x00000232cfd41cfc relative=0x000000000000007c
Event: 3.617 Thread 0x00000232ddd7f020 Uncommon trap: reason=unstable_if action=reinterpret pc=0x00000232cfd41cfc method=com.sun.org.apache.xerces.internal.impl.XMLEntityScanner.checkBeforeLoad(Lcom/sun/xml/internal/stream/Entity$ScannedEntity;II)I @ 18 c2
Event: 3.617 Thread 0x00000232ddd7f020 DEOPT PACKING pc=0x00000232cfd41cfc sp=0x00000097e73f98e0
Event: 3.617 Thread 0x00000232ddd7f020 DEOPT UNPACKING pc=0x00000232c82120a3 sp=0x00000097e73f9870 mode 2
Event: 3.637 Thread 0x00000232ddd7f020 Uncommon trap: trap_request=0xffffff45 fr.pc=0x00000232cfd921a0 relative=0x0000000000000100
Event: 3.637 Thread 0x00000232ddd7f020 Uncommon trap: reason=unstable_if action=reinterpret pc=0x00000232cfd921a0 method=java.lang.StringConcatHelper.prepend(J[BLjava/lang/String;)J @ 13 c2
Event: 3.637 Thread 0x00000232ddd7f020 DEOPT PACKING pc=0x00000232cfd921a0 sp=0x00000097e73f9750
Event: 3.637 Thread 0x00000232ddd7f020 DEOPT UNPACKING pc=0x00000232c82120a3 sp=0x00000097e73f9720 mode 2
Event: 3.637 Thread 0x00000232ddd7f020 Uncommon trap: trap_request=0xffffff45 fr.pc=0x00000232cfd91d50 relative=0x00000000000000d0
Event: 3.637 Thread 0x00000232ddd7f020 Uncommon trap: reason=unstable_if action=reinterpret pc=0x00000232cfd91d50 method=java.lang.String.getBytes([BIB)V @ 5 c2
Event: 3.637 Thread 0x00000232ddd7f020 DEOPT PACKING pc=0x00000232cfd91d50 sp=0x00000097e73f96e0
Event: 3.637 Thread 0x00000232ddd7f020 DEOPT UNPACKING pc=0x00000232c82120a3 sp=0x00000097e73f96a8 mode 2

Classes unloaded (7 events):
Event: 2.625 Thread 0x00000232db881b40 Unloading class 0x0000000100218800 'java/lang/invoke/LambdaForm$MH+0x0000000100218800'
Event: 2.625 Thread 0x00000232db881b40 Unloading class 0x0000000100218400 'java/lang/invoke/LambdaForm$MH+0x0000000100218400'
Event: 2.625 Thread 0x00000232db881b40 Unloading class 0x0000000100218000 'java/lang/invoke/LambdaForm$MH+0x0000000100218000'
Event: 2.625 Thread 0x00000232db881b40 Unloading class 0x0000000100217c00 'java/lang/invoke/LambdaForm$MH+0x0000000100217c00'
Event: 2.625 Thread 0x00000232db881b40 Unloading class 0x0000000100217400 'java/lang/invoke/LambdaForm$BMH+0x0000000100217400'
Event: 2.625 Thread 0x00000232db881b40 Unloading class 0x0000000100217000 'java/lang/invoke/LambdaForm$DMH+0x0000000100217000'
Event: 2.625 Thread 0x00000232db881b40 Unloading class 0x0000000100214400 'java/lang/invoke/LambdaForm$DMH+0x0000000100214400'

Classes redefined (0 events):
No events

Internal exceptions (20 events):
Event: 2.914 Thread 0x00000232ddd7f020 Exception <a 'java/lang/NoSuchMethodError'{0x00000000ebdb5df0}: 'int java.lang.invoke.DirectMethodHandle$Holder.invokeStaticInit(java.lang.Object, long, long)'> (0x00000000ebdb5df0) 
thrown [e:\jenkins\tmp\workspace\build\src\src\hotspot\share\interpreter\linkResolver.cpp, line 766]
Event: 2.914 Thread 0x00000232ddd7f020 Exception <a 'java/lang/NoSuchMethodError'{0x00000000ebdbd988}: 'int java.lang.invoke.DirectMethodHandle$Holder.invokeStaticInit(java.lang.Object, float, float)'> (0x00000000ebdbd988) 
thrown [e:\jenkins\tmp\workspace\build\src\src\hotspot\share\interpreter\linkResolver.cpp, line 766]
Event: 2.915 Thread 0x00000232ddd7f020 Exception <a 'java/lang/NoSuchMethodError'{0x00000000ebdc5528}: 'int java.lang.invoke.DirectMethodHandle$Holder.invokeStaticInit(java.lang.Object, double, double)'> (0x00000000ebdc5528) 
thrown [e:\jenkins\tmp\workspace\build\src\src\hotspot\share\interpreter\linkResolver.cpp, line 766]
Event: 2.915 Thread 0x00000232ddd7f020 Exception <a 'java/lang/NoSuchMethodError'{0x00000000ebdca878}: 'int java.lang.invoke.DirectMethodHandle$Holder.invokeStatic(java.lang.Object, long)'> (0x00000000ebdca878) 
thrown [e:\jenkins\tmp\workspace\build\src\src\hotspot\share\interpreter\linkResolver.cpp, line 766]
Event: 2.918 Thread 0x00000232ddd7f020 Exception <a 'java/lang/NoSuchMethodError'{0x00000000ebdf3560}: 'int java.lang.invoke.Invokers$Holder.linkToTargetMethod(java.lang.Object, java.lang.Object)'> (0x00000000ebdf3560) 
thrown [e:\jenkins\tmp\workspace\build\src\src\hotspot\share\interpreter\linkResolver.cpp, line 766]
Event: 2.926 Thread 0x00000232ddd7f020 Exception <a 'java/lang/NoSuchMethodError'{0x00000000ebe56328}: 'java.lang.Object java.lang.invoke.DirectMethodHandle$Holder.invokeSpecial(java.lang.Object, java.lang.Object, java.lang.Object, java.lang.Object, java.lang.Object, java.lang.Object, java.lang.Object, java.lang.Object, java.lang.Object, java.lang.Object)'> (0x00000000ebe56328) 
thrown [e:\jenkins\tmp\workspace\build\src\src\hotspot\share\interpreter\linkResolver.cpp, line 766]
Event: 2.926 Thread 0x00000232ddd7f020 Exception <a 'java/lang/NoSuchMethodError'{0x00000000ebe5b578}: 'java.lang.Object java.lang.invoke.Invokers$Holder.invoke_MT(java.lang.Object, java.lang.Object, java.lang.Object, java.lang.Object, java.lang.Object, java.lang.Object, java.lang.Object, java.lang.Object, java.lang.Object, java.lang.Object)'> (0x00000000ebe5b578) 
thrown [e:\jenkins\tmp\workspace\build\src\src\hotspot\share\interpreter\linkResolver.cpp, line 766]
Event: 2.931 Thread 0x00000232ddd7f020 Exception <a 'java/lang/NoSuchMethodError'{0x00000000ebeb5d78}: 'java.lang.Object java.lang.invoke.DirectMethodHandle$Holder.invokeSpecial(java.lang.Object, java.lang.Object, java.lang.Object, java.lang.Object, java.lang.Object, java.lang.Object, java.lang.Object, java.lang.Object, java.lang.Object)'> (0x00000000ebeb5d78) 
thrown [e:\jenkins\tmp\workspace\build\src\src\hotspot\share\interpreter\linkResolver.cpp, line 766]
Event: 2.932 Thread 0x00000232ddd7f020 Exception <a 'java/lang/NoSuchMethodError'{0x00000000ebebb690}: 'java.lang.Object java.lang.invoke.Invokers$Holder.invoke_MT(java.lang.Object, java.lang.Object, java.lang.Object, java.lang.Object, java.lang.Object, java.lang.Object, java.lang.Object, java.lang.Object, java.lang.Object)'> (0x00000000ebebb690) 
thrown [e:\jenkins\tmp\workspace\build\src\src\hotspot\share\interpreter\linkResolver.cpp, line 766]
Event: 2.942 Thread 0x00000232ddd7f020 Exception <a 'java/lang/NoSuchMethodError'{0x00000000ebf37700}: 'java.lang.Object java.lang.invoke.DirectMethodHandle$Holder.newInvokeSpecial(java.lang.Object, java.lang.Object, java.lang.Object, java.lang.Object, java.lang.Object, java.lang.Object, java.lang.Object)'> (0x00000000ebf37700) 
thrown [e:\jenkins\tmp\workspace\build\src\src\hotspot\share\interpreter\linkResolver.cpp, line 766]
Event: 2.948 Thread 0x00000232ddd7f020 Exception <a 'java/lang/NoSuchMethodError'{0x00000000ebf8af40}: 'java.lang.Object java.lang.invoke.DirectMethodHandle$Holder.invokeSpecial(java.lang.Object, java.lang.Object, java.lang.Object, java.lang.Object, java.lang.Object, java.lang.Object, java.lang.Object, java.lang.Object, java.lang.Object, java.lang.Object, java.lang.Object, java.lang.Object, java.lang.Object)'> (0x00000000ebf8af40) 
thrown [e:\jenkins\tmp\workspace\build\src\src\hotspot\share\interpreter\linkResolver.cpp, line 766]
Event: 2.948 Thread 0x00000232ddd7f020 Exception <a 'java/lang/NoSuchMethodError'{0x00000000ebf90a70}: 'java.lang.Object java.lang.invoke.Invokers$Holder.invoker(java.lang.Object, java.lang.Object, java.lang.Object, java.lang.Object, java.lang.Object, java.lang.Object, java.lang.Object, java.lang.Object, java.lang.Object, java.lang.Object, java.lang.Object, java.lang.Object, java.lang.Object)'> (0x00000000ebf90a70) 
thrown [e:\jenkins\tmp\workspace\build\src\src\hotspot\share\interpreter\linkResolver.cpp, line 766]
Event: 2.949 Thread 0x00000232ddd7f020 Exception <a 'java/lang/NoSuchMethodError'{0x00000000ebf97770}: 'java.lang.Object java.lang.invoke.DirectMethodHandle$Holder.invokeSpecial(java.lang.Object, java.lang.Object, java.lang.Object, java.lang.Object, java.lang.Object, java.lang.Object, java.lang.Object, java.lang.Object, java.lang.Object, java.lang.Object, java.lang.Object, java.lang.Object, java.lang.Object, java.lang.Object)'> (0x00000000ebf97770) 
thrown [e:\jenkins\tmp\workspace\build\src\src\hotspot\share\interpreter\linkResolver.cpp, line 
Event: 2.956 Thread 0x00000232ddd7f020 Exception <a 'java/lang/NoSuchMethodError'{0x00000000ebfece28}: static Lorg/eclipse/m2e/core/internal/lifecyclemapping/model/PluginExecutionMetadata;.<clinit>()V> (0x00000000ebfece28) 
thrown [e:\jenkins\tmp\workspace\build\src\src\hotspot\share\prims\jni.cpp, line 1107]
Event: 2.962 Thread 0x00000232ddd7f020 Exception <a 'java/lang/NoSuchMethodError'{0x00000000ec03e638}: static Lorg/eclipse/m2e/core/internal/lifecyclemapping/model/PluginExecutionFilter;.<clinit>()V> (0x00000000ec03e638) 
thrown [e:\jenkins\tmp\workspace\build\src\src\hotspot\share\prims\jni.cpp, line 1107]
Event: 3.242 Thread 0x00000232ddd7f020 Exception <a 'java/io/FileNotFoundException'{0x00000000eba1ba80}> (0x00000000eba1ba80) 
thrown [e:\jenkins\tmp\workspace\build\src\src\hotspot\share\prims\jni.cpp, line 516]
Event: 3.243 Thread 0x00000232ddd7f020 Exception <a 'java/io/FileNotFoundException'{0x00000000eba1cdb0}> (0x00000000eba1cdb0) 
thrown [e:\jenkins\tmp\workspace\build\src\src\hotspot\share\prims\jni.cpp, line 516]
Event: 3.622 Thread 0x00000232ddd7f020 Exception <a 'java/lang/ClassNotFoundException'{0x00000000ec146940}: com/sun/org/apache/xerces/internal/impl/msg/spi/DOMMessagesProvider> (0x00000000ec146940) 
thrown [e:\jenkins\tmp\workspace\build\src\src\hotspot\share\classfile\systemDictionary.cpp, line 256]
Event: 3.628 Thread 0x00000232ddd7f020 Exception <a 'java/lang/ClassNotFoundException'{0x00000000ec17e508}: com/sun/org/apache/xerces/internal/impl/msg/spi/XMLSerializerMessagesProvider> (0x00000000ec17e508) 
thrown [e:\jenkins\tmp\workspace\build\src\src\hotspot\share\classfile\systemDictionary.cpp, line 256]
Event: 3.629 Thread 0x00000232ddd7f020 Exception <a 'java/lang/ClassNotFoundException'{0x00000000ec198588}: com/sun/org/apache/xerces/internal/impl/msg/spi/XMLMessagesProvider> (0x00000000ec198588) 
thrown [e:\jenkins\tmp\workspace\build\src\src\hotspot\share\classfile\systemDictionary.cpp, line 256]

VM Operations (20 events):
Event: 2.618 Executing VM operation: CollectForMetadataAllocation
Event: 2.645 Executing VM operation: CollectForMetadataAllocation done
Event: 2.664 Executing VM operation: HandshakeAllThreads
Event: 2.664 Executing VM operation: HandshakeAllThreads done
Event: 2.803 Executing VM operation: HandshakeAllThreads
Event: 2.803 Executing VM operation: HandshakeAllThreads done
Event: 2.848 Executing VM operation: HandshakeAllThreads
Event: 2.848 Executing VM operation: HandshakeAllThreads done
Event: 2.849 Executing VM operation: HandshakeAllThreads
Event: 2.849 Executing VM operation: HandshakeAllThreads done
Event: 2.889 Executing VM operation: HandshakeAllThreads
Event: 2.890 Executing VM operation: HandshakeAllThreads done
Event: 3.032 Executing VM operation: ParallelGCFailedAllocation
Event: 3.035 Executing VM operation: ParallelGCFailedAllocation done
Event: 3.398 Executing VM operation: ParallelGCFailedAllocation
Event: 3.400 Executing VM operation: ParallelGCFailedAllocation done
Event: 3.579 Executing VM operation: HandshakeAllThreads
Event: 3.579 Executing VM operation: HandshakeAllThreads done
Event: 3.609 Executing VM operation: HandshakeAllThreads
Event: 3.609 Executing VM operation: HandshakeAllThreads done

Events (20 events):
Event: 3.629 loading class com/sun/org/apache/xerces/internal/impl/msg/XMLMessages
Event: 3.629 loading class com/sun/org/apache/xerces/internal/impl/msg/XMLMessages done
Event: 3.629 loading class com/sun/org/apache/xerces/internal/impl/msg/XMLMessages
Event: 3.629 loading class com/sun/org/apache/xerces/internal/impl/msg/XMLMessages done
Event: 3.631 loading class com/sun/org/apache/xerces/internal/impl/msg/XMLMessages_zh
Event: 3.631 loading class com/sun/org/apache/xerces/internal/impl/msg/XMLMessages_zh done
Event: 3.631 loading class com/sun/org/apache/xerces/internal/impl/msg/XMLMessages_zh
Event: 3.631 loading class com/sun/org/apache/xerces/internal/impl/msg/XMLMessages_zh done
Event: 3.631 loading class com/sun/org/apache/xerces/internal/impl/msg/XMLMessages_zh_CN
Event: 3.631 loading class com/sun/org/apache/xerces/internal/impl/msg/XMLMessages_zh_CN done
Event: 3.631 loading class com/sun/org/apache/xerces/internal/impl/msg/XMLMessages_zh_CN
Event: 3.631 loading class com/sun/org/apache/xerces/internal/impl/msg/XMLMessages_zh_CN done
Event: 3.634 loading class com/sun/org/apache/xerces/internal/impl/msg/XMLMessages_zh_Hans
Event: 3.634 loading class com/sun/org/apache/xerces/internal/impl/msg/XMLMessages_zh_Hans done
Event: 3.634 loading class com/sun/org/apache/xerces/internal/impl/msg/XMLMessages_zh_Hans
Event: 3.634 loading class com/sun/org/apache/xerces/internal/impl/msg/XMLMessages_zh_Hans done
Event: 3.634 loading class com/sun/org/apache/xerces/internal/impl/msg/XMLMessages_zh_Hans_CN
Event: 3.634 loading class com/sun/org/apache/xerces/internal/impl/msg/XMLMessages_zh_Hans_CN done
Event: 3.634 loading class com/sun/org/apache/xerces/internal/impl/msg/XMLMessages_zh_Hans_CN
Event: 3.634 loading class com/sun/org/apache/xerces/internal/impl/msg/XMLMessages_zh_Hans_CN done


Dynamic libraries:
0x00007ff67e720000 - 0x00007ff67e72e000 	c:\Users\lee\.vscode\extensions\redhat.java-1.9.0-win32-x64\jre\17.0.3-win32-x86_64\bin\java.exe
0x00007ff91d330000 - 0x00007ff91d527000 	C:\WINDOWS\SYSTEM32\ntdll.dll
0x00007ff91cfb0000 - 0x00007ff91d06d000 	C:\WINDOWS\System32\KERNEL32.DLL
0x00007ff91b000000 - 0x00007ff91b2cd000 	C:\WINDOWS\System32\KERNELBASE.dll
0x00007ff91aa50000 - 0x00007ff91ab50000 	C:\WINDOWS\System32\ucrtbase.dll
0x00007ff9100e0000 - 0x00007ff9100f8000 	c:\Users\lee\.vscode\extensions\redhat.java-1.9.0-win32-x64\jre\17.0.3-win32-x86_64\bin\jli.dll
0x00007ff9124d0000 - 0x00007ff9124e9000 	c:\Users\lee\.vscode\extensions\redhat.java-1.9.0-win32-x64\jre\17.0.3-win32-x86_64\bin\VCRUNTIME140.dll
0x00007ff91c700000 - 0x00007ff91c8a0000 	C:\WINDOWS\System32\USER32.dll
0x00007ff91b360000 - 0x00007ff91b382000 	C:\WINDOWS\System32\win32u.dll
0x00007ff91ccd0000 - 0x00007ff91ccfa000 	C:\WINDOWS\System32\GDI32.dll
0x00007ff9085f0000 - 0x00007ff90888a000 	C:\WINDOWS\WinSxS\amd64_microsoft.windows.common-controls_6595b64144ccf1df_6.0.19041.1110_none_60b5254171f9507e\COMCTL32.dll
0x00007ff91abc0000 - 0x00007ff91accb000 	C:\WINDOWS\System32\gdi32full.dll
0x00007ff91af30000 - 0x00007ff91afcd000 	C:\WINDOWS\System32\msvcp_win.dll
0x00007ff91cc30000 - 0x00007ff91ccce000 	C:\WINDOWS\System32\msvcrt.dll
0x00007ff91cad0000 - 0x00007ff91cb00000 	C:\WINDOWS\System32\IMM32.DLL
0x00007ff917c10000 - 0x00007ff917c1c000 	c:\Users\lee\.vscode\extensions\redhat.java-1.9.0-win32-x64\jre\17.0.3-win32-x86_64\bin\vcruntime140_1.dll
0x00007ff8eeb20000 - 0x00007ff8eebb1000 	c:\Users\lee\.vscode\extensions\redhat.java-1.9.0-win32-x64\jre\17.0.3-win32-x86_64\bin\msvcp140.dll
0x00007ff8e7a30000 - 0x00007ff8e8678000 	c:\Users\lee\.vscode\extensions\redhat.java-1.9.0-win32-x64\jre\17.0.3-win32-x86_64\bin\server\jvm.dll
0x00007ff91cb80000 - 0x00007ff91cc2e000 	C:\WINDOWS\System32\ADVAPI32.dll
0x00007ff91c900000 - 0x00007ff91c99c000 	C:\WINDOWS\System32\sechost.dll
0x00007ff91bff0000 - 0x00007ff91c115000 	C:\WINDOWS\System32\RPCRT4.dll
0x00007ff91b440000 - 0x00007ff91b448000 	C:\WINDOWS\System32\PSAPI.DLL
0x00007ff90ff90000 - 0x00007ff90ff9a000 	C:\WINDOWS\SYSTEM32\VERSION.dll
0x00007ff918f50000 - 0x00007ff918f77000 	C:\WINDOWS\SYSTEM32\WINMM.dll
0x00007ff9124f0000 - 0x00007ff9124f9000 	C:\WINDOWS\SYSTEM32\WSOCK32.dll
0x00007ff91ca50000 - 0x00007ff91cabb000 	C:\WINDOWS\System32\WS2_32.dll
0x00007ff9192a0000 - 0x00007ff9192b2000 	C:\WINDOWS\SYSTEM32\kernel.appcore.dll
0x00007ff917ba0000 - 0x00007ff917baa000 	c:\Users\lee\.vscode\extensions\redhat.java-1.9.0-win32-x64\jre\17.0.3-win32-x86_64\bin\jimage.dll
0x00007ff918d40000 - 0x00007ff918f24000 	C:\WINDOWS\SYSTEM32\DBGHELP.DLL
0x00007ff918d10000 - 0x00007ff918d3c000 	C:\WINDOWS\SYSTEM32\dbgcore.DLL
0x00007ff91b2d0000 - 0x00007ff91b352000 	C:\WINDOWS\System32\bcryptPrimitives.dll
0x00007ff915e60000 - 0x00007ff915e6e000 	c:\Users\lee\.vscode\extensions\redhat.java-1.9.0-win32-x64\jre\17.0.3-win32-x86_64\bin\instrument.dll
0x00007ff906f10000 - 0x00007ff906f35000 	c:\Users\lee\.vscode\extensions\redhat.java-1.9.0-win32-x64\jre\17.0.3-win32-x86_64\bin\java.dll
0x00007ff904830000 - 0x00007ff904848000 	c:\Users\lee\.vscode\extensions\redhat.java-1.9.0-win32-x64\jre\17.0.3-win32-x86_64\bin\zip.dll
0x00007ff91b8a0000 - 0x00007ff91bfe4000 	C:\WINDOWS\System32\SHELL32.dll
0x00007ff9184a0000 - 0x00007ff918c34000 	C:\WINDOWS\SYSTEM32\windows.storage.dll
0x00007ff91b450000 - 0x00007ff91b7a4000 	C:\WINDOWS\System32\combase.dll
0x00007ff91a4b0000 - 0x00007ff91a4dc000 	C:\WINDOWS\SYSTEM32\Wldp.dll
0x00007ff91b390000 - 0x00007ff91b43d000 	C:\WINDOWS\System32\SHCORE.dll
0x00007ff91c8a0000 - 0x00007ff91c8f5000 	C:\WINDOWS\System32\shlwapi.dll
0x00007ff91a990000 - 0x00007ff91a9af000 	C:\WINDOWS\SYSTEM32\profapi.dll
0x00007ff904810000 - 0x00007ff904829000 	C:\Users\lee\.vscode\extensions\redhat.java-1.9.0-win32-x64\jre\17.0.3-win32-x86_64\bin\net.dll
0x00007ff9120b0000 - 0x00007ff9121ba000 	C:\WINDOWS\SYSTEM32\WINHTTP.dll
0x00007ff91a1f0000 - 0x00007ff91a25a000 	C:\WINDOWS\system32\mswsock.dll
0x00007ff9047f0000 - 0x00007ff904805000 	C:\Users\lee\.vscode\extensions\redhat.java-1.9.0-win32-x64\jre\17.0.3-win32-x86_64\bin\nio.dll
0x00007ff915e30000 - 0x00007ff915e40000 	c:\Users\lee\.vscode\extensions\redhat.java-1.9.0-win32-x64\jre\17.0.3-win32-x86_64\bin\verify.dll
0x00007ff8fa840000 - 0x00007ff8fa87e000 	C:\Users\lee\AppData\Roaming\Code\User\globalStorage\redhat.java\1.9.0\config_win\org.eclipse.equinox.launcher\org.eclipse.equinox.launcher.win32.win32.x86_64_1.2.500.v20220509-0833\eclipse_11700.dll
0x00007ff91ce80000 - 0x00007ff91cfaa000 	C:\WINDOWS\System32\ole32.dll

dbghelp: loaded successfully - version: 4.0.5 - missing functions: none
symbol engine: initialized successfully - sym options: 0x614 - pdb path: .;c:\Users\lee\.vscode\extensions\redhat.java-1.9.0-win32-x64\jre\17.0.3-win32-x86_64\bin;C:\WINDOWS\SYSTEM32;C:\WINDOWS\WinSxS\amd64_microsoft.windows.common-controls_6595b64144ccf1df_6.0.19041.1110_none_60b5254171f9507e;c:\Users\lee\.vscode\extensions\redhat.java-1.9.0-win32-x64\jre\17.0.3-win32-x86_64\bin\server;C:\Users\lee\AppData\Roaming\Code\User\globalStorage\redhat.java\1.9.0\config_win\org.eclipse.equinox.launcher\org.eclipse.equinox.launcher.win32.win32.x86_64_1.2.500.v20220509-0833

VM Arguments:
jvm_args: --add-modules=ALL-SYSTEM --add-opens=java.base/java.util=ALL-UNNAMED --add-opens=java.base/java.lang=ALL-UNNAMED --add-opens=java.base/sun.nio.fs=ALL-UNNAMED -Declipse.application=org.eclipse.jdt.ls.core.id1 -Dosgi.bundles.defaultStartLevel=4 -Declipse.product=org.eclipse.jdt.ls.core.product -Djava.import.generatesMetadataFilesAtProjectRoot=false -Dfile.encoding=utf8 -DwatchParentProcess=false -XX:+UseParallelGC -XX:GCTimeRatio=4 -XX:AdaptiveSizePolicyWeight=90 -Dsun.zip.disableMemoryMapping=true -Xmx1G -Xms100m -javaagent:c:\Users\lee\.vscode\extensions\redhat.java-1.9.0-win32-x64\lombok\lombok-1.18.24.jar -XX:+HeapDumpOnOutOfMemoryError -XX:HeapDumpPath=c:\Users\lee\AppData\Roaming\Code\User\workspaceStorage\ff560af8b37b3a079479e893db2692fe\redhat.java 
java_command: c:\Users\lee\.vscode\extensions\redhat.java-1.9.0-win32-x64\server\plugins\org.eclipse.equinox.launcher_1.6.400.v20210924-0641.jar -configuration c:\Users\lee\AppData\Roaming\Code\User\globalStorage\redhat.java\1.9.0\config_win -data c:\Users\lee\AppData\Roaming\Code\User\workspaceStorage\ff560af8b37b3a079479e893db2692fe\redhat.java\jdt_ws
java_class_path (initial): c:\Users\lee\.vscode\extensions\redhat.java-1.9.0-win32-x64\server\plugins\org.eclipse.equinox.launcher_1.6.400.v20210924-0641.jar
Launcher Type: SUN_STANDARD

[Global flags]
    uintx AdaptiveSizePolicyWeight                 = 90                                        {product} {command line}
     intx CICompilerCount                          = 4                                         {product} {ergonomic}
    uintx GCTimeRatio                              = 4                                         {product} {command line}
     bool HeapDumpOnOutOfMemoryError               = true                                   {manageable} {command line}
    ccstr HeapDumpPath                             = c:\Users\lee\AppData\Roaming\Code\User\workspaceStorage\ff560af8b37b3a079479e893db2692fe\redhat.java         {manageable} {command line}
   size_t InitialHeapSize                          = 104857600                                 {product} {command line}
   size_t MaxHeapSize                              = 1073741824                                {product} {command line}
   size_t MaxNewSize                               = 357564416                                 {product} {ergonomic}
   size_t MinHeapDeltaBytes                        = 524288                                    {product} {ergonomic}
   size_t MinHeapSize                              = 104857600                                 {product} {command line}
   size_t NewSize                                  = 34603008                                  {product} {ergonomic}
    uintx NonNMethodCodeHeapSize                   = 5839372                                {pd product} {ergonomic}
    uintx NonProfiledCodeHeapSize                  = 122909434                              {pd product} {ergonomic}
   size_t OldSize                                  = 70254592                                  {product} {ergonomic}
    uintx ProfiledCodeHeapSize                     = 122909434                              {pd product} {ergonomic}
    uintx ReservedCodeCacheSize                    = 251658240                              {pd product} {ergonomic}
     bool SegmentedCodeCache                       = true                                      {product} {ergonomic}
   size_t SoftMaxHeapSize                          = 1073741824                             {manageable} {ergonomic}
     bool UseCompressedClassPointers               = true                           {product lp64_product} {ergonomic}
     bool UseCompressedOops                        = true                           {product lp64_product} {ergonomic}
     bool UseLargePagesIndividualAllocation        = false                                  {pd product} {ergonomic}
     bool UseParallelGC                            = true                                      {product} {command line}

Logging:
Log output configuration:
 #0: stdout all=warning uptime,level,tags
 #1: stderr all=off uptime,level,tags

Environment Variables:
JAVA_HOME=C:\Program Files\Java\jdk1.8.0_301
CLASSPATH=.;C:\Program Files\Java\jdk1.8.0_301\lib\dt.jar;C:\Program Files\Java\jdk1.8.0_301\lib\tools.jar
PATH=D:\Software\texlive\2020\bin\win32;C:\WINDOWS\system32;C:\WINDOWS;C:\WINDOWS\System32\Wbem;C:\WINDOWS\System32\WindowsPowerShell\v1.0\;C:\WINDOWS\System32\OpenSSH\;D:\Software\cmder;C:\Program Files\CodeBlocks\MinGW\bin;D:\Software\calibre\;D:\Software\latex\MiKTeX\miktex\bin\x64\;C:\Users\lee\AppData\Roaming\nvm;C:\Program Files\nodejs;D:\Software\Bitvise SSH Client;C:\Program Files\Git\cmd;C:\Program Files\Graphviz\bin;D:\Software\Nodejs\;C:\Program Files\apache-maven-3.8.3\bin;C:\Program Files\Java\jdk1.8.0_301\bin;C:\Program Files\Java\jdk1.8.0_301\jre\bin;D:\Software\Graphviz\bin;C:\Program Files\Docker\Docker\resources\bin;C:\ProgramData\DockerDesktop\version-bin;C:\Users\lee\AppData\Local\Programs\anaconda3;C:\Users\lee\AppData\Local\Programs\anaconda3\Library\mingw-w64\bin;C:\Users\lee\AppData\Local\Programs\anaconda3\Library\usr\bin;C:\Users\lee\AppData\Local\Programs\anaconda3\Library\bin;C:\Users\lee\AppData\Local\Programs\anaconda3\Scripts;C:\Users\lee\AppData\Local\Microsoft\WindowsApps;D:\Software\BandiZip\;C:\Users\lee\AppData\Local\GitHubDesktop\bin;C:\Users\lee\AppData\Local\Programs\Microsoft VS Code\bin;C:\Users\lee\AppData\Roaming\nvm;C:\Program Files\nodejs;D:\Software\GoLand 2020.3.4\bin;;C:\Users\lee\AppData\Local\Microsoft\WindowsApps;C:\Program Files\Graphviz\bin;C:\Users\lee\AppData\Roaming\npm;D:\Software\gnuplot\bin;;C:\Users\lee\AppData\Local\JetBrains\Toolbox\scripts
USERNAME=lee
OS=Windows_NT
PROCESSOR_IDENTIFIER=AMD64 Family 23 Model 96 Stepping 1, AuthenticAMD



---------------  S Y S T E M  ---------------

OS:
 Windows 10 , 64 bit Build 19041 (10.0.19041.1741)
OS uptime: 2 days 22:35 hours
Hyper-V role detected

CPU: total 12 (initial active 12) (12 cores per cpu, 2 threads per core) family 23 model 96 stepping 1 microcode 0x0, cx8, cmov, fxsr, ht, mmx, 3dnowpref, sse, sse2, sse3, ssse3, sse4a, sse4.1, sse4.2, popcnt, lzcnt, tsc, tscinvbit, avx, avx2, aes, clmul, bmi1, bmi2, adx, sha, fma, vzeroupper, clflush, clflushopt, hv

Memory: 4k page, system-wide physical 15734M (2025M free)
TotalPageFile size 23926M (AvailPageFile size 8M)
current process WorkingSet (physical memory assigned to process): 147M, peak: 149M
current process commit charge ("private bytes"): 256M, peak: 258M

vm_info: OpenJDK 64-Bit Server VM (17.0.3+7) for windows-amd64 JRE (17.0.3+7), built on Apr 19 2022 16:55:35 by "" with MS VC++ 16.7 (VS2019)

END.
